[0.312s] DEBUG:colcon:Command line arguments: ['/usr/bin/colcon', 'build', '--packages-select', 'kinect_ros2']
[0.312s] DEBUG:colcon:Parsed command line arguments: Namespace(log_base=None, log_level=None, verb_name='build', build_base='build', install_base='install', merge_install=False, symlink_install=False, test_result_base=None, continue_on_error=False, executor='parallel', parallel_workers=2, event_handlers=None, ignore_user_meta=False, metas=['./colcon.meta'], base_paths=['.'], packages_ignore=None, packages_ignore_regex=None, paths=None, packages_up_to=None, packages_up_to_regex=None, packages_above=None, packages_above_and_dependencies=None, packages_above_depth=None, packages_select_by_dep=None, packages_skip_by_dep=None, packages_skip_up_to=None, packages_select_build_failed=False, packages_skip_build_finished=False, packages_select_test_failures=False, packages_skip_test_passed=False, packages_select=['kinect_ros2'], packages_skip=None, packages_select_regex=None, packages_skip_regex=None, packages_start=None, packages_end=None, allow_overriding=[], cmake_args=None, cmake_target=None, cmake_target_skip_unavailable=False, cmake_clean_cache=False, cmake_clean_first=False, cmake_force_configure=False, ament_cmake_args=None, catkin_cmake_args=None, catkin_skip_building_tests=False, mixin_files=None, mixin=None, verb_parser=<colcon_mixin.mixin.mixin_argument.MixinArgumentDecorator object at 0x75496a19ca10>, verb_extension=<colcon_core.verb.build.BuildVerb object at 0x75496a2c8d10>, main=<bound method BuildVerb.main of <colcon_core.verb.build.BuildVerb object at 0x75496a2c8d10>>, mixin_verb=('build',))
[0.418s] Level 1:colcon.colcon_core.package_discovery:discover_packages(colcon_meta) check parameters
[0.418s] Level 1:colcon.colcon_core.package_discovery:discover_packages(recursive) check parameters
[0.418s] Level 1:colcon.colcon_core.package_discovery:discover_packages(ignore) check parameters
[0.418s] Level 1:colcon.colcon_core.package_discovery:discover_packages(path) check parameters
[0.418s] Level 1:colcon.colcon_core.package_discovery:discover_packages(colcon_meta) discover
[0.419s] Level 1:colcon.colcon_core.package_discovery:discover_packages(recursive) discover
[0.419s] INFO:colcon.colcon_core.package_discovery:Crawling recursively for packages in '/home/anatoly/ros2_ws'
[0.419s] Level 1:colcon.colcon_core.package_identification:_identify(.) by extensions ['ignore', 'ignore_ament_install']
[0.419s] Level 1:colcon.colcon_core.package_identification:_identify(.) by extension 'ignore'
[0.419s] Level 1:colcon.colcon_core.package_identification:_identify(.) by extension 'ignore_ament_install'
[0.420s] Level 1:colcon.colcon_core.package_identification:_identify(.) by extensions ['colcon_pkg']
[0.420s] Level 1:colcon.colcon_core.package_identification:_identify(.) by extension 'colcon_pkg'
[0.420s] Level 1:colcon.colcon_core.package_identification:_identify(.) by extensions ['colcon_meta']
[0.420s] Level 1:colcon.colcon_core.package_identification:_identify(.) by extension 'colcon_meta'
[0.420s] Level 1:colcon.colcon_core.package_identification:_identify(.) by extensions ['ros']
[0.420s] Level 1:colcon.colcon_core.package_identification:_identify(.) by extension 'ros'
[0.490s] Level 1:colcon.colcon_core.package_identification:_identify(.) by extensions ['cmake', 'python']
[0.490s] Level 1:colcon.colcon_core.package_identification:_identify(.) by extension 'cmake'
[0.490s] Level 1:colcon.colcon_core.package_identification:_identify(.) by extension 'python'
[0.490s] Level 1:colcon.colcon_core.package_identification:_identify(.) by extensions ['python_setup_py']
[0.491s] Level 1:colcon.colcon_core.package_identification:_identify(.) by extension 'python_setup_py'
[0.491s] Level 1:colcon.colcon_core.package_identification:_identify(build) by extensions ['ignore', 'ignore_ament_install']
[0.491s] Level 1:colcon.colcon_core.package_identification:_identify(build) by extension 'ignore'
[0.492s] Level 1:colcon.colcon_core.package_identification:_identify(build) ignored
[0.492s] Level 1:colcon.colcon_core.package_identification:_identify(install) by extensions ['ignore', 'ignore_ament_install']
[0.492s] Level 1:colcon.colcon_core.package_identification:_identify(install) by extension 'ignore'
[0.492s] Level 1:colcon.colcon_core.package_identification:_identify(install) ignored
[0.492s] Level 1:colcon.colcon_core.package_identification:_identify(log) by extensions ['ignore', 'ignore_ament_install']
[0.493s] Level 1:colcon.colcon_core.package_identification:_identify(log) by extension 'ignore'
[0.493s] Level 1:colcon.colcon_core.package_identification:_identify(log) ignored
[0.493s] Level 1:colcon.colcon_core.package_identification:_identify(src) by extensions ['ignore', 'ignore_ament_install']
[0.493s] Level 1:colcon.colcon_core.package_identification:_identify(src) by extension 'ignore'
[0.493s] Level 1:colcon.colcon_core.package_identification:_identify(src) by extension 'ignore_ament_install'
[0.494s] Level 1:colcon.colcon_core.package_identification:_identify(src) by extensions ['colcon_pkg']
[0.494s] Level 1:colcon.colcon_core.package_identification:_identify(src) by extension 'colcon_pkg'
[0.494s] Level 1:colcon.colcon_core.package_identification:_identify(src) by extensions ['colcon_meta']
[0.494s] Level 1:colcon.colcon_core.package_identification:_identify(src) by extension 'colcon_meta'
[0.494s] Level 1:colcon.colcon_core.package_identification:_identify(src) by extensions ['ros']
[0.494s] Level 1:colcon.colcon_core.package_identification:_identify(src) by extension 'ros'
[0.494s] Level 1:colcon.colcon_core.package_identification:_identify(src) by extensions ['cmake', 'python']
[0.494s] Level 1:colcon.colcon_core.package_identification:_identify(src) by extension 'cmake'
[0.494s] Level 1:colcon.colcon_core.package_identification:_identify(src) by extension 'python'
[0.495s] Level 1:colcon.colcon_core.package_identification:_identify(src) by extensions ['python_setup_py']
[0.495s] Level 1:colcon.colcon_core.package_identification:_identify(src) by extension 'python_setup_py'
[0.495s] Level 1:colcon.colcon_core.package_identification:_identify(src/kinect_ros2) by extensions ['ignore', 'ignore_ament_install']
[0.495s] Level 1:colcon.colcon_core.package_identification:_identify(src/kinect_ros2) by extension 'ignore'
[0.495s] Level 1:colcon.colcon_core.package_identification:_identify(src/kinect_ros2) by extension 'ignore_ament_install'
[0.495s] Level 1:colcon.colcon_core.package_identification:_identify(src/kinect_ros2) by extensions ['colcon_pkg']
[0.495s] Level 1:colcon.colcon_core.package_identification:_identify(src/kinect_ros2) by extension 'colcon_pkg'
[0.496s] Level 1:colcon.colcon_core.package_identification:_identify(src/kinect_ros2) by extensions ['colcon_meta']
[0.496s] Level 1:colcon.colcon_core.package_identification:_identify(src/kinect_ros2) by extension 'colcon_meta'
[0.496s] Level 1:colcon.colcon_core.package_identification:_identify(src/kinect_ros2) by extensions ['ros']
[0.496s] Level 1:colcon.colcon_core.package_identification:_identify(src/kinect_ros2) by extension 'ros'
[0.503s] DEBUG:colcon.colcon_core.package_identification:Package 'src/kinect_ros2' with type 'ros.ament_cmake' and name 'kinect_ros2'
[0.503s] Level 1:colcon.colcon_core.package_identification:_identify(src/micro_ros_setup) by extensions ['ignore', 'ignore_ament_install']
[0.504s] Level 1:colcon.colcon_core.package_identification:_identify(src/micro_ros_setup) by extension 'ignore'
[0.504s] Level 1:colcon.colcon_core.package_identification:_identify(src/micro_ros_setup) by extension 'ignore_ament_install'
[0.504s] Level 1:colcon.colcon_core.package_identification:_identify(src/micro_ros_setup) by extensions ['colcon_pkg']
[0.504s] Level 1:colcon.colcon_core.package_identification:_identify(src/micro_ros_setup) by extension 'colcon_pkg'
[0.504s] Level 1:colcon.colcon_core.package_identification:_identify(src/micro_ros_setup) by extensions ['colcon_meta']
[0.504s] Level 1:colcon.colcon_core.package_identification:_identify(src/micro_ros_setup) by extension 'colcon_meta'
[0.504s] Level 1:colcon.colcon_core.package_identification:_identify(src/micro_ros_setup) by extensions ['ros']
[0.504s] Level 1:colcon.colcon_core.package_identification:_identify(src/micro_ros_setup) by extension 'ros'
[0.506s] DEBUG:colcon.colcon_core.package_identification:Package 'src/micro_ros_setup' with type 'ros.ament_cmake' and name 'micro_ros_setup'
[0.507s] Level 1:colcon.colcon_core.package_identification:_identify(src/my_fake_lidar) by extensions ['ignore', 'ignore_ament_install']
[0.507s] Level 1:colcon.colcon_core.package_identification:_identify(src/my_fake_lidar) by extension 'ignore'
[0.507s] Level 1:colcon.colcon_core.package_identification:_identify(src/my_fake_lidar) by extension 'ignore_ament_install'
[0.507s] Level 1:colcon.colcon_core.package_identification:_identify(src/my_fake_lidar) by extensions ['colcon_pkg']
[0.507s] Level 1:colcon.colcon_core.package_identification:_identify(src/my_fake_lidar) by extension 'colcon_pkg'
[0.507s] Level 1:colcon.colcon_core.package_identification:_identify(src/my_fake_lidar) by extensions ['colcon_meta']
[0.507s] Level 1:colcon.colcon_core.package_identification:_identify(src/my_fake_lidar) by extension 'colcon_meta'
[0.508s] Level 1:colcon.colcon_core.package_identification:_identify(src/my_fake_lidar) by extensions ['ros']
[0.508s] Level 1:colcon.colcon_core.package_identification:_identify(src/my_fake_lidar) by extension 'ros'
[0.509s] DEBUG:colcon.colcon_core.package_identification:Package 'src/my_fake_lidar' with type 'ros.ament_python' and name 'my_fake_lidar'
[0.509s] Level 1:colcon.colcon_core.package_identification:_identify(src/my_path_publisher) by extensions ['ignore', 'ignore_ament_install']
[0.509s] Level 1:colcon.colcon_core.package_identification:_identify(src/my_path_publisher) by extension 'ignore'
[0.509s] Level 1:colcon.colcon_core.package_identification:_identify(src/my_path_publisher) by extension 'ignore_ament_install'
[0.510s] Level 1:colcon.colcon_core.package_identification:_identify(src/my_path_publisher) by extensions ['colcon_pkg']
[0.510s] Level 1:colcon.colcon_core.package_identification:_identify(src/my_path_publisher) by extension 'colcon_pkg'
[0.510s] Level 1:colcon.colcon_core.package_identification:_identify(src/my_path_publisher) by extensions ['colcon_meta']
[0.510s] Level 1:colcon.colcon_core.package_identification:_identify(src/my_path_publisher) by extension 'colcon_meta'
[0.510s] Level 1:colcon.colcon_core.package_identification:_identify(src/my_path_publisher) by extensions ['ros']
[0.510s] Level 1:colcon.colcon_core.package_identification:_identify(src/my_path_publisher) by extension 'ros'
[0.511s] DEBUG:colcon.colcon_core.package_identification:Package 'src/my_path_publisher' with type 'ros.ament_python' and name 'my_path_publisher'
[0.512s] Level 1:colcon.colcon_core.package_identification:_identify(src/my_two_wheel_robot) by extensions ['ignore', 'ignore_ament_install']
[0.512s] Level 1:colcon.colcon_core.package_identification:_identify(src/my_two_wheel_robot) by extension 'ignore'
[0.512s] Level 1:colcon.colcon_core.package_identification:_identify(src/my_two_wheel_robot) by extension 'ignore_ament_install'
[0.512s] Level 1:colcon.colcon_core.package_identification:_identify(src/my_two_wheel_robot) by extensions ['colcon_pkg']
[0.513s] Level 1:colcon.colcon_core.package_identification:_identify(src/my_two_wheel_robot) by extension 'colcon_pkg'
[0.513s] Level 1:colcon.colcon_core.package_identification:_identify(src/my_two_wheel_robot) by extensions ['colcon_meta']
[0.513s] Level 1:colcon.colcon_core.package_identification:_identify(src/my_two_wheel_robot) by extension 'colcon_meta'
[0.513s] Level 1:colcon.colcon_core.package_identification:_identify(src/my_two_wheel_robot) by extensions ['ros']
[0.513s] Level 1:colcon.colcon_core.package_identification:_identify(src/my_two_wheel_robot) by extension 'ros'
[0.515s] DEBUG:colcon.colcon_core.package_identification:Package 'src/my_two_wheel_robot' with type 'ros.ament_cmake' and name 'my_two_wheel_robot'
[0.515s] Level 1:colcon.colcon_core.package_identification:_identify(src/twist_converter) by extensions ['ignore', 'ignore_ament_install']
[0.515s] Level 1:colcon.colcon_core.package_identification:_identify(src/twist_converter) by extension 'ignore'
[0.515s] Level 1:colcon.colcon_core.package_identification:_identify(src/twist_converter) by extension 'ignore_ament_install'
[0.515s] Level 1:colcon.colcon_core.package_identification:_identify(src/twist_converter) by extensions ['colcon_pkg']
[0.515s] Level 1:colcon.colcon_core.package_identification:_identify(src/twist_converter) by extension 'colcon_pkg'
[0.516s] Level 1:colcon.colcon_core.package_identification:_identify(src/twist_converter) by extensions ['colcon_meta']
[0.516s] Level 1:colcon.colcon_core.package_identification:_identify(src/twist_converter) by extension 'colcon_meta'
[0.516s] Level 1:colcon.colcon_core.package_identification:_identify(src/twist_converter) by extensions ['ros']
[0.516s] Level 1:colcon.colcon_core.package_identification:_identify(src/twist_converter) by extension 'ros'
[0.517s] DEBUG:colcon.colcon_core.package_identification:Package 'src/twist_converter' with type 'ros.ament_python' and name 'twist_converter'
[0.517s] Level 1:colcon.colcon_core.package_identification:_identify(src/view_robot) by extensions ['ignore', 'ignore_ament_install']
[0.517s] Level 1:colcon.colcon_core.package_identification:_identify(src/view_robot) by extension 'ignore'
[0.518s] Level 1:colcon.colcon_core.package_identification:_identify(src/view_robot) by extension 'ignore_ament_install'
[0.518s] Level 1:colcon.colcon_core.package_identification:_identify(src/view_robot) by extensions ['colcon_pkg']
[0.518s] Level 1:colcon.colcon_core.package_identification:_identify(src/view_robot) by extension 'colcon_pkg'
[0.518s] Level 1:colcon.colcon_core.package_identification:_identify(src/view_robot) by extensions ['colcon_meta']
[0.518s] Level 1:colcon.colcon_core.package_identification:_identify(src/view_robot) by extension 'colcon_meta'
[0.518s] Level 1:colcon.colcon_core.package_identification:_identify(src/view_robot) by extensions ['ros']
[0.518s] Level 1:colcon.colcon_core.package_identification:_identify(src/view_robot) by extension 'ros'
[0.519s] DEBUG:colcon.colcon_core.package_identification:Package 'src/view_robot' with type 'ros.ament_cmake' and name 'view_robot'
[0.520s] Level 1:colcon.colcon_core.package_discovery:discover_packages(recursive) using defaults
[0.520s] Level 1:colcon.colcon_core.package_discovery:discover_packages(ignore) discover
[0.520s] Level 1:colcon.colcon_core.package_discovery:discover_packages(ignore) using defaults
[0.520s] Level 1:colcon.colcon_core.package_discovery:discover_packages(path) discover
[0.520s] Level 1:colcon.colcon_core.package_discovery:discover_packages(path) using defaults
[0.569s] INFO:colcon.colcon_core.package_selection:Skipping not selected package 'micro_ros_setup' in 'src/micro_ros_setup'
[0.569s] INFO:colcon.colcon_core.package_selection:Skipping not selected package 'my_fake_lidar' in 'src/my_fake_lidar'
[0.569s] INFO:colcon.colcon_core.package_selection:Skipping not selected package 'my_path_publisher' in 'src/my_path_publisher'
[0.569s] INFO:colcon.colcon_core.package_selection:Skipping not selected package 'my_two_wheel_robot' in 'src/my_two_wheel_robot'
[0.569s] INFO:colcon.colcon_core.package_selection:Skipping not selected package 'twist_converter' in 'src/twist_converter'
[0.569s] INFO:colcon.colcon_core.package_selection:Skipping not selected package 'view_robot' in 'src/view_robot'
[0.570s] Level 1:colcon.colcon_core.package_discovery:discover_packages(prefix_path) check parameters
[0.570s] Level 1:colcon.colcon_core.package_discovery:discover_packages(prefix_path) discover
[0.576s] DEBUG:colcon.colcon_installed_package_information.package_discovery:Found 7 installed packages in /home/anatoly/ros2_ws/install
[0.581s] DEBUG:colcon.colcon_installed_package_information.package_discovery:Found 373 installed packages in /opt/ros/jazzy
[0.585s] Level 1:colcon.colcon_core.package_discovery:discover_packages(prefix_path) using defaults
[0.736s] Level 5:colcon.colcon_core.verb:set package 'kinect_ros2' build argument 'cmake_args' from command line to 'None'
[0.736s] Level 5:colcon.colcon_core.verb:set package 'kinect_ros2' build argument 'cmake_target' from command line to 'None'
[0.737s] Level 5:colcon.colcon_core.verb:set package 'kinect_ros2' build argument 'cmake_target_skip_unavailable' from command line to 'False'
[0.737s] Level 5:colcon.colcon_core.verb:set package 'kinect_ros2' build argument 'cmake_clean_cache' from command line to 'False'
[0.737s] Level 5:colcon.colcon_core.verb:set package 'kinect_ros2' build argument 'cmake_clean_first' from command line to 'False'
[0.737s] Level 5:colcon.colcon_core.verb:set package 'kinect_ros2' build argument 'cmake_force_configure' from command line to 'False'
[0.737s] Level 5:colcon.colcon_core.verb:set package 'kinect_ros2' build argument 'ament_cmake_args' from command line to 'None'
[0.737s] Level 5:colcon.colcon_core.verb:set package 'kinect_ros2' build argument 'catkin_cmake_args' from command line to 'None'
[0.737s] Level 5:colcon.colcon_core.verb:set package 'kinect_ros2' build argument 'catkin_skip_building_tests' from command line to 'False'
[0.737s] DEBUG:colcon.colcon_core.verb:Building package 'kinect_ros2' with the following arguments: {'ament_cmake_args': None, 'build_base': '/home/anatoly/ros2_ws/build/kinect_ros2', 'catkin_cmake_args': None, 'catkin_skip_building_tests': False, 'cmake_args': None, 'cmake_clean_cache': False, 'cmake_clean_first': False, 'cmake_force_configure': False, 'cmake_target': None, 'cmake_target_skip_unavailable': False, 'install_base': '/home/anatoly/ros2_ws/install/kinect_ros2', 'merge_install': False, 'path': '/home/anatoly/ros2_ws/src/kinect_ros2', 'symlink_install': False, 'test_result_base': None}
[0.737s] INFO:colcon.colcon_core.executor:Executing jobs using 'parallel' executor
[0.739s] DEBUG:colcon.colcon_parallel_executor.executor.parallel:run_until_complete
[0.739s] INFO:colcon.colcon_ros.task.ament_cmake.build:Building ROS package in '/home/anatoly/ros2_ws/src/kinect_ros2' with build type 'ament_cmake'
[0.740s] INFO:colcon.colcon_cmake.task.cmake.build:Building CMake package in '/home/anatoly/ros2_ws/src/kinect_ros2'
[0.746s] INFO:colcon.colcon_core.plugin_system:Skipping extension 'colcon_core.shell.bat': Not used on non-Windows systems
[0.747s] INFO:colcon.colcon_core.shell:Skip shell extension 'powershell' for command environment: Not usable outside of PowerShell
[0.747s] DEBUG:colcon.colcon_core.shell:Skip shell extension 'dsv' for command environment
[0.771s] DEBUG:colcon.colcon_core.event_handler.log_command:Invoking command in '/home/anatoly/ros2_ws/build/kinect_ros2': CMAKE_PREFIX_PATH=${CMAKE_PREFIX_PATH}:/home/anatoly/ros2_ws/install/twist_converter:/home/anatoly/ros2_ws/install/my_path_publisher:/home/anatoly/ros2_ws/install/my_fake_lidar:/opt/ros/jazzy DEBUGINFOD_URLS=https://debuginfod.ubuntu.com /usr/bin/cmake --build /home/anatoly/ros2_ws/build/kinect_ros2 -- -j2 -l2
[33.191s] DEBUG:colcon.colcon_core.event_handler.log_command:Invoked command in '/home/anatoly/ros2_ws/build/kinect_ros2' returned '0': CMAKE_PREFIX_PATH=${CMAKE_PREFIX_PATH}:/home/anatoly/ros2_ws/install/twist_converter:/home/anatoly/ros2_ws/install/my_path_publisher:/home/anatoly/ros2_ws/install/my_fake_lidar:/opt/ros/jazzy DEBUGINFOD_URLS=https://debuginfod.ubuntu.com /usr/bin/cmake --build /home/anatoly/ros2_ws/build/kinect_ros2 -- -j2 -l2
[33.217s] DEBUG:colcon.colcon_core.event_handler.log_command:Invoking command in '/home/anatoly/ros2_ws/build/kinect_ros2': CMAKE_PREFIX_PATH=${CMAKE_PREFIX_PATH}:/home/anatoly/ros2_ws/install/twist_converter:/home/anatoly/ros2_ws/install/my_path_publisher:/home/anatoly/ros2_ws/install/my_fake_lidar:/opt/ros/jazzy DEBUGINFOD_URLS=https://debuginfod.ubuntu.com /usr/bin/cmake --install /home/anatoly/ros2_ws/build/kinect_ros2
[33.260s] Level 1:colcon.colcon_core.environment:create_environment_scripts_only(kinect_ros2)
[33.261s] DEBUG:colcon.colcon_core.event_handler.log_command:Invoked command in '/home/anatoly/ros2_ws/build/kinect_ros2' returned '0': CMAKE_PREFIX_PATH=${CMAKE_PREFIX_PATH}:/home/anatoly/ros2_ws/install/twist_converter:/home/anatoly/ros2_ws/install/my_path_publisher:/home/anatoly/ros2_ws/install/my_fake_lidar:/opt/ros/jazzy DEBUGINFOD_URLS=https://debuginfod.ubuntu.com /usr/bin/cmake --install /home/anatoly/ros2_ws/build/kinect_ros2
[33.267s] Level 1:colcon.colcon_core.environment:checking '/home/anatoly/ros2_ws/install/kinect_ros2' for CMake module files
[33.269s] Level 1:colcon.colcon_core.environment:checking '/home/anatoly/ros2_ws/install/kinect_ros2' for CMake config files
[33.270s] Level 1:colcon.colcon_core.shell:create_environment_hook('kinect_ros2', 'cmake_prefix_path')
[33.270s] INFO:colcon.colcon_core.shell:Creating environment hook '/home/anatoly/ros2_ws/install/kinect_ros2/share/kinect_ros2/hook/cmake_prefix_path.ps1'
[33.272s] INFO:colcon.colcon_core.shell:Creating environment descriptor '/home/anatoly/ros2_ws/install/kinect_ros2/share/kinect_ros2/hook/cmake_prefix_path.dsv'
[33.273s] INFO:colcon.colcon_core.shell:Creating environment hook '/home/anatoly/ros2_ws/install/kinect_ros2/share/kinect_ros2/hook/cmake_prefix_path.sh'
[33.275s] Level 1:colcon.colcon_core.environment:checking '/home/anatoly/ros2_ws/install/kinect_ros2/lib'
[33.275s] Level 1:colcon.colcon_core.environment:checking '/home/anatoly/ros2_ws/install/kinect_ros2/bin'
[33.275s] Level 1:colcon.colcon_core.environment:checking '/home/anatoly/ros2_ws/install/kinect_ros2/lib/pkgconfig/kinect_ros2.pc'
[33.276s] Level 1:colcon.colcon_core.environment:checking '/home/anatoly/ros2_ws/install/kinect_ros2/lib/python3.12/site-packages'
[33.277s] Level 1:colcon.colcon_core.environment:checking '/home/anatoly/ros2_ws/install/kinect_ros2/bin'
[33.277s] INFO:colcon.colcon_core.shell:Creating package script '/home/anatoly/ros2_ws/install/kinect_ros2/share/kinect_ros2/package.ps1'
[33.279s] INFO:colcon.colcon_core.shell:Creating package descriptor '/home/anatoly/ros2_ws/install/kinect_ros2/share/kinect_ros2/package.dsv'
[33.280s] INFO:colcon.colcon_core.shell:Creating package script '/home/anatoly/ros2_ws/install/kinect_ros2/share/kinect_ros2/package.sh'
[33.282s] INFO:colcon.colcon_core.shell:Creating package script '/home/anatoly/ros2_ws/install/kinect_ros2/share/kinect_ros2/package.bash'
[33.284s] INFO:colcon.colcon_core.shell:Creating package script '/home/anatoly/ros2_ws/install/kinect_ros2/share/kinect_ros2/package.zsh'
[33.285s] Level 1:colcon.colcon_core.environment:create_file_with_runtime_dependencies(/home/anatoly/ros2_ws/install/kinect_ros2/share/colcon-core/packages/kinect_ros2)
[33.286s] Level 1:colcon.colcon_core.environment:create_environment_scripts_only(kinect_ros2)
[33.287s] Level 1:colcon.colcon_core.environment:checking '/home/anatoly/ros2_ws/install/kinect_ros2' for CMake module files
[33.288s] Level 1:colcon.colcon_core.environment:checking '/home/anatoly/ros2_ws/install/kinect_ros2' for CMake config files
[33.288s] Level 1:colcon.colcon_core.shell:create_environment_hook('kinect_ros2', 'cmake_prefix_path')
[33.289s] INFO:colcon.colcon_core.shell:Creating environment hook '/home/anatoly/ros2_ws/install/kinect_ros2/share/kinect_ros2/hook/cmake_prefix_path.ps1'
[33.290s] INFO:colcon.colcon_core.shell:Creating environment descriptor '/home/anatoly/ros2_ws/install/kinect_ros2/share/kinect_ros2/hook/cmake_prefix_path.dsv'
[33.291s] INFO:colcon.colcon_core.shell:Creating environment hook '/home/anatoly/ros2_ws/install/kinect_ros2/share/kinect_ros2/hook/cmake_prefix_path.sh'
[33.292s] Level 1:colcon.colcon_core.environment:checking '/home/anatoly/ros2_ws/install/kinect_ros2/lib'
[33.293s] Level 1:colcon.colcon_core.environment:checking '/home/anatoly/ros2_ws/install/kinect_ros2/bin'
[33.293s] Level 1:colcon.colcon_core.environment:checking '/home/anatoly/ros2_ws/install/kinect_ros2/lib/pkgconfig/kinect_ros2.pc'
[33.293s] Level 1:colcon.colcon_core.environment:checking '/home/anatoly/ros2_ws/install/kinect_ros2/lib/python3.12/site-packages'
[33.294s] Level 1:colcon.colcon_core.environment:checking '/home/anatoly/ros2_ws/install/kinect_ros2/bin'
[33.295s] INFO:colcon.colcon_core.shell:Creating package script '/home/anatoly/ros2_ws/install/kinect_ros2/share/kinect_ros2/package.ps1'
[33.296s] INFO:colcon.colcon_core.shell:Creating package descriptor '/home/anatoly/ros2_ws/install/kinect_ros2/share/kinect_ros2/package.dsv'
[33.297s] INFO:colcon.colcon_core.shell:Creating package script '/home/anatoly/ros2_ws/install/kinect_ros2/share/kinect_ros2/package.sh'
[33.298s] INFO:colcon.colcon_core.shell:Creating package script '/home/anatoly/ros2_ws/install/kinect_ros2/share/kinect_ros2/package.bash'
[33.299s] INFO:colcon.colcon_core.shell:Creating package script '/home/anatoly/ros2_ws/install/kinect_ros2/share/kinect_ros2/package.zsh'
[33.300s] Level 1:colcon.colcon_core.environment:create_file_with_runtime_dependencies(/home/anatoly/ros2_ws/install/kinect_ros2/share/colcon-core/packages/kinect_ros2)
[33.301s] DEBUG:colcon.colcon_parallel_executor.executor.parallel:closing loop
[33.302s] DEBUG:colcon.colcon_parallel_executor.executor.parallel:loop closed
[33.302s] DEBUG:colcon.colcon_parallel_executor.executor.parallel:run_until_complete finished with '0'
[33.302s] DEBUG:colcon.colcon_core.event_reactor:joining thread
[33.319s] INFO:colcon.colcon_core.plugin_system:Skipping extension 'colcon_notification.desktop_notification.terminal_notifier': Not used on non-Darwin systems
[33.319s] INFO:colcon.colcon_core.plugin_system:Skipping extension 'colcon_notification.desktop_notification.win32': Not used on non-Windows systems
[33.319s] INFO:colcon.colcon_notification.desktop_notification:Sending desktop notification using 'notify2'
[33.356s] DEBUG:colcon.colcon_core.event_reactor:joined thread
[33.356s] INFO:colcon.colcon_core.shell:Creating prefix script '/home/anatoly/ros2_ws/install/local_setup.ps1'
[33.360s] INFO:colcon.colcon_core.shell:Creating prefix util module '/home/anatoly/ros2_ws/install/_local_setup_util_ps1.py'
[33.364s] INFO:colcon.colcon_core.shell:Creating prefix chain script '/home/anatoly/ros2_ws/install/setup.ps1'
[33.368s] INFO:colcon.colcon_core.shell:Creating prefix script '/home/anatoly/ros2_ws/install/local_setup.sh'
[33.369s] INFO:colcon.colcon_core.shell:Creating prefix util module '/home/anatoly/ros2_ws/install/_local_setup_util_sh.py'
[33.371s] INFO:colcon.colcon_core.shell:Creating prefix chain script '/home/anatoly/ros2_ws/install/setup.sh'
[33.375s] INFO:colcon.colcon_core.shell:Creating prefix script '/home/anatoly/ros2_ws/install/local_setup.bash'
[33.377s] INFO:colcon.colcon_core.shell:Creating prefix chain script '/home/anatoly/ros2_ws/install/setup.bash'
[33.380s] INFO:colcon.colcon_core.shell:Creating prefix script '/home/anatoly/ros2_ws/install/local_setup.zsh'
[33.381s] INFO:colcon.colcon_core.shell:Creating prefix chain script '/home/anatoly/ros2_ws/install/setup.zsh'
