[0.298s] DEBUG:colcon:Command line arguments: ['/usr/bin/colcon', 'build']
[0.298s] DEBUG:colcon:Parsed command line arguments: Namespace(log_base=None, log_level=None, verb_name='build', build_base='build', install_base='install', merge_install=False, symlink_install=False, test_result_base=None, continue_on_error=False, executor='parallel', parallel_workers=2, event_handlers=None, ignore_user_meta=False, metas=['./colcon.meta'], base_paths=['.'], packages_ignore=None, packages_ignore_regex=None, paths=None, packages_up_to=None, packages_up_to_regex=None, packages_above=None, packages_above_and_dependencies=None, packages_above_depth=None, packages_select_by_dep=None, packages_skip_by_dep=None, packages_skip_up_to=None, packages_select_build_failed=False, packages_skip_build_finished=False, packages_select_test_failures=False, packages_skip_test_passed=False, packages_select=None, packages_skip=None, packages_select_regex=None, packages_skip_regex=None, packages_start=None, packages_end=None, allow_overriding=[], cmake_args=None, cmake_target=None, cmake_target_skip_unavailable=False, cmake_clean_cache=False, cmake_clean_first=False, cmake_force_configure=False, ament_cmake_args=None, catkin_cmake_args=None, catkin_skip_building_tests=False, mixin_files=None, mixin=None, verb_parser=<colcon_mixin.mixin.mixin_argument.MixinArgumentDecorator object at 0x7a007bda8f80>, verb_extension=<colcon_core.verb.build.BuildVerb object at 0x7a007becd160>, main=<bound method BuildVerb.main of <colcon_core.verb.build.BuildVerb object at 0x7a007becd160>>, mixin_verb=('build',))
[0.400s] Level 1:colcon.colcon_core.package_discovery:discover_packages(colcon_meta) check parameters
[0.401s] Level 1:colcon.colcon_core.package_discovery:discover_packages(recursive) check parameters
[0.401s] Level 1:colcon.colcon_core.package_discovery:discover_packages(ignore) check parameters
[0.401s] Level 1:colcon.colcon_core.package_discovery:discover_packages(path) check parameters
[0.401s] Level 1:colcon.colcon_core.package_discovery:discover_packages(colcon_meta) discover
[0.401s] Level 1:colcon.colcon_core.package_discovery:discover_packages(recursive) discover
[0.401s] INFO:colcon.colcon_core.package_discovery:Crawling recursively for packages in '/home/anatoly/ros2_ws'
[0.401s] Level 1:colcon.colcon_core.package_identification:_identify(.) by extensions ['ignore', 'ignore_ament_install']
[0.402s] Level 1:colcon.colcon_core.package_identification:_identify(.) by extension 'ignore'
[0.402s] Level 1:colcon.colcon_core.package_identification:_identify(.) by extension 'ignore_ament_install'
[0.402s] Level 1:colcon.colcon_core.package_identification:_identify(.) by extensions ['colcon_pkg']
[0.402s] Level 1:colcon.colcon_core.package_identification:_identify(.) by extension 'colcon_pkg'
[0.402s] Level 1:colcon.colcon_core.package_identification:_identify(.) by extensions ['colcon_meta']
[0.402s] Level 1:colcon.colcon_core.package_identification:_identify(.) by extension 'colcon_meta'
[0.402s] Level 1:colcon.colcon_core.package_identification:_identify(.) by extensions ['ros']
[0.402s] Level 1:colcon.colcon_core.package_identification:_identify(.) by extension 'ros'
[0.471s] Level 1:colcon.colcon_core.package_identification:_identify(.) by extensions ['cmake', 'python']
[0.472s] Level 1:colcon.colcon_core.package_identification:_identify(.) by extension 'cmake'
[0.472s] Level 1:colcon.colcon_core.package_identification:_identify(.) by extension 'python'
[0.472s] Level 1:colcon.colcon_core.package_identification:_identify(.) by extensions ['python_setup_py']
[0.472s] Level 1:colcon.colcon_core.package_identification:_identify(.) by extension 'python_setup_py'
[0.472s] Level 1:colcon.colcon_core.package_identification:_identify(build) by extensions ['ignore', 'ignore_ament_install']
[0.473s] Level 1:colcon.colcon_core.package_identification:_identify(build) by extension 'ignore'
[0.473s] Level 1:colcon.colcon_core.package_identification:_identify(build) ignored
[0.473s] Level 1:colcon.colcon_core.package_identification:_identify(install) by extensions ['ignore', 'ignore_ament_install']
[0.473s] Level 1:colcon.colcon_core.package_identification:_identify(install) by extension 'ignore'
[0.473s] Level 1:colcon.colcon_core.package_identification:_identify(install) ignored
[0.474s] Level 1:colcon.colcon_core.package_identification:_identify(log) by extensions ['ignore', 'ignore_ament_install']
[0.474s] Level 1:colcon.colcon_core.package_identification:_identify(log) by extension 'ignore'
[0.474s] Level 1:colcon.colcon_core.package_identification:_identify(log) ignored
[0.474s] Level 1:colcon.colcon_core.package_identification:_identify(maps) by extensions ['ignore', 'ignore_ament_install']
[0.475s] Level 1:colcon.colcon_core.package_identification:_identify(maps) by extension 'ignore'
[0.475s] Level 1:colcon.colcon_core.package_identification:_identify(maps) by extension 'ignore_ament_install'
[0.475s] Level 1:colcon.colcon_core.package_identification:_identify(maps) by extensions ['colcon_pkg']
[0.475s] Level 1:colcon.colcon_core.package_identification:_identify(maps) by extension 'colcon_pkg'
[0.475s] Level 1:colcon.colcon_core.package_identification:_identify(maps) by extensions ['colcon_meta']
[0.475s] Level 1:colcon.colcon_core.package_identification:_identify(maps) by extension 'colcon_meta'
[0.475s] Level 1:colcon.colcon_core.package_identification:_identify(maps) by extensions ['ros']
[0.475s] Level 1:colcon.colcon_core.package_identification:_identify(maps) by extension 'ros'
[0.476s] Level 1:colcon.colcon_core.package_identification:_identify(maps) by extensions ['cmake', 'python']
[0.476s] Level 1:colcon.colcon_core.package_identification:_identify(maps) by extension 'cmake'
[0.476s] Level 1:colcon.colcon_core.package_identification:_identify(maps) by extension 'python'
[0.476s] Level 1:colcon.colcon_core.package_identification:_identify(maps) by extensions ['python_setup_py']
[0.476s] Level 1:colcon.colcon_core.package_identification:_identify(maps) by extension 'python_setup_py'
[0.476s] Level 1:colcon.colcon_core.package_identification:_identify(src) by extensions ['ignore', 'ignore_ament_install']
[0.476s] Level 1:colcon.colcon_core.package_identification:_identify(src) by extension 'ignore'
[0.477s] Level 1:colcon.colcon_core.package_identification:_identify(src) by extension 'ignore_ament_install'
[0.477s] Level 1:colcon.colcon_core.package_identification:_identify(src) by extensions ['colcon_pkg']
[0.477s] Level 1:colcon.colcon_core.package_identification:_identify(src) by extension 'colcon_pkg'
[0.477s] Level 1:colcon.colcon_core.package_identification:_identify(src) by extensions ['colcon_meta']
[0.477s] Level 1:colcon.colcon_core.package_identification:_identify(src) by extension 'colcon_meta'
[0.477s] Level 1:colcon.colcon_core.package_identification:_identify(src) by extensions ['ros']
[0.477s] Level 1:colcon.colcon_core.package_identification:_identify(src) by extension 'ros'
[0.477s] Level 1:colcon.colcon_core.package_identification:_identify(src) by extensions ['cmake', 'python']
[0.478s] Level 1:colcon.colcon_core.package_identification:_identify(src) by extension 'cmake'
[0.478s] Level 1:colcon.colcon_core.package_identification:_identify(src) by extension 'python'
[0.478s] Level 1:colcon.colcon_core.package_identification:_identify(src) by extensions ['python_setup_py']
[0.478s] Level 1:colcon.colcon_core.package_identification:_identify(src) by extension 'python_setup_py'
[0.478s] Level 1:colcon.colcon_core.package_identification:_identify(src/esp32_bridge) by extensions ['ignore', 'ignore_ament_install']
[0.478s] Level 1:colcon.colcon_core.package_identification:_identify(src/esp32_bridge) by extension 'ignore'
[0.479s] Level 1:colcon.colcon_core.package_identification:_identify(src/esp32_bridge) by extension 'ignore_ament_install'
[0.479s] Level 1:colcon.colcon_core.package_identification:_identify(src/esp32_bridge) by extensions ['colcon_pkg']
[0.479s] Level 1:colcon.colcon_core.package_identification:_identify(src/esp32_bridge) by extension 'colcon_pkg'
[0.479s] Level 1:colcon.colcon_core.package_identification:_identify(src/esp32_bridge) by extensions ['colcon_meta']
[0.479s] Level 1:colcon.colcon_core.package_identification:_identify(src/esp32_bridge) by extension 'colcon_meta'
[0.479s] Level 1:colcon.colcon_core.package_identification:_identify(src/esp32_bridge) by extensions ['ros']
[0.479s] Level 1:colcon.colcon_core.package_identification:_identify(src/esp32_bridge) by extension 'ros'
[0.485s] DEBUG:colcon.colcon_core.package_identification:Package 'src/esp32_bridge' with type 'ros.ament_python' and name 'esp32_bridge'
[0.485s] Level 1:colcon.colcon_core.package_identification:_identify(src/kinect_ros2) by extensions ['ignore', 'ignore_ament_install']
[0.486s] Level 1:colcon.colcon_core.package_identification:_identify(src/kinect_ros2) by extension 'ignore'
[0.486s] Level 1:colcon.colcon_core.package_identification:_identify(src/kinect_ros2) by extension 'ignore_ament_install'
[0.486s] Level 1:colcon.colcon_core.package_identification:_identify(src/kinect_ros2) by extensions ['colcon_pkg']
[0.486s] Level 1:colcon.colcon_core.package_identification:_identify(src/kinect_ros2) by extension 'colcon_pkg'
[0.486s] Level 1:colcon.colcon_core.package_identification:_identify(src/kinect_ros2) by extensions ['colcon_meta']
[0.486s] Level 1:colcon.colcon_core.package_identification:_identify(src/kinect_ros2) by extension 'colcon_meta'
[0.486s] Level 1:colcon.colcon_core.package_identification:_identify(src/kinect_ros2) by extensions ['ros']
[0.487s] Level 1:colcon.colcon_core.package_identification:_identify(src/kinect_ros2) by extension 'ros'
[0.489s] DEBUG:colcon.colcon_core.package_identification:Package 'src/kinect_ros2' with type 'ros.ament_cmake' and name 'kinect_ros2'
[0.489s] Level 1:colcon.colcon_core.package_identification:_identify(src/micro_ros_setup) by extensions ['ignore', 'ignore_ament_install']
[0.490s] Level 1:colcon.colcon_core.package_identification:_identify(src/micro_ros_setup) by extension 'ignore'
[0.490s] Level 1:colcon.colcon_core.package_identification:_identify(src/micro_ros_setup) by extension 'ignore_ament_install'
[0.490s] Level 1:colcon.colcon_core.package_identification:_identify(src/micro_ros_setup) by extensions ['colcon_pkg']
[0.490s] Level 1:colcon.colcon_core.package_identification:_identify(src/micro_ros_setup) by extension 'colcon_pkg'
[0.490s] Level 1:colcon.colcon_core.package_identification:_identify(src/micro_ros_setup) by extensions ['colcon_meta']
[0.490s] Level 1:colcon.colcon_core.package_identification:_identify(src/micro_ros_setup) by extension 'colcon_meta'
[0.490s] Level 1:colcon.colcon_core.package_identification:_identify(src/micro_ros_setup) by extensions ['ros']
[0.491s] Level 1:colcon.colcon_core.package_identification:_identify(src/micro_ros_setup) by extension 'ros'
[0.493s] DEBUG:colcon.colcon_core.package_identification:Package 'src/micro_ros_setup' with type 'ros.ament_cmake' and name 'micro_ros_setup'
[0.493s] Level 1:colcon.colcon_core.package_identification:_identify(src/my_fake_lidar) by extensions ['ignore', 'ignore_ament_install']
[0.493s] Level 1:colcon.colcon_core.package_identification:_identify(src/my_fake_lidar) by extension 'ignore'
[0.493s] Level 1:colcon.colcon_core.package_identification:_identify(src/my_fake_lidar) by extension 'ignore_ament_install'
[0.493s] Level 1:colcon.colcon_core.package_identification:_identify(src/my_fake_lidar) by extensions ['colcon_pkg']
[0.494s] Level 1:colcon.colcon_core.package_identification:_identify(src/my_fake_lidar) by extension 'colcon_pkg'
[0.494s] Level 1:colcon.colcon_core.package_identification:_identify(src/my_fake_lidar) by extensions ['colcon_meta']
[0.494s] Level 1:colcon.colcon_core.package_identification:_identify(src/my_fake_lidar) by extension 'colcon_meta'
[0.494s] Level 1:colcon.colcon_core.package_identification:_identify(src/my_fake_lidar) by extensions ['ros']
[0.494s] Level 1:colcon.colcon_core.package_identification:_identify(src/my_fake_lidar) by extension 'ros'
[0.495s] DEBUG:colcon.colcon_core.package_identification:Package 'src/my_fake_lidar' with type 'ros.ament_python' and name 'my_fake_lidar'
[0.495s] Level 1:colcon.colcon_core.package_identification:_identify(src/my_path_publisher) by extensions ['ignore', 'ignore_ament_install']
[0.496s] Level 1:colcon.colcon_core.package_identification:_identify(src/my_path_publisher) by extension 'ignore'
[0.496s] Level 1:colcon.colcon_core.package_identification:_identify(src/my_path_publisher) by extension 'ignore_ament_install'
[0.496s] Level 1:colcon.colcon_core.package_identification:_identify(src/my_path_publisher) by extensions ['colcon_pkg']
[0.496s] Level 1:colcon.colcon_core.package_identification:_identify(src/my_path_publisher) by extension 'colcon_pkg'
[0.496s] Level 1:colcon.colcon_core.package_identification:_identify(src/my_path_publisher) by extensions ['colcon_meta']
[0.496s] Level 1:colcon.colcon_core.package_identification:_identify(src/my_path_publisher) by extension 'colcon_meta'
[0.496s] Level 1:colcon.colcon_core.package_identification:_identify(src/my_path_publisher) by extensions ['ros']
[0.496s] Level 1:colcon.colcon_core.package_identification:_identify(src/my_path_publisher) by extension 'ros'
[0.497s] DEBUG:colcon.colcon_core.package_identification:Package 'src/my_path_publisher' with type 'ros.ament_python' and name 'my_path_publisher'
[0.498s] Level 1:colcon.colcon_core.package_identification:_identify(src/my_two_wheel_robot) by extensions ['ignore', 'ignore_ament_install']
[0.498s] Level 1:colcon.colcon_core.package_identification:_identify(src/my_two_wheel_robot) by extension 'ignore'
[0.498s] Level 1:colcon.colcon_core.package_identification:_identify(src/my_two_wheel_robot) by extension 'ignore_ament_install'
[0.498s] Level 1:colcon.colcon_core.package_identification:_identify(src/my_two_wheel_robot) by extensions ['colcon_pkg']
[0.498s] Level 1:colcon.colcon_core.package_identification:_identify(src/my_two_wheel_robot) by extension 'colcon_pkg'
[0.499s] Level 1:colcon.colcon_core.package_identification:_identify(src/my_two_wheel_robot) by extensions ['colcon_meta']
[0.499s] Level 1:colcon.colcon_core.package_identification:_identify(src/my_two_wheel_robot) by extension 'colcon_meta'
[0.499s] Level 1:colcon.colcon_core.package_identification:_identify(src/my_two_wheel_robot) by extensions ['ros']
[0.499s] Level 1:colcon.colcon_core.package_identification:_identify(src/my_two_wheel_robot) by extension 'ros'
[0.500s] DEBUG:colcon.colcon_core.package_identification:Package 'src/my_two_wheel_robot' with type 'ros.ament_cmake' and name 'my_two_wheel_robot'
[0.501s] Level 1:colcon.colcon_core.package_identification:_identify(src/twist_converter) by extensions ['ignore', 'ignore_ament_install']
[0.501s] Level 1:colcon.colcon_core.package_identification:_identify(src/twist_converter) by extension 'ignore'
[0.501s] Level 1:colcon.colcon_core.package_identification:_identify(src/twist_converter) by extension 'ignore_ament_install'
[0.501s] Level 1:colcon.colcon_core.package_identification:_identify(src/twist_converter) by extensions ['colcon_pkg']
[0.501s] Level 1:colcon.colcon_core.package_identification:_identify(src/twist_converter) by extension 'colcon_pkg'
[0.502s] Level 1:colcon.colcon_core.package_identification:_identify(src/twist_converter) by extensions ['colcon_meta']
[0.502s] Level 1:colcon.colcon_core.package_identification:_identify(src/twist_converter) by extension 'colcon_meta'
[0.502s] Level 1:colcon.colcon_core.package_identification:_identify(src/twist_converter) by extensions ['ros']
[0.502s] Level 1:colcon.colcon_core.package_identification:_identify(src/twist_converter) by extension 'ros'
[0.503s] DEBUG:colcon.colcon_core.package_identification:Package 'src/twist_converter' with type 'ros.ament_python' and name 'twist_converter'
[0.503s] Level 1:colcon.colcon_core.package_identification:_identify(src/view_robot) by extensions ['ignore', 'ignore_ament_install']
[0.503s] Level 1:colcon.colcon_core.package_identification:_identify(src/view_robot) by extension 'ignore'
[0.504s] Level 1:colcon.colcon_core.package_identification:_identify(src/view_robot) by extension 'ignore_ament_install'
[0.504s] Level 1:colcon.colcon_core.package_identification:_identify(src/view_robot) by extensions ['colcon_pkg']
[0.504s] Level 1:colcon.colcon_core.package_identification:_identify(src/view_robot) by extension 'colcon_pkg'
[0.504s] Level 1:colcon.colcon_core.package_identification:_identify(src/view_robot) by extensions ['colcon_meta']
[0.504s] Level 1:colcon.colcon_core.package_identification:_identify(src/view_robot) by extension 'colcon_meta'
[0.504s] Level 1:colcon.colcon_core.package_identification:_identify(src/view_robot) by extensions ['ros']
[0.504s] Level 1:colcon.colcon_core.package_identification:_identify(src/view_robot) by extension 'ros'
[0.506s] DEBUG:colcon.colcon_core.package_identification:Package 'src/view_robot' with type 'ros.ament_cmake' and name 'view_robot'
[0.506s] Level 1:colcon.colcon_core.package_discovery:discover_packages(recursive) using defaults
[0.506s] Level 1:colcon.colcon_core.package_discovery:discover_packages(ignore) discover
[0.506s] Level 1:colcon.colcon_core.package_discovery:discover_packages(ignore) using defaults
[0.506s] Level 1:colcon.colcon_core.package_discovery:discover_packages(path) discover
[0.506s] Level 1:colcon.colcon_core.package_discovery:discover_packages(path) using defaults
[0.556s] Level 1:colcon.colcon_core.package_discovery:discover_packages(prefix_path) check parameters
[0.556s] Level 1:colcon.colcon_core.package_discovery:discover_packages(prefix_path) discover
[0.562s] DEBUG:colcon.colcon_installed_package_information.package_discovery:Found 9 installed packages in /home/anatoly/ros2_ws/install
[0.567s] DEBUG:colcon.colcon_installed_package_information.package_discovery:Found 383 installed packages in /opt/ros/jazzy
[0.571s] Level 1:colcon.colcon_core.package_discovery:discover_packages(prefix_path) using defaults
[0.717s] Level 5:colcon.colcon_core.verb:set package 'esp32_bridge' build argument 'cmake_args' from command line to 'None'
[0.717s] Level 5:colcon.colcon_core.verb:set package 'esp32_bridge' build argument 'cmake_target' from command line to 'None'
[0.717s] Level 5:colcon.colcon_core.verb:set package 'esp32_bridge' build argument 'cmake_target_skip_unavailable' from command line to 'False'
[0.717s] Level 5:colcon.colcon_core.verb:set package 'esp32_bridge' build argument 'cmake_clean_cache' from command line to 'False'
[0.717s] Level 5:colcon.colcon_core.verb:set package 'esp32_bridge' build argument 'cmake_clean_first' from command line to 'False'
[0.717s] Level 5:colcon.colcon_core.verb:set package 'esp32_bridge' build argument 'cmake_force_configure' from command line to 'False'
[0.718s] Level 5:colcon.colcon_core.verb:set package 'esp32_bridge' build argument 'ament_cmake_args' from command line to 'None'
[0.718s] Level 5:colcon.colcon_core.verb:set package 'esp32_bridge' build argument 'catkin_cmake_args' from command line to 'None'
[0.718s] Level 5:colcon.colcon_core.verb:set package 'esp32_bridge' build argument 'catkin_skip_building_tests' from command line to 'False'
[0.718s] DEBUG:colcon.colcon_core.verb:Building package 'esp32_bridge' with the following arguments: {'ament_cmake_args': None, 'build_base': '/home/anatoly/ros2_ws/build/esp32_bridge', 'catkin_cmake_args': None, 'catkin_skip_building_tests': False, 'cmake_args': None, 'cmake_clean_cache': False, 'cmake_clean_first': False, 'cmake_force_configure': False, 'cmake_target': None, 'cmake_target_skip_unavailable': False, 'install_base': '/home/anatoly/ros2_ws/install/esp32_bridge', 'merge_install': False, 'path': '/home/anatoly/ros2_ws/src/esp32_bridge', 'symlink_install': False, 'test_result_base': None}
[0.718s] Level 5:colcon.colcon_core.verb:set package 'kinect_ros2' build argument 'cmake_args' from command line to 'None'
[0.719s] Level 5:colcon.colcon_core.verb:set package 'kinect_ros2' build argument 'cmake_target' from command line to 'None'
[0.719s] Level 5:colcon.colcon_core.verb:set package 'kinect_ros2' build argument 'cmake_target_skip_unavailable' from command line to 'False'
[0.719s] Level 5:colcon.colcon_core.verb:set package 'kinect_ros2' build argument 'cmake_clean_cache' from command line to 'False'
[0.719s] Level 5:colcon.colcon_core.verb:set package 'kinect_ros2' build argument 'cmake_clean_first' from command line to 'False'
[0.719s] Level 5:colcon.colcon_core.verb:set package 'kinect_ros2' build argument 'cmake_force_configure' from command line to 'False'
[0.719s] Level 5:colcon.colcon_core.verb:set package 'kinect_ros2' build argument 'ament_cmake_args' from command line to 'None'
[0.719s] Level 5:colcon.colcon_core.verb:set package 'kinect_ros2' build argument 'catkin_cmake_args' from command line to 'None'
[0.719s] Level 5:colcon.colcon_core.verb:set package 'kinect_ros2' build argument 'catkin_skip_building_tests' from command line to 'False'
[0.719s] DEBUG:colcon.colcon_core.verb:Building package 'kinect_ros2' with the following arguments: {'ament_cmake_args': None, 'build_base': '/home/anatoly/ros2_ws/build/kinect_ros2', 'catkin_cmake_args': None, 'catkin_skip_building_tests': False, 'cmake_args': None, 'cmake_clean_cache': False, 'cmake_clean_first': False, 'cmake_force_configure': False, 'cmake_target': None, 'cmake_target_skip_unavailable': False, 'install_base': '/home/anatoly/ros2_ws/install/kinect_ros2', 'merge_install': False, 'path': '/home/anatoly/ros2_ws/src/kinect_ros2', 'symlink_install': False, 'test_result_base': None}
[0.720s] Level 5:colcon.colcon_core.verb:set package 'micro_ros_setup' build argument 'cmake_args' from command line to 'None'
[0.720s] Level 5:colcon.colcon_core.verb:set package 'micro_ros_setup' build argument 'cmake_target' from command line to 'None'
[0.720s] Level 5:colcon.colcon_core.verb:set package 'micro_ros_setup' build argument 'cmake_target_skip_unavailable' from command line to 'False'
[0.720s] Level 5:colcon.colcon_core.verb:set package 'micro_ros_setup' build argument 'cmake_clean_cache' from command line to 'False'
[0.720s] Level 5:colcon.colcon_core.verb:set package 'micro_ros_setup' build argument 'cmake_clean_first' from command line to 'False'
[0.720s] Level 5:colcon.colcon_core.verb:set package 'micro_ros_setup' build argument 'cmake_force_configure' from command line to 'False'
[0.720s] Level 5:colcon.colcon_core.verb:set package 'micro_ros_setup' build argument 'ament_cmake_args' from command line to 'None'
[0.720s] Level 5:colcon.colcon_core.verb:set package 'micro_ros_setup' build argument 'catkin_cmake_args' from command line to 'None'
[0.720s] Level 5:colcon.colcon_core.verb:set package 'micro_ros_setup' build argument 'catkin_skip_building_tests' from command line to 'False'
[0.721s] DEBUG:colcon.colcon_core.verb:Building package 'micro_ros_setup' with the following arguments: {'ament_cmake_args': None, 'build_base': '/home/anatoly/ros2_ws/build/micro_ros_setup', 'catkin_cmake_args': None, 'catkin_skip_building_tests': False, 'cmake_args': None, 'cmake_clean_cache': False, 'cmake_clean_first': False, 'cmake_force_configure': False, 'cmake_target': None, 'cmake_target_skip_unavailable': False, 'install_base': '/home/anatoly/ros2_ws/install/micro_ros_setup', 'merge_install': False, 'path': '/home/anatoly/ros2_ws/src/micro_ros_setup', 'symlink_install': False, 'test_result_base': None}
[0.721s] Level 5:colcon.colcon_core.verb:set package 'my_fake_lidar' build argument 'cmake_args' from command line to 'None'
[0.721s] Level 5:colcon.colcon_core.verb:set package 'my_fake_lidar' build argument 'cmake_target' from command line to 'None'
[0.721s] Level 5:colcon.colcon_core.verb:set package 'my_fake_lidar' build argument 'cmake_target_skip_unavailable' from command line to 'False'
[0.721s] Level 5:colcon.colcon_core.verb:set package 'my_fake_lidar' build argument 'cmake_clean_cache' from command line to 'False'
[0.721s] Level 5:colcon.colcon_core.verb:set package 'my_fake_lidar' build argument 'cmake_clean_first' from command line to 'False'
[0.722s] Level 5:colcon.colcon_core.verb:set package 'my_fake_lidar' build argument 'cmake_force_configure' from command line to 'False'
[0.722s] Level 5:colcon.colcon_core.verb:set package 'my_fake_lidar' build argument 'ament_cmake_args' from command line to 'None'
[0.722s] Level 5:colcon.colcon_core.verb:set package 'my_fake_lidar' build argument 'catkin_cmake_args' from command line to 'None'
[0.722s] Level 5:colcon.colcon_core.verb:set package 'my_fake_lidar' build argument 'catkin_skip_building_tests' from command line to 'False'
[0.722s] DEBUG:colcon.colcon_core.verb:Building package 'my_fake_lidar' with the following arguments: {'ament_cmake_args': None, 'build_base': '/home/anatoly/ros2_ws/build/my_fake_lidar', 'catkin_cmake_args': None, 'catkin_skip_building_tests': False, 'cmake_args': None, 'cmake_clean_cache': False, 'cmake_clean_first': False, 'cmake_force_configure': False, 'cmake_target': None, 'cmake_target_skip_unavailable': False, 'install_base': '/home/anatoly/ros2_ws/install/my_fake_lidar', 'merge_install': False, 'path': '/home/anatoly/ros2_ws/src/my_fake_lidar', 'symlink_install': False, 'test_result_base': None}
[0.723s] Level 5:colcon.colcon_core.verb:set package 'my_path_publisher' build argument 'cmake_args' from command line to 'None'
[0.723s] Level 5:colcon.colcon_core.verb:set package 'my_path_publisher' build argument 'cmake_target' from command line to 'None'
[0.723s] Level 5:colcon.colcon_core.verb:set package 'my_path_publisher' build argument 'cmake_target_skip_unavailable' from command line to 'False'
[0.723s] Level 5:colcon.colcon_core.verb:set package 'my_path_publisher' build argument 'cmake_clean_cache' from command line to 'False'
[0.723s] Level 5:colcon.colcon_core.verb:set package 'my_path_publisher' build argument 'cmake_clean_first' from command line to 'False'
[0.723s] Level 5:colcon.colcon_core.verb:set package 'my_path_publisher' build argument 'cmake_force_configure' from command line to 'False'
[0.723s] Level 5:colcon.colcon_core.verb:set package 'my_path_publisher' build argument 'ament_cmake_args' from command line to 'None'
[0.723s] Level 5:colcon.colcon_core.verb:set package 'my_path_publisher' build argument 'catkin_cmake_args' from command line to 'None'
[0.723s] Level 5:colcon.colcon_core.verb:set package 'my_path_publisher' build argument 'catkin_skip_building_tests' from command line to 'False'
[0.723s] DEBUG:colcon.colcon_core.verb:Building package 'my_path_publisher' with the following arguments: {'ament_cmake_args': None, 'build_base': '/home/anatoly/ros2_ws/build/my_path_publisher', 'catkin_cmake_args': None, 'catkin_skip_building_tests': False, 'cmake_args': None, 'cmake_clean_cache': False, 'cmake_clean_first': False, 'cmake_force_configure': False, 'cmake_target': None, 'cmake_target_skip_unavailable': False, 'install_base': '/home/anatoly/ros2_ws/install/my_path_publisher', 'merge_install': False, 'path': '/home/anatoly/ros2_ws/src/my_path_publisher', 'symlink_install': False, 'test_result_base': None}
[0.724s] Level 5:colcon.colcon_core.verb:set package 'my_two_wheel_robot' build argument 'cmake_args' from command line to 'None'
[0.724s] Level 5:colcon.colcon_core.verb:set package 'my_two_wheel_robot' build argument 'cmake_target' from command line to 'None'
[0.724s] Level 5:colcon.colcon_core.verb:set package 'my_two_wheel_robot' build argument 'cmake_target_skip_unavailable' from command line to 'False'
[0.724s] Level 5:colcon.colcon_core.verb:set package 'my_two_wheel_robot' build argument 'cmake_clean_cache' from command line to 'False'
[0.724s] Level 5:colcon.colcon_core.verb:set package 'my_two_wheel_robot' build argument 'cmake_clean_first' from command line to 'False'
[0.724s] Level 5:colcon.colcon_core.verb:set package 'my_two_wheel_robot' build argument 'cmake_force_configure' from command line to 'False'
[0.724s] Level 5:colcon.colcon_core.verb:set package 'my_two_wheel_robot' build argument 'ament_cmake_args' from command line to 'None'
[0.724s] Level 5:colcon.colcon_core.verb:set package 'my_two_wheel_robot' build argument 'catkin_cmake_args' from command line to 'None'
[0.724s] Level 5:colcon.colcon_core.verb:set package 'my_two_wheel_robot' build argument 'catkin_skip_building_tests' from command line to 'False'
[0.724s] DEBUG:colcon.colcon_core.verb:Building package 'my_two_wheel_robot' with the following arguments: {'ament_cmake_args': None, 'build_base': '/home/anatoly/ros2_ws/build/my_two_wheel_robot', 'catkin_cmake_args': None, 'catkin_skip_building_tests': False, 'cmake_args': None, 'cmake_clean_cache': False, 'cmake_clean_first': False, 'cmake_force_configure': False, 'cmake_target': None, 'cmake_target_skip_unavailable': False, 'install_base': '/home/anatoly/ros2_ws/install/my_two_wheel_robot', 'merge_install': False, 'path': '/home/anatoly/ros2_ws/src/my_two_wheel_robot', 'symlink_install': False, 'test_result_base': None}
[0.725s] Level 5:colcon.colcon_core.verb:set package 'twist_converter' build argument 'cmake_args' from command line to 'None'
[0.725s] Level 5:colcon.colcon_core.verb:set package 'twist_converter' build argument 'cmake_target' from command line to 'None'
[0.725s] Level 5:colcon.colcon_core.verb:set package 'twist_converter' build argument 'cmake_target_skip_unavailable' from command line to 'False'
[0.725s] Level 5:colcon.colcon_core.verb:set package 'twist_converter' build argument 'cmake_clean_cache' from command line to 'False'
[0.725s] Level 5:colcon.colcon_core.verb:set package 'twist_converter' build argument 'cmake_clean_first' from command line to 'False'
[0.725s] Level 5:colcon.colcon_core.verb:set package 'twist_converter' build argument 'cmake_force_configure' from command line to 'False'
[0.726s] Level 5:colcon.colcon_core.verb:set package 'twist_converter' build argument 'ament_cmake_args' from command line to 'None'
[0.726s] Level 5:colcon.colcon_core.verb:set package 'twist_converter' build argument 'catkin_cmake_args' from command line to 'None'
[0.726s] Level 5:colcon.colcon_core.verb:set package 'twist_converter' build argument 'catkin_skip_building_tests' from command line to 'False'
[0.726s] DEBUG:colcon.colcon_core.verb:Building package 'twist_converter' with the following arguments: {'ament_cmake_args': None, 'build_base': '/home/anatoly/ros2_ws/build/twist_converter', 'catkin_cmake_args': None, 'catkin_skip_building_tests': False, 'cmake_args': None, 'cmake_clean_cache': False, 'cmake_clean_first': False, 'cmake_force_configure': False, 'cmake_target': None, 'cmake_target_skip_unavailable': False, 'install_base': '/home/anatoly/ros2_ws/install/twist_converter', 'merge_install': False, 'path': '/home/anatoly/ros2_ws/src/twist_converter', 'symlink_install': False, 'test_result_base': None}
[0.726s] Level 5:colcon.colcon_core.verb:set package 'view_robot' build argument 'cmake_args' from command line to 'None'
[0.726s] Level 5:colcon.colcon_core.verb:set package 'view_robot' build argument 'cmake_target' from command line to 'None'
[0.727s] Level 5:colcon.colcon_core.verb:set package 'view_robot' build argument 'cmake_target_skip_unavailable' from command line to 'False'
[0.727s] Level 5:colcon.colcon_core.verb:set package 'view_robot' build argument 'cmake_clean_cache' from command line to 'False'
[0.727s] Level 5:colcon.colcon_core.verb:set package 'view_robot' build argument 'cmake_clean_first' from command line to 'False'
[0.727s] Level 5:colcon.colcon_core.verb:set package 'view_robot' build argument 'cmake_force_configure' from command line to 'False'
[0.727s] Level 5:colcon.colcon_core.verb:set package 'view_robot' build argument 'ament_cmake_args' from command line to 'None'
[0.727s] Level 5:colcon.colcon_core.verb:set package 'view_robot' build argument 'catkin_cmake_args' from command line to 'None'
[0.727s] Level 5:colcon.colcon_core.verb:set package 'view_robot' build argument 'catkin_skip_building_tests' from command line to 'False'
[0.727s] DEBUG:colcon.colcon_core.verb:Building package 'view_robot' with the following arguments: {'ament_cmake_args': None, 'build_base': '/home/anatoly/ros2_ws/build/view_robot', 'catkin_cmake_args': None, 'catkin_skip_building_tests': False, 'cmake_args': None, 'cmake_clean_cache': False, 'cmake_clean_first': False, 'cmake_force_configure': False, 'cmake_target': None, 'cmake_target_skip_unavailable': False, 'install_base': '/home/anatoly/ros2_ws/install/view_robot', 'merge_install': False, 'path': '/home/anatoly/ros2_ws/src/view_robot', 'symlink_install': False, 'test_result_base': None}
[0.727s] INFO:colcon.colcon_core.executor:Executing jobs using 'parallel' executor
[0.729s] DEBUG:colcon.colcon_parallel_executor.executor.parallel:run_until_complete
[0.731s] INFO:colcon.colcon_ros.task.ament_python.build:Building ROS package in '/home/anatoly/ros2_ws/src/esp32_bridge' with build type 'ament_python'
[0.731s] Level 1:colcon.colcon_core.shell:create_environment_hook('esp32_bridge', 'ament_prefix_path')
[0.737s] INFO:colcon.colcon_core.plugin_system:Skipping extension 'colcon_core.shell.bat': Not used on non-Windows systems
[0.738s] INFO:colcon.colcon_core.shell:Creating environment hook '/home/anatoly/ros2_ws/install/esp32_bridge/share/esp32_bridge/hook/ament_prefix_path.ps1'
[0.739s] INFO:colcon.colcon_core.shell:Creating environment descriptor '/home/anatoly/ros2_ws/install/esp32_bridge/share/esp32_bridge/hook/ament_prefix_path.dsv'
[0.741s] INFO:colcon.colcon_core.shell:Creating environment hook '/home/anatoly/ros2_ws/install/esp32_bridge/share/esp32_bridge/hook/ament_prefix_path.sh'
[0.742s] INFO:colcon.colcon_core.shell:Skip shell extension 'powershell' for command environment: Not usable outside of PowerShell
[0.743s] DEBUG:colcon.colcon_core.shell:Skip shell extension 'dsv' for command environment
[0.755s] INFO:colcon.colcon_ros.task.ament_cmake.build:Building ROS package in '/home/anatoly/ros2_ws/src/kinect_ros2' with build type 'ament_cmake'
[0.755s] INFO:colcon.colcon_cmake.task.cmake.build:Building CMake package in '/home/anatoly/ros2_ws/src/kinect_ros2'
[0.756s] INFO:colcon.colcon_core.shell:Skip shell extension 'powershell' for command environment: Not usable outside of PowerShell
[0.756s] DEBUG:colcon.colcon_core.shell:Skip shell extension 'dsv' for command environment
[1.426s] INFO:colcon.colcon_core.task.python.build:Building Python package in '/home/anatoly/ros2_ws/src/esp32_bridge'
[1.426s] INFO:colcon.colcon_core.shell:Skip shell extension 'powershell' for command environment: Not usable outside of PowerShell
[1.427s] DEBUG:colcon.colcon_core.shell:Skip shell extension 'dsv' for command environment
[1.449s] DEBUG:colcon.colcon_core.event_handler.log_command:Invoking command in '/home/anatoly/ros2_ws/build/kinect_ros2': CMAKE_PREFIX_PATH=${CMAKE_PREFIX_PATH}:/home/anatoly/ros2_ws/install/twist_converter:/home/anatoly/ros2_ws/install/my_path_publisher:/home/anatoly/ros2_ws/install/my_fake_lidar:/home/anatoly/ros2_ws/install/esp32_bridge:/opt/ros/jazzy DEBUGINFOD_URLS=https://debuginfod.ubuntu.com /usr/bin/cmake --build /home/anatoly/ros2_ws/build/kinect_ros2 -- -j2 -l2
[1.638s] DEBUG:colcon.colcon_core.event_handler.log_command:Invoked command in '/home/anatoly/ros2_ws/build/kinect_ros2' returned '0': CMAKE_PREFIX_PATH=${CMAKE_PREFIX_PATH}:/home/anatoly/ros2_ws/install/twist_converter:/home/anatoly/ros2_ws/install/my_path_publisher:/home/anatoly/ros2_ws/install/my_fake_lidar:/home/anatoly/ros2_ws/install/esp32_bridge:/opt/ros/jazzy DEBUGINFOD_URLS=https://debuginfod.ubuntu.com /usr/bin/cmake --build /home/anatoly/ros2_ws/build/kinect_ros2 -- -j2 -l2
[1.670s] DEBUG:colcon.colcon_core.event_handler.log_command:Invoking command in '/home/anatoly/ros2_ws/build/kinect_ros2': CMAKE_PREFIX_PATH=${CMAKE_PREFIX_PATH}:/home/anatoly/ros2_ws/install/twist_converter:/home/anatoly/ros2_ws/install/my_path_publisher:/home/anatoly/ros2_ws/install/my_fake_lidar:/home/anatoly/ros2_ws/install/esp32_bridge:/opt/ros/jazzy DEBUGINFOD_URLS=https://debuginfod.ubuntu.com /usr/bin/cmake --install /home/anatoly/ros2_ws/build/kinect_ros2
[1.707s] Level 1:colcon.colcon_core.environment:create_environment_scripts_only(kinect_ros2)
[1.709s] DEBUG:colcon.colcon_core.event_handler.log_command:Invoked command in '/home/anatoly/ros2_ws/build/kinect_ros2' returned '0': CMAKE_PREFIX_PATH=${CMAKE_PREFIX_PATH}:/home/anatoly/ros2_ws/install/twist_converter:/home/anatoly/ros2_ws/install/my_path_publisher:/home/anatoly/ros2_ws/install/my_fake_lidar:/home/anatoly/ros2_ws/install/esp32_bridge:/opt/ros/jazzy DEBUGINFOD_URLS=https://debuginfod.ubuntu.com /usr/bin/cmake --install /home/anatoly/ros2_ws/build/kinect_ros2
[1.713s] Level 1:colcon.colcon_core.environment:checking '/home/anatoly/ros2_ws/install/kinect_ros2' for CMake module files
[1.715s] Level 1:colcon.colcon_core.environment:checking '/home/anatoly/ros2_ws/install/kinect_ros2' for CMake config files
[1.715s] Level 1:colcon.colcon_core.shell:create_environment_hook('kinect_ros2', 'cmake_prefix_path')
[1.716s] INFO:colcon.colcon_core.shell:Creating environment hook '/home/anatoly/ros2_ws/install/kinect_ros2/share/kinect_ros2/hook/cmake_prefix_path.ps1'
[1.717s] INFO:colcon.colcon_core.shell:Creating environment descriptor '/home/anatoly/ros2_ws/install/kinect_ros2/share/kinect_ros2/hook/cmake_prefix_path.dsv'
[1.718s] INFO:colcon.colcon_core.shell:Creating environment hook '/home/anatoly/ros2_ws/install/kinect_ros2/share/kinect_ros2/hook/cmake_prefix_path.sh'
[1.719s] Level 1:colcon.colcon_core.environment:checking '/home/anatoly/ros2_ws/install/kinect_ros2/lib'
[1.720s] Level 1:colcon.colcon_core.environment:checking '/home/anatoly/ros2_ws/install/kinect_ros2/bin'
[1.720s] Level 1:colcon.colcon_core.environment:checking '/home/anatoly/ros2_ws/install/kinect_ros2/lib/pkgconfig/kinect_ros2.pc'
[1.721s] Level 1:colcon.colcon_core.environment:checking '/home/anatoly/ros2_ws/install/kinect_ros2/lib/python3.12/site-packages'
[1.721s] Level 1:colcon.colcon_core.environment:checking '/home/anatoly/ros2_ws/install/kinect_ros2/bin'
[1.722s] INFO:colcon.colcon_core.shell:Creating package script '/home/anatoly/ros2_ws/install/kinect_ros2/share/kinect_ros2/package.ps1'
[1.724s] INFO:colcon.colcon_core.shell:Creating package descriptor '/home/anatoly/ros2_ws/install/kinect_ros2/share/kinect_ros2/package.dsv'
[1.725s] INFO:colcon.colcon_core.shell:Creating package script '/home/anatoly/ros2_ws/install/kinect_ros2/share/kinect_ros2/package.sh'
[1.727s] INFO:colcon.colcon_core.shell:Creating package script '/home/anatoly/ros2_ws/install/kinect_ros2/share/kinect_ros2/package.bash'
[1.729s] INFO:colcon.colcon_core.shell:Creating package script '/home/anatoly/ros2_ws/install/kinect_ros2/share/kinect_ros2/package.zsh'
[1.730s] Level 1:colcon.colcon_core.environment:create_file_with_runtime_dependencies(/home/anatoly/ros2_ws/install/kinect_ros2/share/colcon-core/packages/kinect_ros2)
[1.732s] Level 1:colcon.colcon_core.environment:create_environment_scripts_only(kinect_ros2)
[1.732s] Level 1:colcon.colcon_core.environment:checking '/home/anatoly/ros2_ws/install/kinect_ros2' for CMake module files
[1.733s] Level 1:colcon.colcon_core.environment:checking '/home/anatoly/ros2_ws/install/kinect_ros2' for CMake config files
[1.734s] Level 1:colcon.colcon_core.shell:create_environment_hook('kinect_ros2', 'cmake_prefix_path')
[1.734s] INFO:colcon.colcon_core.shell:Creating environment hook '/home/anatoly/ros2_ws/install/kinect_ros2/share/kinect_ros2/hook/cmake_prefix_path.ps1'
[1.735s] INFO:colcon.colcon_core.shell:Creating environment descriptor '/home/anatoly/ros2_ws/install/kinect_ros2/share/kinect_ros2/hook/cmake_prefix_path.dsv'
[1.737s] INFO:colcon.colcon_core.shell:Creating environment hook '/home/anatoly/ros2_ws/install/kinect_ros2/share/kinect_ros2/hook/cmake_prefix_path.sh'
[1.739s] Level 1:colcon.colcon_core.environment:checking '/home/anatoly/ros2_ws/install/kinect_ros2/lib'
[1.740s] Level 1:colcon.colcon_core.environment:checking '/home/anatoly/ros2_ws/install/kinect_ros2/bin'
[1.740s] Level 1:colcon.colcon_core.environment:checking '/home/anatoly/ros2_ws/install/kinect_ros2/lib/pkgconfig/kinect_ros2.pc'
[1.741s] Level 1:colcon.colcon_core.environment:checking '/home/anatoly/ros2_ws/install/kinect_ros2/lib/python3.12/site-packages'
[1.741s] Level 1:colcon.colcon_core.environment:checking '/home/anatoly/ros2_ws/install/kinect_ros2/bin'
[1.742s] INFO:colcon.colcon_core.shell:Creating package script '/home/anatoly/ros2_ws/install/kinect_ros2/share/kinect_ros2/package.ps1'
[1.744s] INFO:colcon.colcon_core.shell:Creating package descriptor '/home/anatoly/ros2_ws/install/kinect_ros2/share/kinect_ros2/package.dsv'
[1.745s] INFO:colcon.colcon_core.shell:Creating package script '/home/anatoly/ros2_ws/install/kinect_ros2/share/kinect_ros2/package.sh'
[1.747s] INFO:colcon.colcon_core.shell:Creating package script '/home/anatoly/ros2_ws/install/kinect_ros2/share/kinect_ros2/package.bash'
[1.748s] INFO:colcon.colcon_core.shell:Creating package script '/home/anatoly/ros2_ws/install/kinect_ros2/share/kinect_ros2/package.zsh'
[1.749s] Level 1:colcon.colcon_core.environment:create_file_with_runtime_dependencies(/home/anatoly/ros2_ws/install/kinect_ros2/share/colcon-core/packages/kinect_ros2)
[1.751s] INFO:colcon.colcon_ros.task.ament_cmake.build:Building ROS package in '/home/anatoly/ros2_ws/src/micro_ros_setup' with build type 'ament_cmake'
[1.751s] INFO:colcon.colcon_cmake.task.cmake.build:Building CMake package in '/home/anatoly/ros2_ws/src/micro_ros_setup'
[1.752s] INFO:colcon.colcon_core.shell:Skip shell extension 'powershell' for command environment: Not usable outside of PowerShell
[1.752s] DEBUG:colcon.colcon_core.shell:Skip shell extension 'dsv' for command environment
[1.781s] DEBUG:colcon.colcon_core.event_handler.log_command:Invoking command in '/home/anatoly/ros2_ws/build/micro_ros_setup': CMAKE_PREFIX_PATH=${CMAKE_PREFIX_PATH}:/home/anatoly/ros2_ws/install/twist_converter:/home/anatoly/ros2_ws/install/my_path_publisher:/home/anatoly/ros2_ws/install/my_fake_lidar:/home/anatoly/ros2_ws/install/esp32_bridge:/opt/ros/jazzy DEBUGINFOD_URLS=https://debuginfod.ubuntu.com /usr/bin/cmake --build /home/anatoly/ros2_ws/build/micro_ros_setup -- -j2 -l2
[1.893s] DEBUG:colcon.colcon_core.event_handler.log_command:Invoked command in '/home/anatoly/ros2_ws/build/micro_ros_setup' returned '0': CMAKE_PREFIX_PATH=${CMAKE_PREFIX_PATH}:/home/anatoly/ros2_ws/install/twist_converter:/home/anatoly/ros2_ws/install/my_path_publisher:/home/anatoly/ros2_ws/install/my_fake_lidar:/home/anatoly/ros2_ws/install/esp32_bridge:/opt/ros/jazzy DEBUGINFOD_URLS=https://debuginfod.ubuntu.com /usr/bin/cmake --build /home/anatoly/ros2_ws/build/micro_ros_setup -- -j2 -l2
[1.897s] DEBUG:colcon.colcon_core.event_handler.log_command:Invoking command in '/home/anatoly/ros2_ws/build/micro_ros_setup': CMAKE_PREFIX_PATH=${CMAKE_PREFIX_PATH}:/home/anatoly/ros2_ws/install/twist_converter:/home/anatoly/ros2_ws/install/my_path_publisher:/home/anatoly/ros2_ws/install/my_fake_lidar:/home/anatoly/ros2_ws/install/esp32_bridge:/opt/ros/jazzy DEBUGINFOD_URLS=https://debuginfod.ubuntu.com /usr/bin/cmake --install /home/anatoly/ros2_ws/build/micro_ros_setup
[1.974s] Level 1:colcon.colcon_core.environment:create_environment_scripts_only(micro_ros_setup)
[1.974s] Level 1:colcon.colcon_core.environment:checking '/home/anatoly/ros2_ws/install/micro_ros_setup' for CMake module files
[1.989s] Level 1:colcon.colcon_core.environment:checking '/home/anatoly/ros2_ws/install/micro_ros_setup' for CMake config files
[1.990s] Level 1:colcon.colcon_core.shell:create_environment_hook('micro_ros_setup', 'cmake_prefix_path')
[1.991s] INFO:colcon.colcon_core.shell:Creating environment hook '/home/anatoly/ros2_ws/install/micro_ros_setup/share/micro_ros_setup/hook/cmake_prefix_path.ps1'
[1.992s] INFO:colcon.colcon_core.shell:Creating environment descriptor '/home/anatoly/ros2_ws/install/micro_ros_setup/share/micro_ros_setup/hook/cmake_prefix_path.dsv'
[1.995s] INFO:colcon.colcon_core.shell:Creating environment hook '/home/anatoly/ros2_ws/install/micro_ros_setup/share/micro_ros_setup/hook/cmake_prefix_path.sh'
[2.003s] Level 1:colcon.colcon_core.environment:checking '/home/anatoly/ros2_ws/install/micro_ros_setup/lib'
[2.003s] Level 1:colcon.colcon_core.environment:checking '/home/anatoly/ros2_ws/install/micro_ros_setup/bin'
[2.003s] Level 1:colcon.colcon_core.environment:checking '/home/anatoly/ros2_ws/install/micro_ros_setup/lib/pkgconfig/micro_ros_setup.pc'
[2.004s] Level 1:colcon.colcon_core.environment:checking '/home/anatoly/ros2_ws/install/micro_ros_setup/lib/python3.12/site-packages'
[2.007s] Level 1:colcon.colcon_core.environment:checking '/home/anatoly/ros2_ws/install/micro_ros_setup/bin'
[2.007s] INFO:colcon.colcon_core.shell:Creating package script '/home/anatoly/ros2_ws/install/micro_ros_setup/share/micro_ros_setup/package.ps1'
[2.016s] INFO:colcon.colcon_core.shell:Creating package descriptor '/home/anatoly/ros2_ws/install/micro_ros_setup/share/micro_ros_setup/package.dsv'
[2.017s] INFO:colcon.colcon_core.shell:Creating package script '/home/anatoly/ros2_ws/install/micro_ros_setup/share/micro_ros_setup/package.sh'
[2.022s] INFO:colcon.colcon_core.shell:Creating package script '/home/anatoly/ros2_ws/install/micro_ros_setup/share/micro_ros_setup/package.bash'
[2.023s] INFO:colcon.colcon_core.shell:Creating package script '/home/anatoly/ros2_ws/install/micro_ros_setup/share/micro_ros_setup/package.zsh'
[2.024s] Level 1:colcon.colcon_core.environment:create_file_with_runtime_dependencies(/home/anatoly/ros2_ws/install/micro_ros_setup/share/colcon-core/packages/micro_ros_setup)
[2.027s] Level 1:colcon.colcon_core.environment:create_environment_scripts_only(micro_ros_setup)
[2.028s] Level 1:colcon.colcon_core.environment:checking '/home/anatoly/ros2_ws/install/micro_ros_setup' for CMake module files
[2.040s] Level 1:colcon.colcon_core.environment:checking '/home/anatoly/ros2_ws/install/micro_ros_setup' for CMake config files
[2.052s] Level 1:colcon.colcon_core.shell:create_environment_hook('micro_ros_setup', 'cmake_prefix_path')
[2.053s] INFO:colcon.colcon_core.shell:Creating environment hook '/home/anatoly/ros2_ws/install/micro_ros_setup/share/micro_ros_setup/hook/cmake_prefix_path.ps1'
[2.054s] DEBUG:colcon.colcon_core.event_handler.log_command:Invoked command in '/home/anatoly/ros2_ws/build/micro_ros_setup' returned '0': CMAKE_PREFIX_PATH=${CMAKE_PREFIX_PATH}:/home/anatoly/ros2_ws/install/twist_converter:/home/anatoly/ros2_ws/install/my_path_publisher:/home/anatoly/ros2_ws/install/my_fake_lidar:/home/anatoly/ros2_ws/install/esp32_bridge:/opt/ros/jazzy DEBUGINFOD_URLS=https://debuginfod.ubuntu.com /usr/bin/cmake --install /home/anatoly/ros2_ws/build/micro_ros_setup
[2.055s] INFO:colcon.colcon_core.shell:Creating environment descriptor '/home/anatoly/ros2_ws/install/micro_ros_setup/share/micro_ros_setup/hook/cmake_prefix_path.dsv'
[2.058s] INFO:colcon.colcon_core.shell:Creating environment hook '/home/anatoly/ros2_ws/install/micro_ros_setup/share/micro_ros_setup/hook/cmake_prefix_path.sh'
[2.060s] Level 1:colcon.colcon_core.environment:checking '/home/anatoly/ros2_ws/install/micro_ros_setup/lib'
[2.060s] Level 1:colcon.colcon_core.environment:checking '/home/anatoly/ros2_ws/install/micro_ros_setup/bin'
[2.062s] Level 1:colcon.colcon_core.environment:checking '/home/anatoly/ros2_ws/install/micro_ros_setup/lib/pkgconfig/micro_ros_setup.pc'
[2.063s] Level 1:colcon.colcon_core.environment:checking '/home/anatoly/ros2_ws/install/micro_ros_setup/lib/python3.12/site-packages'
[2.064s] Level 1:colcon.colcon_core.environment:checking '/home/anatoly/ros2_ws/install/micro_ros_setup/bin'
[2.064s] INFO:colcon.colcon_core.shell:Creating package script '/home/anatoly/ros2_ws/install/micro_ros_setup/share/micro_ros_setup/package.ps1'
[2.067s] INFO:colcon.colcon_core.shell:Creating package descriptor '/home/anatoly/ros2_ws/install/micro_ros_setup/share/micro_ros_setup/package.dsv'
[2.071s] INFO:colcon.colcon_core.shell:Creating package script '/home/anatoly/ros2_ws/install/micro_ros_setup/share/micro_ros_setup/package.sh'
[2.072s] INFO:colcon.colcon_core.shell:Creating package script '/home/anatoly/ros2_ws/install/micro_ros_setup/share/micro_ros_setup/package.bash'
[2.075s] INFO:colcon.colcon_core.shell:Creating package script '/home/anatoly/ros2_ws/install/micro_ros_setup/share/micro_ros_setup/package.zsh'
[2.076s] Level 1:colcon.colcon_core.environment:create_file_with_runtime_dependencies(/home/anatoly/ros2_ws/install/micro_ros_setup/share/colcon-core/packages/micro_ros_setup)
[2.077s] INFO:colcon.colcon_ros.task.ament_python.build:Building ROS package in '/home/anatoly/ros2_ws/src/my_fake_lidar' with build type 'ament_python'
[2.077s] Level 1:colcon.colcon_core.shell:create_environment_hook('my_fake_lidar', 'ament_prefix_path')
[2.079s] INFO:colcon.colcon_core.shell:Creating environment hook '/home/anatoly/ros2_ws/install/my_fake_lidar/share/my_fake_lidar/hook/ament_prefix_path.ps1'
[2.080s] INFO:colcon.colcon_core.shell:Creating environment descriptor '/home/anatoly/ros2_ws/install/my_fake_lidar/share/my_fake_lidar/hook/ament_prefix_path.dsv'
[2.081s] INFO:colcon.colcon_core.shell:Creating environment hook '/home/anatoly/ros2_ws/install/my_fake_lidar/share/my_fake_lidar/hook/ament_prefix_path.sh'
[2.082s] INFO:colcon.colcon_core.shell:Skip shell extension 'powershell' for command environment: Not usable outside of PowerShell
[2.082s] DEBUG:colcon.colcon_core.shell:Skip shell extension 'dsv' for command environment
[2.765s] INFO:colcon.colcon_core.task.python.build:Building Python package in '/home/anatoly/ros2_ws/src/my_fake_lidar'
[2.766s] INFO:colcon.colcon_core.shell:Skip shell extension 'powershell' for command environment: Not usable outside of PowerShell
[2.766s] DEBUG:colcon.colcon_core.shell:Skip shell extension 'dsv' for command environment
[3.610s] DEBUG:colcon.colcon_core.event_handler.log_command:Invoking command in '/home/anatoly/ros2_ws/src/esp32_bridge': DEBUGINFOD_URLS=https://debuginfod.ubuntu.com PYTHONPATH=/home/anatoly/ros2_ws/build/esp32_bridge/prefix_override:/usr/lib/python3/dist-packages/colcon_core/task/python/colcon_distutils_commands:/home/anatoly/ros2_ws/install/esp32_bridge/lib/python3.12/site-packages:${PYTHONPATH} /usr/bin/python3 -W ignore:setup.py install is deprecated -W ignore:easy_install command is deprecated setup.py egg_info --egg-base ../../build/esp32_bridge build --build-base /home/anatoly/ros2_ws/build/esp32_bridge/build install --record /home/anatoly/ros2_ws/build/esp32_bridge/install.log --single-version-externally-managed install_data
[4.584s] DEBUG:colcon.colcon_core.event_handler.log_command:Invoking command in '/home/anatoly/ros2_ws/src/my_fake_lidar': DEBUGINFOD_URLS=https://debuginfod.ubuntu.com PYTHONPATH=/home/anatoly/ros2_ws/build/my_fake_lidar/prefix_override:/usr/lib/python3/dist-packages/colcon_core/task/python/colcon_distutils_commands:/home/anatoly/ros2_ws/install/my_fake_lidar/lib/python3.12/site-packages:${PYTHONPATH} /usr/bin/python3 -W ignore:setup.py install is deprecated -W ignore:easy_install command is deprecated setup.py egg_info --egg-base ../../build/my_fake_lidar build --build-base /home/anatoly/ros2_ws/build/my_fake_lidar/build install --record /home/anatoly/ros2_ws/build/my_fake_lidar/install.log --single-version-externally-managed install_data
[5.405s] Level 1:colcon.colcon_core.environment:checking '/home/anatoly/ros2_ws/install/esp32_bridge' for CMake module files
[5.406s] Level 1:colcon.colcon_core.environment:checking '/home/anatoly/ros2_ws/install/esp32_bridge' for CMake config files
[5.409s] DEBUG:colcon.colcon_core.event_handler.log_command:Invoked command in '/home/anatoly/ros2_ws/src/esp32_bridge' returned '0': DEBUGINFOD_URLS=https://debuginfod.ubuntu.com PYTHONPATH=/home/anatoly/ros2_ws/build/esp32_bridge/prefix_override:/usr/lib/python3/dist-packages/colcon_core/task/python/colcon_distutils_commands:/home/anatoly/ros2_ws/install/esp32_bridge/lib/python3.12/site-packages:${PYTHONPATH} /usr/bin/python3 -W ignore:setup.py install is deprecated -W ignore:easy_install command is deprecated setup.py egg_info --egg-base ../../build/esp32_bridge build --build-base /home/anatoly/ros2_ws/build/esp32_bridge/build install --record /home/anatoly/ros2_ws/build/esp32_bridge/install.log --single-version-externally-managed install_data
[5.409s] Level 1:colcon.colcon_core.environment:checking '/home/anatoly/ros2_ws/install/esp32_bridge/lib'
[5.410s] Level 1:colcon.colcon_core.environment:checking '/home/anatoly/ros2_ws/install/esp32_bridge/bin'
[5.410s] Level 1:colcon.colcon_core.environment:checking '/home/anatoly/ros2_ws/install/esp32_bridge/lib/pkgconfig/esp32_bridge.pc'
[5.411s] Level 1:colcon.colcon_core.environment:checking '/home/anatoly/ros2_ws/install/esp32_bridge/lib/python3.12/site-packages'
[5.411s] Level 1:colcon.colcon_core.shell:create_environment_hook('esp32_bridge', 'pythonpath')
[5.412s] INFO:colcon.colcon_core.shell:Creating environment hook '/home/anatoly/ros2_ws/install/esp32_bridge/share/esp32_bridge/hook/pythonpath.ps1'
[5.413s] INFO:colcon.colcon_core.shell:Creating environment descriptor '/home/anatoly/ros2_ws/install/esp32_bridge/share/esp32_bridge/hook/pythonpath.dsv'
[5.415s] INFO:colcon.colcon_core.shell:Creating environment hook '/home/anatoly/ros2_ws/install/esp32_bridge/share/esp32_bridge/hook/pythonpath.sh'
[5.418s] Level 1:colcon.colcon_core.environment:checking '/home/anatoly/ros2_ws/install/esp32_bridge/bin'
[5.418s] Level 1:colcon.colcon_core.environment:create_environment_scripts_only(esp32_bridge)
[5.419s] INFO:colcon.colcon_core.shell:Creating package script '/home/anatoly/ros2_ws/install/esp32_bridge/share/esp32_bridge/package.ps1'
[5.421s] INFO:colcon.colcon_core.shell:Creating package descriptor '/home/anatoly/ros2_ws/install/esp32_bridge/share/esp32_bridge/package.dsv'
[5.423s] INFO:colcon.colcon_core.shell:Creating package script '/home/anatoly/ros2_ws/install/esp32_bridge/share/esp32_bridge/package.sh'
[5.425s] INFO:colcon.colcon_core.shell:Creating package script '/home/anatoly/ros2_ws/install/esp32_bridge/share/esp32_bridge/package.bash'
[5.426s] INFO:colcon.colcon_core.shell:Creating package script '/home/anatoly/ros2_ws/install/esp32_bridge/share/esp32_bridge/package.zsh'
[5.428s] Level 1:colcon.colcon_core.environment:create_file_with_runtime_dependencies(/home/anatoly/ros2_ws/install/esp32_bridge/share/colcon-core/packages/esp32_bridge)
[5.430s] INFO:colcon.colcon_ros.task.ament_python.build:Building ROS package in '/home/anatoly/ros2_ws/src/my_path_publisher' with build type 'ament_python'
[5.430s] Level 1:colcon.colcon_core.shell:create_environment_hook('my_path_publisher', 'ament_prefix_path')
[5.432s] INFO:colcon.colcon_core.shell:Creating environment hook '/home/anatoly/ros2_ws/install/my_path_publisher/share/my_path_publisher/hook/ament_prefix_path.ps1'
[5.434s] INFO:colcon.colcon_core.shell:Creating environment descriptor '/home/anatoly/ros2_ws/install/my_path_publisher/share/my_path_publisher/hook/ament_prefix_path.dsv'
[5.437s] INFO:colcon.colcon_core.shell:Creating environment hook '/home/anatoly/ros2_ws/install/my_path_publisher/share/my_path_publisher/hook/ament_prefix_path.sh'
[5.439s] INFO:colcon.colcon_core.shell:Skip shell extension 'powershell' for command environment: Not usable outside of PowerShell
[5.439s] DEBUG:colcon.colcon_core.shell:Skip shell extension 'dsv' for command environment
[6.139s] INFO:colcon.colcon_core.task.python.build:Building Python package in '/home/anatoly/ros2_ws/src/my_path_publisher'
[6.140s] INFO:colcon.colcon_core.shell:Skip shell extension 'powershell' for command environment: Not usable outside of PowerShell
[6.140s] DEBUG:colcon.colcon_core.shell:Skip shell extension 'dsv' for command environment
[6.493s] Level 1:colcon.colcon_core.environment:checking '/home/anatoly/ros2_ws/install/my_fake_lidar' for CMake module files
[6.494s] Level 1:colcon.colcon_core.environment:checking '/home/anatoly/ros2_ws/install/my_fake_lidar' for CMake config files
[6.495s] DEBUG:colcon.colcon_core.event_handler.log_command:Invoked command in '/home/anatoly/ros2_ws/src/my_fake_lidar' returned '0': DEBUGINFOD_URLS=https://debuginfod.ubuntu.com PYTHONPATH=/home/anatoly/ros2_ws/build/my_fake_lidar/prefix_override:/usr/lib/python3/dist-packages/colcon_core/task/python/colcon_distutils_commands:/home/anatoly/ros2_ws/install/my_fake_lidar/lib/python3.12/site-packages:${PYTHONPATH} /usr/bin/python3 -W ignore:setup.py install is deprecated -W ignore:easy_install command is deprecated setup.py egg_info --egg-base ../../build/my_fake_lidar build --build-base /home/anatoly/ros2_ws/build/my_fake_lidar/build install --record /home/anatoly/ros2_ws/build/my_fake_lidar/install.log --single-version-externally-managed install_data
[6.497s] Level 1:colcon.colcon_core.environment:checking '/home/anatoly/ros2_ws/install/my_fake_lidar/lib'
[6.498s] Level 1:colcon.colcon_core.environment:checking '/home/anatoly/ros2_ws/install/my_fake_lidar/bin'
[6.498s] Level 1:colcon.colcon_core.environment:checking '/home/anatoly/ros2_ws/install/my_fake_lidar/lib/pkgconfig/my_fake_lidar.pc'
[6.499s] Level 1:colcon.colcon_core.environment:checking '/home/anatoly/ros2_ws/install/my_fake_lidar/lib/python3.12/site-packages'
[6.504s] Level 1:colcon.colcon_core.shell:create_environment_hook('my_fake_lidar', 'pythonpath')
[6.504s] INFO:colcon.colcon_core.shell:Creating environment hook '/home/anatoly/ros2_ws/install/my_fake_lidar/share/my_fake_lidar/hook/pythonpath.ps1'
[6.508s] INFO:colcon.colcon_core.shell:Creating environment descriptor '/home/anatoly/ros2_ws/install/my_fake_lidar/share/my_fake_lidar/hook/pythonpath.dsv'
[6.510s] INFO:colcon.colcon_core.shell:Creating environment hook '/home/anatoly/ros2_ws/install/my_fake_lidar/share/my_fake_lidar/hook/pythonpath.sh'
[6.512s] Level 1:colcon.colcon_core.environment:checking '/home/anatoly/ros2_ws/install/my_fake_lidar/bin'
[6.512s] Level 1:colcon.colcon_core.environment:create_environment_scripts_only(my_fake_lidar)
[6.513s] INFO:colcon.colcon_core.shell:Creating package script '/home/anatoly/ros2_ws/install/my_fake_lidar/share/my_fake_lidar/package.ps1'
[6.515s] INFO:colcon.colcon_core.shell:Creating package descriptor '/home/anatoly/ros2_ws/install/my_fake_lidar/share/my_fake_lidar/package.dsv'
[6.516s] INFO:colcon.colcon_core.shell:Creating package script '/home/anatoly/ros2_ws/install/my_fake_lidar/share/my_fake_lidar/package.sh'
[6.519s] INFO:colcon.colcon_core.shell:Creating package script '/home/anatoly/ros2_ws/install/my_fake_lidar/share/my_fake_lidar/package.bash'
[6.520s] INFO:colcon.colcon_core.shell:Creating package script '/home/anatoly/ros2_ws/install/my_fake_lidar/share/my_fake_lidar/package.zsh'
[6.522s] Level 1:colcon.colcon_core.environment:create_file_with_runtime_dependencies(/home/anatoly/ros2_ws/install/my_fake_lidar/share/colcon-core/packages/my_fake_lidar)
[6.523s] INFO:colcon.colcon_ros.task.ament_cmake.build:Building ROS package in '/home/anatoly/ros2_ws/src/my_two_wheel_robot' with build type 'ament_cmake'
[6.523s] INFO:colcon.colcon_cmake.task.cmake.build:Building CMake package in '/home/anatoly/ros2_ws/src/my_two_wheel_robot'
[6.524s] INFO:colcon.colcon_core.shell:Skip shell extension 'powershell' for command environment: Not usable outside of PowerShell
[6.524s] DEBUG:colcon.colcon_core.shell:Skip shell extension 'dsv' for command environment
[6.563s] DEBUG:colcon.colcon_core.event_handler.log_command:Invoking command in '/home/anatoly/ros2_ws/build/my_two_wheel_robot': CMAKE_PREFIX_PATH=${CMAKE_PREFIX_PATH}:/home/anatoly/ros2_ws/install/twist_converter:/home/anatoly/ros2_ws/install/my_path_publisher:/home/anatoly/ros2_ws/install/my_fake_lidar:/home/anatoly/ros2_ws/install/esp32_bridge:/opt/ros/jazzy DEBUGINFOD_URLS=https://debuginfod.ubuntu.com /usr/bin/cmake --build /home/anatoly/ros2_ws/build/my_two_wheel_robot -- -j2 -l2
[6.677s] DEBUG:colcon.colcon_core.event_handler.log_command:Invoked command in '/home/anatoly/ros2_ws/build/my_two_wheel_robot' returned '0': CMAKE_PREFIX_PATH=${CMAKE_PREFIX_PATH}:/home/anatoly/ros2_ws/install/twist_converter:/home/anatoly/ros2_ws/install/my_path_publisher:/home/anatoly/ros2_ws/install/my_fake_lidar:/home/anatoly/ros2_ws/install/esp32_bridge:/opt/ros/jazzy DEBUGINFOD_URLS=https://debuginfod.ubuntu.com /usr/bin/cmake --build /home/anatoly/ros2_ws/build/my_two_wheel_robot -- -j2 -l2
[6.679s] DEBUG:colcon.colcon_core.event_handler.log_command:Invoking command in '/home/anatoly/ros2_ws/build/my_two_wheel_robot': CMAKE_PREFIX_PATH=${CMAKE_PREFIX_PATH}:/home/anatoly/ros2_ws/install/twist_converter:/home/anatoly/ros2_ws/install/my_path_publisher:/home/anatoly/ros2_ws/install/my_fake_lidar:/home/anatoly/ros2_ws/install/esp32_bridge:/opt/ros/jazzy DEBUGINFOD_URLS=https://debuginfod.ubuntu.com /usr/bin/cmake --install /home/anatoly/ros2_ws/build/my_two_wheel_robot
[6.719s] Level 1:colcon.colcon_core.environment:create_environment_scripts_only(my_two_wheel_robot)
[6.719s] Level 1:colcon.colcon_core.environment:checking '/home/anatoly/ros2_ws/install/my_two_wheel_robot' for CMake module files
[6.720s] DEBUG:colcon.colcon_core.event_handler.log_command:Invoked command in '/home/anatoly/ros2_ws/build/my_two_wheel_robot' returned '0': CMAKE_PREFIX_PATH=${CMAKE_PREFIX_PATH}:/home/anatoly/ros2_ws/install/twist_converter:/home/anatoly/ros2_ws/install/my_path_publisher:/home/anatoly/ros2_ws/install/my_fake_lidar:/home/anatoly/ros2_ws/install/esp32_bridge:/opt/ros/jazzy DEBUGINFOD_URLS=https://debuginfod.ubuntu.com /usr/bin/cmake --install /home/anatoly/ros2_ws/build/my_two_wheel_robot
[6.721s] Level 1:colcon.colcon_core.environment:checking '/home/anatoly/ros2_ws/install/my_two_wheel_robot' for CMake config files
[6.722s] Level 1:colcon.colcon_core.shell:create_environment_hook('my_two_wheel_robot', 'cmake_prefix_path')
[6.722s] INFO:colcon.colcon_core.shell:Creating environment hook '/home/anatoly/ros2_ws/install/my_two_wheel_robot/share/my_two_wheel_robot/hook/cmake_prefix_path.ps1'
[6.724s] INFO:colcon.colcon_core.shell:Creating environment descriptor '/home/anatoly/ros2_ws/install/my_two_wheel_robot/share/my_two_wheel_robot/hook/cmake_prefix_path.dsv'
[6.724s] INFO:colcon.colcon_core.shell:Creating environment hook '/home/anatoly/ros2_ws/install/my_two_wheel_robot/share/my_two_wheel_robot/hook/cmake_prefix_path.sh'
[6.726s] Level 1:colcon.colcon_core.environment:checking '/home/anatoly/ros2_ws/install/my_two_wheel_robot/bin'
[6.728s] Level 1:colcon.colcon_core.environment:checking '/home/anatoly/ros2_ws/install/my_two_wheel_robot/lib/pkgconfig/my_two_wheel_robot.pc'
[6.729s] Level 1:colcon.colcon_core.environment:checking '/home/anatoly/ros2_ws/install/my_two_wheel_robot/lib/python3.12/site-packages'
[6.729s] Level 1:colcon.colcon_core.environment:checking '/home/anatoly/ros2_ws/install/my_two_wheel_robot/bin'
[6.730s] INFO:colcon.colcon_core.shell:Creating package script '/home/anatoly/ros2_ws/install/my_two_wheel_robot/share/my_two_wheel_robot/package.ps1'
[6.733s] INFO:colcon.colcon_core.shell:Creating package descriptor '/home/anatoly/ros2_ws/install/my_two_wheel_robot/share/my_two_wheel_robot/package.dsv'
[6.734s] INFO:colcon.colcon_core.shell:Creating package script '/home/anatoly/ros2_ws/install/my_two_wheel_robot/share/my_two_wheel_robot/package.sh'
[6.735s] INFO:colcon.colcon_core.shell:Creating package script '/home/anatoly/ros2_ws/install/my_two_wheel_robot/share/my_two_wheel_robot/package.bash'
[6.736s] INFO:colcon.colcon_core.shell:Creating package script '/home/anatoly/ros2_ws/install/my_two_wheel_robot/share/my_two_wheel_robot/package.zsh'
[6.737s] Level 1:colcon.colcon_core.environment:create_file_with_runtime_dependencies(/home/anatoly/ros2_ws/install/my_two_wheel_robot/share/colcon-core/packages/my_two_wheel_robot)
[6.739s] Level 1:colcon.colcon_core.environment:create_environment_scripts_only(my_two_wheel_robot)
[6.739s] Level 1:colcon.colcon_core.environment:checking '/home/anatoly/ros2_ws/install/my_two_wheel_robot' for CMake module files
[6.740s] Level 1:colcon.colcon_core.environment:checking '/home/anatoly/ros2_ws/install/my_two_wheel_robot' for CMake config files
[6.741s] Level 1:colcon.colcon_core.shell:create_environment_hook('my_two_wheel_robot', 'cmake_prefix_path')
[6.741s] INFO:colcon.colcon_core.shell:Creating environment hook '/home/anatoly/ros2_ws/install/my_two_wheel_robot/share/my_two_wheel_robot/hook/cmake_prefix_path.ps1'
[6.742s] INFO:colcon.colcon_core.shell:Creating environment descriptor '/home/anatoly/ros2_ws/install/my_two_wheel_robot/share/my_two_wheel_robot/hook/cmake_prefix_path.dsv'
[6.743s] INFO:colcon.colcon_core.shell:Creating environment hook '/home/anatoly/ros2_ws/install/my_two_wheel_robot/share/my_two_wheel_robot/hook/cmake_prefix_path.sh'
[6.745s] Level 1:colcon.colcon_core.environment:checking '/home/anatoly/ros2_ws/install/my_two_wheel_robot/bin'
[6.745s] Level 1:colcon.colcon_core.environment:checking '/home/anatoly/ros2_ws/install/my_two_wheel_robot/lib/pkgconfig/my_two_wheel_robot.pc'
[6.746s] Level 1:colcon.colcon_core.environment:checking '/home/anatoly/ros2_ws/install/my_two_wheel_robot/lib/python3.12/site-packages'
[6.746s] Level 1:colcon.colcon_core.environment:checking '/home/anatoly/ros2_ws/install/my_two_wheel_robot/bin'
[6.747s] INFO:colcon.colcon_core.shell:Creating package script '/home/anatoly/ros2_ws/install/my_two_wheel_robot/share/my_two_wheel_robot/package.ps1'
[6.748s] INFO:colcon.colcon_core.shell:Creating package descriptor '/home/anatoly/ros2_ws/install/my_two_wheel_robot/share/my_two_wheel_robot/package.dsv'
[6.749s] INFO:colcon.colcon_core.shell:Creating package script '/home/anatoly/ros2_ws/install/my_two_wheel_robot/share/my_two_wheel_robot/package.sh'
[6.751s] INFO:colcon.colcon_core.shell:Creating package script '/home/anatoly/ros2_ws/install/my_two_wheel_robot/share/my_two_wheel_robot/package.bash'
[6.752s] INFO:colcon.colcon_core.shell:Creating package script '/home/anatoly/ros2_ws/install/my_two_wheel_robot/share/my_two_wheel_robot/package.zsh'
[6.757s] Level 1:colcon.colcon_core.environment:create_file_with_runtime_dependencies(/home/anatoly/ros2_ws/install/my_two_wheel_robot/share/colcon-core/packages/my_two_wheel_robot)
[6.761s] INFO:colcon.colcon_ros.task.ament_python.build:Building ROS package in '/home/anatoly/ros2_ws/src/twist_converter' with build type 'ament_python'
[6.761s] Level 1:colcon.colcon_core.shell:create_environment_hook('twist_converter', 'ament_prefix_path')
[6.762s] INFO:colcon.colcon_core.shell:Creating environment hook '/home/anatoly/ros2_ws/install/twist_converter/share/twist_converter/hook/ament_prefix_path.ps1'
[6.770s] INFO:colcon.colcon_core.shell:Creating environment descriptor '/home/anatoly/ros2_ws/install/twist_converter/share/twist_converter/hook/ament_prefix_path.dsv'
[6.772s] INFO:colcon.colcon_core.shell:Creating environment hook '/home/anatoly/ros2_ws/install/twist_converter/share/twist_converter/hook/ament_prefix_path.sh'
[6.773s] INFO:colcon.colcon_core.shell:Skip shell extension 'powershell' for command environment: Not usable outside of PowerShell
[6.774s] DEBUG:colcon.colcon_core.shell:Skip shell extension 'dsv' for command environment
[7.512s] INFO:colcon.colcon_core.task.python.build:Building Python package in '/home/anatoly/ros2_ws/src/twist_converter'
[7.513s] INFO:colcon.colcon_core.shell:Skip shell extension 'powershell' for command environment: Not usable outside of PowerShell
[7.513s] DEBUG:colcon.colcon_core.shell:Skip shell extension 'dsv' for command environment
[8.017s] DEBUG:colcon.colcon_core.event_handler.log_command:Invoking command in '/home/anatoly/ros2_ws/src/my_path_publisher': DEBUGINFOD_URLS=https://debuginfod.ubuntu.com PYTHONPATH=/home/anatoly/ros2_ws/build/my_path_publisher/prefix_override:/usr/lib/python3/dist-packages/colcon_core/task/python/colcon_distutils_commands:/home/anatoly/ros2_ws/install/my_path_publisher/lib/python3.12/site-packages:${PYTHONPATH} /usr/bin/python3 -W ignore:setup.py install is deprecated -W ignore:easy_install command is deprecated setup.py egg_info --egg-base ../../build/my_path_publisher build --build-base /home/anatoly/ros2_ws/build/my_path_publisher/build install --record /home/anatoly/ros2_ws/build/my_path_publisher/install.log --single-version-externally-managed install_data
[9.376s] DEBUG:colcon.colcon_core.event_handler.log_command:Invoking command in '/home/anatoly/ros2_ws/src/twist_converter': DEBUGINFOD_URLS=https://debuginfod.ubuntu.com PYTHONPATH=/home/anatoly/ros2_ws/build/twist_converter/prefix_override:/usr/lib/python3/dist-packages/colcon_core/task/python/colcon_distutils_commands:/home/anatoly/ros2_ws/install/twist_converter/lib/python3.12/site-packages:${PYTHONPATH} /usr/bin/python3 -W ignore:setup.py install is deprecated -W ignore:easy_install command is deprecated setup.py egg_info --egg-base ../../build/twist_converter build --build-base /home/anatoly/ros2_ws/build/twist_converter/build install --record /home/anatoly/ros2_ws/build/twist_converter/install.log --single-version-externally-managed install_data
[9.903s] Level 1:colcon.colcon_core.environment:checking '/home/anatoly/ros2_ws/install/my_path_publisher' for CMake module files
[9.904s] DEBUG:colcon.colcon_core.event_handler.log_command:Invoked command in '/home/anatoly/ros2_ws/src/my_path_publisher' returned '0': DEBUGINFOD_URLS=https://debuginfod.ubuntu.com PYTHONPATH=/home/anatoly/ros2_ws/build/my_path_publisher/prefix_override:/usr/lib/python3/dist-packages/colcon_core/task/python/colcon_distutils_commands:/home/anatoly/ros2_ws/install/my_path_publisher/lib/python3.12/site-packages:${PYTHONPATH} /usr/bin/python3 -W ignore:setup.py install is deprecated -W ignore:easy_install command is deprecated setup.py egg_info --egg-base ../../build/my_path_publisher build --build-base /home/anatoly/ros2_ws/build/my_path_publisher/build install --record /home/anatoly/ros2_ws/build/my_path_publisher/install.log --single-version-externally-managed install_data
[9.906s] Level 1:colcon.colcon_core.environment:checking '/home/anatoly/ros2_ws/install/my_path_publisher' for CMake config files
[9.907s] Level 1:colcon.colcon_core.environment:checking '/home/anatoly/ros2_ws/install/my_path_publisher/lib'
[9.907s] Level 1:colcon.colcon_core.environment:checking '/home/anatoly/ros2_ws/install/my_path_publisher/bin'
[9.907s] Level 1:colcon.colcon_core.environment:checking '/home/anatoly/ros2_ws/install/my_path_publisher/lib/pkgconfig/my_path_publisher.pc'
[9.908s] Level 1:colcon.colcon_core.environment:checking '/home/anatoly/ros2_ws/install/my_path_publisher/lib/python3.12/site-packages'
[9.908s] Level 1:colcon.colcon_core.shell:create_environment_hook('my_path_publisher', 'pythonpath')
[9.909s] INFO:colcon.colcon_core.shell:Creating environment hook '/home/anatoly/ros2_ws/install/my_path_publisher/share/my_path_publisher/hook/pythonpath.ps1'
[9.910s] INFO:colcon.colcon_core.shell:Creating environment descriptor '/home/anatoly/ros2_ws/install/my_path_publisher/share/my_path_publisher/hook/pythonpath.dsv'
[9.911s] INFO:colcon.colcon_core.shell:Creating environment hook '/home/anatoly/ros2_ws/install/my_path_publisher/share/my_path_publisher/hook/pythonpath.sh'
[9.912s] Level 1:colcon.colcon_core.environment:checking '/home/anatoly/ros2_ws/install/my_path_publisher/bin'
[9.912s] Level 1:colcon.colcon_core.environment:create_environment_scripts_only(my_path_publisher)
[9.913s] INFO:colcon.colcon_core.shell:Creating package script '/home/anatoly/ros2_ws/install/my_path_publisher/share/my_path_publisher/package.ps1'
[9.914s] INFO:colcon.colcon_core.shell:Creating package descriptor '/home/anatoly/ros2_ws/install/my_path_publisher/share/my_path_publisher/package.dsv'
[9.915s] INFO:colcon.colcon_core.shell:Creating package script '/home/anatoly/ros2_ws/install/my_path_publisher/share/my_path_publisher/package.sh'
[9.916s] INFO:colcon.colcon_core.shell:Creating package script '/home/anatoly/ros2_ws/install/my_path_publisher/share/my_path_publisher/package.bash'
[9.917s] INFO:colcon.colcon_core.shell:Creating package script '/home/anatoly/ros2_ws/install/my_path_publisher/share/my_path_publisher/package.zsh'
[9.918s] Level 1:colcon.colcon_core.environment:create_file_with_runtime_dependencies(/home/anatoly/ros2_ws/install/my_path_publisher/share/colcon-core/packages/my_path_publisher)
[9.919s] INFO:colcon.colcon_ros.task.ament_cmake.build:Building ROS package in '/home/anatoly/ros2_ws/src/view_robot' with build type 'ament_cmake'
[9.920s] INFO:colcon.colcon_cmake.task.cmake.build:Building CMake package in '/home/anatoly/ros2_ws/src/view_robot'
[9.920s] INFO:colcon.colcon_core.shell:Skip shell extension 'powershell' for command environment: Not usable outside of PowerShell
[9.920s] DEBUG:colcon.colcon_core.shell:Skip shell extension 'dsv' for command environment
[9.940s] DEBUG:colcon.colcon_core.event_handler.log_command:Invoking command in '/home/anatoly/ros2_ws/build/view_robot': CMAKE_PREFIX_PATH=${CMAKE_PREFIX_PATH}:/home/anatoly/ros2_ws/install/twist_converter:/home/anatoly/ros2_ws/install/my_path_publisher:/home/anatoly/ros2_ws/install/my_fake_lidar:/home/anatoly/ros2_ws/install/esp32_bridge:/opt/ros/jazzy DEBUGINFOD_URLS=https://debuginfod.ubuntu.com /usr/bin/cmake --build /home/anatoly/ros2_ws/build/view_robot -- -j2 -l2
[10.048s] DEBUG:colcon.colcon_core.event_handler.log_command:Invoked command in '/home/anatoly/ros2_ws/build/view_robot' returned '0': CMAKE_PREFIX_PATH=${CMAKE_PREFIX_PATH}:/home/anatoly/ros2_ws/install/twist_converter:/home/anatoly/ros2_ws/install/my_path_publisher:/home/anatoly/ros2_ws/install/my_fake_lidar:/home/anatoly/ros2_ws/install/esp32_bridge:/opt/ros/jazzy DEBUGINFOD_URLS=https://debuginfod.ubuntu.com /usr/bin/cmake --build /home/anatoly/ros2_ws/build/view_robot -- -j2 -l2
[10.053s] DEBUG:colcon.colcon_core.event_handler.log_command:Invoking command in '/home/anatoly/ros2_ws/build/view_robot': CMAKE_PREFIX_PATH=${CMAKE_PREFIX_PATH}:/home/anatoly/ros2_ws/install/twist_converter:/home/anatoly/ros2_ws/install/my_path_publisher:/home/anatoly/ros2_ws/install/my_fake_lidar:/home/anatoly/ros2_ws/install/esp32_bridge:/opt/ros/jazzy DEBUGINFOD_URLS=https://debuginfod.ubuntu.com /usr/bin/cmake --install /home/anatoly/ros2_ws/build/view_robot
[10.099s] Level 1:colcon.colcon_core.environment:create_environment_scripts_only(view_robot)
[10.099s] Level 1:colcon.colcon_core.environment:checking '/home/anatoly/ros2_ws/install/view_robot' for CMake module files
[10.102s] Level 1:colcon.colcon_core.environment:checking '/home/anatoly/ros2_ws/install/view_robot' for CMake config files
[10.103s] Level 1:colcon.colcon_core.shell:create_environment_hook('view_robot', 'cmake_prefix_path')
[10.104s] INFO:colcon.colcon_core.shell:Creating environment hook '/home/anatoly/ros2_ws/install/view_robot/share/view_robot/hook/cmake_prefix_path.ps1'
[10.107s] DEBUG:colcon.colcon_core.event_handler.log_command:Invoked command in '/home/anatoly/ros2_ws/build/view_robot' returned '0': CMAKE_PREFIX_PATH=${CMAKE_PREFIX_PATH}:/home/anatoly/ros2_ws/install/twist_converter:/home/anatoly/ros2_ws/install/my_path_publisher:/home/anatoly/ros2_ws/install/my_fake_lidar:/home/anatoly/ros2_ws/install/esp32_bridge:/opt/ros/jazzy DEBUGINFOD_URLS=https://debuginfod.ubuntu.com /usr/bin/cmake --install /home/anatoly/ros2_ws/build/view_robot
[10.108s] INFO:colcon.colcon_core.shell:Creating environment descriptor '/home/anatoly/ros2_ws/install/view_robot/share/view_robot/hook/cmake_prefix_path.dsv'
[10.110s] INFO:colcon.colcon_core.shell:Creating environment hook '/home/anatoly/ros2_ws/install/view_robot/share/view_robot/hook/cmake_prefix_path.sh'
[10.112s] Level 1:colcon.colcon_core.environment:checking '/home/anatoly/ros2_ws/install/view_robot/bin'
[10.112s] Level 1:colcon.colcon_core.environment:checking '/home/anatoly/ros2_ws/install/view_robot/lib/pkgconfig/view_robot.pc'
[10.114s] Level 1:colcon.colcon_core.environment:checking '/home/anatoly/ros2_ws/install/view_robot/lib/python3.12/site-packages'
[10.114s] Level 1:colcon.colcon_core.environment:checking '/home/anatoly/ros2_ws/install/view_robot/bin'
[10.115s] INFO:colcon.colcon_core.shell:Creating package script '/home/anatoly/ros2_ws/install/view_robot/share/view_robot/package.ps1'
[10.119s] INFO:colcon.colcon_core.shell:Creating package descriptor '/home/anatoly/ros2_ws/install/view_robot/share/view_robot/package.dsv'
[10.123s] INFO:colcon.colcon_core.shell:Creating package script '/home/anatoly/ros2_ws/install/view_robot/share/view_robot/package.sh'
[10.124s] INFO:colcon.colcon_core.shell:Creating package script '/home/anatoly/ros2_ws/install/view_robot/share/view_robot/package.bash'
[10.127s] INFO:colcon.colcon_core.shell:Creating package script '/home/anatoly/ros2_ws/install/view_robot/share/view_robot/package.zsh'
[10.128s] Level 1:colcon.colcon_core.environment:create_file_with_runtime_dependencies(/home/anatoly/ros2_ws/install/view_robot/share/colcon-core/packages/view_robot)
[10.131s] Level 1:colcon.colcon_core.environment:create_environment_scripts_only(view_robot)
[10.131s] Level 1:colcon.colcon_core.environment:checking '/home/anatoly/ros2_ws/install/view_robot' for CMake module files
[10.133s] Level 1:colcon.colcon_core.environment:checking '/home/anatoly/ros2_ws/install/view_robot' for CMake config files
[10.134s] Level 1:colcon.colcon_core.shell:create_environment_hook('view_robot', 'cmake_prefix_path')
[10.134s] INFO:colcon.colcon_core.shell:Creating environment hook '/home/anatoly/ros2_ws/install/view_robot/share/view_robot/hook/cmake_prefix_path.ps1'
[10.136s] INFO:colcon.colcon_core.shell:Creating environment descriptor '/home/anatoly/ros2_ws/install/view_robot/share/view_robot/hook/cmake_prefix_path.dsv'
[10.138s] INFO:colcon.colcon_core.shell:Creating environment hook '/home/anatoly/ros2_ws/install/view_robot/share/view_robot/hook/cmake_prefix_path.sh'
[10.140s] Level 1:colcon.colcon_core.environment:checking '/home/anatoly/ros2_ws/install/view_robot/bin'
[10.140s] Level 1:colcon.colcon_core.environment:checking '/home/anatoly/ros2_ws/install/view_robot/lib/pkgconfig/view_robot.pc'
[10.141s] Level 1:colcon.colcon_core.environment:checking '/home/anatoly/ros2_ws/install/view_robot/lib/python3.12/site-packages'
[10.142s] Level 1:colcon.colcon_core.environment:checking '/home/anatoly/ros2_ws/install/view_robot/bin'
[10.143s] INFO:colcon.colcon_core.shell:Creating package script '/home/anatoly/ros2_ws/install/view_robot/share/view_robot/package.ps1'
[10.145s] INFO:colcon.colcon_core.shell:Creating package descriptor '/home/anatoly/ros2_ws/install/view_robot/share/view_robot/package.dsv'
[10.147s] INFO:colcon.colcon_core.shell:Creating package script '/home/anatoly/ros2_ws/install/view_robot/share/view_robot/package.sh'
[10.149s] INFO:colcon.colcon_core.shell:Creating package script '/home/anatoly/ros2_ws/install/view_robot/share/view_robot/package.bash'
[10.150s] INFO:colcon.colcon_core.shell:Creating package script '/home/anatoly/ros2_ws/install/view_robot/share/view_robot/package.zsh'
[10.152s] Level 1:colcon.colcon_core.environment:create_file_with_runtime_dependencies(/home/anatoly/ros2_ws/install/view_robot/share/colcon-core/packages/view_robot)
[11.086s] Level 1:colcon.colcon_core.environment:checking '/home/anatoly/ros2_ws/install/twist_converter' for CMake module files
[11.088s] Level 1:colcon.colcon_core.environment:checking '/home/anatoly/ros2_ws/install/twist_converter' for CMake config files
[11.088s] DEBUG:colcon.colcon_core.event_handler.log_command:Invoked command in '/home/anatoly/ros2_ws/src/twist_converter' returned '0': DEBUGINFOD_URLS=https://debuginfod.ubuntu.com PYTHONPATH=/home/anatoly/ros2_ws/build/twist_converter/prefix_override:/usr/lib/python3/dist-packages/colcon_core/task/python/colcon_distutils_commands:/home/anatoly/ros2_ws/install/twist_converter/lib/python3.12/site-packages:${PYTHONPATH} /usr/bin/python3 -W ignore:setup.py install is deprecated -W ignore:easy_install command is deprecated setup.py egg_info --egg-base ../../build/twist_converter build --build-base /home/anatoly/ros2_ws/build/twist_converter/build install --record /home/anatoly/ros2_ws/build/twist_converter/install.log --single-version-externally-managed install_data
[11.089s] Level 1:colcon.colcon_core.environment:checking '/home/anatoly/ros2_ws/install/twist_converter/lib'
[11.089s] Level 1:colcon.colcon_core.environment:checking '/home/anatoly/ros2_ws/install/twist_converter/bin'
[11.090s] Level 1:colcon.colcon_core.environment:checking '/home/anatoly/ros2_ws/install/twist_converter/lib/pkgconfig/twist_converter.pc'
[11.090s] Level 1:colcon.colcon_core.environment:checking '/home/anatoly/ros2_ws/install/twist_converter/lib/python3.12/site-packages'
[11.090s] Level 1:colcon.colcon_core.shell:create_environment_hook('twist_converter', 'pythonpath')
[11.091s] INFO:colcon.colcon_core.shell:Creating environment hook '/home/anatoly/ros2_ws/install/twist_converter/share/twist_converter/hook/pythonpath.ps1'
[11.092s] INFO:colcon.colcon_core.shell:Creating environment descriptor '/home/anatoly/ros2_ws/install/twist_converter/share/twist_converter/hook/pythonpath.dsv'
[11.093s] INFO:colcon.colcon_core.shell:Creating environment hook '/home/anatoly/ros2_ws/install/twist_converter/share/twist_converter/hook/pythonpath.sh'
[11.094s] Level 1:colcon.colcon_core.environment:checking '/home/anatoly/ros2_ws/install/twist_converter/bin'
[11.094s] Level 1:colcon.colcon_core.environment:create_environment_scripts_only(twist_converter)
[11.095s] INFO:colcon.colcon_core.shell:Creating package script '/home/anatoly/ros2_ws/install/twist_converter/share/twist_converter/package.ps1'
[11.096s] INFO:colcon.colcon_core.shell:Creating package descriptor '/home/anatoly/ros2_ws/install/twist_converter/share/twist_converter/package.dsv'
[11.097s] INFO:colcon.colcon_core.shell:Creating package script '/home/anatoly/ros2_ws/install/twist_converter/share/twist_converter/package.sh'
[11.098s] INFO:colcon.colcon_core.shell:Creating package script '/home/anatoly/ros2_ws/install/twist_converter/share/twist_converter/package.bash'
[11.099s] INFO:colcon.colcon_core.shell:Creating package script '/home/anatoly/ros2_ws/install/twist_converter/share/twist_converter/package.zsh'
[11.101s] Level 1:colcon.colcon_core.environment:create_file_with_runtime_dependencies(/home/anatoly/ros2_ws/install/twist_converter/share/colcon-core/packages/twist_converter)
[11.102s] DEBUG:colcon.colcon_parallel_executor.executor.parallel:closing loop
[11.104s] DEBUG:colcon.colcon_parallel_executor.executor.parallel:loop closed
[11.105s] DEBUG:colcon.colcon_parallel_executor.executor.parallel:run_until_complete finished with '0'
[11.105s] DEBUG:colcon.colcon_core.event_reactor:joining thread
[11.121s] INFO:colcon.colcon_core.plugin_system:Skipping extension 'colcon_notification.desktop_notification.terminal_notifier': Not used on non-Darwin systems
[11.121s] INFO:colcon.colcon_core.plugin_system:Skipping extension 'colcon_notification.desktop_notification.win32': Not used on non-Windows systems
[11.121s] INFO:colcon.colcon_notification.desktop_notification:Sending desktop notification using 'notify2'
[11.156s] DEBUG:colcon.colcon_core.event_reactor:joined thread
[11.157s] INFO:colcon.colcon_core.shell:Creating prefix script '/home/anatoly/ros2_ws/install/local_setup.ps1'
[11.159s] INFO:colcon.colcon_core.shell:Creating prefix util module '/home/anatoly/ros2_ws/install/_local_setup_util_ps1.py'
[11.162s] INFO:colcon.colcon_core.shell:Creating prefix chain script '/home/anatoly/ros2_ws/install/setup.ps1'
[11.166s] INFO:colcon.colcon_core.shell:Creating prefix script '/home/anatoly/ros2_ws/install/local_setup.sh'
[11.168s] INFO:colcon.colcon_core.shell:Creating prefix util module '/home/anatoly/ros2_ws/install/_local_setup_util_sh.py'
[11.170s] INFO:colcon.colcon_core.shell:Creating prefix chain script '/home/anatoly/ros2_ws/install/setup.sh'
[11.173s] INFO:colcon.colcon_core.shell:Creating prefix script '/home/anatoly/ros2_ws/install/local_setup.bash'
[11.177s] INFO:colcon.colcon_core.shell:Creating prefix chain script '/home/anatoly/ros2_ws/install/setup.bash'
[11.180s] INFO:colcon.colcon_core.shell:Creating prefix script '/home/anatoly/ros2_ws/install/local_setup.zsh'
[11.181s] INFO:colcon.colcon_core.shell:Creating prefix chain script '/home/anatoly/ros2_ws/install/setup.zsh'
