[6.358s] Invoking command in '/home/anatoly/ros2_ws/src/my_fake_lidar': DEBUGINFOD_URLS=https://debuginfod.ubuntu.com PYTHONPATH=/home/anatoly/ros2_ws/build/my_fake_lidar/prefix_override:/usr/lib/python3/dist-packages/colcon_core/task/python/colcon_distutils_commands:/home/anatoly/ros2_ws/install/my_fake_lidar/lib/python3.12/site-packages:${PYTHONPATH} /usr/bin/python3 -W ignore:setup.py install is deprecated -W ignore:easy_install command is deprecated setup.py egg_info --egg-base ../../build/my_fake_lidar build --build-base /home/anatoly/ros2_ws/build/my_fake_lidar/build install --record /home/anatoly/ros2_ws/build/my_fake_lidar/install.log --single-version-externally-managed install_data
[7.337s] running egg_info
[7.421s] writing ../../build/my_fake_lidar/my_fake_lidar.egg-info/PKG-INFO
[7.423s] writing dependency_links to ../../build/my_fake_lidar/my_fake_lidar.egg-info/dependency_links.txt
[7.424s] writing entry points to ../../build/my_fake_lidar/my_fake_lidar.egg-info/entry_points.txt
[7.425s] writing requirements to ../../build/my_fake_lidar/my_fake_lidar.egg-info/requires.txt
[7.425s] writing top-level names to ../../build/my_fake_lidar/my_fake_lidar.egg-info/top_level.txt
[7.589s] reading manifest file '../../build/my_fake_lidar/my_fake_lidar.egg-info/SOURCES.txt'
[7.591s] writing manifest file '../../build/my_fake_lidar/my_fake_lidar.egg-info/SOURCES.txt'
[7.592s] running build
[7.594s] running build_py
[7.598s] running install
[7.618s] running install_lib
[7.703s] running install_data
[7.703s] running install_egg_info
[7.784s] removing '/home/anatoly/ros2_ws/install/my_fake_lidar/lib/python3.12/site-packages/my_fake_lidar-0.0.0-py3.12.egg-info' (and everything under it)
[7.790s] Copying ../../build/my_fake_lidar/my_fake_lidar.egg-info to /home/anatoly/ros2_ws/install/my_fake_lidar/lib/python3.12/site-packages/my_fake_lidar-0.0.0-py3.12.egg-info
[7.793s] running install_scripts
[8.265s] Installing fake_lidar script to /home/anatoly/ros2_ws/install/my_fake_lidar/lib/my_fake_lidar
[8.268s] writing list of installed files to '/home/anatoly/ros2_ws/build/my_fake_lidar/install.log'
[8.371s] Invoked command in '/home/anatoly/ros2_ws/src/my_fake_lidar' returned '0': DEBUGINFOD_URLS=https://debuginfod.ubuntu.com PYTHONPATH=/home/anatoly/ros2_ws/build/my_fake_lidar/prefix_override:/usr/lib/python3/dist-packages/colcon_core/task/python/colcon_distutils_commands:/home/anatoly/ros2_ws/install/my_fake_lidar/lib/python3.12/site-packages:${PYTHONPATH} /usr/bin/python3 -W ignore:setup.py install is deprecated -W ignore:easy_install command is deprecated setup.py egg_info --egg-base ../../build/my_fake_lidar build --build-base /home/anatoly/ros2_ws/build/my_fake_lidar/build install --record /home/anatoly/ros2_ws/build/my_fake_lidar/install.log --single-version-externally-managed install_data
