[5.144s] Invoking command in '/home/anatoly/ros2_ws/src/twist_converter': DEBUGINFOD_URLS=https://debuginfod.ubuntu.com PYTHONPATH=/home/anatoly/ros2_ws/build/twist_converter/prefix_override:/usr/lib/python3/dist-packages/colcon_core/task/python/colcon_distutils_commands:/home/anatoly/ros2_ws/install/twist_converter/lib/python3.12/site-packages:${PYTHONPATH} /usr/bin/python3 -W ignore:setup.py install is deprecated -W ignore:easy_install command is deprecated setup.py egg_info --egg-base ../../build/twist_converter build --build-base /home/anatoly/ros2_ws/build/twist_converter/build install --record /home/anatoly/ros2_ws/build/twist_converter/install.log --single-version-externally-managed install_data
[6.097s] running egg_info
[6.166s] writing ../../build/twist_converter/twist_converter.egg-info/PKG-INFO
[6.168s] writing dependency_links to ../../build/twist_converter/twist_converter.egg-info/dependency_links.txt
[6.169s] writing entry points to ../../build/twist_converter/twist_converter.egg-info/entry_points.txt
[6.170s] writing requirements to ../../build/twist_converter/twist_converter.egg-info/requires.txt
[6.170s] writing top-level names to ../../build/twist_converter/twist_converter.egg-info/top_level.txt
[6.314s] reading manifest file '../../build/twist_converter/twist_converter.egg-info/SOURCES.txt'
[6.315s] writing manifest file '../../build/twist_converter/twist_converter.egg-info/SOURCES.txt'
[6.317s] running build
[6.317s] running build_py
[6.317s] running install
[6.335s] running install_lib
[6.409s] running install_data
[6.409s] running install_egg_info
[6.481s] removing '/home/anatoly/ros2_ws/install/twist_converter/lib/python3.12/site-packages/twist_converter-0.0.0-py3.12.egg-info' (and everything under it)
[6.484s] Copying ../../build/twist_converter/twist_converter.egg-info to /home/anatoly/ros2_ws/install/twist_converter/lib/python3.12/site-packages/twist_converter-0.0.0-py3.12.egg-info
[6.487s] running install_scripts
[6.908s] Installing twist_to_twist_stamped script to /home/anatoly/ros2_ws/install/twist_converter/lib/twist_converter
[6.910s] writing list of installed files to '/home/anatoly/ros2_ws/build/twist_converter/install.log'
[6.994s] Invoked command in '/home/anatoly/ros2_ws/src/twist_converter' returned '0': DEBUGINFOD_URLS=https://debuginfod.ubuntu.com PYTHONPATH=/home/anatoly/ros2_ws/build/twist_converter/prefix_override:/usr/lib/python3/dist-packages/colcon_core/task/python/colcon_distutils_commands:/home/anatoly/ros2_ws/install/twist_converter/lib/python3.12/site-packages:${PYTHONPATH} /usr/bin/python3 -W ignore:setup.py install is deprecated -W ignore:easy_install command is deprecated setup.py egg_info --egg-base ../../build/twist_converter build --build-base /home/anatoly/ros2_ws/build/twist_converter/build install --record /home/anatoly/ros2_ws/build/twist_converter/install.log --single-version-externally-managed install_data
