[0.031s] Invoking command in '/home/anatoly/ros2_ws/build/my_two_wheel_robot': CMAKE_PREFIX_PATH=${CMAKE_PREFIX_PATH}:/home/anatoly/ros2_ws/install/twist_converter:/home/anatoly/ros2_ws/install/my_path_publisher:/home/anatoly/ros2_ws/install/my_fake_lidar:/home/anatoly/ros2_ws/install/esp32_bridge:/opt/ros/jazzy DEBUGINFOD_URLS=https://debuginfod.ubuntu.com /usr/bin/cmake --build /home/anatoly/ros2_ws/build/my_two_wheel_robot -- -j2 -l2
[0.201s] Invoked command in '/home/anatoly/ros2_ws/build/my_two_wheel_robot' returned '0': CMAKE_PREFIX_PATH=${CMAKE_PREFIX_PATH}:/home/anatoly/ros2_ws/install/twist_converter:/home/anatoly/ros2_ws/install/my_path_publisher:/home/anatoly/ros2_ws/install/my_fake_lidar:/home/anatoly/ros2_ws/install/esp32_bridge:/opt/ros/jazzy DEBUGINFOD_URLS=https://debuginfod.ubuntu.com /usr/bin/cmake --build /home/anatoly/ros2_ws/build/my_two_wheel_robot -- -j2 -l2
[0.202s] Invoking command in '/home/anatoly/ros2_ws/build/my_two_wheel_robot': CMAKE_PREFIX_PATH=${CMAKE_PREFIX_PATH}:/home/anatoly/ros2_ws/install/twist_converter:/home/anatoly/ros2_ws/install/my_path_publisher:/home/anatoly/ros2_ws/install/my_fake_lidar:/home/anatoly/ros2_ws/install/esp32_bridge:/opt/ros/jazzy DEBUGINFOD_URLS=https://debuginfod.ubuntu.com /usr/bin/cmake --install /home/anatoly/ros2_ws/build/my_two_wheel_robot
[0.229s] -- Install configuration: ""
[0.229s] -- Up-to-date: /home/anatoly/ros2_ws/install/my_two_wheel_robot/share/my_two_wheel_robot/launch
[0.229s] -- Up-to-date: /home/anatoly/ros2_ws/install/my_two_wheel_robot/share/my_two_wheel_robot/launch/two_wheel_robot.launch.py
[0.229s] -- Up-to-date: /home/anatoly/ros2_ws/install/my_two_wheel_robot/share/my_two_wheel_robot/urdf
[0.230s] -- Up-to-date: /home/anatoly/ros2_ws/install/my_two_wheel_robot/share/my_two_wheel_robot/urdf/my_two_wheel_robot.urdf.xacro
[0.230s] -- Up-to-date: /home/anatoly/ros2_ws/install/my_two_wheel_robot/share/my_two_wheel_robot/config
[0.230s] -- Up-to-date: /home/anatoly/ros2_ws/install/my_two_wheel_robot/share/my_two_wheel_robot/config/diff_drive_controllers.yaml
[0.230s] -- Up-to-date: /home/anatoly/ros2_ws/install/my_two_wheel_robot/share/my_two_wheel_robot/rviz
[0.233s] -- Up-to-date: /home/anatoly/ros2_ws/install/my_two_wheel_robot/share/my_two_wheel_robot/rviz/urdf.rviz
[0.233s] -- Up-to-date: /home/anatoly/ros2_ws/install/my_two_wheel_robot/share/ament_index/resource_index/package_run_dependencies/my_two_wheel_robot
[0.233s] -- Up-to-date: /home/anatoly/ros2_ws/install/my_two_wheel_robot/share/ament_index/resource_index/parent_prefix_path/my_two_wheel_robot
[0.233s] -- Up-to-date: /home/anatoly/ros2_ws/install/my_two_wheel_robot/share/my_two_wheel_robot/environment/ament_prefix_path.sh
[0.234s] -- Up-to-date: /home/anatoly/ros2_ws/install/my_two_wheel_robot/share/my_two_wheel_robot/environment/ament_prefix_path.dsv
[0.234s] -- Up-to-date: /home/anatoly/ros2_ws/install/my_two_wheel_robot/share/my_two_wheel_robot/environment/path.sh
[0.234s] -- Up-to-date: /home/anatoly/ros2_ws/install/my_two_wheel_robot/share/my_two_wheel_robot/environment/path.dsv
[0.234s] -- Up-to-date: /home/anatoly/ros2_ws/install/my_two_wheel_robot/share/my_two_wheel_robot/local_setup.bash
[0.237s] -- Up-to-date: /home/anatoly/ros2_ws/install/my_two_wheel_robot/share/my_two_wheel_robot/local_setup.sh
[0.237s] -- Up-to-date: /home/anatoly/ros2_ws/install/my_two_wheel_robot/share/my_two_wheel_robot/local_setup.zsh
[0.237s] -- Up-to-date: /home/anatoly/ros2_ws/install/my_two_wheel_robot/share/my_two_wheel_robot/local_setup.dsv
[0.237s] -- Installing: /home/anatoly/ros2_ws/install/my_two_wheel_robot/share/my_two_wheel_robot/package.dsv
[0.237s] -- Up-to-date: /home/anatoly/ros2_ws/install/my_two_wheel_robot/share/ament_index/resource_index/packages/my_two_wheel_robot
[0.238s] -- Up-to-date: /home/anatoly/ros2_ws/install/my_two_wheel_robot/share/my_two_wheel_robot/cmake/my_two_wheel_robotConfig.cmake
[0.238s] -- Up-to-date: /home/anatoly/ros2_ws/install/my_two_wheel_robot/share/my_two_wheel_robot/cmake/my_two_wheel_robotConfig-version.cmake
[0.238s] -- Up-to-date: /home/anatoly/ros2_ws/install/my_two_wheel_robot/share/my_two_wheel_robot/package.xml
[0.240s] Invoked command in '/home/anatoly/ros2_ws/build/my_two_wheel_robot' returned '0': CMAKE_PREFIX_PATH=${CMAKE_PREFIX_PATH}:/home/anatoly/ros2_ws/install/twist_converter:/home/anatoly/ros2_ws/install/my_path_publisher:/home/anatoly/ros2_ws/install/my_fake_lidar:/home/anatoly/ros2_ws/install/esp32_bridge:/opt/ros/jazzy DEBUGINFOD_URLS=https://debuginfod.ubuntu.com /usr/bin/cmake --install /home/anatoly/ros2_ws/build/my_two_wheel_robot
