[4.986s] Invoking command in '/home/anatoly/ros2_ws/src/esp32_bridge': DEBUGINFOD_URLS=https://debuginfod.ubuntu.com PYTHONPATH=/home/anatoly/ros2_ws/build/esp32_bridge/prefix_override:/usr/lib/python3/dist-packages/colcon_core/task/python/colcon_distutils_commands:/home/anatoly/ros2_ws/install/esp32_bridge/lib/python3.12/site-packages:${PYTHONPATH} /usr/bin/python3 -W ignore:setup.py install is deprecated -W ignore:easy_install command is deprecated setup.py egg_info --egg-base ../../build/esp32_bridge build --build-base /home/anatoly/ros2_ws/build/esp32_bridge/build install --record /home/anatoly/ros2_ws/build/esp32_bridge/install.log --single-version-externally-managed install_data
[6.217s] running egg_info
[6.286s] writing ../../build/esp32_bridge/esp32_bridge.egg-info/PKG-INFO
[6.288s] writing dependency_links to ../../build/esp32_bridge/esp32_bridge.egg-info/dependency_links.txt
[6.289s] writing entry points to ../../build/esp32_bridge/esp32_bridge.egg-info/entry_points.txt
[6.290s] writing requirements to ../../build/esp32_bridge/esp32_bridge.egg-info/requires.txt
[6.292s] writing top-level names to ../../build/esp32_bridge/esp32_bridge.egg-info/top_level.txt
[6.432s] reading manifest file '../../build/esp32_bridge/esp32_bridge.egg-info/SOURCES.txt'
[6.439s] writing manifest file '../../build/esp32_bridge/esp32_bridge.egg-info/SOURCES.txt'
[6.439s] running build
[6.439s] running build_py
[6.444s] copying esp32_bridge/bridge_node.py -> /home/anatoly/ros2_ws/build/esp32_bridge/build/lib/esp32_bridge
[6.444s] running install
[6.467s] running install_lib
[6.537s] copying /home/anatoly/ros2_ws/build/esp32_bridge/build/lib/esp32_bridge/bridge_node.py -> /home/anatoly/ros2_ws/install/esp32_bridge/lib/python3.12/site-packages/esp32_bridge
[6.545s] byte-compiling /home/anatoly/ros2_ws/install/esp32_bridge/lib/python3.12/site-packages/esp32_bridge/bridge_node.py to bridge_node.cpython-312.pyc
[6.558s] running install_data
[6.559s] running install_egg_info
[6.638s] removing '/home/anatoly/ros2_ws/install/esp32_bridge/lib/python3.12/site-packages/esp32_bridge-0.0.0-py3.12.egg-info' (and everything under it)
[6.641s] Copying ../../build/esp32_bridge/esp32_bridge.egg-info to /home/anatoly/ros2_ws/install/esp32_bridge/lib/python3.12/site-packages/esp32_bridge-0.0.0-py3.12.egg-info
[6.651s] running install_scripts
[8.111s] Installing esp32_bridge script to /home/anatoly/ros2_ws/install/esp32_bridge/lib/esp32_bridge
[8.115s] writing list of installed files to '/home/anatoly/ros2_ws/build/esp32_bridge/install.log'
[8.334s] Invoked command in '/home/anatoly/ros2_ws/src/esp32_bridge' returned '0': DEBUGINFOD_URLS=https://debuginfod.ubuntu.com PYTHONPATH=/home/anatoly/ros2_ws/build/esp32_bridge/prefix_override:/usr/lib/python3/dist-packages/colcon_core/task/python/colcon_distutils_commands:/home/anatoly/ros2_ws/install/esp32_bridge/lib/python3.12/site-packages:${PYTHONPATH} /usr/bin/python3 -W ignore:setup.py install is deprecated -W ignore:easy_install command is deprecated setup.py egg_info --egg-base ../../build/esp32_bridge build --build-base /home/anatoly/ros2_ws/build/esp32_bridge/build install --record /home/anatoly/ros2_ws/build/esp32_bridge/install.log --single-version-externally-managed install_data
