[0.019s] Invoking command in '/home/anatoly/ros2_ws/build/my_two_wheel_robot': CMAKE_PREFIX_PATH=${CMAKE_PREFIX_PATH}:/opt/ros/jazzy DEBUGINFOD_URLS=https://debuginfod.ubuntu.com /usr/bin/cmake --build /home/anatoly/ros2_ws/build/my_two_wheel_robot -- -j2 -l2
[0.131s] Invoked command in '/home/anatoly/ros2_ws/build/my_two_wheel_robot' returned '0': CMAKE_PREFIX_PATH=${CMAKE_PREFIX_PATH}:/opt/ros/jazzy DEBUGINFOD_URLS=https://debuginfod.ubuntu.com /usr/bin/cmake --build /home/anatoly/ros2_ws/build/my_two_wheel_robot -- -j2 -l2
[0.135s] Invoking command in '/home/anatoly/ros2_ws/build/my_two_wheel_robot': CMAKE_PREFIX_PATH=${CMAKE_PREFIX_PATH}:/opt/ros/jazzy DEBUGINFOD_URLS=https://debuginfod.ubuntu.com /usr/bin/cmake --install /home/anatoly/ros2_ws/build/my_two_wheel_robot
[0.159s] -- Install configuration: ""
[0.160s] -- Up-to-date: /home/anatoly/ros2_ws/install/my_two_wheel_robot/share/my_two_wheel_robot/launch
[0.161s] -- Up-to-date: /home/anatoly/ros2_ws/install/my_two_wheel_robot/share/my_two_wheel_robot/launch/two_wheel_robot.launch.py
[0.161s] -- Up-to-date: /home/anatoly/ros2_ws/install/my_two_wheel_robot/share/my_two_wheel_robot/urdf
[0.162s] -- Up-to-date: /home/anatoly/ros2_ws/install/my_two_wheel_robot/share/my_two_wheel_robot/urdf/my_two_wheel_robot.urdf.xacro
[0.163s] -- Up-to-date: /home/anatoly/ros2_ws/install/my_two_wheel_robot/share/my_two_wheel_robot/config
[0.163s] -- Up-to-date: /home/anatoly/ros2_ws/install/my_two_wheel_robot/share/my_two_wheel_robot/config/diff_drive_controllers.yaml
[0.164s] -- Up-to-date: /home/anatoly/ros2_ws/install/my_two_wheel_robot/share/my_two_wheel_robot/rviz
[0.164s] -- Up-to-date: /home/anatoly/ros2_ws/install/my_two_wheel_robot/share/my_two_wheel_robot/rviz/urdf.rviz
[0.165s] -- Up-to-date: /home/anatoly/ros2_ws/install/my_two_wheel_robot/share/ament_index/resource_index/package_run_dependencies/my_two_wheel_robot
[0.166s] -- Up-to-date: /home/anatoly/ros2_ws/install/my_two_wheel_robot/share/ament_index/resource_index/parent_prefix_path/my_two_wheel_robot
[0.166s] -- Up-to-date: /home/anatoly/ros2_ws/install/my_two_wheel_robot/share/my_two_wheel_robot/environment/ament_prefix_path.sh
[0.168s] -- Up-to-date: /home/anatoly/ros2_ws/install/my_two_wheel_robot/share/my_two_wheel_robot/environment/ament_prefix_path.dsv
[0.168s] -- Up-to-date: /home/anatoly/ros2_ws/install/my_two_wheel_robot/share/my_two_wheel_robot/environment/path.sh
[0.169s] -- Up-to-date: /home/anatoly/ros2_ws/install/my_two_wheel_robot/share/my_two_wheel_robot/environment/path.dsv
[0.169s] -- Up-to-date: /home/anatoly/ros2_ws/install/my_two_wheel_robot/share/my_two_wheel_robot/local_setup.bash
[0.170s] -- Up-to-date: /home/anatoly/ros2_ws/install/my_two_wheel_robot/share/my_two_wheel_robot/local_setup.sh
[0.171s] -- Up-to-date: /home/anatoly/ros2_ws/install/my_two_wheel_robot/share/my_two_wheel_robot/local_setup.zsh
[0.172s] -- Up-to-date: /home/anatoly/ros2_ws/install/my_two_wheel_robot/share/my_two_wheel_robot/local_setup.dsv
[0.172s] -- Installing: /home/anatoly/ros2_ws/install/my_two_wheel_robot/share/my_two_wheel_robot/package.dsv
[0.172s] -- Up-to-date: /home/anatoly/ros2_ws/install/my_two_wheel_robot/share/ament_index/resource_index/packages/my_two_wheel_robot
[0.174s] -- Up-to-date: /home/anatoly/ros2_ws/install/my_two_wheel_robot/share/my_two_wheel_robot/cmake/my_two_wheel_robotConfig.cmake
[0.174s] -- Up-to-date: /home/anatoly/ros2_ws/install/my_two_wheel_robot/share/my_two_wheel_robot/cmake/my_two_wheel_robotConfig-version.cmake
[0.176s] -- Up-to-date: /home/anatoly/ros2_ws/install/my_two_wheel_robot/share/my_two_wheel_robot/package.xml
[0.178s] Invoked command in '/home/anatoly/ros2_ws/build/my_two_wheel_robot' returned '0': CMAKE_PREFIX_PATH=${CMAKE_PREFIX_PATH}:/opt/ros/jazzy DEBUGINFOD_URLS=https://debuginfod.ubuntu.com /usr/bin/cmake --install /home/anatoly/ros2_ws/build/my_two_wheel_robot
