[3.915s] Invoking command in '/home/anatoly/ros2_ws/src/twist_converter': DEBUGINFOD_URLS=https://debuginfod.ubuntu.com PYTHONPATH=/home/anatoly/ros2_ws/build/twist_converter/prefix_override:/usr/lib/python3/dist-packages/colcon_core/task/python/colcon_distutils_commands:/home/anatoly/ros2_ws/install/twist_converter/lib/python3.12/site-packages:${PYTHONPATH} /usr/bin/python3 -W ignore:setup.py install is deprecated -W ignore:easy_install command is deprecated setup.py egg_info --egg-base ../../build/twist_converter build --build-base /home/anatoly/ros2_ws/build/twist_converter/build install --record /home/anatoly/ros2_ws/build/twist_converter/install.log --single-version-externally-managed install_data
[5.010s] running egg_info
[5.106s] writing ../../build/twist_converter/twist_converter.egg-info/PKG-INFO
[5.107s] writing dependency_links to ../../build/twist_converter/twist_converter.egg-info/dependency_links.txt
[5.109s] writing entry points to ../../build/twist_converter/twist_converter.egg-info/entry_points.txt
[5.109s] writing requirements to ../../build/twist_converter/twist_converter.egg-info/requires.txt
[5.111s] writing top-level names to ../../build/twist_converter/twist_converter.egg-info/top_level.txt
[5.300s] reading manifest file '../../build/twist_converter/twist_converter.egg-info/SOURCES.txt'
[5.308s] writing manifest file '../../build/twist_converter/twist_converter.egg-info/SOURCES.txt'
[5.309s] running build
[5.310s] running build_py
[5.310s] running install
[5.340s] running install_lib
[5.532s] running install_data
[5.542s] running install_egg_info
[5.692s] removing '/home/anatoly/ros2_ws/install/twist_converter/lib/python3.12/site-packages/twist_converter-0.0.0-py3.12.egg-info' (and everything under it)
[5.699s] Copying ../../build/twist_converter/twist_converter.egg-info to /home/anatoly/ros2_ws/install/twist_converter/lib/python3.12/site-packages/twist_converter-0.0.0-py3.12.egg-info
[5.708s] running install_scripts
[6.275s] Installing twist_to_twist_stamped script to /home/anatoly/ros2_ws/install/twist_converter/lib/twist_converter
[6.280s] writing list of installed files to '/home/anatoly/ros2_ws/build/twist_converter/install.log'
[6.388s] Invoked command in '/home/anatoly/ros2_ws/src/twist_converter' returned '0': DEBUGINFOD_URLS=https://debuginfod.ubuntu.com PYTHONPATH=/home/anatoly/ros2_ws/build/twist_converter/prefix_override:/usr/lib/python3/dist-packages/colcon_core/task/python/colcon_distutils_commands:/home/anatoly/ros2_ws/install/twist_converter/lib/python3.12/site-packages:${PYTHONPATH} /usr/bin/python3 -W ignore:setup.py install is deprecated -W ignore:easy_install command is deprecated setup.py egg_info --egg-base ../../build/twist_converter build --build-base /home/anatoly/ros2_ws/build/twist_converter/build install --record /home/anatoly/ros2_ws/build/twist_converter/install.log --single-version-externally-managed install_data
