[0.316s] DEBUG:colcon:Command line arguments: ['/usr/bin/colcon', 'build', '--packages-select', 'kinect_ros2']
[0.317s] DEBUG:colcon:Parsed command line arguments: Namespace(log_base=None, log_level=None, verb_name='build', build_base='build', install_base='install', merge_install=False, symlink_install=False, test_result_base=None, continue_on_error=False, executor='parallel', parallel_workers=2, event_handlers=None, ignore_user_meta=False, metas=['./colcon.meta'], base_paths=['.'], packages_ignore=None, packages_ignore_regex=None, paths=None, packages_up_to=None, packages_up_to_regex=None, packages_above=None, packages_above_and_dependencies=None, packages_above_depth=None, packages_select_by_dep=None, packages_skip_by_dep=None, packages_skip_up_to=None, packages_select_build_failed=False, packages_skip_build_finished=False, packages_select_test_failures=False, packages_skip_test_passed=False, packages_select=['kinect_ros2'], packages_skip=None, packages_select_regex=None, packages_skip_regex=None, packages_start=None, packages_end=None, allow_overriding=[], cmake_args=None, cmake_target=None, cmake_target_skip_unavailable=False, cmake_clean_cache=False, cmake_clean_first=False, cmake_force_configure=False, ament_cmake_args=None, catkin_cmake_args=None, catkin_skip_building_tests=False, mixin_files=None, mixin=None, verb_parser=<colcon_mixin.mixin.mixin_argument.MixinArgumentDecorator object at 0x7c5f57a48bf0>, verb_extension=<colcon_core.verb.build.BuildVerb object at 0x7c5f57bccef0>, main=<bound method BuildVerb.main of <colcon_core.verb.build.BuildVerb object at 0x7c5f57bccef0>>, mixin_verb=('build',))
[0.423s] Level 1:colcon.colcon_core.package_discovery:discover_packages(colcon_meta) check parameters
[0.424s] Level 1:colcon.colcon_core.package_discovery:discover_packages(recursive) check parameters
[0.424s] Level 1:colcon.colcon_core.package_discovery:discover_packages(ignore) check parameters
[0.424s] Level 1:colcon.colcon_core.package_discovery:discover_packages(path) check parameters
[0.424s] Level 1:colcon.colcon_core.package_discovery:discover_packages(colcon_meta) discover
[0.424s] Level 1:colcon.colcon_core.package_discovery:discover_packages(recursive) discover
[0.424s] INFO:colcon.colcon_core.package_discovery:Crawling recursively for packages in '/home/anatoly/ros2_ws'
[0.425s] Level 1:colcon.colcon_core.package_identification:_identify(.) by extensions ['ignore', 'ignore_ament_install']
[0.425s] Level 1:colcon.colcon_core.package_identification:_identify(.) by extension 'ignore'
[0.425s] Level 1:colcon.colcon_core.package_identification:_identify(.) by extension 'ignore_ament_install'
[0.425s] Level 1:colcon.colcon_core.package_identification:_identify(.) by extensions ['colcon_pkg']
[0.425s] Level 1:colcon.colcon_core.package_identification:_identify(.) by extension 'colcon_pkg'
[0.426s] Level 1:colcon.colcon_core.package_identification:_identify(.) by extensions ['colcon_meta']
[0.426s] Level 1:colcon.colcon_core.package_identification:_identify(.) by extension 'colcon_meta'
[0.426s] Level 1:colcon.colcon_core.package_identification:_identify(.) by extensions ['ros']
[0.426s] Level 1:colcon.colcon_core.package_identification:_identify(.) by extension 'ros'
[0.495s] Level 1:colcon.colcon_core.package_identification:_identify(.) by extensions ['cmake', 'python']
[0.495s] Level 1:colcon.colcon_core.package_identification:_identify(.) by extension 'cmake'
[0.496s] Level 1:colcon.colcon_core.package_identification:_identify(.) by extension 'python'
[0.496s] Level 1:colcon.colcon_core.package_identification:_identify(.) by extensions ['python_setup_py']
[0.496s] Level 1:colcon.colcon_core.package_identification:_identify(.) by extension 'python_setup_py'
[0.496s] Level 1:colcon.colcon_core.package_identification:_identify(build) by extensions ['ignore', 'ignore_ament_install']
[0.496s] Level 1:colcon.colcon_core.package_identification:_identify(build) by extension 'ignore'
[0.497s] Level 1:colcon.colcon_core.package_identification:_identify(build) ignored
[0.497s] Level 1:colcon.colcon_core.package_identification:_identify(install) by extensions ['ignore', 'ignore_ament_install']
[0.497s] Level 1:colcon.colcon_core.package_identification:_identify(install) by extension 'ignore'
[0.497s] Level 1:colcon.colcon_core.package_identification:_identify(install) ignored
[0.498s] Level 1:colcon.colcon_core.package_identification:_identify(log) by extensions ['ignore', 'ignore_ament_install']
[0.498s] Level 1:colcon.colcon_core.package_identification:_identify(log) by extension 'ignore'
[0.498s] Level 1:colcon.colcon_core.package_identification:_identify(log) ignored
[0.498s] Level 1:colcon.colcon_core.package_identification:_identify(src) by extensions ['ignore', 'ignore_ament_install']
[0.498s] Level 1:colcon.colcon_core.package_identification:_identify(src) by extension 'ignore'
[0.499s] Level 1:colcon.colcon_core.package_identification:_identify(src) by extension 'ignore_ament_install'
[0.499s] Level 1:colcon.colcon_core.package_identification:_identify(src) by extensions ['colcon_pkg']
[0.499s] Level 1:colcon.colcon_core.package_identification:_identify(src) by extension 'colcon_pkg'
[0.499s] Level 1:colcon.colcon_core.package_identification:_identify(src) by extensions ['colcon_meta']
[0.499s] Level 1:colcon.colcon_core.package_identification:_identify(src) by extension 'colcon_meta'
[0.499s] Level 1:colcon.colcon_core.package_identification:_identify(src) by extensions ['ros']
[0.499s] Level 1:colcon.colcon_core.package_identification:_identify(src) by extension 'ros'
[0.500s] Level 1:colcon.colcon_core.package_identification:_identify(src) by extensions ['cmake', 'python']
[0.500s] Level 1:colcon.colcon_core.package_identification:_identify(src) by extension 'cmake'
[0.500s] Level 1:colcon.colcon_core.package_identification:_identify(src) by extension 'python'
[0.500s] Level 1:colcon.colcon_core.package_identification:_identify(src) by extensions ['python_setup_py']
[0.500s] Level 1:colcon.colcon_core.package_identification:_identify(src) by extension 'python_setup_py'
[0.500s] Level 1:colcon.colcon_core.package_identification:_identify(src/kinect_ros2) by extensions ['ignore', 'ignore_ament_install']
[0.501s] Level 1:colcon.colcon_core.package_identification:_identify(src/kinect_ros2) by extension 'ignore'
[0.501s] Level 1:colcon.colcon_core.package_identification:_identify(src/kinect_ros2) by extension 'ignore_ament_install'
[0.501s] Level 1:colcon.colcon_core.package_identification:_identify(src/kinect_ros2) by extensions ['colcon_pkg']
[0.501s] Level 1:colcon.colcon_core.package_identification:_identify(src/kinect_ros2) by extension 'colcon_pkg'
[0.501s] Level 1:colcon.colcon_core.package_identification:_identify(src/kinect_ros2) by extensions ['colcon_meta']
[0.501s] Level 1:colcon.colcon_core.package_identification:_identify(src/kinect_ros2) by extension 'colcon_meta'
[0.501s] Level 1:colcon.colcon_core.package_identification:_identify(src/kinect_ros2) by extensions ['ros']
[0.501s] Level 1:colcon.colcon_core.package_identification:_identify(src/kinect_ros2) by extension 'ros'
[0.509s] DEBUG:colcon.colcon_core.package_identification:Package 'src/kinect_ros2' with type 'ros.ament_cmake' and name 'kinect_ros2'
[0.510s] Level 1:colcon.colcon_core.package_identification:_identify(src/micro_ros_setup) by extensions ['ignore', 'ignore_ament_install']
[0.510s] Level 1:colcon.colcon_core.package_identification:_identify(src/micro_ros_setup) by extension 'ignore'
[0.510s] Level 1:colcon.colcon_core.package_identification:_identify(src/micro_ros_setup) by extension 'ignore_ament_install'
[0.510s] Level 1:colcon.colcon_core.package_identification:_identify(src/micro_ros_setup) by extensions ['colcon_pkg']
[0.511s] Level 1:colcon.colcon_core.package_identification:_identify(src/micro_ros_setup) by extension 'colcon_pkg'
[0.511s] Level 1:colcon.colcon_core.package_identification:_identify(src/micro_ros_setup) by extensions ['colcon_meta']
[0.511s] Level 1:colcon.colcon_core.package_identification:_identify(src/micro_ros_setup) by extension 'colcon_meta'
[0.511s] Level 1:colcon.colcon_core.package_identification:_identify(src/micro_ros_setup) by extensions ['ros']
[0.511s] Level 1:colcon.colcon_core.package_identification:_identify(src/micro_ros_setup) by extension 'ros'
[0.513s] DEBUG:colcon.colcon_core.package_identification:Package 'src/micro_ros_setup' with type 'ros.ament_cmake' and name 'micro_ros_setup'
[0.513s] Level 1:colcon.colcon_core.package_identification:_identify(src/my_fake_lidar) by extensions ['ignore', 'ignore_ament_install']
[0.514s] Level 1:colcon.colcon_core.package_identification:_identify(src/my_fake_lidar) by extension 'ignore'
[0.514s] Level 1:colcon.colcon_core.package_identification:_identify(src/my_fake_lidar) by extension 'ignore_ament_install'
[0.514s] Level 1:colcon.colcon_core.package_identification:_identify(src/my_fake_lidar) by extensions ['colcon_pkg']
[0.514s] Level 1:colcon.colcon_core.package_identification:_identify(src/my_fake_lidar) by extension 'colcon_pkg'
[0.514s] Level 1:colcon.colcon_core.package_identification:_identify(src/my_fake_lidar) by extensions ['colcon_meta']
[0.514s] Level 1:colcon.colcon_core.package_identification:_identify(src/my_fake_lidar) by extension 'colcon_meta'
[0.514s] Level 1:colcon.colcon_core.package_identification:_identify(src/my_fake_lidar) by extensions ['ros']
[0.514s] Level 1:colcon.colcon_core.package_identification:_identify(src/my_fake_lidar) by extension 'ros'
[0.516s] DEBUG:colcon.colcon_core.package_identification:Package 'src/my_fake_lidar' with type 'ros.ament_python' and name 'my_fake_lidar'
[0.516s] Level 1:colcon.colcon_core.package_identification:_identify(src/my_path_publisher) by extensions ['ignore', 'ignore_ament_install']
[0.516s] Level 1:colcon.colcon_core.package_identification:_identify(src/my_path_publisher) by extension 'ignore'
[0.516s] Level 1:colcon.colcon_core.package_identification:_identify(src/my_path_publisher) by extension 'ignore_ament_install'
[0.516s] Level 1:colcon.colcon_core.package_identification:_identify(src/my_path_publisher) by extensions ['colcon_pkg']
[0.517s] Level 1:colcon.colcon_core.package_identification:_identify(src/my_path_publisher) by extension 'colcon_pkg'
[0.517s] Level 1:colcon.colcon_core.package_identification:_identify(src/my_path_publisher) by extensions ['colcon_meta']
[0.517s] Level 1:colcon.colcon_core.package_identification:_identify(src/my_path_publisher) by extension 'colcon_meta'
[0.517s] Level 1:colcon.colcon_core.package_identification:_identify(src/my_path_publisher) by extensions ['ros']
[0.517s] Level 1:colcon.colcon_core.package_identification:_identify(src/my_path_publisher) by extension 'ros'
[0.518s] DEBUG:colcon.colcon_core.package_identification:Package 'src/my_path_publisher' with type 'ros.ament_python' and name 'my_path_publisher'
[0.518s] Level 1:colcon.colcon_core.package_identification:_identify(src/my_two_wheel_robot) by extensions ['ignore', 'ignore_ament_install']
[0.519s] Level 1:colcon.colcon_core.package_identification:_identify(src/my_two_wheel_robot) by extension 'ignore'
[0.519s] Level 1:colcon.colcon_core.package_identification:_identify(src/my_two_wheel_robot) by extension 'ignore_ament_install'
[0.519s] Level 1:colcon.colcon_core.package_identification:_identify(src/my_two_wheel_robot) by extensions ['colcon_pkg']
[0.519s] Level 1:colcon.colcon_core.package_identification:_identify(src/my_two_wheel_robot) by extension 'colcon_pkg'
[0.519s] Level 1:colcon.colcon_core.package_identification:_identify(src/my_two_wheel_robot) by extensions ['colcon_meta']
[0.519s] Level 1:colcon.colcon_core.package_identification:_identify(src/my_two_wheel_robot) by extension 'colcon_meta'
[0.519s] Level 1:colcon.colcon_core.package_identification:_identify(src/my_two_wheel_robot) by extensions ['ros']
[0.519s] Level 1:colcon.colcon_core.package_identification:_identify(src/my_two_wheel_robot) by extension 'ros'
[0.521s] DEBUG:colcon.colcon_core.package_identification:Package 'src/my_two_wheel_robot' with type 'ros.ament_cmake' and name 'my_two_wheel_robot'
[0.522s] Level 1:colcon.colcon_core.package_identification:_identify(src/twist_converter) by extensions ['ignore', 'ignore_ament_install']
[0.522s] Level 1:colcon.colcon_core.package_identification:_identify(src/twist_converter) by extension 'ignore'
[0.522s] Level 1:colcon.colcon_core.package_identification:_identify(src/twist_converter) by extension 'ignore_ament_install'
[0.522s] Level 1:colcon.colcon_core.package_identification:_identify(src/twist_converter) by extensions ['colcon_pkg']
[0.522s] Level 1:colcon.colcon_core.package_identification:_identify(src/twist_converter) by extension 'colcon_pkg'
[0.522s] Level 1:colcon.colcon_core.package_identification:_identify(src/twist_converter) by extensions ['colcon_meta']
[0.522s] Level 1:colcon.colcon_core.package_identification:_identify(src/twist_converter) by extension 'colcon_meta'
[0.523s] Level 1:colcon.colcon_core.package_identification:_identify(src/twist_converter) by extensions ['ros']
[0.523s] Level 1:colcon.colcon_core.package_identification:_identify(src/twist_converter) by extension 'ros'
[0.524s] DEBUG:colcon.colcon_core.package_identification:Package 'src/twist_converter' with type 'ros.ament_python' and name 'twist_converter'
[0.524s] Level 1:colcon.colcon_core.package_identification:_identify(src/view_robot) by extensions ['ignore', 'ignore_ament_install']
[0.524s] Level 1:colcon.colcon_core.package_identification:_identify(src/view_robot) by extension 'ignore'
[0.524s] Level 1:colcon.colcon_core.package_identification:_identify(src/view_robot) by extension 'ignore_ament_install'
[0.525s] Level 1:colcon.colcon_core.package_identification:_identify(src/view_robot) by extensions ['colcon_pkg']
[0.525s] Level 1:colcon.colcon_core.package_identification:_identify(src/view_robot) by extension 'colcon_pkg'
[0.525s] Level 1:colcon.colcon_core.package_identification:_identify(src/view_robot) by extensions ['colcon_meta']
[0.525s] Level 1:colcon.colcon_core.package_identification:_identify(src/view_robot) by extension 'colcon_meta'
[0.525s] Level 1:colcon.colcon_core.package_identification:_identify(src/view_robot) by extensions ['ros']
[0.525s] Level 1:colcon.colcon_core.package_identification:_identify(src/view_robot) by extension 'ros'
[0.526s] DEBUG:colcon.colcon_core.package_identification:Package 'src/view_robot' with type 'ros.ament_cmake' and name 'view_robot'
[0.526s] Level 1:colcon.colcon_core.package_discovery:discover_packages(recursive) using defaults
[0.527s] Level 1:colcon.colcon_core.package_discovery:discover_packages(ignore) discover
[0.527s] Level 1:colcon.colcon_core.package_discovery:discover_packages(ignore) using defaults
[0.527s] Level 1:colcon.colcon_core.package_discovery:discover_packages(path) discover
[0.527s] Level 1:colcon.colcon_core.package_discovery:discover_packages(path) using defaults
[0.576s] INFO:colcon.colcon_core.package_selection:Skipping not selected package 'micro_ros_setup' in 'src/micro_ros_setup'
[0.576s] INFO:colcon.colcon_core.package_selection:Skipping not selected package 'my_fake_lidar' in 'src/my_fake_lidar'
[0.576s] INFO:colcon.colcon_core.package_selection:Skipping not selected package 'my_path_publisher' in 'src/my_path_publisher'
[0.576s] INFO:colcon.colcon_core.package_selection:Skipping not selected package 'my_two_wheel_robot' in 'src/my_two_wheel_robot'
[0.576s] INFO:colcon.colcon_core.package_selection:Skipping not selected package 'twist_converter' in 'src/twist_converter'
[0.576s] INFO:colcon.colcon_core.package_selection:Skipping not selected package 'view_robot' in 'src/view_robot'
[0.577s] Level 1:colcon.colcon_core.package_discovery:discover_packages(prefix_path) check parameters
[0.577s] Level 1:colcon.colcon_core.package_discovery:discover_packages(prefix_path) discover
[0.579s] WARNING:colcon.colcon_ros.prefix_path.ament:The path '/home/anatoly/ros2_ws/install/kinect_ros2' in the environment variable AMENT_PREFIX_PATH doesn't exist
[0.580s] WARNING:colcon.colcon_ros.prefix_path.catkin:The path '/home/anatoly/ros2_ws/install/kinect_ros2' in the environment variable CMAKE_PREFIX_PATH doesn't exist
[0.583s] DEBUG:colcon.colcon_installed_package_information.package_discovery:Found 6 installed packages in /home/anatoly/ros2_ws/install
[0.590s] DEBUG:colcon.colcon_installed_package_information.package_discovery:Found 373 installed packages in /opt/ros/jazzy
[0.596s] Level 1:colcon.colcon_core.package_discovery:discover_packages(prefix_path) using defaults
[0.749s] Level 5:colcon.colcon_core.verb:set package 'kinect_ros2' build argument 'cmake_args' from command line to 'None'
[0.749s] Level 5:colcon.colcon_core.verb:set package 'kinect_ros2' build argument 'cmake_target' from command line to 'None'
[0.749s] Level 5:colcon.colcon_core.verb:set package 'kinect_ros2' build argument 'cmake_target_skip_unavailable' from command line to 'False'
[0.749s] Level 5:colcon.colcon_core.verb:set package 'kinect_ros2' build argument 'cmake_clean_cache' from command line to 'False'
[0.749s] Level 5:colcon.colcon_core.verb:set package 'kinect_ros2' build argument 'cmake_clean_first' from command line to 'False'
[0.749s] Level 5:colcon.colcon_core.verb:set package 'kinect_ros2' build argument 'cmake_force_configure' from command line to 'False'
[0.750s] Level 5:colcon.colcon_core.verb:set package 'kinect_ros2' build argument 'ament_cmake_args' from command line to 'None'
[0.750s] Level 5:colcon.colcon_core.verb:set package 'kinect_ros2' build argument 'catkin_cmake_args' from command line to 'None'
[0.750s] Level 5:colcon.colcon_core.verb:set package 'kinect_ros2' build argument 'catkin_skip_building_tests' from command line to 'False'
[0.750s] DEBUG:colcon.colcon_core.verb:Building package 'kinect_ros2' with the following arguments: {'ament_cmake_args': None, 'build_base': '/home/anatoly/ros2_ws/build/kinect_ros2', 'catkin_cmake_args': None, 'catkin_skip_building_tests': False, 'cmake_args': None, 'cmake_clean_cache': False, 'cmake_clean_first': False, 'cmake_force_configure': False, 'cmake_target': None, 'cmake_target_skip_unavailable': False, 'install_base': '/home/anatoly/ros2_ws/install/kinect_ros2', 'merge_install': False, 'path': '/home/anatoly/ros2_ws/src/kinect_ros2', 'symlink_install': False, 'test_result_base': None}
[0.750s] INFO:colcon.colcon_core.executor:Executing jobs using 'parallel' executor
[0.752s] DEBUG:colcon.colcon_parallel_executor.executor.parallel:run_until_complete
[0.752s] INFO:colcon.colcon_ros.task.ament_cmake.build:Building ROS package in '/home/anatoly/ros2_ws/src/kinect_ros2' with build type 'ament_cmake'
[0.753s] INFO:colcon.colcon_cmake.task.cmake.build:Building CMake package in '/home/anatoly/ros2_ws/src/kinect_ros2'
[0.759s] INFO:colcon.colcon_core.plugin_system:Skipping extension 'colcon_core.shell.bat': Not used on non-Windows systems
[0.760s] INFO:colcon.colcon_core.shell:Skip shell extension 'powershell' for command environment: Not usable outside of PowerShell
[0.760s] DEBUG:colcon.colcon_core.shell:Skip shell extension 'dsv' for command environment
[0.784s] DEBUG:colcon.colcon_core.event_handler.log_command:Invoking command in '/home/anatoly/ros2_ws/build/kinect_ros2': CMAKE_PREFIX_PATH=${CMAKE_PREFIX_PATH}:/home/anatoly/ros2_ws/install/twist_converter:/home/anatoly/ros2_ws/install/my_path_publisher:/home/anatoly/ros2_ws/install/my_fake_lidar:/opt/ros/jazzy DEBUGINFOD_URLS=https://debuginfod.ubuntu.com /usr/bin/cmake /home/anatoly/ros2_ws/src/kinect_ros2 -DCMAKE_INSTALL_PREFIX=/home/anatoly/ros2_ws/install/kinect_ros2
[5.463s] DEBUG:colcon.colcon_core.event_handler.log_command:Invoked command in '/home/anatoly/ros2_ws/build/kinect_ros2' returned '0': CMAKE_PREFIX_PATH=${CMAKE_PREFIX_PATH}:/home/anatoly/ros2_ws/install/twist_converter:/home/anatoly/ros2_ws/install/my_path_publisher:/home/anatoly/ros2_ws/install/my_fake_lidar:/opt/ros/jazzy DEBUGINFOD_URLS=https://debuginfod.ubuntu.com /usr/bin/cmake /home/anatoly/ros2_ws/src/kinect_ros2 -DCMAKE_INSTALL_PREFIX=/home/anatoly/ros2_ws/install/kinect_ros2
[5.467s] DEBUG:colcon.colcon_core.event_handler.log_command:Invoking command in '/home/anatoly/ros2_ws/build/kinect_ros2': CMAKE_PREFIX_PATH=${CMAKE_PREFIX_PATH}:/home/anatoly/ros2_ws/install/twist_converter:/home/anatoly/ros2_ws/install/my_path_publisher:/home/anatoly/ros2_ws/install/my_fake_lidar:/opt/ros/jazzy DEBUGINFOD_URLS=https://debuginfod.ubuntu.com /usr/bin/cmake --build /home/anatoly/ros2_ws/build/kinect_ros2 -- -j2 -l2
[38.087s] DEBUG:colcon.colcon_core.event_handler.log_command:Invoked command in '/home/anatoly/ros2_ws/build/kinect_ros2' returned '0': CMAKE_PREFIX_PATH=${CMAKE_PREFIX_PATH}:/home/anatoly/ros2_ws/install/twist_converter:/home/anatoly/ros2_ws/install/my_path_publisher:/home/anatoly/ros2_ws/install/my_fake_lidar:/opt/ros/jazzy DEBUGINFOD_URLS=https://debuginfod.ubuntu.com /usr/bin/cmake --build /home/anatoly/ros2_ws/build/kinect_ros2 -- -j2 -l2
[38.116s] DEBUG:colcon.colcon_core.event_handler.log_command:Invoking command in '/home/anatoly/ros2_ws/build/kinect_ros2': CMAKE_PREFIX_PATH=${CMAKE_PREFIX_PATH}:/home/anatoly/ros2_ws/install/twist_converter:/home/anatoly/ros2_ws/install/my_path_publisher:/home/anatoly/ros2_ws/install/my_fake_lidar:/opt/ros/jazzy DEBUGINFOD_URLS=https://debuginfod.ubuntu.com /usr/bin/cmake --install /home/anatoly/ros2_ws/build/kinect_ros2
[38.157s] Level 1:colcon.colcon_core.environment:create_environment_scripts_only(kinect_ros2)
[38.158s] DEBUG:colcon.colcon_core.event_handler.log_command:Invoked command in '/home/anatoly/ros2_ws/build/kinect_ros2' returned '0': CMAKE_PREFIX_PATH=${CMAKE_PREFIX_PATH}:/home/anatoly/ros2_ws/install/twist_converter:/home/anatoly/ros2_ws/install/my_path_publisher:/home/anatoly/ros2_ws/install/my_fake_lidar:/opt/ros/jazzy DEBUGINFOD_URLS=https://debuginfod.ubuntu.com /usr/bin/cmake --install /home/anatoly/ros2_ws/build/kinect_ros2
[38.164s] Level 1:colcon.colcon_core.environment:checking '/home/anatoly/ros2_ws/install/kinect_ros2' for CMake module files
[38.165s] Level 1:colcon.colcon_core.environment:checking '/home/anatoly/ros2_ws/install/kinect_ros2' for CMake config files
[38.166s] Level 1:colcon.colcon_core.shell:create_environment_hook('kinect_ros2', 'cmake_prefix_path')
[38.166s] INFO:colcon.colcon_core.shell:Creating environment hook '/home/anatoly/ros2_ws/install/kinect_ros2/share/kinect_ros2/hook/cmake_prefix_path.ps1'
[38.168s] INFO:colcon.colcon_core.shell:Creating environment descriptor '/home/anatoly/ros2_ws/install/kinect_ros2/share/kinect_ros2/hook/cmake_prefix_path.dsv'
[38.169s] INFO:colcon.colcon_core.shell:Creating environment hook '/home/anatoly/ros2_ws/install/kinect_ros2/share/kinect_ros2/hook/cmake_prefix_path.sh'
[38.171s] Level 1:colcon.colcon_core.environment:checking '/home/anatoly/ros2_ws/install/kinect_ros2/lib'
[38.171s] Level 1:colcon.colcon_core.environment:checking '/home/anatoly/ros2_ws/install/kinect_ros2/bin'
[38.171s] Level 1:colcon.colcon_core.environment:checking '/home/anatoly/ros2_ws/install/kinect_ros2/lib/pkgconfig/kinect_ros2.pc'
[38.172s] Level 1:colcon.colcon_core.environment:checking '/home/anatoly/ros2_ws/install/kinect_ros2/lib/python3.12/site-packages'
[38.173s] Level 1:colcon.colcon_core.environment:checking '/home/anatoly/ros2_ws/install/kinect_ros2/bin'
[38.173s] INFO:colcon.colcon_core.shell:Creating package script '/home/anatoly/ros2_ws/install/kinect_ros2/share/kinect_ros2/package.ps1'
[38.175s] INFO:colcon.colcon_core.shell:Creating package descriptor '/home/anatoly/ros2_ws/install/kinect_ros2/share/kinect_ros2/package.dsv'
[38.177s] INFO:colcon.colcon_core.shell:Creating package script '/home/anatoly/ros2_ws/install/kinect_ros2/share/kinect_ros2/package.sh'
[38.178s] INFO:colcon.colcon_core.shell:Creating package script '/home/anatoly/ros2_ws/install/kinect_ros2/share/kinect_ros2/package.bash'
[38.180s] INFO:colcon.colcon_core.shell:Creating package script '/home/anatoly/ros2_ws/install/kinect_ros2/share/kinect_ros2/package.zsh'
[38.181s] Level 1:colcon.colcon_core.environment:create_file_with_runtime_dependencies(/home/anatoly/ros2_ws/install/kinect_ros2/share/colcon-core/packages/kinect_ros2)
[38.184s] Level 1:colcon.colcon_core.environment:create_environment_scripts_only(kinect_ros2)
[38.184s] Level 1:colcon.colcon_core.environment:checking '/home/anatoly/ros2_ws/install/kinect_ros2' for CMake module files
[38.186s] Level 1:colcon.colcon_core.environment:checking '/home/anatoly/ros2_ws/install/kinect_ros2' for CMake config files
[38.186s] Level 1:colcon.colcon_core.shell:create_environment_hook('kinect_ros2', 'cmake_prefix_path')
[38.186s] INFO:colcon.colcon_core.shell:Creating environment hook '/home/anatoly/ros2_ws/install/kinect_ros2/share/kinect_ros2/hook/cmake_prefix_path.ps1'
[38.188s] INFO:colcon.colcon_core.shell:Creating environment descriptor '/home/anatoly/ros2_ws/install/kinect_ros2/share/kinect_ros2/hook/cmake_prefix_path.dsv'
[38.188s] INFO:colcon.colcon_core.shell:Creating environment hook '/home/anatoly/ros2_ws/install/kinect_ros2/share/kinect_ros2/hook/cmake_prefix_path.sh'
[38.190s] Level 1:colcon.colcon_core.environment:checking '/home/anatoly/ros2_ws/install/kinect_ros2/lib'
[38.190s] Level 1:colcon.colcon_core.environment:checking '/home/anatoly/ros2_ws/install/kinect_ros2/bin'
[38.190s] Level 1:colcon.colcon_core.environment:checking '/home/anatoly/ros2_ws/install/kinect_ros2/lib/pkgconfig/kinect_ros2.pc'
[38.191s] Level 1:colcon.colcon_core.environment:checking '/home/anatoly/ros2_ws/install/kinect_ros2/lib/python3.12/site-packages'
[38.191s] Level 1:colcon.colcon_core.environment:checking '/home/anatoly/ros2_ws/install/kinect_ros2/bin'
[38.192s] INFO:colcon.colcon_core.shell:Creating package script '/home/anatoly/ros2_ws/install/kinect_ros2/share/kinect_ros2/package.ps1'
[38.193s] INFO:colcon.colcon_core.shell:Creating package descriptor '/home/anatoly/ros2_ws/install/kinect_ros2/share/kinect_ros2/package.dsv'
[38.194s] INFO:colcon.colcon_core.shell:Creating package script '/home/anatoly/ros2_ws/install/kinect_ros2/share/kinect_ros2/package.sh'
[38.196s] INFO:colcon.colcon_core.shell:Creating package script '/home/anatoly/ros2_ws/install/kinect_ros2/share/kinect_ros2/package.bash'
[38.198s] INFO:colcon.colcon_core.shell:Creating package script '/home/anatoly/ros2_ws/install/kinect_ros2/share/kinect_ros2/package.zsh'
[38.199s] Level 1:colcon.colcon_core.environment:create_file_with_runtime_dependencies(/home/anatoly/ros2_ws/install/kinect_ros2/share/colcon-core/packages/kinect_ros2)
[38.200s] DEBUG:colcon.colcon_parallel_executor.executor.parallel:closing loop
[38.202s] DEBUG:colcon.colcon_parallel_executor.executor.parallel:loop closed
[38.202s] DEBUG:colcon.colcon_parallel_executor.executor.parallel:run_until_complete finished with '0'
[38.203s] DEBUG:colcon.colcon_core.event_reactor:joining thread
[38.224s] INFO:colcon.colcon_core.plugin_system:Skipping extension 'colcon_notification.desktop_notification.terminal_notifier': Not used on non-Darwin systems
[38.224s] INFO:colcon.colcon_core.plugin_system:Skipping extension 'colcon_notification.desktop_notification.win32': Not used on non-Windows systems
[38.224s] INFO:colcon.colcon_notification.desktop_notification:Sending desktop notification using 'notify2'
[38.264s] DEBUG:colcon.colcon_core.event_reactor:joined thread
[38.265s] INFO:colcon.colcon_core.shell:Creating prefix script '/home/anatoly/ros2_ws/install/local_setup.ps1'
[38.268s] INFO:colcon.colcon_core.shell:Creating prefix util module '/home/anatoly/ros2_ws/install/_local_setup_util_ps1.py'
[38.272s] INFO:colcon.colcon_core.shell:Creating prefix chain script '/home/anatoly/ros2_ws/install/setup.ps1'
[38.276s] INFO:colcon.colcon_core.shell:Creating prefix script '/home/anatoly/ros2_ws/install/local_setup.sh'
[38.277s] INFO:colcon.colcon_core.shell:Creating prefix util module '/home/anatoly/ros2_ws/install/_local_setup_util_sh.py'
[38.280s] INFO:colcon.colcon_core.shell:Creating prefix chain script '/home/anatoly/ros2_ws/install/setup.sh'
[38.285s] INFO:colcon.colcon_core.shell:Creating prefix script '/home/anatoly/ros2_ws/install/local_setup.bash'
[38.286s] INFO:colcon.colcon_core.shell:Creating prefix chain script '/home/anatoly/ros2_ws/install/setup.bash'
[38.289s] INFO:colcon.colcon_core.shell:Creating prefix script '/home/anatoly/ros2_ws/install/local_setup.zsh'
[38.290s] INFO:colcon.colcon_core.shell:Creating prefix chain script '/home/anatoly/ros2_ws/install/setup.zsh'
