[0.318s] DEBUG:colcon:Command line arguments: ['/usr/bin/colcon', 'build']
[0.318s] DEBUG:colcon:Parsed command line arguments: Namespace(log_base=None, log_level=None, verb_name='build', build_base='build', install_base='install', merge_install=False, symlink_install=False, test_result_base=None, continue_on_error=False, executor='parallel', parallel_workers=2, event_handlers=None, ignore_user_meta=False, metas=['./colcon.meta'], base_paths=['.'], packages_ignore=None, packages_ignore_regex=None, paths=None, packages_up_to=None, packages_up_to_regex=None, packages_above=None, packages_above_and_dependencies=None, packages_above_depth=None, packages_select_by_dep=None, packages_skip_by_dep=None, packages_skip_up_to=None, packages_select_build_failed=False, packages_skip_build_finished=False, packages_select_test_failures=False, packages_skip_test_passed=False, packages_select=None, packages_skip=None, packages_select_regex=None, packages_skip_regex=None, packages_start=None, packages_end=None, allow_overriding=[], cmake_args=None, cmake_target=None, cmake_target_skip_unavailable=False, cmake_clean_cache=False, cmake_clean_first=False, cmake_force_configure=False, ament_cmake_args=None, catkin_cmake_args=None, catkin_skip_building_tests=False, mixin_files=None, mixin=None, verb_parser=<colcon_mixin.mixin.mixin_argument.MixinArgumentDecorator object at 0x74f2ac1a8ad0>, verb_extension=<colcon_core.verb.build.BuildVerb object at 0x74f2ac2d5040>, main=<bound method BuildVerb.main of <colcon_core.verb.build.BuildVerb object at 0x74f2ac2d5040>>, mixin_verb=('build',))
[0.426s] Level 1:colcon.colcon_core.package_discovery:discover_packages(colcon_meta) check parameters
[0.426s] Level 1:colcon.colcon_core.package_discovery:discover_packages(recursive) check parameters
[0.426s] Level 1:colcon.colcon_core.package_discovery:discover_packages(ignore) check parameters
[0.426s] Level 1:colcon.colcon_core.package_discovery:discover_packages(path) check parameters
[0.426s] Level 1:colcon.colcon_core.package_discovery:discover_packages(colcon_meta) discover
[0.427s] Level 1:colcon.colcon_core.package_discovery:discover_packages(recursive) discover
[0.427s] INFO:colcon.colcon_core.package_discovery:Crawling recursively for packages in '/home/anatoly/ros2_ws'
[0.427s] Level 1:colcon.colcon_core.package_identification:_identify(.) by extensions ['ignore', 'ignore_ament_install']
[0.427s] Level 1:colcon.colcon_core.package_identification:_identify(.) by extension 'ignore'
[0.427s] Level 1:colcon.colcon_core.package_identification:_identify(.) by extension 'ignore_ament_install'
[0.428s] Level 1:colcon.colcon_core.package_identification:_identify(.) by extensions ['colcon_pkg']
[0.428s] Level 1:colcon.colcon_core.package_identification:_identify(.) by extension 'colcon_pkg'
[0.428s] Level 1:colcon.colcon_core.package_identification:_identify(.) by extensions ['colcon_meta']
[0.428s] Level 1:colcon.colcon_core.package_identification:_identify(.) by extension 'colcon_meta'
[0.428s] Level 1:colcon.colcon_core.package_identification:_identify(.) by extensions ['ros']
[0.428s] Level 1:colcon.colcon_core.package_identification:_identify(.) by extension 'ros'
[0.497s] Level 1:colcon.colcon_core.package_identification:_identify(.) by extensions ['cmake', 'python']
[0.498s] Level 1:colcon.colcon_core.package_identification:_identify(.) by extension 'cmake'
[0.498s] Level 1:colcon.colcon_core.package_identification:_identify(.) by extension 'python'
[0.498s] Level 1:colcon.colcon_core.package_identification:_identify(.) by extensions ['python_setup_py']
[0.498s] Level 1:colcon.colcon_core.package_identification:_identify(.) by extension 'python_setup_py'
[0.498s] Level 1:colcon.colcon_core.package_identification:_identify(build) by extensions ['ignore', 'ignore_ament_install']
[0.498s] Level 1:colcon.colcon_core.package_identification:_identify(build) by extension 'ignore'
[0.499s] Level 1:colcon.colcon_core.package_identification:_identify(build) ignored
[0.499s] Level 1:colcon.colcon_core.package_identification:_identify(install) by extensions ['ignore', 'ignore_ament_install']
[0.499s] Level 1:colcon.colcon_core.package_identification:_identify(install) by extension 'ignore'
[0.500s] Level 1:colcon.colcon_core.package_identification:_identify(install) ignored
[0.500s] Level 1:colcon.colcon_core.package_identification:_identify(log) by extensions ['ignore', 'ignore_ament_install']
[0.500s] Level 1:colcon.colcon_core.package_identification:_identify(log) by extension 'ignore'
[0.500s] Level 1:colcon.colcon_core.package_identification:_identify(log) ignored
[0.500s] Level 1:colcon.colcon_core.package_identification:_identify(src) by extensions ['ignore', 'ignore_ament_install']
[0.501s] Level 1:colcon.colcon_core.package_identification:_identify(src) by extension 'ignore'
[0.501s] Level 1:colcon.colcon_core.package_identification:_identify(src) by extension 'ignore_ament_install'
[0.501s] Level 1:colcon.colcon_core.package_identification:_identify(src) by extensions ['colcon_pkg']
[0.501s] Level 1:colcon.colcon_core.package_identification:_identify(src) by extension 'colcon_pkg'
[0.501s] Level 1:colcon.colcon_core.package_identification:_identify(src) by extensions ['colcon_meta']
[0.501s] Level 1:colcon.colcon_core.package_identification:_identify(src) by extension 'colcon_meta'
[0.501s] Level 1:colcon.colcon_core.package_identification:_identify(src) by extensions ['ros']
[0.501s] Level 1:colcon.colcon_core.package_identification:_identify(src) by extension 'ros'
[0.502s] Level 1:colcon.colcon_core.package_identification:_identify(src) by extensions ['cmake', 'python']
[0.502s] Level 1:colcon.colcon_core.package_identification:_identify(src) by extension 'cmake'
[0.502s] Level 1:colcon.colcon_core.package_identification:_identify(src) by extension 'python'
[0.502s] Level 1:colcon.colcon_core.package_identification:_identify(src) by extensions ['python_setup_py']
[0.502s] Level 1:colcon.colcon_core.package_identification:_identify(src) by extension 'python_setup_py'
[0.502s] Level 1:colcon.colcon_core.package_identification:_identify(src/KinectV1-Ros2) by extensions ['ignore', 'ignore_ament_install']
[0.502s] Level 1:colcon.colcon_core.package_identification:_identify(src/KinectV1-Ros2) by extension 'ignore'
[0.503s] Level 1:colcon.colcon_core.package_identification:_identify(src/KinectV1-Ros2) by extension 'ignore_ament_install'
[0.503s] Level 1:colcon.colcon_core.package_identification:_identify(src/KinectV1-Ros2) by extensions ['colcon_pkg']
[0.503s] Level 1:colcon.colcon_core.package_identification:_identify(src/KinectV1-Ros2) by extension 'colcon_pkg'
[0.503s] Level 1:colcon.colcon_core.package_identification:_identify(src/KinectV1-Ros2) by extensions ['colcon_meta']
[0.503s] Level 1:colcon.colcon_core.package_identification:_identify(src/KinectV1-Ros2) by extension 'colcon_meta'
[0.503s] Level 1:colcon.colcon_core.package_identification:_identify(src/KinectV1-Ros2) by extensions ['ros']
[0.503s] Level 1:colcon.colcon_core.package_identification:_identify(src/KinectV1-Ros2) by extension 'ros'
[0.503s] Level 1:colcon.colcon_core.package_identification:_identify(src/KinectV1-Ros2) by extensions ['cmake', 'python']
[0.504s] Level 1:colcon.colcon_core.package_identification:_identify(src/KinectV1-Ros2) by extension 'cmake'
[0.504s] Level 1:colcon.colcon_core.package_identification:_identify(src/KinectV1-Ros2) by extension 'python'
[0.504s] Level 1:colcon.colcon_core.package_identification:_identify(src/KinectV1-Ros2) by extensions ['python_setup_py']
[0.504s] Level 1:colcon.colcon_core.package_identification:_identify(src/KinectV1-Ros2) by extension 'python_setup_py'
[0.504s] Level 1:colcon.colcon_core.package_identification:_identify(src/KinectV1-Ros2/samplefiles) by extensions ['ignore', 'ignore_ament_install']
[0.504s] Level 1:colcon.colcon_core.package_identification:_identify(src/KinectV1-Ros2/samplefiles) by extension 'ignore'
[0.505s] Level 1:colcon.colcon_core.package_identification:_identify(src/KinectV1-Ros2/samplefiles) by extension 'ignore_ament_install'
[0.505s] Level 1:colcon.colcon_core.package_identification:_identify(src/KinectV1-Ros2/samplefiles) by extensions ['colcon_pkg']
[0.505s] Level 1:colcon.colcon_core.package_identification:_identify(src/KinectV1-Ros2/samplefiles) by extension 'colcon_pkg'
[0.505s] Level 1:colcon.colcon_core.package_identification:_identify(src/KinectV1-Ros2/samplefiles) by extensions ['colcon_meta']
[0.505s] Level 1:colcon.colcon_core.package_identification:_identify(src/KinectV1-Ros2/samplefiles) by extension 'colcon_meta'
[0.505s] Level 1:colcon.colcon_core.package_identification:_identify(src/KinectV1-Ros2/samplefiles) by extensions ['ros']
[0.505s] Level 1:colcon.colcon_core.package_identification:_identify(src/KinectV1-Ros2/samplefiles) by extension 'ros'
[0.505s] Level 1:colcon.colcon_core.package_identification:_identify(src/KinectV1-Ros2/samplefiles) by extensions ['cmake', 'python']
[0.506s] Level 1:colcon.colcon_core.package_identification:_identify(src/KinectV1-Ros2/samplefiles) by extension 'cmake'
[0.506s] Level 1:colcon.colcon_core.package_identification:_identify(src/KinectV1-Ros2/samplefiles) by extension 'python'
[0.506s] Level 1:colcon.colcon_core.package_identification:_identify(src/KinectV1-Ros2/samplefiles) by extensions ['python_setup_py']
[0.506s] Level 1:colcon.colcon_core.package_identification:_identify(src/KinectV1-Ros2/samplefiles) by extension 'python_setup_py'
[0.506s] Level 1:colcon.colcon_core.package_identification:_identify(src/KinectV1-Ros2/src) by extensions ['ignore', 'ignore_ament_install']
[0.506s] Level 1:colcon.colcon_core.package_identification:_identify(src/KinectV1-Ros2/src) by extension 'ignore'
[0.506s] Level 1:colcon.colcon_core.package_identification:_identify(src/KinectV1-Ros2/src) by extension 'ignore_ament_install'
[0.507s] Level 1:colcon.colcon_core.package_identification:_identify(src/KinectV1-Ros2/src) by extensions ['colcon_pkg']
[0.507s] Level 1:colcon.colcon_core.package_identification:_identify(src/KinectV1-Ros2/src) by extension 'colcon_pkg'
[0.507s] Level 1:colcon.colcon_core.package_identification:_identify(src/KinectV1-Ros2/src) by extensions ['colcon_meta']
[0.507s] Level 1:colcon.colcon_core.package_identification:_identify(src/KinectV1-Ros2/src) by extension 'colcon_meta'
[0.507s] Level 1:colcon.colcon_core.package_identification:_identify(src/KinectV1-Ros2/src) by extensions ['ros']
[0.507s] Level 1:colcon.colcon_core.package_identification:_identify(src/KinectV1-Ros2/src) by extension 'ros'
[0.507s] Level 1:colcon.colcon_core.package_identification:_identify(src/KinectV1-Ros2/src) by extensions ['cmake', 'python']
[0.507s] Level 1:colcon.colcon_core.package_identification:_identify(src/KinectV1-Ros2/src) by extension 'cmake'
[0.508s] Level 1:colcon.colcon_core.package_identification:_identify(src/KinectV1-Ros2/src) by extension 'python'
[0.508s] Level 1:colcon.colcon_core.package_identification:_identify(src/KinectV1-Ros2/src) by extensions ['python_setup_py']
[0.508s] Level 1:colcon.colcon_core.package_identification:_identify(src/KinectV1-Ros2/src) by extension 'python_setup_py'
[0.508s] Level 1:colcon.colcon_core.package_identification:_identify(src/KinectV1-Ros2/src/audio_common) by extensions ['ignore', 'ignore_ament_install']
[0.508s] Level 1:colcon.colcon_core.package_identification:_identify(src/KinectV1-Ros2/src/audio_common) by extension 'ignore'
[0.508s] Level 1:colcon.colcon_core.package_identification:_identify(src/KinectV1-Ros2/src/audio_common) by extension 'ignore_ament_install'
[0.509s] Level 1:colcon.colcon_core.package_identification:_identify(src/KinectV1-Ros2/src/audio_common) by extensions ['colcon_pkg']
[0.509s] Level 1:colcon.colcon_core.package_identification:_identify(src/KinectV1-Ros2/src/audio_common) by extension 'colcon_pkg'
[0.509s] Level 1:colcon.colcon_core.package_identification:_identify(src/KinectV1-Ros2/src/audio_common) by extensions ['colcon_meta']
[0.509s] Level 1:colcon.colcon_core.package_identification:_identify(src/KinectV1-Ros2/src/audio_common) by extension 'colcon_meta'
[0.509s] Level 1:colcon.colcon_core.package_identification:_identify(src/KinectV1-Ros2/src/audio_common) by extensions ['ros']
[0.509s] Level 1:colcon.colcon_core.package_identification:_identify(src/KinectV1-Ros2/src/audio_common) by extension 'ros'
[0.510s] Level 1:colcon.colcon_core.package_identification:_identify(src/KinectV1-Ros2/src/audio_common) by extensions ['cmake', 'python']
[0.510s] Level 1:colcon.colcon_core.package_identification:_identify(src/KinectV1-Ros2/src/audio_common) by extension 'cmake'
[0.510s] Level 1:colcon.colcon_core.package_identification:_identify(src/KinectV1-Ros2/src/audio_common) by extension 'python'
[0.510s] Level 1:colcon.colcon_core.package_identification:_identify(src/KinectV1-Ros2/src/audio_common) by extensions ['python_setup_py']
[0.510s] Level 1:colcon.colcon_core.package_identification:_identify(src/KinectV1-Ros2/src/audio_common) by extension 'python_setup_py'
[0.510s] Level 1:colcon.colcon_core.package_identification:_identify(src/KinectV1-Ros2/src/audio_common/audio_common) by extensions ['ignore', 'ignore_ament_install']
[0.511s] Level 1:colcon.colcon_core.package_identification:_identify(src/KinectV1-Ros2/src/audio_common/audio_common) by extension 'ignore'
[0.511s] Level 1:colcon.colcon_core.package_identification:_identify(src/KinectV1-Ros2/src/audio_common/audio_common) by extension 'ignore_ament_install'
[0.511s] Level 1:colcon.colcon_core.package_identification:_identify(src/KinectV1-Ros2/src/audio_common/audio_common) by extensions ['colcon_pkg']
[0.511s] Level 1:colcon.colcon_core.package_identification:_identify(src/KinectV1-Ros2/src/audio_common/audio_common) by extension 'colcon_pkg'
[0.511s] Level 1:colcon.colcon_core.package_identification:_identify(src/KinectV1-Ros2/src/audio_common/audio_common) by extensions ['colcon_meta']
[0.511s] Level 1:colcon.colcon_core.package_identification:_identify(src/KinectV1-Ros2/src/audio_common/audio_common) by extension 'colcon_meta'
[0.511s] Level 1:colcon.colcon_core.package_identification:_identify(src/KinectV1-Ros2/src/audio_common/audio_common) by extensions ['ros']
[0.512s] Level 1:colcon.colcon_core.package_identification:_identify(src/KinectV1-Ros2/src/audio_common/audio_common) by extension 'ros'
[0.517s] DEBUG:colcon.colcon_core.package_identification:Package 'src/KinectV1-Ros2/src/audio_common/audio_common' with type 'ros.ament_cmake' and name 'audio_common'
[0.518s] Level 1:colcon.colcon_core.package_identification:_identify(src/KinectV1-Ros2/src/audio_common/audio_common_msgs) by extensions ['ignore', 'ignore_ament_install']
[0.518s] Level 1:colcon.colcon_core.package_identification:_identify(src/KinectV1-Ros2/src/audio_common/audio_common_msgs) by extension 'ignore'
[0.518s] Level 1:colcon.colcon_core.package_identification:_identify(src/KinectV1-Ros2/src/audio_common/audio_common_msgs) by extension 'ignore_ament_install'
[0.518s] Level 1:colcon.colcon_core.package_identification:_identify(src/KinectV1-Ros2/src/audio_common/audio_common_msgs) by extensions ['colcon_pkg']
[0.519s] Level 1:colcon.colcon_core.package_identification:_identify(src/KinectV1-Ros2/src/audio_common/audio_common_msgs) by extension 'colcon_pkg'
[0.519s] Level 1:colcon.colcon_core.package_identification:_identify(src/KinectV1-Ros2/src/audio_common/audio_common_msgs) by extensions ['colcon_meta']
[0.519s] Level 1:colcon.colcon_core.package_identification:_identify(src/KinectV1-Ros2/src/audio_common/audio_common_msgs) by extension 'colcon_meta'
[0.519s] Level 1:colcon.colcon_core.package_identification:_identify(src/KinectV1-Ros2/src/audio_common/audio_common_msgs) by extensions ['ros']
[0.519s] Level 1:colcon.colcon_core.package_identification:_identify(src/KinectV1-Ros2/src/audio_common/audio_common_msgs) by extension 'ros'
[0.521s] DEBUG:colcon.colcon_core.package_identification:Package 'src/KinectV1-Ros2/src/audio_common/audio_common_msgs' with type 'ros.ament_cmake' and name 'audio_common_msgs'
[0.521s] Level 1:colcon.colcon_core.package_identification:_identify(src/KinectV1-Ros2/src/kinect_ros2) by extensions ['ignore', 'ignore_ament_install']
[0.521s] Level 1:colcon.colcon_core.package_identification:_identify(src/KinectV1-Ros2/src/kinect_ros2) by extension 'ignore'
[0.522s] Level 1:colcon.colcon_core.package_identification:_identify(src/KinectV1-Ros2/src/kinect_ros2) by extension 'ignore_ament_install'
[0.522s] Level 1:colcon.colcon_core.package_identification:_identify(src/KinectV1-Ros2/src/kinect_ros2) by extensions ['colcon_pkg']
[0.522s] Level 1:colcon.colcon_core.package_identification:_identify(src/KinectV1-Ros2/src/kinect_ros2) by extension 'colcon_pkg'
[0.522s] Level 1:colcon.colcon_core.package_identification:_identify(src/KinectV1-Ros2/src/kinect_ros2) by extensions ['colcon_meta']
[0.522s] Level 1:colcon.colcon_core.package_identification:_identify(src/KinectV1-Ros2/src/kinect_ros2) by extension 'colcon_meta'
[0.522s] Level 1:colcon.colcon_core.package_identification:_identify(src/KinectV1-Ros2/src/kinect_ros2) by extensions ['ros']
[0.522s] Level 1:colcon.colcon_core.package_identification:_identify(src/KinectV1-Ros2/src/kinect_ros2) by extension 'ros'
[0.525s] DEBUG:colcon.colcon_core.package_identification:Package 'src/KinectV1-Ros2/src/kinect_ros2' with type 'ros.ament_cmake' and name 'kinect_ros2'
[0.525s] Level 1:colcon.colcon_core.package_identification:_identify(src/KinectV1-Ros2/src/ros2_kinect_depth) by extensions ['ignore', 'ignore_ament_install']
[0.525s] Level 1:colcon.colcon_core.package_identification:_identify(src/KinectV1-Ros2/src/ros2_kinect_depth) by extension 'ignore'
[0.526s] Level 1:colcon.colcon_core.package_identification:_identify(src/KinectV1-Ros2/src/ros2_kinect_depth) by extension 'ignore_ament_install'
[0.526s] Level 1:colcon.colcon_core.package_identification:_identify(src/KinectV1-Ros2/src/ros2_kinect_depth) by extensions ['colcon_pkg']
[0.526s] Level 1:colcon.colcon_core.package_identification:_identify(src/KinectV1-Ros2/src/ros2_kinect_depth) by extension 'colcon_pkg'
[0.526s] Level 1:colcon.colcon_core.package_identification:_identify(src/KinectV1-Ros2/src/ros2_kinect_depth) by extensions ['colcon_meta']
[0.526s] Level 1:colcon.colcon_core.package_identification:_identify(src/KinectV1-Ros2/src/ros2_kinect_depth) by extension 'colcon_meta'
[0.526s] Level 1:colcon.colcon_core.package_identification:_identify(src/KinectV1-Ros2/src/ros2_kinect_depth) by extensions ['ros']
[0.526s] Level 1:colcon.colcon_core.package_identification:_identify(src/KinectV1-Ros2/src/ros2_kinect_depth) by extension 'ros'
[0.528s] DEBUG:colcon.colcon_core.package_identification:Package 'src/KinectV1-Ros2/src/ros2_kinect_depth' with type 'ros.ament_cmake' and name 'ros2_kinect_depth'
[0.528s] Level 1:colcon.colcon_core.package_identification:_identify(src/KinectV1-Ros2/src/ros2_kinect_led) by extensions ['ignore', 'ignore_ament_install']
[0.528s] Level 1:colcon.colcon_core.package_identification:_identify(src/KinectV1-Ros2/src/ros2_kinect_led) by extension 'ignore'
[0.529s] Level 1:colcon.colcon_core.package_identification:_identify(src/KinectV1-Ros2/src/ros2_kinect_led) by extension 'ignore_ament_install'
[0.529s] Level 1:colcon.colcon_core.package_identification:_identify(src/KinectV1-Ros2/src/ros2_kinect_led) by extensions ['colcon_pkg']
[0.529s] Level 1:colcon.colcon_core.package_identification:_identify(src/KinectV1-Ros2/src/ros2_kinect_led) by extension 'colcon_pkg'
[0.529s] Level 1:colcon.colcon_core.package_identification:_identify(src/KinectV1-Ros2/src/ros2_kinect_led) by extensions ['colcon_meta']
[0.529s] Level 1:colcon.colcon_core.package_identification:_identify(src/KinectV1-Ros2/src/ros2_kinect_led) by extension 'colcon_meta'
[0.529s] Level 1:colcon.colcon_core.package_identification:_identify(src/KinectV1-Ros2/src/ros2_kinect_led) by extensions ['ros']
[0.529s] Level 1:colcon.colcon_core.package_identification:_identify(src/KinectV1-Ros2/src/ros2_kinect_led) by extension 'ros'
[0.531s] DEBUG:colcon.colcon_core.package_identification:Package 'src/KinectV1-Ros2/src/ros2_kinect_led' with type 'ros.ament_cmake' and name 'ros2_kinect_led'
[0.531s] Level 1:colcon.colcon_core.package_identification:_identify(src/KinectV1-Ros2/src/ros2_kinect_mic) by extensions ['ignore', 'ignore_ament_install']
[0.531s] Level 1:colcon.colcon_core.package_identification:_identify(src/KinectV1-Ros2/src/ros2_kinect_mic) by extension 'ignore'
[0.532s] Level 1:colcon.colcon_core.package_identification:_identify(src/KinectV1-Ros2/src/ros2_kinect_mic) by extension 'ignore_ament_install'
[0.532s] Level 1:colcon.colcon_core.package_identification:_identify(src/KinectV1-Ros2/src/ros2_kinect_mic) by extensions ['colcon_pkg']
[0.532s] Level 1:colcon.colcon_core.package_identification:_identify(src/KinectV1-Ros2/src/ros2_kinect_mic) by extension 'colcon_pkg'
[0.532s] Level 1:colcon.colcon_core.package_identification:_identify(src/KinectV1-Ros2/src/ros2_kinect_mic) by extensions ['colcon_meta']
[0.532s] Level 1:colcon.colcon_core.package_identification:_identify(src/KinectV1-Ros2/src/ros2_kinect_mic) by extension 'colcon_meta'
[0.532s] Level 1:colcon.colcon_core.package_identification:_identify(src/KinectV1-Ros2/src/ros2_kinect_mic) by extensions ['ros']
[0.532s] Level 1:colcon.colcon_core.package_identification:_identify(src/KinectV1-Ros2/src/ros2_kinect_mic) by extension 'ros'
[0.534s] DEBUG:colcon.colcon_core.package_identification:Package 'src/KinectV1-Ros2/src/ros2_kinect_mic' with type 'ros.ament_cmake' and name 'ros2_kinect_mic_node'
[0.534s] Level 1:colcon.colcon_core.package_identification:_identify(src/KinectV1-Ros2/src/ros2_kinect_rgb) by extensions ['ignore', 'ignore_ament_install']
[0.535s] Level 1:colcon.colcon_core.package_identification:_identify(src/KinectV1-Ros2/src/ros2_kinect_rgb) by extension 'ignore'
[0.535s] Level 1:colcon.colcon_core.package_identification:_identify(src/KinectV1-Ros2/src/ros2_kinect_rgb) by extension 'ignore_ament_install'
[0.535s] Level 1:colcon.colcon_core.package_identification:_identify(src/KinectV1-Ros2/src/ros2_kinect_rgb) by extensions ['colcon_pkg']
[0.535s] Level 1:colcon.colcon_core.package_identification:_identify(src/KinectV1-Ros2/src/ros2_kinect_rgb) by extension 'colcon_pkg'
[0.535s] Level 1:colcon.colcon_core.package_identification:_identify(src/KinectV1-Ros2/src/ros2_kinect_rgb) by extensions ['colcon_meta']
[0.535s] Level 1:colcon.colcon_core.package_identification:_identify(src/KinectV1-Ros2/src/ros2_kinect_rgb) by extension 'colcon_meta'
[0.536s] Level 1:colcon.colcon_core.package_identification:_identify(src/KinectV1-Ros2/src/ros2_kinect_rgb) by extensions ['ros']
[0.536s] Level 1:colcon.colcon_core.package_identification:_identify(src/KinectV1-Ros2/src/ros2_kinect_rgb) by extension 'ros'
[0.538s] DEBUG:colcon.colcon_core.package_identification:Package 'src/KinectV1-Ros2/src/ros2_kinect_rgb' with type 'ros.ament_cmake' and name 'ros2_kinect_rgb'
[0.538s] Level 1:colcon.colcon_core.package_identification:_identify(src/KinectV1-Ros2/src/ros2_kinect_tilt) by extensions ['ignore', 'ignore_ament_install']
[0.538s] Level 1:colcon.colcon_core.package_identification:_identify(src/KinectV1-Ros2/src/ros2_kinect_tilt) by extension 'ignore'
[0.539s] Level 1:colcon.colcon_core.package_identification:_identify(src/KinectV1-Ros2/src/ros2_kinect_tilt) by extension 'ignore_ament_install'
[0.539s] Level 1:colcon.colcon_core.package_identification:_identify(src/KinectV1-Ros2/src/ros2_kinect_tilt) by extensions ['colcon_pkg']
[0.539s] Level 1:colcon.colcon_core.package_identification:_identify(src/KinectV1-Ros2/src/ros2_kinect_tilt) by extension 'colcon_pkg'
[0.539s] Level 1:colcon.colcon_core.package_identification:_identify(src/KinectV1-Ros2/src/ros2_kinect_tilt) by extensions ['colcon_meta']
[0.539s] Level 1:colcon.colcon_core.package_identification:_identify(src/KinectV1-Ros2/src/ros2_kinect_tilt) by extension 'colcon_meta'
[0.539s] Level 1:colcon.colcon_core.package_identification:_identify(src/KinectV1-Ros2/src/ros2_kinect_tilt) by extensions ['ros']
[0.539s] Level 1:colcon.colcon_core.package_identification:_identify(src/KinectV1-Ros2/src/ros2_kinect_tilt) by extension 'ros'
[0.541s] DEBUG:colcon.colcon_core.package_identification:Package 'src/KinectV1-Ros2/src/ros2_kinect_tilt' with type 'ros.ament_cmake' and name 'ros2_kinect_tilt'
[0.541s] Level 1:colcon.colcon_core.package_identification:_identify(src/KinectV1-Ros2/src/ros2_tests) by extensions ['ignore', 'ignore_ament_install']
[0.542s] Level 1:colcon.colcon_core.package_identification:_identify(src/KinectV1-Ros2/src/ros2_tests) by extension 'ignore'
[0.542s] Level 1:colcon.colcon_core.package_identification:_identify(src/KinectV1-Ros2/src/ros2_tests) by extension 'ignore_ament_install'
[0.542s] Level 1:colcon.colcon_core.package_identification:_identify(src/KinectV1-Ros2/src/ros2_tests) by extensions ['colcon_pkg']
[0.543s] Level 1:colcon.colcon_core.package_identification:_identify(src/KinectV1-Ros2/src/ros2_tests) by extension 'colcon_pkg'
[0.543s] Level 1:colcon.colcon_core.package_identification:_identify(src/KinectV1-Ros2/src/ros2_tests) by extensions ['colcon_meta']
[0.543s] Level 1:colcon.colcon_core.package_identification:_identify(src/KinectV1-Ros2/src/ros2_tests) by extension 'colcon_meta'
[0.543s] Level 1:colcon.colcon_core.package_identification:_identify(src/KinectV1-Ros2/src/ros2_tests) by extensions ['ros']
[0.543s] Level 1:colcon.colcon_core.package_identification:_identify(src/KinectV1-Ros2/src/ros2_tests) by extension 'ros'
[0.544s] DEBUG:colcon.colcon_core.package_identification:Package 'src/KinectV1-Ros2/src/ros2_tests' with type 'ros.ament_python' and name 'ros2_tests'
[0.544s] Level 1:colcon.colcon_core.package_identification:_identify(src/kinect_ros2) by extensions ['ignore', 'ignore_ament_install']
[0.545s] Level 1:colcon.colcon_core.package_identification:_identify(src/kinect_ros2) by extension 'ignore'
[0.545s] Level 1:colcon.colcon_core.package_identification:_identify(src/kinect_ros2) by extension 'ignore_ament_install'
[0.545s] Level 1:colcon.colcon_core.package_identification:_identify(src/kinect_ros2) by extensions ['colcon_pkg']
[0.545s] Level 1:colcon.colcon_core.package_identification:_identify(src/kinect_ros2) by extension 'colcon_pkg'
[0.545s] Level 1:colcon.colcon_core.package_identification:_identify(src/kinect_ros2) by extensions ['colcon_meta']
[0.545s] Level 1:colcon.colcon_core.package_identification:_identify(src/kinect_ros2) by extension 'colcon_meta'
[0.546s] Level 1:colcon.colcon_core.package_identification:_identify(src/kinect_ros2) by extensions ['ros']
[0.546s] Level 1:colcon.colcon_core.package_identification:_identify(src/kinect_ros2) by extension 'ros'
[0.548s] DEBUG:colcon.colcon_core.package_identification:Package 'src/kinect_ros2' with type 'ros.ament_cmake' and name 'kinect_ros2'
[0.548s] Level 1:colcon.colcon_core.package_identification:_identify(src/micro_ros_setup) by extensions ['ignore', 'ignore_ament_install']
[0.549s] Level 1:colcon.colcon_core.package_identification:_identify(src/micro_ros_setup) by extension 'ignore'
[0.549s] Level 1:colcon.colcon_core.package_identification:_identify(src/micro_ros_setup) by extension 'ignore_ament_install'
[0.549s] Level 1:colcon.colcon_core.package_identification:_identify(src/micro_ros_setup) by extensions ['colcon_pkg']
[0.549s] Level 1:colcon.colcon_core.package_identification:_identify(src/micro_ros_setup) by extension 'colcon_pkg'
[0.549s] Level 1:colcon.colcon_core.package_identification:_identify(src/micro_ros_setup) by extensions ['colcon_meta']
[0.549s] Level 1:colcon.colcon_core.package_identification:_identify(src/micro_ros_setup) by extension 'colcon_meta'
[0.549s] Level 1:colcon.colcon_core.package_identification:_identify(src/micro_ros_setup) by extensions ['ros']
[0.549s] Level 1:colcon.colcon_core.package_identification:_identify(src/micro_ros_setup) by extension 'ros'
[0.551s] DEBUG:colcon.colcon_core.package_identification:Package 'src/micro_ros_setup' with type 'ros.ament_cmake' and name 'micro_ros_setup'
[0.551s] Level 1:colcon.colcon_core.package_identification:_identify(src/my_fake_lidar) by extensions ['ignore', 'ignore_ament_install']
[0.552s] Level 1:colcon.colcon_core.package_identification:_identify(src/my_fake_lidar) by extension 'ignore'
[0.552s] Level 1:colcon.colcon_core.package_identification:_identify(src/my_fake_lidar) by extension 'ignore_ament_install'
[0.552s] Level 1:colcon.colcon_core.package_identification:_identify(src/my_fake_lidar) by extensions ['colcon_pkg']
[0.552s] Level 1:colcon.colcon_core.package_identification:_identify(src/my_fake_lidar) by extension 'colcon_pkg'
[0.552s] Level 1:colcon.colcon_core.package_identification:_identify(src/my_fake_lidar) by extensions ['colcon_meta']
[0.552s] Level 1:colcon.colcon_core.package_identification:_identify(src/my_fake_lidar) by extension 'colcon_meta'
[0.553s] Level 1:colcon.colcon_core.package_identification:_identify(src/my_fake_lidar) by extensions ['ros']
[0.553s] Level 1:colcon.colcon_core.package_identification:_identify(src/my_fake_lidar) by extension 'ros'
[0.554s] DEBUG:colcon.colcon_core.package_identification:Package 'src/my_fake_lidar' with type 'ros.ament_python' and name 'my_fake_lidar'
[0.554s] Level 1:colcon.colcon_core.package_identification:_identify(src/my_path_publisher) by extensions ['ignore', 'ignore_ament_install']
[0.554s] Level 1:colcon.colcon_core.package_identification:_identify(src/my_path_publisher) by extension 'ignore'
[0.554s] Level 1:colcon.colcon_core.package_identification:_identify(src/my_path_publisher) by extension 'ignore_ament_install'
[0.555s] Level 1:colcon.colcon_core.package_identification:_identify(src/my_path_publisher) by extensions ['colcon_pkg']
[0.555s] Level 1:colcon.colcon_core.package_identification:_identify(src/my_path_publisher) by extension 'colcon_pkg'
[0.555s] Level 1:colcon.colcon_core.package_identification:_identify(src/my_path_publisher) by extensions ['colcon_meta']
[0.555s] Level 1:colcon.colcon_core.package_identification:_identify(src/my_path_publisher) by extension 'colcon_meta'
[0.555s] Level 1:colcon.colcon_core.package_identification:_identify(src/my_path_publisher) by extensions ['ros']
[0.555s] Level 1:colcon.colcon_core.package_identification:_identify(src/my_path_publisher) by extension 'ros'
[0.556s] DEBUG:colcon.colcon_core.package_identification:Package 'src/my_path_publisher' with type 'ros.ament_python' and name 'my_path_publisher'
[0.556s] Level 1:colcon.colcon_core.package_identification:_identify(src/my_two_wheel_robot) by extensions ['ignore', 'ignore_ament_install']
[0.557s] Level 1:colcon.colcon_core.package_identification:_identify(src/my_two_wheel_robot) by extension 'ignore'
[0.557s] Level 1:colcon.colcon_core.package_identification:_identify(src/my_two_wheel_robot) by extension 'ignore_ament_install'
[0.557s] Level 1:colcon.colcon_core.package_identification:_identify(src/my_two_wheel_robot) by extensions ['colcon_pkg']
[0.557s] Level 1:colcon.colcon_core.package_identification:_identify(src/my_two_wheel_robot) by extension 'colcon_pkg'
[0.557s] Level 1:colcon.colcon_core.package_identification:_identify(src/my_two_wheel_robot) by extensions ['colcon_meta']
[0.557s] Level 1:colcon.colcon_core.package_identification:_identify(src/my_two_wheel_robot) by extension 'colcon_meta'
[0.557s] Level 1:colcon.colcon_core.package_identification:_identify(src/my_two_wheel_robot) by extensions ['ros']
[0.557s] Level 1:colcon.colcon_core.package_identification:_identify(src/my_two_wheel_robot) by extension 'ros'
[0.559s] DEBUG:colcon.colcon_core.package_identification:Package 'src/my_two_wheel_robot' with type 'ros.ament_cmake' and name 'my_two_wheel_robot'
[0.560s] Level 1:colcon.colcon_core.package_identification:_identify(src/twist_converter) by extensions ['ignore', 'ignore_ament_install']
[0.560s] Level 1:colcon.colcon_core.package_identification:_identify(src/twist_converter) by extension 'ignore'
[0.560s] Level 1:colcon.colcon_core.package_identification:_identify(src/twist_converter) by extension 'ignore_ament_install'
[0.560s] Level 1:colcon.colcon_core.package_identification:_identify(src/twist_converter) by extensions ['colcon_pkg']
[0.560s] Level 1:colcon.colcon_core.package_identification:_identify(src/twist_converter) by extension 'colcon_pkg'
[0.560s] Level 1:colcon.colcon_core.package_identification:_identify(src/twist_converter) by extensions ['colcon_meta']
[0.560s] Level 1:colcon.colcon_core.package_identification:_identify(src/twist_converter) by extension 'colcon_meta'
[0.561s] Level 1:colcon.colcon_core.package_identification:_identify(src/twist_converter) by extensions ['ros']
[0.561s] Level 1:colcon.colcon_core.package_identification:_identify(src/twist_converter) by extension 'ros'
[0.562s] DEBUG:colcon.colcon_core.package_identification:Package 'src/twist_converter' with type 'ros.ament_python' and name 'twist_converter'
[0.562s] Level 1:colcon.colcon_core.package_identification:_identify(src/view_robot) by extensions ['ignore', 'ignore_ament_install']
[0.562s] Level 1:colcon.colcon_core.package_identification:_identify(src/view_robot) by extension 'ignore'
[0.563s] Level 1:colcon.colcon_core.package_identification:_identify(src/view_robot) by extension 'ignore_ament_install'
[0.563s] Level 1:colcon.colcon_core.package_identification:_identify(src/view_robot) by extensions ['colcon_pkg']
[0.563s] Level 1:colcon.colcon_core.package_identification:_identify(src/view_robot) by extension 'colcon_pkg'
[0.563s] Level 1:colcon.colcon_core.package_identification:_identify(src/view_robot) by extensions ['colcon_meta']
[0.563s] Level 1:colcon.colcon_core.package_identification:_identify(src/view_robot) by extension 'colcon_meta'
[0.563s] Level 1:colcon.colcon_core.package_identification:_identify(src/view_robot) by extensions ['ros']
[0.563s] Level 1:colcon.colcon_core.package_identification:_identify(src/view_robot) by extension 'ros'
[0.565s] DEBUG:colcon.colcon_core.package_identification:Package 'src/view_robot' with type 'ros.ament_cmake' and name 'view_robot'
[0.565s] Level 1:colcon.colcon_core.package_discovery:discover_packages(recursive) using defaults
[0.565s] Level 1:colcon.colcon_core.package_discovery:discover_packages(ignore) discover
[0.565s] Level 1:colcon.colcon_core.package_discovery:discover_packages(ignore) using defaults
[0.565s] Level 1:colcon.colcon_core.package_discovery:discover_packages(path) discover
[0.565s] Level 1:colcon.colcon_core.package_discovery:discover_packages(path) using defaults
[0.623s] Level 1:colcon.colcon_core.package_discovery:discover_packages(prefix_path) check parameters
[0.623s] Level 1:colcon.colcon_core.package_discovery:discover_packages(prefix_path) discover
[0.628s] DEBUG:colcon.colcon_installed_package_information.package_discovery:Found 7 installed packages in /home/anatoly/ros2_ws/install
[0.633s] DEBUG:colcon.colcon_installed_package_information.package_discovery:Found 373 installed packages in /opt/ros/jazzy
[0.636s] Level 1:colcon.colcon_core.package_discovery:discover_packages(prefix_path) using defaults
[0.786s] ERROR:colcon:colcon build: Duplicate package names not supported:
- kinect_ros2:
  - src/KinectV1-Ros2/src/kinect_ros2
  - src/kinect_ros2
