running egg_info
writing ../../build/esp32_bridge/esp32_bridge.egg-info/PKG-INFO
writing dependency_links to ../../build/esp32_bridge/esp32_bridge.egg-info/dependency_links.txt
writing entry points to ../../build/esp32_bridge/esp32_bridge.egg-info/entry_points.txt
writing requirements to ../../build/esp32_bridge/esp32_bridge.egg-info/requires.txt
writing top-level names to ../../build/esp32_bridge/esp32_bridge.egg-info/top_level.txt
reading manifest file '../../build/esp32_bridge/esp32_bridge.egg-info/SOURCES.txt'
writing manifest file '../../build/esp32_bridge/esp32_bridge.egg-info/SOURCES.txt'
running build
running build_py
copying esp32_bridge/bridge_node.py -> /home/anatoly/ros2_ws/build/esp32_bridge/build/lib/esp32_bridge
running install
running install_lib
copying /home/anatoly/ros2_ws/build/esp32_bridge/build/lib/esp32_bridge/bridge_node.py -> /home/anatoly/ros2_ws/install/esp32_bridge/lib/python3.12/site-packages/esp32_bridge
byte-compiling /home/anatoly/ros2_ws/install/esp32_bridge/lib/python3.12/site-packages/esp32_bridge/bridge_node.py to bridge_node.cpython-312.pyc
running install_data
running install_egg_info
removing '/home/anatoly/ros2_ws/install/esp32_bridge/lib/python3.12/site-packages/esp32_bridge-0.0.0-py3.12.egg-info' (and everything under it)
Copying ../../build/esp32_bridge/esp32_bridge.egg-info to /home/anatoly/ros2_ws/install/esp32_bridge/lib/python3.12/site-packages/esp32_bridge-0.0.0-py3.12.egg-info
running install_scripts
Installing esp32_bridge script to /home/anatoly/ros2_ws/install/esp32_bridge/lib/esp32_bridge
writing list of installed files to '/home/anatoly/ros2_ws/build/esp32_bridge/install.log'
