[0.018s] Invoking command in '/home/anatoly/ros2_ws/build/my_two_wheel_robot': CMAKE_PREFIX_PATH=${CMAKE_PREFIX_PATH}:/home/anatoly/ros2_ws/install/twist_converter:/home/anatoly/ros2_ws/install/my_path_publisher:/home/anatoly/ros2_ws/install/my_fake_lidar:/opt/ros/jazzy DEBUGINFOD_URLS=https://debuginfod.ubuntu.com /usr/bin/cmake /home/anatoly/ros2_ws/src/my_two_wheel_robot -DCMAKE_INSTALL_PREFIX=/home/anatoly/ros2_ws/install/my_two_wheel_robot
[0.186s] -- The C compiler identification is GNU 13.3.0
[0.356s] -- The CXX compiler identification is GNU 13.3.0
[0.409s] -- Detecting C compiler ABI info
[0.666s] -- Detecting C compiler ABI info - done
[0.699s] -- Check for working C compiler: /usr/bin/cc - skipped
[0.700s] -- Detecting C compile features
[0.702s] -- Detecting C compile features - done
[0.727s] -- Detecting CXX compiler ABI info
[1.012s] -- Detecting CXX compiler ABI info - done
[1.067s] -- Check for working CXX compiler: /usr/bin/c++ - skipped
[1.068s] -- Detecting CXX compile features
[1.069s] -- Detecting CXX compile features - done
[1.082s] -- Found ament_cmake: 2.5.4 (/opt/ros/jazzy/share/ament_cmake/cmake)
[1.581s] -- Found Python3: /usr/bin/python3 (found version "3.12.3") found components: Interpreter 
[2.048s] -- Found ament_lint_auto: 0.17.3 (/opt/ros/jazzy/share/ament_lint_auto/cmake)
[2.537s] -- Added test 'flake8' to check Python code syntax and style conventions
[2.537s] -- Configured 'flake8' exclude dirs and/or files: 
[2.540s] -- Added test 'lint_cmake' to check CMake code style
[2.544s] -- Added test 'pep257' to check Python code against some of the docstring style conventions in PEP 257
[2.547s] -- Added test 'xmllint' to check XML markup files
[2.553s] -- Configuring done (2.5s)
[2.561s] -- Generating done (0.0s)
[2.566s] -- Build files have been written to: /home/anatoly/ros2_ws/build/my_two_wheel_robot
[2.581s] Invoked command in '/home/anatoly/ros2_ws/build/my_two_wheel_robot' returned '0': CMAKE_PREFIX_PATH=${CMAKE_PREFIX_PATH}:/home/anatoly/ros2_ws/install/twist_converter:/home/anatoly/ros2_ws/install/my_path_publisher:/home/anatoly/ros2_ws/install/my_fake_lidar:/opt/ros/jazzy DEBUGINFOD_URLS=https://debuginfod.ubuntu.com /usr/bin/cmake /home/anatoly/ros2_ws/src/my_two_wheel_robot -DCMAKE_INSTALL_PREFIX=/home/anatoly/ros2_ws/install/my_two_wheel_robot
[2.583s] Invoking command in '/home/anatoly/ros2_ws/build/my_two_wheel_robot': CMAKE_PREFIX_PATH=${CMAKE_PREFIX_PATH}:/home/anatoly/ros2_ws/install/twist_converter:/home/anatoly/ros2_ws/install/my_path_publisher:/home/anatoly/ros2_ws/install/my_fake_lidar:/opt/ros/jazzy DEBUGINFOD_URLS=https://debuginfod.ubuntu.com /usr/bin/cmake --build /home/anatoly/ros2_ws/build/my_two_wheel_robot -- -j2 -l2
[2.692s] Invoked command in '/home/anatoly/ros2_ws/build/my_two_wheel_robot' returned '0': CMAKE_PREFIX_PATH=${CMAKE_PREFIX_PATH}:/home/anatoly/ros2_ws/install/twist_converter:/home/anatoly/ros2_ws/install/my_path_publisher:/home/anatoly/ros2_ws/install/my_fake_lidar:/opt/ros/jazzy DEBUGINFOD_URLS=https://debuginfod.ubuntu.com /usr/bin/cmake --build /home/anatoly/ros2_ws/build/my_two_wheel_robot -- -j2 -l2
[2.695s] Invoking command in '/home/anatoly/ros2_ws/build/my_two_wheel_robot': CMAKE_PREFIX_PATH=${CMAKE_PREFIX_PATH}:/home/anatoly/ros2_ws/install/twist_converter:/home/anatoly/ros2_ws/install/my_path_publisher:/home/anatoly/ros2_ws/install/my_fake_lidar:/opt/ros/jazzy DEBUGINFOD_URLS=https://debuginfod.ubuntu.com /usr/bin/cmake --install /home/anatoly/ros2_ws/build/my_two_wheel_robot
[2.725s] -- Install configuration: ""
[2.726s] -- Installing: /home/anatoly/ros2_ws/install/my_two_wheel_robot/share/my_two_wheel_robot/launch
[2.726s] -- Installing: /home/anatoly/ros2_ws/install/my_two_wheel_robot/share/my_two_wheel_robot/launch/two_wheel_robot.launch.py
[2.727s] -- Installing: /home/anatoly/ros2_ws/install/my_two_wheel_robot/share/my_two_wheel_robot/urdf
[2.728s] -- Installing: /home/anatoly/ros2_ws/install/my_two_wheel_robot/share/my_two_wheel_robot/urdf/my_two_wheel_robot.urdf.xacro
[2.729s] -- Installing: /home/anatoly/ros2_ws/install/my_two_wheel_robot/share/my_two_wheel_robot/config
[2.730s] -- Installing: /home/anatoly/ros2_ws/install/my_two_wheel_robot/share/my_two_wheel_robot/config/diff_drive_controllers.yaml
[2.730s] -- Installing: /home/anatoly/ros2_ws/install/my_two_wheel_robot/share/my_two_wheel_robot/rviz
[2.730s] -- Installing: /home/anatoly/ros2_ws/install/my_two_wheel_robot/share/my_two_wheel_robot/rviz/urdf.rviz
[2.731s] -- Installing: /home/anatoly/ros2_ws/install/my_two_wheel_robot/share/ament_index/resource_index/package_run_dependencies/my_two_wheel_robot
[2.732s] -- Installing: /home/anatoly/ros2_ws/install/my_two_wheel_robot/share/ament_index/resource_index/parent_prefix_path/my_two_wheel_robot
[2.733s] -- Installing: /home/anatoly/ros2_ws/install/my_two_wheel_robot/share/my_two_wheel_robot/environment/ament_prefix_path.sh
[2.735s] -- Installing: /home/anatoly/ros2_ws/install/my_two_wheel_robot/share/my_two_wheel_robot/environment/ament_prefix_path.dsv
[2.735s] -- Installing: /home/anatoly/ros2_ws/install/my_two_wheel_robot/share/my_two_wheel_robot/environment/path.sh
[2.736s] -- Installing: /home/anatoly/ros2_ws/install/my_two_wheel_robot/share/my_two_wheel_robot/environment/path.dsv
[2.737s] -- Installing: /home/anatoly/ros2_ws/install/my_two_wheel_robot/share/my_two_wheel_robot/local_setup.bash
[2.738s] -- Installing: /home/anatoly/ros2_ws/install/my_two_wheel_robot/share/my_two_wheel_robot/local_setup.sh
[2.739s] -- Installing: /home/anatoly/ros2_ws/install/my_two_wheel_robot/share/my_two_wheel_robot/local_setup.zsh
[2.739s] -- Installing: /home/anatoly/ros2_ws/install/my_two_wheel_robot/share/my_two_wheel_robot/local_setup.dsv
[2.740s] -- Installing: /home/anatoly/ros2_ws/install/my_two_wheel_robot/share/my_two_wheel_robot/package.dsv
[2.741s] -- Installing: /home/anatoly/ros2_ws/install/my_two_wheel_robot/share/ament_index/resource_index/packages/my_two_wheel_robot
[2.743s] -- Installing: /home/anatoly/ros2_ws/install/my_two_wheel_robot/share/my_two_wheel_robot/cmake/my_two_wheel_robotConfig.cmake
[2.743s] -- Installing: /home/anatoly/ros2_ws/install/my_two_wheel_robot/share/my_two_wheel_robot/cmake/my_two_wheel_robotConfig-version.cmake
[2.744s] -- Installing: /home/anatoly/ros2_ws/install/my_two_wheel_robot/share/my_two_wheel_robot/package.xml
[2.749s] Invoked command in '/home/anatoly/ros2_ws/build/my_two_wheel_robot' returned '0': CMAKE_PREFIX_PATH=${CMAKE_PREFIX_PATH}:/home/anatoly/ros2_ws/install/twist_converter:/home/anatoly/ros2_ws/install/my_path_publisher:/home/anatoly/ros2_ws/install/my_fake_lidar:/opt/ros/jazzy DEBUGINFOD_URLS=https://debuginfod.ubuntu.com /usr/bin/cmake --install /home/anatoly/ros2_ws/build/my_two_wheel_robot
