[6.290s] Invoking command in '/home/anatoly/ros2_ws/src/esp32_bridge': DEBUGINFOD_URLS=https://debuginfod.ubuntu.com PYTHONPATH=/home/anatoly/ros2_ws/build/esp32_bridge/prefix_override:/usr/lib/python3/dist-packages/colcon_core/task/python/colcon_distutils_commands:/home/anatoly/ros2_ws/install/esp32_bridge/lib/python3.12/site-packages:${PYTHONPATH} /usr/bin/python3 -W ignore:setup.py install is deprecated -W ignore:easy_install command is deprecated setup.py egg_info --egg-base ../../build/esp32_bridge build --build-base /home/anatoly/ros2_ws/build/esp32_bridge/build install --record /home/anatoly/ros2_ws/build/esp32_bridge/install.log --single-version-externally-managed install_data
[7.911s] running egg_info
[8.059s] writing ../../build/esp32_bridge/esp32_bridge.egg-info/PKG-INFO
[8.063s] writing dependency_links to ../../build/esp32_bridge/esp32_bridge.egg-info/dependency_links.txt
[8.073s] writing entry points to ../../build/esp32_bridge/esp32_bridge.egg-info/entry_points.txt
[8.075s] writing requirements to ../../build/esp32_bridge/esp32_bridge.egg-info/requires.txt
[8.077s] writing top-level names to ../../build/esp32_bridge/esp32_bridge.egg-info/top_level.txt
[8.497s] reading manifest file '../../build/esp32_bridge/esp32_bridge.egg-info/SOURCES.txt'
[8.499s] writing manifest file '../../build/esp32_bridge/esp32_bridge.egg-info/SOURCES.txt'
[8.499s] running build
[8.499s] running build_py
[8.510s] copying esp32_bridge/bridge_node.py -> /home/anatoly/ros2_ws/build/esp32_bridge/build/lib/esp32_bridge
[8.510s] running install
[8.525s] running install_lib
[8.628s] copying /home/anatoly/ros2_ws/build/esp32_bridge/build/lib/esp32_bridge/bridge_node.py -> /home/anatoly/ros2_ws/install/esp32_bridge/lib/python3.12/site-packages/esp32_bridge
[8.636s] byte-compiling /home/anatoly/ros2_ws/install/esp32_bridge/lib/python3.12/site-packages/esp32_bridge/bridge_node.py to bridge_node.cpython-312.pyc
[8.645s] running install_data
[8.646s] running install_egg_info
[8.895s] removing '/home/anatoly/ros2_ws/install/esp32_bridge/lib/python3.12/site-packages/esp32_bridge-0.0.0-py3.12.egg-info' (and everything under it)
[8.895s] Copying ../../build/esp32_bridge/esp32_bridge.egg-info to /home/anatoly/ros2_ws/install/esp32_bridge/lib/python3.12/site-packages/esp32_bridge-0.0.0-py3.12.egg-info
[8.907s] running install_scripts
[10.224s] Installing esp32_bridge script to /home/anatoly/ros2_ws/install/esp32_bridge/lib/esp32_bridge
[10.226s] writing list of installed files to '/home/anatoly/ros2_ws/build/esp32_bridge/install.log'
[10.328s] Invoked command in '/home/anatoly/ros2_ws/src/esp32_bridge' returned '0': DEBUGINFOD_URLS=https://debuginfod.ubuntu.com PYTHONPATH=/home/anatoly/ros2_ws/build/esp32_bridge/prefix_override:/usr/lib/python3/dist-packages/colcon_core/task/python/colcon_distutils_commands:/home/anatoly/ros2_ws/install/esp32_bridge/lib/python3.12/site-packages:${PYTHONPATH} /usr/bin/python3 -W ignore:setup.py install is deprecated -W ignore:easy_install command is deprecated setup.py egg_info --egg-base ../../build/esp32_bridge build --build-base /home/anatoly/ros2_ws/build/esp32_bridge/build install --record /home/anatoly/ros2_ws/build/esp32_bridge/install.log --single-version-externally-managed install_data
