[0.366s] DEBUG:colcon:Command line arguments: ['/usr/bin/colcon', 'build']
[0.366s] DEBUG:colcon:Parsed command line arguments: Namespace(log_base=None, log_level=None, verb_name='build', build_base='build', install_base='install', merge_install=False, symlink_install=False, test_result_base=None, continue_on_error=False, executor='parallel', parallel_workers=2, event_handlers=None, ignore_user_meta=False, metas=['./colcon.meta'], base_paths=['.'], packages_ignore=None, packages_ignore_regex=None, paths=None, packages_up_to=None, packages_up_to_regex=None, packages_above=None, packages_above_and_dependencies=None, packages_above_depth=None, packages_select_by_dep=None, packages_skip_by_dep=None, packages_skip_up_to=None, packages_select_build_failed=False, packages_skip_build_finished=False, packages_select_test_failures=False, packages_skip_test_passed=False, packages_select=None, packages_skip=None, packages_select_regex=None, packages_skip_regex=None, packages_start=None, packages_end=None, allow_overriding=[], cmake_args=None, cmake_target=None, cmake_target_skip_unavailable=False, cmake_clean_cache=False, cmake_clean_first=False, cmake_force_configure=False, ament_cmake_args=None, catkin_cmake_args=None, catkin_skip_building_tests=False, mixin_files=None, mixin=None, verb_parser=<colcon_mixin.mixin.mixin_argument.MixinArgumentDecorator object at 0x7514056a4e00>, verb_extension=<colcon_core.verb.build.BuildVerb object at 0x7514057cd6d0>, main=<bound method BuildVerb.main of <colcon_core.verb.build.BuildVerb object at 0x7514057cd6d0>>, mixin_verb=('build',))
[0.515s] Level 1:colcon.colcon_core.package_discovery:discover_packages(colcon_meta) check parameters
[0.515s] Level 1:colcon.colcon_core.package_discovery:discover_packages(recursive) check parameters
[0.515s] Level 1:colcon.colcon_core.package_discovery:discover_packages(ignore) check parameters
[0.516s] Level 1:colcon.colcon_core.package_discovery:discover_packages(path) check parameters
[0.516s] Level 1:colcon.colcon_core.package_discovery:discover_packages(colcon_meta) discover
[0.516s] Level 1:colcon.colcon_core.package_discovery:discover_packages(recursive) discover
[0.516s] INFO:colcon.colcon_core.package_discovery:Crawling recursively for packages in '/home/anatoly/ros2_ws'
[0.516s] Level 1:colcon.colcon_core.package_identification:_identify(.) by extensions ['ignore', 'ignore_ament_install']
[0.517s] Level 1:colcon.colcon_core.package_identification:_identify(.) by extension 'ignore'
[0.517s] Level 1:colcon.colcon_core.package_identification:_identify(.) by extension 'ignore_ament_install'
[0.517s] Level 1:colcon.colcon_core.package_identification:_identify(.) by extensions ['colcon_pkg']
[0.517s] Level 1:colcon.colcon_core.package_identification:_identify(.) by extension 'colcon_pkg'
[0.517s] Level 1:colcon.colcon_core.package_identification:_identify(.) by extensions ['colcon_meta']
[0.517s] Level 1:colcon.colcon_core.package_identification:_identify(.) by extension 'colcon_meta'
[0.517s] Level 1:colcon.colcon_core.package_identification:_identify(.) by extensions ['ros']
[0.518s] Level 1:colcon.colcon_core.package_identification:_identify(.) by extension 'ros'
[0.607s] Level 1:colcon.colcon_core.package_identification:_identify(.) by extensions ['cmake', 'python']
[0.607s] Level 1:colcon.colcon_core.package_identification:_identify(.) by extension 'cmake'
[0.607s] Level 1:colcon.colcon_core.package_identification:_identify(.) by extension 'python'
[0.607s] Level 1:colcon.colcon_core.package_identification:_identify(.) by extensions ['python_setup_py']
[0.607s] Level 1:colcon.colcon_core.package_identification:_identify(.) by extension 'python_setup_py'
[0.608s] Level 1:colcon.colcon_core.package_identification:_identify(build) by extensions ['ignore', 'ignore_ament_install']
[0.608s] Level 1:colcon.colcon_core.package_identification:_identify(build) by extension 'ignore'
[0.609s] Level 1:colcon.colcon_core.package_identification:_identify(build) ignored
[0.609s] Level 1:colcon.colcon_core.package_identification:_identify(install) by extensions ['ignore', 'ignore_ament_install']
[0.609s] Level 1:colcon.colcon_core.package_identification:_identify(install) by extension 'ignore'
[0.609s] Level 1:colcon.colcon_core.package_identification:_identify(install) ignored
[0.610s] Level 1:colcon.colcon_core.package_identification:_identify(log) by extensions ['ignore', 'ignore_ament_install']
[0.610s] Level 1:colcon.colcon_core.package_identification:_identify(log) by extension 'ignore'
[0.610s] Level 1:colcon.colcon_core.package_identification:_identify(log) ignored
[0.611s] Level 1:colcon.colcon_core.package_identification:_identify(src) by extensions ['ignore', 'ignore_ament_install']
[0.611s] Level 1:colcon.colcon_core.package_identification:_identify(src) by extension 'ignore'
[0.611s] Level 1:colcon.colcon_core.package_identification:_identify(src) by extension 'ignore_ament_install'
[0.611s] Level 1:colcon.colcon_core.package_identification:_identify(src) by extensions ['colcon_pkg']
[0.611s] Level 1:colcon.colcon_core.package_identification:_identify(src) by extension 'colcon_pkg'
[0.611s] Level 1:colcon.colcon_core.package_identification:_identify(src) by extensions ['colcon_meta']
[0.612s] Level 1:colcon.colcon_core.package_identification:_identify(src) by extension 'colcon_meta'
[0.612s] Level 1:colcon.colcon_core.package_identification:_identify(src) by extensions ['ros']
[0.612s] Level 1:colcon.colcon_core.package_identification:_identify(src) by extension 'ros'
[0.612s] Level 1:colcon.colcon_core.package_identification:_identify(src) by extensions ['cmake', 'python']
[0.612s] Level 1:colcon.colcon_core.package_identification:_identify(src) by extension 'cmake'
[0.612s] Level 1:colcon.colcon_core.package_identification:_identify(src) by extension 'python'
[0.612s] Level 1:colcon.colcon_core.package_identification:_identify(src) by extensions ['python_setup_py']
[0.612s] Level 1:colcon.colcon_core.package_identification:_identify(src) by extension 'python_setup_py'
[0.613s] Level 1:colcon.colcon_core.package_identification:_identify(src/esp32_bridge) by extensions ['ignore', 'ignore_ament_install']
[0.613s] Level 1:colcon.colcon_core.package_identification:_identify(src/esp32_bridge) by extension 'ignore'
[0.613s] Level 1:colcon.colcon_core.package_identification:_identify(src/esp32_bridge) by extension 'ignore_ament_install'
[0.613s] Level 1:colcon.colcon_core.package_identification:_identify(src/esp32_bridge) by extensions ['colcon_pkg']
[0.614s] Level 1:colcon.colcon_core.package_identification:_identify(src/esp32_bridge) by extension 'colcon_pkg'
[0.614s] Level 1:colcon.colcon_core.package_identification:_identify(src/esp32_bridge) by extensions ['colcon_meta']
[0.614s] Level 1:colcon.colcon_core.package_identification:_identify(src/esp32_bridge) by extension 'colcon_meta'
[0.614s] Level 1:colcon.colcon_core.package_identification:_identify(src/esp32_bridge) by extensions ['ros']
[0.614s] Level 1:colcon.colcon_core.package_identification:_identify(src/esp32_bridge) by extension 'ros'
[0.622s] DEBUG:colcon.colcon_core.package_identification:Package 'src/esp32_bridge' with type 'ros.ament_python' and name 'esp32_bridge'
[0.622s] Level 1:colcon.colcon_core.package_identification:_identify(src/kinect_ros2) by extensions ['ignore', 'ignore_ament_install']
[0.622s] Level 1:colcon.colcon_core.package_identification:_identify(src/kinect_ros2) by extension 'ignore'
[0.622s] Level 1:colcon.colcon_core.package_identification:_identify(src/kinect_ros2) by extension 'ignore_ament_install'
[0.623s] Level 1:colcon.colcon_core.package_identification:_identify(src/kinect_ros2) by extensions ['colcon_pkg']
[0.623s] Level 1:colcon.colcon_core.package_identification:_identify(src/kinect_ros2) by extension 'colcon_pkg'
[0.623s] Level 1:colcon.colcon_core.package_identification:_identify(src/kinect_ros2) by extensions ['colcon_meta']
[0.623s] Level 1:colcon.colcon_core.package_identification:_identify(src/kinect_ros2) by extension 'colcon_meta'
[0.623s] Level 1:colcon.colcon_core.package_identification:_identify(src/kinect_ros2) by extensions ['ros']
[0.623s] Level 1:colcon.colcon_core.package_identification:_identify(src/kinect_ros2) by extension 'ros'
[0.626s] DEBUG:colcon.colcon_core.package_identification:Package 'src/kinect_ros2' with type 'ros.ament_cmake' and name 'kinect_ros2'
[0.627s] Level 1:colcon.colcon_core.package_identification:_identify(src/micro_ros_setup) by extensions ['ignore', 'ignore_ament_install']
[0.627s] Level 1:colcon.colcon_core.package_identification:_identify(src/micro_ros_setup) by extension 'ignore'
[0.627s] Level 1:colcon.colcon_core.package_identification:_identify(src/micro_ros_setup) by extension 'ignore_ament_install'
[0.627s] Level 1:colcon.colcon_core.package_identification:_identify(src/micro_ros_setup) by extensions ['colcon_pkg']
[0.628s] Level 1:colcon.colcon_core.package_identification:_identify(src/micro_ros_setup) by extension 'colcon_pkg'
[0.628s] Level 1:colcon.colcon_core.package_identification:_identify(src/micro_ros_setup) by extensions ['colcon_meta']
[0.628s] Level 1:colcon.colcon_core.package_identification:_identify(src/micro_ros_setup) by extension 'colcon_meta'
[0.628s] Level 1:colcon.colcon_core.package_identification:_identify(src/micro_ros_setup) by extensions ['ros']
[0.628s] Level 1:colcon.colcon_core.package_identification:_identify(src/micro_ros_setup) by extension 'ros'
[0.631s] DEBUG:colcon.colcon_core.package_identification:Package 'src/micro_ros_setup' with type 'ros.ament_cmake' and name 'micro_ros_setup'
[0.631s] Level 1:colcon.colcon_core.package_identification:_identify(src/my_fake_lidar) by extensions ['ignore', 'ignore_ament_install']
[0.632s] Level 1:colcon.colcon_core.package_identification:_identify(src/my_fake_lidar) by extension 'ignore'
[0.632s] Level 1:colcon.colcon_core.package_identification:_identify(src/my_fake_lidar) by extension 'ignore_ament_install'
[0.632s] Level 1:colcon.colcon_core.package_identification:_identify(src/my_fake_lidar) by extensions ['colcon_pkg']
[0.632s] Level 1:colcon.colcon_core.package_identification:_identify(src/my_fake_lidar) by extension 'colcon_pkg'
[0.633s] Level 1:colcon.colcon_core.package_identification:_identify(src/my_fake_lidar) by extensions ['colcon_meta']
[0.633s] Level 1:colcon.colcon_core.package_identification:_identify(src/my_fake_lidar) by extension 'colcon_meta'
[0.633s] Level 1:colcon.colcon_core.package_identification:_identify(src/my_fake_lidar) by extensions ['ros']
[0.633s] Level 1:colcon.colcon_core.package_identification:_identify(src/my_fake_lidar) by extension 'ros'
[0.634s] DEBUG:colcon.colcon_core.package_identification:Package 'src/my_fake_lidar' with type 'ros.ament_python' and name 'my_fake_lidar'
[0.635s] Level 1:colcon.colcon_core.package_identification:_identify(src/my_path_publisher) by extensions ['ignore', 'ignore_ament_install']
[0.635s] Level 1:colcon.colcon_core.package_identification:_identify(src/my_path_publisher) by extension 'ignore'
[0.635s] Level 1:colcon.colcon_core.package_identification:_identify(src/my_path_publisher) by extension 'ignore_ament_install'
[0.636s] Level 1:colcon.colcon_core.package_identification:_identify(src/my_path_publisher) by extensions ['colcon_pkg']
[0.636s] Level 1:colcon.colcon_core.package_identification:_identify(src/my_path_publisher) by extension 'colcon_pkg'
[0.636s] Level 1:colcon.colcon_core.package_identification:_identify(src/my_path_publisher) by extensions ['colcon_meta']
[0.636s] Level 1:colcon.colcon_core.package_identification:_identify(src/my_path_publisher) by extension 'colcon_meta'
[0.636s] Level 1:colcon.colcon_core.package_identification:_identify(src/my_path_publisher) by extensions ['ros']
[0.636s] Level 1:colcon.colcon_core.package_identification:_identify(src/my_path_publisher) by extension 'ros'
[0.638s] DEBUG:colcon.colcon_core.package_identification:Package 'src/my_path_publisher' with type 'ros.ament_python' and name 'my_path_publisher'
[0.638s] Level 1:colcon.colcon_core.package_identification:_identify(src/my_two_wheel_robot) by extensions ['ignore', 'ignore_ament_install']
[0.638s] Level 1:colcon.colcon_core.package_identification:_identify(src/my_two_wheel_robot) by extension 'ignore'
[0.638s] Level 1:colcon.colcon_core.package_identification:_identify(src/my_two_wheel_robot) by extension 'ignore_ament_install'
[0.639s] Level 1:colcon.colcon_core.package_identification:_identify(src/my_two_wheel_robot) by extensions ['colcon_pkg']
[0.639s] Level 1:colcon.colcon_core.package_identification:_identify(src/my_two_wheel_robot) by extension 'colcon_pkg'
[0.639s] Level 1:colcon.colcon_core.package_identification:_identify(src/my_two_wheel_robot) by extensions ['colcon_meta']
[0.639s] Level 1:colcon.colcon_core.package_identification:_identify(src/my_two_wheel_robot) by extension 'colcon_meta'
[0.639s] Level 1:colcon.colcon_core.package_identification:_identify(src/my_two_wheel_robot) by extensions ['ros']
[0.639s] Level 1:colcon.colcon_core.package_identification:_identify(src/my_two_wheel_robot) by extension 'ros'
[0.641s] DEBUG:colcon.colcon_core.package_identification:Package 'src/my_two_wheel_robot' with type 'ros.ament_cmake' and name 'my_two_wheel_robot'
[0.642s] Level 1:colcon.colcon_core.package_identification:_identify(src/twist_converter) by extensions ['ignore', 'ignore_ament_install']
[0.642s] Level 1:colcon.colcon_core.package_identification:_identify(src/twist_converter) by extension 'ignore'
[0.642s] Level 1:colcon.colcon_core.package_identification:_identify(src/twist_converter) by extension 'ignore_ament_install'
[0.642s] Level 1:colcon.colcon_core.package_identification:_identify(src/twist_converter) by extensions ['colcon_pkg']
[0.643s] Level 1:colcon.colcon_core.package_identification:_identify(src/twist_converter) by extension 'colcon_pkg'
[0.643s] Level 1:colcon.colcon_core.package_identification:_identify(src/twist_converter) by extensions ['colcon_meta']
[0.643s] Level 1:colcon.colcon_core.package_identification:_identify(src/twist_converter) by extension 'colcon_meta'
[0.643s] Level 1:colcon.colcon_core.package_identification:_identify(src/twist_converter) by extensions ['ros']
[0.643s] Level 1:colcon.colcon_core.package_identification:_identify(src/twist_converter) by extension 'ros'
[0.646s] DEBUG:colcon.colcon_core.package_identification:Package 'src/twist_converter' with type 'ros.ament_python' and name 'twist_converter'
[0.646s] Level 1:colcon.colcon_core.package_identification:_identify(src/view_robot) by extensions ['ignore', 'ignore_ament_install']
[0.647s] Level 1:colcon.colcon_core.package_identification:_identify(src/view_robot) by extension 'ignore'
[0.647s] Level 1:colcon.colcon_core.package_identification:_identify(src/view_robot) by extension 'ignore_ament_install'
[0.647s] Level 1:colcon.colcon_core.package_identification:_identify(src/view_robot) by extensions ['colcon_pkg']
[0.647s] Level 1:colcon.colcon_core.package_identification:_identify(src/view_robot) by extension 'colcon_pkg'
[0.647s] Level 1:colcon.colcon_core.package_identification:_identify(src/view_robot) by extensions ['colcon_meta']
[0.648s] Level 1:colcon.colcon_core.package_identification:_identify(src/view_robot) by extension 'colcon_meta'
[0.648s] Level 1:colcon.colcon_core.package_identification:_identify(src/view_robot) by extensions ['ros']
[0.648s] Level 1:colcon.colcon_core.package_identification:_identify(src/view_robot) by extension 'ros'
[0.650s] DEBUG:colcon.colcon_core.package_identification:Package 'src/view_robot' with type 'ros.ament_cmake' and name 'view_robot'
[0.651s] Level 1:colcon.colcon_core.package_discovery:discover_packages(recursive) using defaults
[0.651s] Level 1:colcon.colcon_core.package_discovery:discover_packages(ignore) discover
[0.651s] Level 1:colcon.colcon_core.package_discovery:discover_packages(ignore) using defaults
[0.651s] Level 1:colcon.colcon_core.package_discovery:discover_packages(path) discover
[0.651s] Level 1:colcon.colcon_core.package_discovery:discover_packages(path) using defaults
[0.711s] Level 1:colcon.colcon_core.package_discovery:discover_packages(prefix_path) check parameters
[0.711s] Level 1:colcon.colcon_core.package_discovery:discover_packages(prefix_path) discover
[0.719s] DEBUG:colcon.colcon_installed_package_information.package_discovery:Found 9 installed packages in /home/anatoly/ros2_ws/install
[0.724s] DEBUG:colcon.colcon_installed_package_information.package_discovery:Found 374 installed packages in /opt/ros/jazzy
[0.729s] Level 1:colcon.colcon_core.package_discovery:discover_packages(prefix_path) using defaults
[0.883s] Level 5:colcon.colcon_core.verb:set package 'esp32_bridge' build argument 'cmake_args' from command line to 'None'
[0.883s] Level 5:colcon.colcon_core.verb:set package 'esp32_bridge' build argument 'cmake_target' from command line to 'None'
[0.883s] Level 5:colcon.colcon_core.verb:set package 'esp32_bridge' build argument 'cmake_target_skip_unavailable' from command line to 'False'
[0.883s] Level 5:colcon.colcon_core.verb:set package 'esp32_bridge' build argument 'cmake_clean_cache' from command line to 'False'
[0.883s] Level 5:colcon.colcon_core.verb:set package 'esp32_bridge' build argument 'cmake_clean_first' from command line to 'False'
[0.883s] Level 5:colcon.colcon_core.verb:set package 'esp32_bridge' build argument 'cmake_force_configure' from command line to 'False'
[0.883s] Level 5:colcon.colcon_core.verb:set package 'esp32_bridge' build argument 'ament_cmake_args' from command line to 'None'
[0.883s] Level 5:colcon.colcon_core.verb:set package 'esp32_bridge' build argument 'catkin_cmake_args' from command line to 'None'
[0.883s] Level 5:colcon.colcon_core.verb:set package 'esp32_bridge' build argument 'catkin_skip_building_tests' from command line to 'False'
[0.884s] DEBUG:colcon.colcon_core.verb:Building package 'esp32_bridge' with the following arguments: {'ament_cmake_args': None, 'build_base': '/home/anatoly/ros2_ws/build/esp32_bridge', 'catkin_cmake_args': None, 'catkin_skip_building_tests': False, 'cmake_args': None, 'cmake_clean_cache': False, 'cmake_clean_first': False, 'cmake_force_configure': False, 'cmake_target': None, 'cmake_target_skip_unavailable': False, 'install_base': '/home/anatoly/ros2_ws/install/esp32_bridge', 'merge_install': False, 'path': '/home/anatoly/ros2_ws/src/esp32_bridge', 'symlink_install': False, 'test_result_base': None}
[0.884s] Level 5:colcon.colcon_core.verb:set package 'kinect_ros2' build argument 'cmake_args' from command line to 'None'
[0.884s] Level 5:colcon.colcon_core.verb:set package 'kinect_ros2' build argument 'cmake_target' from command line to 'None'
[0.885s] Level 5:colcon.colcon_core.verb:set package 'kinect_ros2' build argument 'cmake_target_skip_unavailable' from command line to 'False'
[0.885s] Level 5:colcon.colcon_core.verb:set package 'kinect_ros2' build argument 'cmake_clean_cache' from command line to 'False'
[0.885s] Level 5:colcon.colcon_core.verb:set package 'kinect_ros2' build argument 'cmake_clean_first' from command line to 'False'
[0.885s] Level 5:colcon.colcon_core.verb:set package 'kinect_ros2' build argument 'cmake_force_configure' from command line to 'False'
[0.885s] Level 5:colcon.colcon_core.verb:set package 'kinect_ros2' build argument 'ament_cmake_args' from command line to 'None'
[0.885s] Level 5:colcon.colcon_core.verb:set package 'kinect_ros2' build argument 'catkin_cmake_args' from command line to 'None'
[0.885s] Level 5:colcon.colcon_core.verb:set package 'kinect_ros2' build argument 'catkin_skip_building_tests' from command line to 'False'
[0.885s] DEBUG:colcon.colcon_core.verb:Building package 'kinect_ros2' with the following arguments: {'ament_cmake_args': None, 'build_base': '/home/anatoly/ros2_ws/build/kinect_ros2', 'catkin_cmake_args': None, 'catkin_skip_building_tests': False, 'cmake_args': None, 'cmake_clean_cache': False, 'cmake_clean_first': False, 'cmake_force_configure': False, 'cmake_target': None, 'cmake_target_skip_unavailable': False, 'install_base': '/home/anatoly/ros2_ws/install/kinect_ros2', 'merge_install': False, 'path': '/home/anatoly/ros2_ws/src/kinect_ros2', 'symlink_install': False, 'test_result_base': None}
[0.886s] Level 5:colcon.colcon_core.verb:set package 'micro_ros_setup' build argument 'cmake_args' from command line to 'None'
[0.886s] Level 5:colcon.colcon_core.verb:set package 'micro_ros_setup' build argument 'cmake_target' from command line to 'None'
[0.886s] Level 5:colcon.colcon_core.verb:set package 'micro_ros_setup' build argument 'cmake_target_skip_unavailable' from command line to 'False'
[0.886s] Level 5:colcon.colcon_core.verb:set package 'micro_ros_setup' build argument 'cmake_clean_cache' from command line to 'False'
[0.886s] Level 5:colcon.colcon_core.verb:set package 'micro_ros_setup' build argument 'cmake_clean_first' from command line to 'False'
[0.886s] Level 5:colcon.colcon_core.verb:set package 'micro_ros_setup' build argument 'cmake_force_configure' from command line to 'False'
[0.886s] Level 5:colcon.colcon_core.verb:set package 'micro_ros_setup' build argument 'ament_cmake_args' from command line to 'None'
[0.886s] Level 5:colcon.colcon_core.verb:set package 'micro_ros_setup' build argument 'catkin_cmake_args' from command line to 'None'
[0.887s] Level 5:colcon.colcon_core.verb:set package 'micro_ros_setup' build argument 'catkin_skip_building_tests' from command line to 'False'
[0.887s] DEBUG:colcon.colcon_core.verb:Building package 'micro_ros_setup' with the following arguments: {'ament_cmake_args': None, 'build_base': '/home/anatoly/ros2_ws/build/micro_ros_setup', 'catkin_cmake_args': None, 'catkin_skip_building_tests': False, 'cmake_args': None, 'cmake_clean_cache': False, 'cmake_clean_first': False, 'cmake_force_configure': False, 'cmake_target': None, 'cmake_target_skip_unavailable': False, 'install_base': '/home/anatoly/ros2_ws/install/micro_ros_setup', 'merge_install': False, 'path': '/home/anatoly/ros2_ws/src/micro_ros_setup', 'symlink_install': False, 'test_result_base': None}
[0.888s] Level 5:colcon.colcon_core.verb:set package 'my_fake_lidar' build argument 'cmake_args' from command line to 'None'
[0.888s] Level 5:colcon.colcon_core.verb:set package 'my_fake_lidar' build argument 'cmake_target' from command line to 'None'
[0.888s] Level 5:colcon.colcon_core.verb:set package 'my_fake_lidar' build argument 'cmake_target_skip_unavailable' from command line to 'False'
[0.888s] Level 5:colcon.colcon_core.verb:set package 'my_fake_lidar' build argument 'cmake_clean_cache' from command line to 'False'
[0.888s] Level 5:colcon.colcon_core.verb:set package 'my_fake_lidar' build argument 'cmake_clean_first' from command line to 'False'
[0.888s] Level 5:colcon.colcon_core.verb:set package 'my_fake_lidar' build argument 'cmake_force_configure' from command line to 'False'
[0.888s] Level 5:colcon.colcon_core.verb:set package 'my_fake_lidar' build argument 'ament_cmake_args' from command line to 'None'
[0.888s] Level 5:colcon.colcon_core.verb:set package 'my_fake_lidar' build argument 'catkin_cmake_args' from command line to 'None'
[0.888s] Level 5:colcon.colcon_core.verb:set package 'my_fake_lidar' build argument 'catkin_skip_building_tests' from command line to 'False'
[0.888s] DEBUG:colcon.colcon_core.verb:Building package 'my_fake_lidar' with the following arguments: {'ament_cmake_args': None, 'build_base': '/home/anatoly/ros2_ws/build/my_fake_lidar', 'catkin_cmake_args': None, 'catkin_skip_building_tests': False, 'cmake_args': None, 'cmake_clean_cache': False, 'cmake_clean_first': False, 'cmake_force_configure': False, 'cmake_target': None, 'cmake_target_skip_unavailable': False, 'install_base': '/home/anatoly/ros2_ws/install/my_fake_lidar', 'merge_install': False, 'path': '/home/anatoly/ros2_ws/src/my_fake_lidar', 'symlink_install': False, 'test_result_base': None}
[0.889s] Level 5:colcon.colcon_core.verb:set package 'my_path_publisher' build argument 'cmake_args' from command line to 'None'
[0.889s] Level 5:colcon.colcon_core.verb:set package 'my_path_publisher' build argument 'cmake_target' from command line to 'None'
[0.889s] Level 5:colcon.colcon_core.verb:set package 'my_path_publisher' build argument 'cmake_target_skip_unavailable' from command line to 'False'
[0.889s] Level 5:colcon.colcon_core.verb:set package 'my_path_publisher' build argument 'cmake_clean_cache' from command line to 'False'
[0.889s] Level 5:colcon.colcon_core.verb:set package 'my_path_publisher' build argument 'cmake_clean_first' from command line to 'False'
[0.889s] Level 5:colcon.colcon_core.verb:set package 'my_path_publisher' build argument 'cmake_force_configure' from command line to 'False'
[0.890s] Level 5:colcon.colcon_core.verb:set package 'my_path_publisher' build argument 'ament_cmake_args' from command line to 'None'
[0.890s] Level 5:colcon.colcon_core.verb:set package 'my_path_publisher' build argument 'catkin_cmake_args' from command line to 'None'
[0.890s] Level 5:colcon.colcon_core.verb:set package 'my_path_publisher' build argument 'catkin_skip_building_tests' from command line to 'False'
[0.890s] DEBUG:colcon.colcon_core.verb:Building package 'my_path_publisher' with the following arguments: {'ament_cmake_args': None, 'build_base': '/home/anatoly/ros2_ws/build/my_path_publisher', 'catkin_cmake_args': None, 'catkin_skip_building_tests': False, 'cmake_args': None, 'cmake_clean_cache': False, 'cmake_clean_first': False, 'cmake_force_configure': False, 'cmake_target': None, 'cmake_target_skip_unavailable': False, 'install_base': '/home/anatoly/ros2_ws/install/my_path_publisher', 'merge_install': False, 'path': '/home/anatoly/ros2_ws/src/my_path_publisher', 'symlink_install': False, 'test_result_base': None}
[0.891s] Level 5:colcon.colcon_core.verb:set package 'my_two_wheel_robot' build argument 'cmake_args' from command line to 'None'
[0.891s] Level 5:colcon.colcon_core.verb:set package 'my_two_wheel_robot' build argument 'cmake_target' from command line to 'None'
[0.891s] Level 5:colcon.colcon_core.verb:set package 'my_two_wheel_robot' build argument 'cmake_target_skip_unavailable' from command line to 'False'
[0.891s] Level 5:colcon.colcon_core.verb:set package 'my_two_wheel_robot' build argument 'cmake_clean_cache' from command line to 'False'
[0.891s] Level 5:colcon.colcon_core.verb:set package 'my_two_wheel_robot' build argument 'cmake_clean_first' from command line to 'False'
[0.891s] Level 5:colcon.colcon_core.verb:set package 'my_two_wheel_robot' build argument 'cmake_force_configure' from command line to 'False'
[0.891s] Level 5:colcon.colcon_core.verb:set package 'my_two_wheel_robot' build argument 'ament_cmake_args' from command line to 'None'
[0.891s] Level 5:colcon.colcon_core.verb:set package 'my_two_wheel_robot' build argument 'catkin_cmake_args' from command line to 'None'
[0.891s] Level 5:colcon.colcon_core.verb:set package 'my_two_wheel_robot' build argument 'catkin_skip_building_tests' from command line to 'False'
[0.891s] DEBUG:colcon.colcon_core.verb:Building package 'my_two_wheel_robot' with the following arguments: {'ament_cmake_args': None, 'build_base': '/home/anatoly/ros2_ws/build/my_two_wheel_robot', 'catkin_cmake_args': None, 'catkin_skip_building_tests': False, 'cmake_args': None, 'cmake_clean_cache': False, 'cmake_clean_first': False, 'cmake_force_configure': False, 'cmake_target': None, 'cmake_target_skip_unavailable': False, 'install_base': '/home/anatoly/ros2_ws/install/my_two_wheel_robot', 'merge_install': False, 'path': '/home/anatoly/ros2_ws/src/my_two_wheel_robot', 'symlink_install': False, 'test_result_base': None}
[0.892s] Level 5:colcon.colcon_core.verb:set package 'twist_converter' build argument 'cmake_args' from command line to 'None'
[0.892s] Level 5:colcon.colcon_core.verb:set package 'twist_converter' build argument 'cmake_target' from command line to 'None'
[0.892s] Level 5:colcon.colcon_core.verb:set package 'twist_converter' build argument 'cmake_target_skip_unavailable' from command line to 'False'
[0.892s] Level 5:colcon.colcon_core.verb:set package 'twist_converter' build argument 'cmake_clean_cache' from command line to 'False'
[0.892s] Level 5:colcon.colcon_core.verb:set package 'twist_converter' build argument 'cmake_clean_first' from command line to 'False'
[0.892s] Level 5:colcon.colcon_core.verb:set package 'twist_converter' build argument 'cmake_force_configure' from command line to 'False'
[0.892s] Level 5:colcon.colcon_core.verb:set package 'twist_converter' build argument 'ament_cmake_args' from command line to 'None'
[0.892s] Level 5:colcon.colcon_core.verb:set package 'twist_converter' build argument 'catkin_cmake_args' from command line to 'None'
[0.892s] Level 5:colcon.colcon_core.verb:set package 'twist_converter' build argument 'catkin_skip_building_tests' from command line to 'False'
[0.893s] DEBUG:colcon.colcon_core.verb:Building package 'twist_converter' with the following arguments: {'ament_cmake_args': None, 'build_base': '/home/anatoly/ros2_ws/build/twist_converter', 'catkin_cmake_args': None, 'catkin_skip_building_tests': False, 'cmake_args': None, 'cmake_clean_cache': False, 'cmake_clean_first': False, 'cmake_force_configure': False, 'cmake_target': None, 'cmake_target_skip_unavailable': False, 'install_base': '/home/anatoly/ros2_ws/install/twist_converter', 'merge_install': False, 'path': '/home/anatoly/ros2_ws/src/twist_converter', 'symlink_install': False, 'test_result_base': None}
[0.893s] Level 5:colcon.colcon_core.verb:set package 'view_robot' build argument 'cmake_args' from command line to 'None'
[0.893s] Level 5:colcon.colcon_core.verb:set package 'view_robot' build argument 'cmake_target' from command line to 'None'
[0.893s] Level 5:colcon.colcon_core.verb:set package 'view_robot' build argument 'cmake_target_skip_unavailable' from command line to 'False'
[0.894s] Level 5:colcon.colcon_core.verb:set package 'view_robot' build argument 'cmake_clean_cache' from command line to 'False'
[0.894s] Level 5:colcon.colcon_core.verb:set package 'view_robot' build argument 'cmake_clean_first' from command line to 'False'
[0.894s] Level 5:colcon.colcon_core.verb:set package 'view_robot' build argument 'cmake_force_configure' from command line to 'False'
[0.894s] Level 5:colcon.colcon_core.verb:set package 'view_robot' build argument 'ament_cmake_args' from command line to 'None'
[0.894s] Level 5:colcon.colcon_core.verb:set package 'view_robot' build argument 'catkin_cmake_args' from command line to 'None'
[0.894s] Level 5:colcon.colcon_core.verb:set package 'view_robot' build argument 'catkin_skip_building_tests' from command line to 'False'
[0.894s] DEBUG:colcon.colcon_core.verb:Building package 'view_robot' with the following arguments: {'ament_cmake_args': None, 'build_base': '/home/anatoly/ros2_ws/build/view_robot', 'catkin_cmake_args': None, 'catkin_skip_building_tests': False, 'cmake_args': None, 'cmake_clean_cache': False, 'cmake_clean_first': False, 'cmake_force_configure': False, 'cmake_target': None, 'cmake_target_skip_unavailable': False, 'install_base': '/home/anatoly/ros2_ws/install/view_robot', 'merge_install': False, 'path': '/home/anatoly/ros2_ws/src/view_robot', 'symlink_install': False, 'test_result_base': None}
[0.894s] INFO:colcon.colcon_core.executor:Executing jobs using 'parallel' executor
[0.896s] DEBUG:colcon.colcon_parallel_executor.executor.parallel:run_until_complete
[0.897s] INFO:colcon.colcon_ros.task.ament_python.build:Building ROS package in '/home/anatoly/ros2_ws/src/esp32_bridge' with build type 'ament_python'
[0.897s] Level 1:colcon.colcon_core.shell:create_environment_hook('esp32_bridge', 'ament_prefix_path')
[0.910s] INFO:colcon.colcon_core.plugin_system:Skipping extension 'colcon_core.shell.bat': Not used on non-Windows systems
[0.911s] INFO:colcon.colcon_core.shell:Creating environment hook '/home/anatoly/ros2_ws/install/esp32_bridge/share/esp32_bridge/hook/ament_prefix_path.ps1'
[0.914s] INFO:colcon.colcon_core.shell:Creating environment descriptor '/home/anatoly/ros2_ws/install/esp32_bridge/share/esp32_bridge/hook/ament_prefix_path.dsv'
[0.917s] INFO:colcon.colcon_core.shell:Creating environment hook '/home/anatoly/ros2_ws/install/esp32_bridge/share/esp32_bridge/hook/ament_prefix_path.sh'
[0.919s] INFO:colcon.colcon_core.shell:Skip shell extension 'powershell' for command environment: Not usable outside of PowerShell
[0.920s] DEBUG:colcon.colcon_core.shell:Skip shell extension 'dsv' for command environment
[0.930s] INFO:colcon.colcon_ros.task.ament_cmake.build:Building ROS package in '/home/anatoly/ros2_ws/src/kinect_ros2' with build type 'ament_cmake'
[0.931s] INFO:colcon.colcon_cmake.task.cmake.build:Building CMake package in '/home/anatoly/ros2_ws/src/kinect_ros2'
[0.931s] INFO:colcon.colcon_core.shell:Skip shell extension 'powershell' for command environment: Not usable outside of PowerShell
[0.931s] DEBUG:colcon.colcon_core.shell:Skip shell extension 'dsv' for command environment
[1.662s] INFO:colcon.colcon_core.task.python.build:Building Python package in '/home/anatoly/ros2_ws/src/esp32_bridge'
[1.663s] INFO:colcon.colcon_core.shell:Skip shell extension 'powershell' for command environment: Not usable outside of PowerShell
[1.663s] DEBUG:colcon.colcon_core.shell:Skip shell extension 'dsv' for command environment
[1.684s] DEBUG:colcon.colcon_core.event_handler.log_command:Invoking command in '/home/anatoly/ros2_ws/build/kinect_ros2': CMAKE_PREFIX_PATH=${CMAKE_PREFIX_PATH}:/home/anatoly/ros2_ws/install/twist_converter:/home/anatoly/ros2_ws/install/my_path_publisher:/home/anatoly/ros2_ws/install/my_fake_lidar:/home/anatoly/ros2_ws/install/esp32_bridge:/opt/ros/jazzy DEBUGINFOD_URLS=https://debuginfod.ubuntu.com /usr/bin/cmake --build /home/anatoly/ros2_ws/build/kinect_ros2 -- -j2 -l2
[2.054s] DEBUG:colcon.colcon_core.event_handler.log_command:Invoked command in '/home/anatoly/ros2_ws/build/kinect_ros2' returned '0': CMAKE_PREFIX_PATH=${CMAKE_PREFIX_PATH}:/home/anatoly/ros2_ws/install/twist_converter:/home/anatoly/ros2_ws/install/my_path_publisher:/home/anatoly/ros2_ws/install/my_fake_lidar:/home/anatoly/ros2_ws/install/esp32_bridge:/opt/ros/jazzy DEBUGINFOD_URLS=https://debuginfod.ubuntu.com /usr/bin/cmake --build /home/anatoly/ros2_ws/build/kinect_ros2 -- -j2 -l2
[2.089s] DEBUG:colcon.colcon_core.event_handler.log_command:Invoking command in '/home/anatoly/ros2_ws/build/kinect_ros2': CMAKE_PREFIX_PATH=${CMAKE_PREFIX_PATH}:/home/anatoly/ros2_ws/install/twist_converter:/home/anatoly/ros2_ws/install/my_path_publisher:/home/anatoly/ros2_ws/install/my_fake_lidar:/home/anatoly/ros2_ws/install/esp32_bridge:/opt/ros/jazzy DEBUGINFOD_URLS=https://debuginfod.ubuntu.com /usr/bin/cmake --install /home/anatoly/ros2_ws/build/kinect_ros2
[2.154s] Level 1:colcon.colcon_core.environment:create_environment_scripts_only(kinect_ros2)
[2.159s] DEBUG:colcon.colcon_core.event_handler.log_command:Invoked command in '/home/anatoly/ros2_ws/build/kinect_ros2' returned '0': CMAKE_PREFIX_PATH=${CMAKE_PREFIX_PATH}:/home/anatoly/ros2_ws/install/twist_converter:/home/anatoly/ros2_ws/install/my_path_publisher:/home/anatoly/ros2_ws/install/my_fake_lidar:/home/anatoly/ros2_ws/install/esp32_bridge:/opt/ros/jazzy DEBUGINFOD_URLS=https://debuginfod.ubuntu.com /usr/bin/cmake --install /home/anatoly/ros2_ws/build/kinect_ros2
[2.176s] Level 1:colcon.colcon_core.environment:checking '/home/anatoly/ros2_ws/install/kinect_ros2' for CMake module files
[2.180s] Level 1:colcon.colcon_core.environment:checking '/home/anatoly/ros2_ws/install/kinect_ros2' for CMake config files
[2.180s] Level 1:colcon.colcon_core.shell:create_environment_hook('kinect_ros2', 'cmake_prefix_path')
[2.181s] INFO:colcon.colcon_core.shell:Creating environment hook '/home/anatoly/ros2_ws/install/kinect_ros2/share/kinect_ros2/hook/cmake_prefix_path.ps1'
[2.185s] INFO:colcon.colcon_core.shell:Creating environment descriptor '/home/anatoly/ros2_ws/install/kinect_ros2/share/kinect_ros2/hook/cmake_prefix_path.dsv'
[2.188s] INFO:colcon.colcon_core.shell:Creating environment hook '/home/anatoly/ros2_ws/install/kinect_ros2/share/kinect_ros2/hook/cmake_prefix_path.sh'
[2.189s] Level 1:colcon.colcon_core.environment:checking '/home/anatoly/ros2_ws/install/kinect_ros2/lib'
[2.191s] Level 1:colcon.colcon_core.environment:checking '/home/anatoly/ros2_ws/install/kinect_ros2/bin'
[2.191s] Level 1:colcon.colcon_core.environment:checking '/home/anatoly/ros2_ws/install/kinect_ros2/lib/pkgconfig/kinect_ros2.pc'
[2.192s] Level 1:colcon.colcon_core.environment:checking '/home/anatoly/ros2_ws/install/kinect_ros2/lib/python3.12/site-packages'
[2.193s] Level 1:colcon.colcon_core.environment:checking '/home/anatoly/ros2_ws/install/kinect_ros2/bin'
[2.194s] INFO:colcon.colcon_core.shell:Creating package script '/home/anatoly/ros2_ws/install/kinect_ros2/share/kinect_ros2/package.ps1'
[2.196s] INFO:colcon.colcon_core.shell:Creating package descriptor '/home/anatoly/ros2_ws/install/kinect_ros2/share/kinect_ros2/package.dsv'
[2.199s] INFO:colcon.colcon_core.shell:Creating package script '/home/anatoly/ros2_ws/install/kinect_ros2/share/kinect_ros2/package.sh'
[2.203s] INFO:colcon.colcon_core.shell:Creating package script '/home/anatoly/ros2_ws/install/kinect_ros2/share/kinect_ros2/package.bash'
[2.206s] INFO:colcon.colcon_core.shell:Creating package script '/home/anatoly/ros2_ws/install/kinect_ros2/share/kinect_ros2/package.zsh'
[2.208s] Level 1:colcon.colcon_core.environment:create_file_with_runtime_dependencies(/home/anatoly/ros2_ws/install/kinect_ros2/share/colcon-core/packages/kinect_ros2)
[2.209s] Level 1:colcon.colcon_core.environment:create_environment_scripts_only(kinect_ros2)
[2.211s] Level 1:colcon.colcon_core.environment:checking '/home/anatoly/ros2_ws/install/kinect_ros2' for CMake module files
[2.213s] Level 1:colcon.colcon_core.environment:checking '/home/anatoly/ros2_ws/install/kinect_ros2' for CMake config files
[2.214s] Level 1:colcon.colcon_core.shell:create_environment_hook('kinect_ros2', 'cmake_prefix_path')
[2.214s] INFO:colcon.colcon_core.shell:Creating environment hook '/home/anatoly/ros2_ws/install/kinect_ros2/share/kinect_ros2/hook/cmake_prefix_path.ps1'
[2.219s] INFO:colcon.colcon_core.shell:Creating environment descriptor '/home/anatoly/ros2_ws/install/kinect_ros2/share/kinect_ros2/hook/cmake_prefix_path.dsv'
[2.224s] INFO:colcon.colcon_core.shell:Creating environment hook '/home/anatoly/ros2_ws/install/kinect_ros2/share/kinect_ros2/hook/cmake_prefix_path.sh'
[2.231s] Level 1:colcon.colcon_core.environment:checking '/home/anatoly/ros2_ws/install/kinect_ros2/lib'
[2.234s] Level 1:colcon.colcon_core.environment:checking '/home/anatoly/ros2_ws/install/kinect_ros2/bin'
[2.234s] Level 1:colcon.colcon_core.environment:checking '/home/anatoly/ros2_ws/install/kinect_ros2/lib/pkgconfig/kinect_ros2.pc'
[2.238s] Level 1:colcon.colcon_core.environment:checking '/home/anatoly/ros2_ws/install/kinect_ros2/lib/python3.12/site-packages'
[2.242s] Level 1:colcon.colcon_core.environment:checking '/home/anatoly/ros2_ws/install/kinect_ros2/bin'
[2.246s] INFO:colcon.colcon_core.shell:Creating package script '/home/anatoly/ros2_ws/install/kinect_ros2/share/kinect_ros2/package.ps1'
[2.249s] INFO:colcon.colcon_core.shell:Creating package descriptor '/home/anatoly/ros2_ws/install/kinect_ros2/share/kinect_ros2/package.dsv'
[2.251s] INFO:colcon.colcon_core.shell:Creating package script '/home/anatoly/ros2_ws/install/kinect_ros2/share/kinect_ros2/package.sh'
[2.253s] INFO:colcon.colcon_core.shell:Creating package script '/home/anatoly/ros2_ws/install/kinect_ros2/share/kinect_ros2/package.bash'
[2.256s] INFO:colcon.colcon_core.shell:Creating package script '/home/anatoly/ros2_ws/install/kinect_ros2/share/kinect_ros2/package.zsh'
[2.261s] Level 1:colcon.colcon_core.environment:create_file_with_runtime_dependencies(/home/anatoly/ros2_ws/install/kinect_ros2/share/colcon-core/packages/kinect_ros2)
[2.265s] INFO:colcon.colcon_ros.task.ament_cmake.build:Building ROS package in '/home/anatoly/ros2_ws/src/micro_ros_setup' with build type 'ament_cmake'
[2.266s] INFO:colcon.colcon_cmake.task.cmake.build:Building CMake package in '/home/anatoly/ros2_ws/src/micro_ros_setup'
[2.267s] INFO:colcon.colcon_core.shell:Skip shell extension 'powershell' for command environment: Not usable outside of PowerShell
[2.267s] DEBUG:colcon.colcon_core.shell:Skip shell extension 'dsv' for command environment
[2.331s] DEBUG:colcon.colcon_core.event_handler.log_command:Invoking command in '/home/anatoly/ros2_ws/build/micro_ros_setup': CMAKE_PREFIX_PATH=${CMAKE_PREFIX_PATH}:/home/anatoly/ros2_ws/install/twist_converter:/home/anatoly/ros2_ws/install/my_path_publisher:/home/anatoly/ros2_ws/install/my_fake_lidar:/home/anatoly/ros2_ws/install/esp32_bridge:/opt/ros/jazzy DEBUGINFOD_URLS=https://debuginfod.ubuntu.com /usr/bin/cmake --build /home/anatoly/ros2_ws/build/micro_ros_setup -- -j2 -l2
[2.505s] DEBUG:colcon.colcon_core.event_handler.log_command:Invoked command in '/home/anatoly/ros2_ws/build/micro_ros_setup' returned '0': CMAKE_PREFIX_PATH=${CMAKE_PREFIX_PATH}:/home/anatoly/ros2_ws/install/twist_converter:/home/anatoly/ros2_ws/install/my_path_publisher:/home/anatoly/ros2_ws/install/my_fake_lidar:/home/anatoly/ros2_ws/install/esp32_bridge:/opt/ros/jazzy DEBUGINFOD_URLS=https://debuginfod.ubuntu.com /usr/bin/cmake --build /home/anatoly/ros2_ws/build/micro_ros_setup -- -j2 -l2
[2.508s] DEBUG:colcon.colcon_core.event_handler.log_command:Invoking command in '/home/anatoly/ros2_ws/build/micro_ros_setup': CMAKE_PREFIX_PATH=${CMAKE_PREFIX_PATH}:/home/anatoly/ros2_ws/install/twist_converter:/home/anatoly/ros2_ws/install/my_path_publisher:/home/anatoly/ros2_ws/install/my_fake_lidar:/home/anatoly/ros2_ws/install/esp32_bridge:/opt/ros/jazzy DEBUGINFOD_URLS=https://debuginfod.ubuntu.com /usr/bin/cmake --install /home/anatoly/ros2_ws/build/micro_ros_setup
[2.596s] Level 1:colcon.colcon_core.environment:create_environment_scripts_only(micro_ros_setup)
[2.597s] Level 1:colcon.colcon_core.environment:checking '/home/anatoly/ros2_ws/install/micro_ros_setup' for CMake module files
[2.601s] Level 1:colcon.colcon_core.environment:checking '/home/anatoly/ros2_ws/install/micro_ros_setup' for CMake config files
[2.605s] Level 1:colcon.colcon_core.shell:create_environment_hook('micro_ros_setup', 'cmake_prefix_path')
[2.606s] INFO:colcon.colcon_core.shell:Creating environment hook '/home/anatoly/ros2_ws/install/micro_ros_setup/share/micro_ros_setup/hook/cmake_prefix_path.ps1'
[2.609s] INFO:colcon.colcon_core.shell:Creating environment descriptor '/home/anatoly/ros2_ws/install/micro_ros_setup/share/micro_ros_setup/hook/cmake_prefix_path.dsv'
[2.610s] INFO:colcon.colcon_core.shell:Creating environment hook '/home/anatoly/ros2_ws/install/micro_ros_setup/share/micro_ros_setup/hook/cmake_prefix_path.sh'
[2.619s] Level 1:colcon.colcon_core.environment:checking '/home/anatoly/ros2_ws/install/micro_ros_setup/lib'
[2.619s] Level 1:colcon.colcon_core.environment:checking '/home/anatoly/ros2_ws/install/micro_ros_setup/bin'
[2.624s] Level 1:colcon.colcon_core.environment:checking '/home/anatoly/ros2_ws/install/micro_ros_setup/lib/pkgconfig/micro_ros_setup.pc'
[2.625s] Level 1:colcon.colcon_core.environment:checking '/home/anatoly/ros2_ws/install/micro_ros_setup/lib/python3.12/site-packages'
[2.625s] Level 1:colcon.colcon_core.environment:checking '/home/anatoly/ros2_ws/install/micro_ros_setup/bin'
[2.631s] INFO:colcon.colcon_core.shell:Creating package script '/home/anatoly/ros2_ws/install/micro_ros_setup/share/micro_ros_setup/package.ps1'
[2.637s] INFO:colcon.colcon_core.shell:Creating package descriptor '/home/anatoly/ros2_ws/install/micro_ros_setup/share/micro_ros_setup/package.dsv'
[2.646s] INFO:colcon.colcon_core.shell:Creating package script '/home/anatoly/ros2_ws/install/micro_ros_setup/share/micro_ros_setup/package.sh'
[2.647s] INFO:colcon.colcon_core.shell:Creating package script '/home/anatoly/ros2_ws/install/micro_ros_setup/share/micro_ros_setup/package.bash'
[2.653s] INFO:colcon.colcon_core.shell:Creating package script '/home/anatoly/ros2_ws/install/micro_ros_setup/share/micro_ros_setup/package.zsh'
[2.654s] Level 1:colcon.colcon_core.environment:create_file_with_runtime_dependencies(/home/anatoly/ros2_ws/install/micro_ros_setup/share/colcon-core/packages/micro_ros_setup)
[2.657s] Level 1:colcon.colcon_core.environment:create_environment_scripts_only(micro_ros_setup)
[2.659s] Level 1:colcon.colcon_core.environment:checking '/home/anatoly/ros2_ws/install/micro_ros_setup' for CMake module files
[2.663s] Level 1:colcon.colcon_core.environment:checking '/home/anatoly/ros2_ws/install/micro_ros_setup' for CMake config files
[2.668s] Level 1:colcon.colcon_core.shell:create_environment_hook('micro_ros_setup', 'cmake_prefix_path')
[2.669s] INFO:colcon.colcon_core.shell:Creating environment hook '/home/anatoly/ros2_ws/install/micro_ros_setup/share/micro_ros_setup/hook/cmake_prefix_path.ps1'
[2.671s] INFO:colcon.colcon_core.shell:Creating environment descriptor '/home/anatoly/ros2_ws/install/micro_ros_setup/share/micro_ros_setup/hook/cmake_prefix_path.dsv'
[2.686s] INFO:colcon.colcon_core.shell:Creating environment hook '/home/anatoly/ros2_ws/install/micro_ros_setup/share/micro_ros_setup/hook/cmake_prefix_path.sh'
[2.692s] Level 1:colcon.colcon_core.environment:checking '/home/anatoly/ros2_ws/install/micro_ros_setup/lib'
[2.692s] Level 1:colcon.colcon_core.environment:checking '/home/anatoly/ros2_ws/install/micro_ros_setup/bin'
[2.692s] Level 1:colcon.colcon_core.environment:checking '/home/anatoly/ros2_ws/install/micro_ros_setup/lib/pkgconfig/micro_ros_setup.pc'
[2.693s] Level 1:colcon.colcon_core.environment:checking '/home/anatoly/ros2_ws/install/micro_ros_setup/lib/python3.12/site-packages'
[2.695s] Level 1:colcon.colcon_core.environment:checking '/home/anatoly/ros2_ws/install/micro_ros_setup/bin'
[2.696s] INFO:colcon.colcon_core.shell:Creating package script '/home/anatoly/ros2_ws/install/micro_ros_setup/share/micro_ros_setup/package.ps1'
[2.698s] DEBUG:colcon.colcon_core.event_handler.log_command:Invoked command in '/home/anatoly/ros2_ws/build/micro_ros_setup' returned '0': CMAKE_PREFIX_PATH=${CMAKE_PREFIX_PATH}:/home/anatoly/ros2_ws/install/twist_converter:/home/anatoly/ros2_ws/install/my_path_publisher:/home/anatoly/ros2_ws/install/my_fake_lidar:/home/anatoly/ros2_ws/install/esp32_bridge:/opt/ros/jazzy DEBUGINFOD_URLS=https://debuginfod.ubuntu.com /usr/bin/cmake --install /home/anatoly/ros2_ws/build/micro_ros_setup
[2.699s] INFO:colcon.colcon_core.shell:Creating package descriptor '/home/anatoly/ros2_ws/install/micro_ros_setup/share/micro_ros_setup/package.dsv'
[2.701s] INFO:colcon.colcon_core.shell:Creating package script '/home/anatoly/ros2_ws/install/micro_ros_setup/share/micro_ros_setup/package.sh'
[2.702s] INFO:colcon.colcon_core.shell:Creating package script '/home/anatoly/ros2_ws/install/micro_ros_setup/share/micro_ros_setup/package.bash'
[2.703s] INFO:colcon.colcon_core.shell:Creating package script '/home/anatoly/ros2_ws/install/micro_ros_setup/share/micro_ros_setup/package.zsh'
[2.704s] Level 1:colcon.colcon_core.environment:create_file_with_runtime_dependencies(/home/anatoly/ros2_ws/install/micro_ros_setup/share/colcon-core/packages/micro_ros_setup)
[2.706s] INFO:colcon.colcon_ros.task.ament_python.build:Building ROS package in '/home/anatoly/ros2_ws/src/my_fake_lidar' with build type 'ament_python'
[2.708s] Level 1:colcon.colcon_core.shell:create_environment_hook('my_fake_lidar', 'ament_prefix_path')
[2.709s] INFO:colcon.colcon_core.shell:Creating environment hook '/home/anatoly/ros2_ws/install/my_fake_lidar/share/my_fake_lidar/hook/ament_prefix_path.ps1'
[2.712s] INFO:colcon.colcon_core.shell:Creating environment descriptor '/home/anatoly/ros2_ws/install/my_fake_lidar/share/my_fake_lidar/hook/ament_prefix_path.dsv'
[2.718s] INFO:colcon.colcon_core.shell:Creating environment hook '/home/anatoly/ros2_ws/install/my_fake_lidar/share/my_fake_lidar/hook/ament_prefix_path.sh'
[2.725s] INFO:colcon.colcon_core.shell:Skip shell extension 'powershell' for command environment: Not usable outside of PowerShell
[2.725s] DEBUG:colcon.colcon_core.shell:Skip shell extension 'dsv' for command environment
[4.645s] INFO:colcon.colcon_core.task.python.build:Building Python package in '/home/anatoly/ros2_ws/src/my_fake_lidar'
[4.646s] INFO:colcon.colcon_core.shell:Skip shell extension 'powershell' for command environment: Not usable outside of PowerShell
[4.646s] DEBUG:colcon.colcon_core.shell:Skip shell extension 'dsv' for command environment
[7.761s] DEBUG:colcon.colcon_core.event_handler.log_command:Invoking command in '/home/anatoly/ros2_ws/src/esp32_bridge': DEBUGINFOD_URLS=https://debuginfod.ubuntu.com PYTHONPATH=/home/anatoly/ros2_ws/build/esp32_bridge/prefix_override:/usr/lib/python3/dist-packages/colcon_core/task/python/colcon_distutils_commands:/home/anatoly/ros2_ws/install/esp32_bridge/lib/python3.12/site-packages:${PYTHONPATH} /usr/bin/python3 -W ignore:setup.py install is deprecated -W ignore:easy_install command is deprecated setup.py egg_info --egg-base ../../build/esp32_bridge build --build-base /home/anatoly/ros2_ws/build/esp32_bridge/build install --record /home/anatoly/ros2_ws/build/esp32_bridge/install.log --single-version-externally-managed install_data
[7.800s] DEBUG:colcon.colcon_core.event_handler.log_command:Invoking command in '/home/anatoly/ros2_ws/src/my_fake_lidar': DEBUGINFOD_URLS=https://debuginfod.ubuntu.com PYTHONPATH=/home/anatoly/ros2_ws/build/my_fake_lidar/prefix_override:/usr/lib/python3/dist-packages/colcon_core/task/python/colcon_distutils_commands:/home/anatoly/ros2_ws/install/my_fake_lidar/lib/python3.12/site-packages:${PYTHONPATH} /usr/bin/python3 -W ignore:setup.py install is deprecated -W ignore:easy_install command is deprecated setup.py egg_info --egg-base ../../build/my_fake_lidar build --build-base /home/anatoly/ros2_ws/build/my_fake_lidar/build install --record /home/anatoly/ros2_ws/build/my_fake_lidar/install.log --single-version-externally-managed install_data
[11.793s] Level 1:colcon.colcon_core.environment:checking '/home/anatoly/ros2_ws/install/my_fake_lidar' for CMake module files
[11.794s] DEBUG:colcon.colcon_core.event_handler.log_command:Invoked command in '/home/anatoly/ros2_ws/src/my_fake_lidar' returned '0': DEBUGINFOD_URLS=https://debuginfod.ubuntu.com PYTHONPATH=/home/anatoly/ros2_ws/build/my_fake_lidar/prefix_override:/usr/lib/python3/dist-packages/colcon_core/task/python/colcon_distutils_commands:/home/anatoly/ros2_ws/install/my_fake_lidar/lib/python3.12/site-packages:${PYTHONPATH} /usr/bin/python3 -W ignore:setup.py install is deprecated -W ignore:easy_install command is deprecated setup.py egg_info --egg-base ../../build/my_fake_lidar build --build-base /home/anatoly/ros2_ws/build/my_fake_lidar/build install --record /home/anatoly/ros2_ws/build/my_fake_lidar/install.log --single-version-externally-managed install_data
[11.799s] Level 1:colcon.colcon_core.environment:checking '/home/anatoly/ros2_ws/install/my_fake_lidar' for CMake config files
[11.806s] Level 1:colcon.colcon_core.environment:checking '/home/anatoly/ros2_ws/install/my_fake_lidar/lib'
[11.809s] Level 1:colcon.colcon_core.environment:checking '/home/anatoly/ros2_ws/install/my_fake_lidar/bin'
[11.809s] Level 1:colcon.colcon_core.environment:checking '/home/anatoly/ros2_ws/install/my_fake_lidar/lib/pkgconfig/my_fake_lidar.pc'
[11.812s] Level 1:colcon.colcon_core.environment:checking '/home/anatoly/ros2_ws/install/my_fake_lidar/lib/python3.12/site-packages'
[11.814s] Level 1:colcon.colcon_core.shell:create_environment_hook('my_fake_lidar', 'pythonpath')
[11.816s] INFO:colcon.colcon_core.shell:Creating environment hook '/home/anatoly/ros2_ws/install/my_fake_lidar/share/my_fake_lidar/hook/pythonpath.ps1'
[11.821s] INFO:colcon.colcon_core.shell:Creating environment descriptor '/home/anatoly/ros2_ws/install/my_fake_lidar/share/my_fake_lidar/hook/pythonpath.dsv'
[11.824s] INFO:colcon.colcon_core.shell:Creating environment hook '/home/anatoly/ros2_ws/install/my_fake_lidar/share/my_fake_lidar/hook/pythonpath.sh'
[11.832s] Level 1:colcon.colcon_core.environment:checking '/home/anatoly/ros2_ws/install/my_fake_lidar/bin'
[11.832s] Level 1:colcon.colcon_core.environment:create_environment_scripts_only(my_fake_lidar)
[11.834s] INFO:colcon.colcon_core.shell:Creating package script '/home/anatoly/ros2_ws/install/my_fake_lidar/share/my_fake_lidar/package.ps1'
[11.840s] INFO:colcon.colcon_core.shell:Creating package descriptor '/home/anatoly/ros2_ws/install/my_fake_lidar/share/my_fake_lidar/package.dsv'
[11.842s] INFO:colcon.colcon_core.shell:Creating package script '/home/anatoly/ros2_ws/install/my_fake_lidar/share/my_fake_lidar/package.sh'
[11.846s] INFO:colcon.colcon_core.shell:Creating package script '/home/anatoly/ros2_ws/install/my_fake_lidar/share/my_fake_lidar/package.bash'
[11.847s] INFO:colcon.colcon_core.shell:Creating package script '/home/anatoly/ros2_ws/install/my_fake_lidar/share/my_fake_lidar/package.zsh'
[11.850s] Level 1:colcon.colcon_core.environment:create_file_with_runtime_dependencies(/home/anatoly/ros2_ws/install/my_fake_lidar/share/colcon-core/packages/my_fake_lidar)
[11.853s] INFO:colcon.colcon_ros.task.ament_python.build:Building ROS package in '/home/anatoly/ros2_ws/src/my_path_publisher' with build type 'ament_python'
[11.853s] Level 1:colcon.colcon_core.shell:create_environment_hook('my_path_publisher', 'ament_prefix_path')
[11.856s] INFO:colcon.colcon_core.shell:Creating environment hook '/home/anatoly/ros2_ws/install/my_path_publisher/share/my_path_publisher/hook/ament_prefix_path.ps1'
[11.860s] INFO:colcon.colcon_core.shell:Creating environment descriptor '/home/anatoly/ros2_ws/install/my_path_publisher/share/my_path_publisher/hook/ament_prefix_path.dsv'
[11.866s] INFO:colcon.colcon_core.shell:Creating environment hook '/home/anatoly/ros2_ws/install/my_path_publisher/share/my_path_publisher/hook/ament_prefix_path.sh'
[11.874s] INFO:colcon.colcon_core.shell:Skip shell extension 'powershell' for command environment: Not usable outside of PowerShell
[11.874s] DEBUG:colcon.colcon_core.shell:Skip shell extension 'dsv' for command environment
[13.551s] INFO:colcon.colcon_core.task.python.build:Building Python package in '/home/anatoly/ros2_ws/src/my_path_publisher'
[13.552s] INFO:colcon.colcon_core.shell:Skip shell extension 'powershell' for command environment: Not usable outside of PowerShell
[13.552s] DEBUG:colcon.colcon_core.shell:Skip shell extension 'dsv' for command environment
[13.572s] Level 1:colcon.colcon_core.environment:checking '/home/anatoly/ros2_ws/install/esp32_bridge' for CMake module files
[13.575s] DEBUG:colcon.colcon_core.event_handler.log_command:Invoked command in '/home/anatoly/ros2_ws/src/esp32_bridge' returned '0': DEBUGINFOD_URLS=https://debuginfod.ubuntu.com PYTHONPATH=/home/anatoly/ros2_ws/build/esp32_bridge/prefix_override:/usr/lib/python3/dist-packages/colcon_core/task/python/colcon_distutils_commands:/home/anatoly/ros2_ws/install/esp32_bridge/lib/python3.12/site-packages:${PYTHONPATH} /usr/bin/python3 -W ignore:setup.py install is deprecated -W ignore:easy_install command is deprecated setup.py egg_info --egg-base ../../build/esp32_bridge build --build-base /home/anatoly/ros2_ws/build/esp32_bridge/build install --record /home/anatoly/ros2_ws/build/esp32_bridge/install.log --single-version-externally-managed install_data
[13.579s] Level 1:colcon.colcon_core.environment:checking '/home/anatoly/ros2_ws/install/esp32_bridge' for CMake config files
[13.584s] Level 1:colcon.colcon_core.environment:checking '/home/anatoly/ros2_ws/install/esp32_bridge/lib'
[13.585s] Level 1:colcon.colcon_core.environment:checking '/home/anatoly/ros2_ws/install/esp32_bridge/bin'
[13.585s] Level 1:colcon.colcon_core.environment:checking '/home/anatoly/ros2_ws/install/esp32_bridge/lib/pkgconfig/esp32_bridge.pc'
[13.586s] Level 1:colcon.colcon_core.environment:checking '/home/anatoly/ros2_ws/install/esp32_bridge/lib/python3.12/site-packages'
[13.587s] Level 1:colcon.colcon_core.shell:create_environment_hook('esp32_bridge', 'pythonpath')
[13.588s] INFO:colcon.colcon_core.shell:Creating environment hook '/home/anatoly/ros2_ws/install/esp32_bridge/share/esp32_bridge/hook/pythonpath.ps1'
[13.591s] INFO:colcon.colcon_core.shell:Creating environment descriptor '/home/anatoly/ros2_ws/install/esp32_bridge/share/esp32_bridge/hook/pythonpath.dsv'
[13.593s] INFO:colcon.colcon_core.shell:Creating environment hook '/home/anatoly/ros2_ws/install/esp32_bridge/share/esp32_bridge/hook/pythonpath.sh'
[13.597s] Level 1:colcon.colcon_core.environment:checking '/home/anatoly/ros2_ws/install/esp32_bridge/bin'
[13.597s] Level 1:colcon.colcon_core.environment:create_environment_scripts_only(esp32_bridge)
[13.598s] INFO:colcon.colcon_core.shell:Creating package script '/home/anatoly/ros2_ws/install/esp32_bridge/share/esp32_bridge/package.ps1'
[13.601s] INFO:colcon.colcon_core.shell:Creating package descriptor '/home/anatoly/ros2_ws/install/esp32_bridge/share/esp32_bridge/package.dsv'
[13.603s] INFO:colcon.colcon_core.shell:Creating package script '/home/anatoly/ros2_ws/install/esp32_bridge/share/esp32_bridge/package.sh'
[13.605s] INFO:colcon.colcon_core.shell:Creating package script '/home/anatoly/ros2_ws/install/esp32_bridge/share/esp32_bridge/package.bash'
[13.609s] INFO:colcon.colcon_core.shell:Creating package script '/home/anatoly/ros2_ws/install/esp32_bridge/share/esp32_bridge/package.zsh'
[13.614s] Level 1:colcon.colcon_core.environment:create_file_with_runtime_dependencies(/home/anatoly/ros2_ws/install/esp32_bridge/share/colcon-core/packages/esp32_bridge)
[13.617s] INFO:colcon.colcon_ros.task.ament_cmake.build:Building ROS package in '/home/anatoly/ros2_ws/src/my_two_wheel_robot' with build type 'ament_cmake'
[13.620s] INFO:colcon.colcon_cmake.task.cmake.build:Building CMake package in '/home/anatoly/ros2_ws/src/my_two_wheel_robot'
[13.622s] INFO:colcon.colcon_core.shell:Skip shell extension 'powershell' for command environment: Not usable outside of PowerShell
[13.622s] DEBUG:colcon.colcon_core.shell:Skip shell extension 'dsv' for command environment
[13.677s] DEBUG:colcon.colcon_core.event_handler.log_command:Invoking command in '/home/anatoly/ros2_ws/build/my_two_wheel_robot': CMAKE_PREFIX_PATH=${CMAKE_PREFIX_PATH}:/home/anatoly/ros2_ws/install/twist_converter:/home/anatoly/ros2_ws/install/my_path_publisher:/home/anatoly/ros2_ws/install/my_fake_lidar:/home/anatoly/ros2_ws/install/esp32_bridge:/opt/ros/jazzy DEBUGINFOD_URLS=https://debuginfod.ubuntu.com /usr/bin/cmake --build /home/anatoly/ros2_ws/build/my_two_wheel_robot -- -j2 -l2
[13.956s] DEBUG:colcon.colcon_core.event_handler.log_command:Invoked command in '/home/anatoly/ros2_ws/build/my_two_wheel_robot' returned '0': CMAKE_PREFIX_PATH=${CMAKE_PREFIX_PATH}:/home/anatoly/ros2_ws/install/twist_converter:/home/anatoly/ros2_ws/install/my_path_publisher:/home/anatoly/ros2_ws/install/my_fake_lidar:/home/anatoly/ros2_ws/install/esp32_bridge:/opt/ros/jazzy DEBUGINFOD_URLS=https://debuginfod.ubuntu.com /usr/bin/cmake --build /home/anatoly/ros2_ws/build/my_two_wheel_robot -- -j2 -l2
[13.961s] DEBUG:colcon.colcon_core.event_handler.log_command:Invoking command in '/home/anatoly/ros2_ws/build/my_two_wheel_robot': CMAKE_PREFIX_PATH=${CMAKE_PREFIX_PATH}:/home/anatoly/ros2_ws/install/twist_converter:/home/anatoly/ros2_ws/install/my_path_publisher:/home/anatoly/ros2_ws/install/my_fake_lidar:/home/anatoly/ros2_ws/install/esp32_bridge:/opt/ros/jazzy DEBUGINFOD_URLS=https://debuginfod.ubuntu.com /usr/bin/cmake --install /home/anatoly/ros2_ws/build/my_two_wheel_robot
[14.101s] Level 1:colcon.colcon_core.environment:create_environment_scripts_only(my_two_wheel_robot)
[14.101s] Level 1:colcon.colcon_core.environment:checking '/home/anatoly/ros2_ws/install/my_two_wheel_robot' for CMake module files
[14.108s] Level 1:colcon.colcon_core.environment:checking '/home/anatoly/ros2_ws/install/my_two_wheel_robot' for CMake config files
[14.108s] Level 1:colcon.colcon_core.shell:create_environment_hook('my_two_wheel_robot', 'cmake_prefix_path')
[14.109s] INFO:colcon.colcon_core.shell:Creating environment hook '/home/anatoly/ros2_ws/install/my_two_wheel_robot/share/my_two_wheel_robot/hook/cmake_prefix_path.ps1'
[14.117s] INFO:colcon.colcon_core.shell:Creating environment descriptor '/home/anatoly/ros2_ws/install/my_two_wheel_robot/share/my_two_wheel_robot/hook/cmake_prefix_path.dsv'
[14.121s] INFO:colcon.colcon_core.shell:Creating environment hook '/home/anatoly/ros2_ws/install/my_two_wheel_robot/share/my_two_wheel_robot/hook/cmake_prefix_path.sh'
[14.123s] DEBUG:colcon.colcon_core.event_handler.log_command:Invoked command in '/home/anatoly/ros2_ws/build/my_two_wheel_robot' returned '0': CMAKE_PREFIX_PATH=${CMAKE_PREFIX_PATH}:/home/anatoly/ros2_ws/install/twist_converter:/home/anatoly/ros2_ws/install/my_path_publisher:/home/anatoly/ros2_ws/install/my_fake_lidar:/home/anatoly/ros2_ws/install/esp32_bridge:/opt/ros/jazzy DEBUGINFOD_URLS=https://debuginfod.ubuntu.com /usr/bin/cmake --install /home/anatoly/ros2_ws/build/my_two_wheel_robot
[14.130s] Level 1:colcon.colcon_core.environment:checking '/home/anatoly/ros2_ws/install/my_two_wheel_robot/bin'
[14.130s] Level 1:colcon.colcon_core.environment:checking '/home/anatoly/ros2_ws/install/my_two_wheel_robot/lib/pkgconfig/my_two_wheel_robot.pc'
[14.131s] Level 1:colcon.colcon_core.environment:checking '/home/anatoly/ros2_ws/install/my_two_wheel_robot/lib/python3.12/site-packages'
[14.144s] Level 1:colcon.colcon_core.environment:checking '/home/anatoly/ros2_ws/install/my_two_wheel_robot/bin'
[14.145s] INFO:colcon.colcon_core.shell:Creating package script '/home/anatoly/ros2_ws/install/my_two_wheel_robot/share/my_two_wheel_robot/package.ps1'
[14.149s] INFO:colcon.colcon_core.shell:Creating package descriptor '/home/anatoly/ros2_ws/install/my_two_wheel_robot/share/my_two_wheel_robot/package.dsv'
[14.154s] INFO:colcon.colcon_core.shell:Creating package script '/home/anatoly/ros2_ws/install/my_two_wheel_robot/share/my_two_wheel_robot/package.sh'
[14.156s] INFO:colcon.colcon_core.shell:Creating package script '/home/anatoly/ros2_ws/install/my_two_wheel_robot/share/my_two_wheel_robot/package.bash'
[14.161s] INFO:colcon.colcon_core.shell:Creating package script '/home/anatoly/ros2_ws/install/my_two_wheel_robot/share/my_two_wheel_robot/package.zsh'
[14.166s] Level 1:colcon.colcon_core.environment:create_file_with_runtime_dependencies(/home/anatoly/ros2_ws/install/my_two_wheel_robot/share/colcon-core/packages/my_two_wheel_robot)
[14.172s] Level 1:colcon.colcon_core.environment:create_environment_scripts_only(my_two_wheel_robot)
[14.172s] Level 1:colcon.colcon_core.environment:checking '/home/anatoly/ros2_ws/install/my_two_wheel_robot' for CMake module files
[14.177s] Level 1:colcon.colcon_core.environment:checking '/home/anatoly/ros2_ws/install/my_two_wheel_robot' for CMake config files
[14.184s] Level 1:colcon.colcon_core.shell:create_environment_hook('my_two_wheel_robot', 'cmake_prefix_path')
[14.184s] INFO:colcon.colcon_core.shell:Creating environment hook '/home/anatoly/ros2_ws/install/my_two_wheel_robot/share/my_two_wheel_robot/hook/cmake_prefix_path.ps1'
[14.186s] INFO:colcon.colcon_core.shell:Creating environment descriptor '/home/anatoly/ros2_ws/install/my_two_wheel_robot/share/my_two_wheel_robot/hook/cmake_prefix_path.dsv'
[14.189s] INFO:colcon.colcon_core.shell:Creating environment hook '/home/anatoly/ros2_ws/install/my_two_wheel_robot/share/my_two_wheel_robot/hook/cmake_prefix_path.sh'
[14.202s] Level 1:colcon.colcon_core.environment:checking '/home/anatoly/ros2_ws/install/my_two_wheel_robot/bin'
[14.203s] Level 1:colcon.colcon_core.environment:checking '/home/anatoly/ros2_ws/install/my_two_wheel_robot/lib/pkgconfig/my_two_wheel_robot.pc'
[14.203s] Level 1:colcon.colcon_core.environment:checking '/home/anatoly/ros2_ws/install/my_two_wheel_robot/lib/python3.12/site-packages'
[14.213s] Level 1:colcon.colcon_core.environment:checking '/home/anatoly/ros2_ws/install/my_two_wheel_robot/bin'
[14.214s] INFO:colcon.colcon_core.shell:Creating package script '/home/anatoly/ros2_ws/install/my_two_wheel_robot/share/my_two_wheel_robot/package.ps1'
[14.221s] INFO:colcon.colcon_core.shell:Creating package descriptor '/home/anatoly/ros2_ws/install/my_two_wheel_robot/share/my_two_wheel_robot/package.dsv'
[14.223s] INFO:colcon.colcon_core.shell:Creating package script '/home/anatoly/ros2_ws/install/my_two_wheel_robot/share/my_two_wheel_robot/package.sh'
[14.234s] INFO:colcon.colcon_core.shell:Creating package script '/home/anatoly/ros2_ws/install/my_two_wheel_robot/share/my_two_wheel_robot/package.bash'
[14.241s] INFO:colcon.colcon_core.shell:Creating package script '/home/anatoly/ros2_ws/install/my_two_wheel_robot/share/my_two_wheel_robot/package.zsh'
[14.246s] Level 1:colcon.colcon_core.environment:create_file_with_runtime_dependencies(/home/anatoly/ros2_ws/install/my_two_wheel_robot/share/colcon-core/packages/my_two_wheel_robot)
[14.253s] INFO:colcon.colcon_ros.task.ament_python.build:Building ROS package in '/home/anatoly/ros2_ws/src/twist_converter' with build type 'ament_python'
[14.254s] Level 1:colcon.colcon_core.shell:create_environment_hook('twist_converter', 'ament_prefix_path')
[14.256s] INFO:colcon.colcon_core.shell:Creating environment hook '/home/anatoly/ros2_ws/install/twist_converter/share/twist_converter/hook/ament_prefix_path.ps1'
[14.260s] INFO:colcon.colcon_core.shell:Creating environment descriptor '/home/anatoly/ros2_ws/install/twist_converter/share/twist_converter/hook/ament_prefix_path.dsv'
[14.268s] INFO:colcon.colcon_core.shell:Creating environment hook '/home/anatoly/ros2_ws/install/twist_converter/share/twist_converter/hook/ament_prefix_path.sh'
[14.277s] INFO:colcon.colcon_core.shell:Skip shell extension 'powershell' for command environment: Not usable outside of PowerShell
[14.277s] DEBUG:colcon.colcon_core.shell:Skip shell extension 'dsv' for command environment
[16.126s] INFO:colcon.colcon_core.task.python.build:Building Python package in '/home/anatoly/ros2_ws/src/twist_converter'
[16.129s] INFO:colcon.colcon_core.shell:Skip shell extension 'powershell' for command environment: Not usable outside of PowerShell
[16.129s] DEBUG:colcon.colcon_core.shell:Skip shell extension 'dsv' for command environment
[18.701s] DEBUG:colcon.colcon_core.event_handler.log_command:Invoking command in '/home/anatoly/ros2_ws/src/my_path_publisher': DEBUGINFOD_URLS=https://debuginfod.ubuntu.com PYTHONPATH=/home/anatoly/ros2_ws/build/my_path_publisher/prefix_override:/usr/lib/python3/dist-packages/colcon_core/task/python/colcon_distutils_commands:/home/anatoly/ros2_ws/install/my_path_publisher/lib/python3.12/site-packages:${PYTHONPATH} /usr/bin/python3 -W ignore:setup.py install is deprecated -W ignore:easy_install command is deprecated setup.py egg_info --egg-base ../../build/my_path_publisher build --build-base /home/anatoly/ros2_ws/build/my_path_publisher/build install --record /home/anatoly/ros2_ws/build/my_path_publisher/install.log --single-version-externally-managed install_data
[19.907s] DEBUG:colcon.colcon_core.event_handler.log_command:Invoking command in '/home/anatoly/ros2_ws/src/twist_converter': DEBUGINFOD_URLS=https://debuginfod.ubuntu.com PYTHONPATH=/home/anatoly/ros2_ws/build/twist_converter/prefix_override:/usr/lib/python3/dist-packages/colcon_core/task/python/colcon_distutils_commands:/home/anatoly/ros2_ws/install/twist_converter/lib/python3.12/site-packages:${PYTHONPATH} /usr/bin/python3 -W ignore:setup.py install is deprecated -W ignore:easy_install command is deprecated setup.py egg_info --egg-base ../../build/twist_converter build --build-base /home/anatoly/ros2_ws/build/twist_converter/build install --record /home/anatoly/ros2_ws/build/twist_converter/install.log --single-version-externally-managed install_data
[22.475s] Level 1:colcon.colcon_core.environment:checking '/home/anatoly/ros2_ws/install/my_path_publisher' for CMake module files
[22.476s] DEBUG:colcon.colcon_core.event_handler.log_command:Invoked command in '/home/anatoly/ros2_ws/src/my_path_publisher' returned '0': DEBUGINFOD_URLS=https://debuginfod.ubuntu.com PYTHONPATH=/home/anatoly/ros2_ws/build/my_path_publisher/prefix_override:/usr/lib/python3/dist-packages/colcon_core/task/python/colcon_distutils_commands:/home/anatoly/ros2_ws/install/my_path_publisher/lib/python3.12/site-packages:${PYTHONPATH} /usr/bin/python3 -W ignore:setup.py install is deprecated -W ignore:easy_install command is deprecated setup.py egg_info --egg-base ../../build/my_path_publisher build --build-base /home/anatoly/ros2_ws/build/my_path_publisher/build install --record /home/anatoly/ros2_ws/build/my_path_publisher/install.log --single-version-externally-managed install_data
[22.481s] Level 1:colcon.colcon_core.environment:checking '/home/anatoly/ros2_ws/install/my_path_publisher' for CMake config files
[22.485s] Level 1:colcon.colcon_core.environment:checking '/home/anatoly/ros2_ws/install/my_path_publisher/lib'
[22.485s] Level 1:colcon.colcon_core.environment:checking '/home/anatoly/ros2_ws/install/my_path_publisher/bin'
[22.486s] Level 1:colcon.colcon_core.environment:checking '/home/anatoly/ros2_ws/install/my_path_publisher/lib/pkgconfig/my_path_publisher.pc'
[22.490s] Level 1:colcon.colcon_core.environment:checking '/home/anatoly/ros2_ws/install/my_path_publisher/lib/python3.12/site-packages'
[22.491s] Level 1:colcon.colcon_core.shell:create_environment_hook('my_path_publisher', 'pythonpath')
[22.491s] INFO:colcon.colcon_core.shell:Creating environment hook '/home/anatoly/ros2_ws/install/my_path_publisher/share/my_path_publisher/hook/pythonpath.ps1'
[22.492s] INFO:colcon.colcon_core.shell:Creating environment descriptor '/home/anatoly/ros2_ws/install/my_path_publisher/share/my_path_publisher/hook/pythonpath.dsv'
[22.494s] INFO:colcon.colcon_core.shell:Creating environment hook '/home/anatoly/ros2_ws/install/my_path_publisher/share/my_path_publisher/hook/pythonpath.sh'
[22.496s] Level 1:colcon.colcon_core.environment:checking '/home/anatoly/ros2_ws/install/my_path_publisher/bin'
[22.496s] Level 1:colcon.colcon_core.environment:create_environment_scripts_only(my_path_publisher)
[22.497s] INFO:colcon.colcon_core.shell:Creating package script '/home/anatoly/ros2_ws/install/my_path_publisher/share/my_path_publisher/package.ps1'
[22.498s] INFO:colcon.colcon_core.shell:Creating package descriptor '/home/anatoly/ros2_ws/install/my_path_publisher/share/my_path_publisher/package.dsv'
[22.499s] INFO:colcon.colcon_core.shell:Creating package script '/home/anatoly/ros2_ws/install/my_path_publisher/share/my_path_publisher/package.sh'
[22.501s] INFO:colcon.colcon_core.shell:Creating package script '/home/anatoly/ros2_ws/install/my_path_publisher/share/my_path_publisher/package.bash'
[22.503s] INFO:colcon.colcon_core.shell:Creating package script '/home/anatoly/ros2_ws/install/my_path_publisher/share/my_path_publisher/package.zsh'
[22.505s] Level 1:colcon.colcon_core.environment:create_file_with_runtime_dependencies(/home/anatoly/ros2_ws/install/my_path_publisher/share/colcon-core/packages/my_path_publisher)
[22.509s] INFO:colcon.colcon_ros.task.ament_cmake.build:Building ROS package in '/home/anatoly/ros2_ws/src/view_robot' with build type 'ament_cmake'
[22.509s] INFO:colcon.colcon_cmake.task.cmake.build:Building CMake package in '/home/anatoly/ros2_ws/src/view_robot'
[22.509s] INFO:colcon.colcon_core.shell:Skip shell extension 'powershell' for command environment: Not usable outside of PowerShell
[22.510s] DEBUG:colcon.colcon_core.shell:Skip shell extension 'dsv' for command environment
[22.567s] DEBUG:colcon.colcon_core.event_handler.log_command:Invoking command in '/home/anatoly/ros2_ws/build/view_robot': CMAKE_PREFIX_PATH=${CMAKE_PREFIX_PATH}:/home/anatoly/ros2_ws/install/twist_converter:/home/anatoly/ros2_ws/install/my_path_publisher:/home/anatoly/ros2_ws/install/my_fake_lidar:/home/anatoly/ros2_ws/install/esp32_bridge:/opt/ros/jazzy DEBUGINFOD_URLS=https://debuginfod.ubuntu.com /usr/bin/cmake --build /home/anatoly/ros2_ws/build/view_robot -- -j2 -l2
[22.789s] DEBUG:colcon.colcon_core.event_handler.log_command:Invoked command in '/home/anatoly/ros2_ws/build/view_robot' returned '0': CMAKE_PREFIX_PATH=${CMAKE_PREFIX_PATH}:/home/anatoly/ros2_ws/install/twist_converter:/home/anatoly/ros2_ws/install/my_path_publisher:/home/anatoly/ros2_ws/install/my_fake_lidar:/home/anatoly/ros2_ws/install/esp32_bridge:/opt/ros/jazzy DEBUGINFOD_URLS=https://debuginfod.ubuntu.com /usr/bin/cmake --build /home/anatoly/ros2_ws/build/view_robot -- -j2 -l2
[22.796s] DEBUG:colcon.colcon_core.event_handler.log_command:Invoking command in '/home/anatoly/ros2_ws/build/view_robot': CMAKE_PREFIX_PATH=${CMAKE_PREFIX_PATH}:/home/anatoly/ros2_ws/install/twist_converter:/home/anatoly/ros2_ws/install/my_path_publisher:/home/anatoly/ros2_ws/install/my_fake_lidar:/home/anatoly/ros2_ws/install/esp32_bridge:/opt/ros/jazzy DEBUGINFOD_URLS=https://debuginfod.ubuntu.com /usr/bin/cmake --install /home/anatoly/ros2_ws/build/view_robot
[22.891s] Level 1:colcon.colcon_core.environment:create_environment_scripts_only(view_robot)
[22.892s] Level 1:colcon.colcon_core.environment:checking '/home/anatoly/ros2_ws/install/view_robot' for CMake module files
[22.899s] Level 1:colcon.colcon_core.environment:checking '/home/anatoly/ros2_ws/install/view_robot' for CMake config files
[22.901s] DEBUG:colcon.colcon_core.event_handler.log_command:Invoked command in '/home/anatoly/ros2_ws/build/view_robot' returned '0': CMAKE_PREFIX_PATH=${CMAKE_PREFIX_PATH}:/home/anatoly/ros2_ws/install/twist_converter:/home/anatoly/ros2_ws/install/my_path_publisher:/home/anatoly/ros2_ws/install/my_fake_lidar:/home/anatoly/ros2_ws/install/esp32_bridge:/opt/ros/jazzy DEBUGINFOD_URLS=https://debuginfod.ubuntu.com /usr/bin/cmake --install /home/anatoly/ros2_ws/build/view_robot
[22.901s] Level 1:colcon.colcon_core.shell:create_environment_hook('view_robot', 'cmake_prefix_path')
[22.902s] INFO:colcon.colcon_core.shell:Creating environment hook '/home/anatoly/ros2_ws/install/view_robot/share/view_robot/hook/cmake_prefix_path.ps1'
[22.909s] INFO:colcon.colcon_core.shell:Creating environment descriptor '/home/anatoly/ros2_ws/install/view_robot/share/view_robot/hook/cmake_prefix_path.dsv'
[22.914s] INFO:colcon.colcon_core.shell:Creating environment hook '/home/anatoly/ros2_ws/install/view_robot/share/view_robot/hook/cmake_prefix_path.sh'
[22.919s] Level 1:colcon.colcon_core.environment:checking '/home/anatoly/ros2_ws/install/view_robot/bin'
[22.920s] Level 1:colcon.colcon_core.environment:checking '/home/anatoly/ros2_ws/install/view_robot/lib/pkgconfig/view_robot.pc'
[22.920s] Level 1:colcon.colcon_core.environment:checking '/home/anatoly/ros2_ws/install/view_robot/lib/python3.12/site-packages'
[22.926s] Level 1:colcon.colcon_core.environment:checking '/home/anatoly/ros2_ws/install/view_robot/bin'
[22.927s] INFO:colcon.colcon_core.shell:Creating package script '/home/anatoly/ros2_ws/install/view_robot/share/view_robot/package.ps1'
[22.934s] INFO:colcon.colcon_core.shell:Creating package descriptor '/home/anatoly/ros2_ws/install/view_robot/share/view_robot/package.dsv'
[22.939s] INFO:colcon.colcon_core.shell:Creating package script '/home/anatoly/ros2_ws/install/view_robot/share/view_robot/package.sh'
[22.945s] INFO:colcon.colcon_core.shell:Creating package script '/home/anatoly/ros2_ws/install/view_robot/share/view_robot/package.bash'
[22.951s] INFO:colcon.colcon_core.shell:Creating package script '/home/anatoly/ros2_ws/install/view_robot/share/view_robot/package.zsh'
[22.954s] Level 1:colcon.colcon_core.environment:create_file_with_runtime_dependencies(/home/anatoly/ros2_ws/install/view_robot/share/colcon-core/packages/view_robot)
[22.958s] Level 1:colcon.colcon_core.environment:create_environment_scripts_only(view_robot)
[22.959s] Level 1:colcon.colcon_core.environment:checking '/home/anatoly/ros2_ws/install/view_robot' for CMake module files
[22.960s] Level 1:colcon.colcon_core.environment:checking '/home/anatoly/ros2_ws/install/view_robot' for CMake config files
[22.961s] Level 1:colcon.colcon_core.shell:create_environment_hook('view_robot', 'cmake_prefix_path')
[22.962s] INFO:colcon.colcon_core.shell:Creating environment hook '/home/anatoly/ros2_ws/install/view_robot/share/view_robot/hook/cmake_prefix_path.ps1'
[22.973s] INFO:colcon.colcon_core.shell:Creating environment descriptor '/home/anatoly/ros2_ws/install/view_robot/share/view_robot/hook/cmake_prefix_path.dsv'
[22.976s] INFO:colcon.colcon_core.shell:Creating environment hook '/home/anatoly/ros2_ws/install/view_robot/share/view_robot/hook/cmake_prefix_path.sh'
[22.989s] Level 1:colcon.colcon_core.environment:checking '/home/anatoly/ros2_ws/install/view_robot/bin'
[22.989s] Level 1:colcon.colcon_core.environment:checking '/home/anatoly/ros2_ws/install/view_robot/lib/pkgconfig/view_robot.pc'
[22.990s] Level 1:colcon.colcon_core.environment:checking '/home/anatoly/ros2_ws/install/view_robot/lib/python3.12/site-packages'
[22.997s] Level 1:colcon.colcon_core.environment:checking '/home/anatoly/ros2_ws/install/view_robot/bin'
[22.998s] INFO:colcon.colcon_core.shell:Creating package script '/home/anatoly/ros2_ws/install/view_robot/share/view_robot/package.ps1'
[23.011s] INFO:colcon.colcon_core.shell:Creating package descriptor '/home/anatoly/ros2_ws/install/view_robot/share/view_robot/package.dsv'
[23.019s] INFO:colcon.colcon_core.shell:Creating package script '/home/anatoly/ros2_ws/install/view_robot/share/view_robot/package.sh'
[23.028s] INFO:colcon.colcon_core.shell:Creating package script '/home/anatoly/ros2_ws/install/view_robot/share/view_robot/package.bash'
[23.032s] INFO:colcon.colcon_core.shell:Creating package script '/home/anatoly/ros2_ws/install/view_robot/share/view_robot/package.zsh'
[23.040s] Level 1:colcon.colcon_core.environment:create_file_with_runtime_dependencies(/home/anatoly/ros2_ws/install/view_robot/share/colcon-core/packages/view_robot)
[24.425s] Level 1:colcon.colcon_core.environment:checking '/home/anatoly/ros2_ws/install/twist_converter' for CMake module files
[24.426s] DEBUG:colcon.colcon_core.event_handler.log_command:Invoked command in '/home/anatoly/ros2_ws/src/twist_converter' returned '0': DEBUGINFOD_URLS=https://debuginfod.ubuntu.com PYTHONPATH=/home/anatoly/ros2_ws/build/twist_converter/prefix_override:/usr/lib/python3/dist-packages/colcon_core/task/python/colcon_distutils_commands:/home/anatoly/ros2_ws/install/twist_converter/lib/python3.12/site-packages:${PYTHONPATH} /usr/bin/python3 -W ignore:setup.py install is deprecated -W ignore:easy_install command is deprecated setup.py egg_info --egg-base ../../build/twist_converter build --build-base /home/anatoly/ros2_ws/build/twist_converter/build install --record /home/anatoly/ros2_ws/build/twist_converter/install.log --single-version-externally-managed install_data
[24.427s] Level 1:colcon.colcon_core.environment:checking '/home/anatoly/ros2_ws/install/twist_converter' for CMake config files
[24.429s] Level 1:colcon.colcon_core.environment:checking '/home/anatoly/ros2_ws/install/twist_converter/lib'
[24.430s] Level 1:colcon.colcon_core.environment:checking '/home/anatoly/ros2_ws/install/twist_converter/bin'
[24.430s] Level 1:colcon.colcon_core.environment:checking '/home/anatoly/ros2_ws/install/twist_converter/lib/pkgconfig/twist_converter.pc'
[24.431s] Level 1:colcon.colcon_core.environment:checking '/home/anatoly/ros2_ws/install/twist_converter/lib/python3.12/site-packages'
[24.431s] Level 1:colcon.colcon_core.shell:create_environment_hook('twist_converter', 'pythonpath')
[24.432s] INFO:colcon.colcon_core.shell:Creating environment hook '/home/anatoly/ros2_ws/install/twist_converter/share/twist_converter/hook/pythonpath.ps1'
[24.433s] INFO:colcon.colcon_core.shell:Creating environment descriptor '/home/anatoly/ros2_ws/install/twist_converter/share/twist_converter/hook/pythonpath.dsv'
[24.434s] INFO:colcon.colcon_core.shell:Creating environment hook '/home/anatoly/ros2_ws/install/twist_converter/share/twist_converter/hook/pythonpath.sh'
[24.436s] Level 1:colcon.colcon_core.environment:checking '/home/anatoly/ros2_ws/install/twist_converter/bin'
[24.437s] Level 1:colcon.colcon_core.environment:create_environment_scripts_only(twist_converter)
[24.437s] INFO:colcon.colcon_core.shell:Creating package script '/home/anatoly/ros2_ws/install/twist_converter/share/twist_converter/package.ps1'
[24.438s] INFO:colcon.colcon_core.shell:Creating package descriptor '/home/anatoly/ros2_ws/install/twist_converter/share/twist_converter/package.dsv'
[24.440s] INFO:colcon.colcon_core.shell:Creating package script '/home/anatoly/ros2_ws/install/twist_converter/share/twist_converter/package.sh'
[24.441s] INFO:colcon.colcon_core.shell:Creating package script '/home/anatoly/ros2_ws/install/twist_converter/share/twist_converter/package.bash'
[24.442s] INFO:colcon.colcon_core.shell:Creating package script '/home/anatoly/ros2_ws/install/twist_converter/share/twist_converter/package.zsh'
[24.443s] Level 1:colcon.colcon_core.environment:create_file_with_runtime_dependencies(/home/anatoly/ros2_ws/install/twist_converter/share/colcon-core/packages/twist_converter)
[24.445s] DEBUG:colcon.colcon_parallel_executor.executor.parallel:closing loop
[24.446s] DEBUG:colcon.colcon_parallel_executor.executor.parallel:loop closed
[24.446s] DEBUG:colcon.colcon_parallel_executor.executor.parallel:run_until_complete finished with '0'
[24.446s] DEBUG:colcon.colcon_core.event_reactor:joining thread
[24.469s] INFO:colcon.colcon_core.plugin_system:Skipping extension 'colcon_notification.desktop_notification.terminal_notifier': Not used on non-Darwin systems
[24.469s] INFO:colcon.colcon_core.plugin_system:Skipping extension 'colcon_notification.desktop_notification.win32': Not used on non-Windows systems
[24.469s] INFO:colcon.colcon_notification.desktop_notification:Sending desktop notification using 'notify2'
[24.530s] DEBUG:colcon.colcon_core.event_reactor:joined thread
[24.530s] INFO:colcon.colcon_core.shell:Creating prefix script '/home/anatoly/ros2_ws/install/local_setup.ps1'
[24.533s] INFO:colcon.colcon_core.shell:Creating prefix util module '/home/anatoly/ros2_ws/install/_local_setup_util_ps1.py'
[24.537s] INFO:colcon.colcon_core.shell:Creating prefix chain script '/home/anatoly/ros2_ws/install/setup.ps1'
[24.541s] INFO:colcon.colcon_core.shell:Creating prefix script '/home/anatoly/ros2_ws/install/local_setup.sh'
[24.543s] INFO:colcon.colcon_core.shell:Creating prefix util module '/home/anatoly/ros2_ws/install/_local_setup_util_sh.py'
[24.545s] INFO:colcon.colcon_core.shell:Creating prefix chain script '/home/anatoly/ros2_ws/install/setup.sh'
[24.549s] INFO:colcon.colcon_core.shell:Creating prefix script '/home/anatoly/ros2_ws/install/local_setup.bash'
[24.553s] INFO:colcon.colcon_core.shell:Creating prefix chain script '/home/anatoly/ros2_ws/install/setup.bash'
[24.557s] INFO:colcon.colcon_core.shell:Creating prefix script '/home/anatoly/ros2_ws/install/local_setup.zsh'
[24.559s] INFO:colcon.colcon_core.shell:Creating prefix chain script '/home/anatoly/ros2_ws/install/setup.zsh'
