[0.028s] Invoking command in '/home/anatoly/ros2_ws/build/view_robot': CMAKE_PREFIX_PATH=${CMAKE_PREFIX_PATH}:/home/anatoly/ros2_ws/install/twist_converter:/home/anatoly/ros2_ws/install/my_path_publisher:/home/anatoly/ros2_ws/install/my_fake_lidar:/opt/ros/jazzy DEBUGINFOD_URLS=https://debuginfod.ubuntu.com /usr/bin/cmake /home/anatoly/ros2_ws/src/view_robot -DCMAKE_INSTALL_PREFIX=/home/anatoly/ros2_ws/install/view_robot
[0.189s] -- The C compiler identification is GNU 13.3.0
[0.358s] -- The CXX compiler identification is GNU 13.3.0
[0.427s] -- Detecting C compiler ABI info
[0.749s] -- Detecting C compiler ABI info - done
[0.780s] -- Check for working C compiler: /usr/bin/cc - skipped
[0.780s] -- Detecting C compile features
[0.780s] -- Detecting C compile features - done
[0.805s] -- Detecting CXX compiler ABI info
[1.176s] -- Detecting CXX compiler ABI info - done
[1.207s] -- Check for working CXX compiler: /usr/bin/c++ - skipped
[1.208s] -- Detecting CXX compile features
[1.212s] -- Detecting CXX compile features - done
[1.226s] -- Found ament_cmake: 2.5.4 (/opt/ros/jazzy/share/ament_cmake/cmake)
[1.761s] -- Found Python3: /usr/bin/python3 (found version "3.12.3") found components: Interpreter 
[2.212s] -- Found ament_lint_auto: 0.17.3 (/opt/ros/jazzy/share/ament_lint_auto/cmake)
[2.625s] -- Added test 'flake8' to check Python code syntax and style conventions
[2.625s] -- Configured 'flake8' exclude dirs and/or files: 
[2.628s] -- Added test 'lint_cmake' to check CMake code style
[2.631s] -- Added test 'pep257' to check Python code against some of the docstring style conventions in PEP 257
[2.636s] -- Added test 'xmllint' to check XML markup files
[2.642s] -- Configuring done (2.6s)
[2.650s] -- Generating done (0.0s)
[2.655s] -- Build files have been written to: /home/anatoly/ros2_ws/build/view_robot
[2.679s] Invoked command in '/home/anatoly/ros2_ws/build/view_robot' returned '0': CMAKE_PREFIX_PATH=${CMAKE_PREFIX_PATH}:/home/anatoly/ros2_ws/install/twist_converter:/home/anatoly/ros2_ws/install/my_path_publisher:/home/anatoly/ros2_ws/install/my_fake_lidar:/opt/ros/jazzy DEBUGINFOD_URLS=https://debuginfod.ubuntu.com /usr/bin/cmake /home/anatoly/ros2_ws/src/view_robot -DCMAKE_INSTALL_PREFIX=/home/anatoly/ros2_ws/install/view_robot
[2.681s] Invoking command in '/home/anatoly/ros2_ws/build/view_robot': CMAKE_PREFIX_PATH=${CMAKE_PREFIX_PATH}:/home/anatoly/ros2_ws/install/twist_converter:/home/anatoly/ros2_ws/install/my_path_publisher:/home/anatoly/ros2_ws/install/my_fake_lidar:/opt/ros/jazzy DEBUGINFOD_URLS=https://debuginfod.ubuntu.com /usr/bin/cmake --build /home/anatoly/ros2_ws/build/view_robot -- -j2 -l2
[2.817s] Invoked command in '/home/anatoly/ros2_ws/build/view_robot' returned '0': CMAKE_PREFIX_PATH=${CMAKE_PREFIX_PATH}:/home/anatoly/ros2_ws/install/twist_converter:/home/anatoly/ros2_ws/install/my_path_publisher:/home/anatoly/ros2_ws/install/my_fake_lidar:/opt/ros/jazzy DEBUGINFOD_URLS=https://debuginfod.ubuntu.com /usr/bin/cmake --build /home/anatoly/ros2_ws/build/view_robot -- -j2 -l2
[2.819s] Invoking command in '/home/anatoly/ros2_ws/build/view_robot': CMAKE_PREFIX_PATH=${CMAKE_PREFIX_PATH}:/home/anatoly/ros2_ws/install/twist_converter:/home/anatoly/ros2_ws/install/my_path_publisher:/home/anatoly/ros2_ws/install/my_fake_lidar:/opt/ros/jazzy DEBUGINFOD_URLS=https://debuginfod.ubuntu.com /usr/bin/cmake --install /home/anatoly/ros2_ws/build/view_robot
[2.845s] -- Install configuration: ""
[2.846s] -- Installing: /home/anatoly/ros2_ws/install/view_robot/share/view_robot/launch
[2.847s] -- Installing: /home/anatoly/ros2_ws/install/view_robot/share/view_robot/launch/view_robot.launch.py
[2.848s] -- Installing: /home/anatoly/ros2_ws/install/view_robot/share/view_robot/urdf
[2.848s] -- Installing: /home/anatoly/ros2_ws/install/view_robot/share/view_robot/urdf/view_robot.urdf.xacro
[2.852s] -- Installing: /home/anatoly/ros2_ws/install/view_robot/share/view_robot/config
[2.852s] -- Installing: /home/anatoly/ros2_ws/install/view_robot/share/view_robot/rviz
[2.854s] -- Installing: /home/anatoly/ros2_ws/install/view_robot/share/view_robot/rviz/urdf.rviz
[2.856s] -- Installing: /home/anatoly/ros2_ws/install/view_robot/share/ament_index/resource_index/package_run_dependencies/view_robot
[2.857s] -- Installing: /home/anatoly/ros2_ws/install/view_robot/share/ament_index/resource_index/parent_prefix_path/view_robot
[2.857s] -- Installing: /home/anatoly/ros2_ws/install/view_robot/share/view_robot/environment/ament_prefix_path.sh
[2.858s] -- Installing: /home/anatoly/ros2_ws/install/view_robot/share/view_robot/environment/ament_prefix_path.dsv
[2.859s] -- Installing: /home/anatoly/ros2_ws/install/view_robot/share/view_robot/environment/path.sh
[2.860s] -- Installing: /home/anatoly/ros2_ws/install/view_robot/share/view_robot/environment/path.dsv
[2.861s] -- Installing: /home/anatoly/ros2_ws/install/view_robot/share/view_robot/local_setup.bash
[2.862s] -- Installing: /home/anatoly/ros2_ws/install/view_robot/share/view_robot/local_setup.sh
[2.862s] -- Installing: /home/anatoly/ros2_ws/install/view_robot/share/view_robot/local_setup.zsh
[2.864s] -- Installing: /home/anatoly/ros2_ws/install/view_robot/share/view_robot/local_setup.dsv
[2.865s] -- Installing: /home/anatoly/ros2_ws/install/view_robot/share/view_robot/package.dsv
[2.866s] -- Installing: /home/anatoly/ros2_ws/install/view_robot/share/ament_index/resource_index/packages/view_robot
[2.867s] -- Installing: /home/anatoly/ros2_ws/install/view_robot/share/view_robot/cmake/view_robotConfig.cmake
[2.868s] -- Installing: /home/anatoly/ros2_ws/install/view_robot/share/view_robot/cmake/view_robotConfig-version.cmake
[2.869s] -- Installing: /home/anatoly/ros2_ws/install/view_robot/share/view_robot/package.xml
[2.872s] Invoked command in '/home/anatoly/ros2_ws/build/view_robot' returned '0': CMAKE_PREFIX_PATH=${CMAKE_PREFIX_PATH}:/home/anatoly/ros2_ws/install/twist_converter:/home/anatoly/ros2_ws/install/my_path_publisher:/home/anatoly/ros2_ws/install/my_fake_lidar:/opt/ros/jazzy DEBUGINFOD_URLS=https://debuginfod.ubuntu.com /usr/bin/cmake --install /home/anatoly/ros2_ws/build/view_robot
