[0.644s] Invoking command in '/home/anatoly/ros2_ws/build/hoverboard_driver': DEBUGINFOD_URLS=https://debuginfod.ubuntu.com /usr/bin/cmake /home/anatoly/ros2_ws/src/hoverboard-driver -DCATKIN_INSTALL_INTO_PREFIX_ROOT=0 -DCMAKE_INSTALL_PREFIX=/home/anatoly/ros2_ws/install/hoverboard_driver
[0.747s] [0mCMake Deprecation Warning at CMakeLists.txt:1 (cmake_minimum_required):
[0.748s]   Compatibility with CMake < 3.5 will be removed from a future version of
[0.748s]   CMake.
[0.748s] 
[0.748s]   Update the VERSION argument <min> value or use a ...<max> suffix to tell
[0.748s]   CMake that the project does not need compatibility with older versions.
[0.748s] 
[0.749s] [0m
[1.201s] -- The C compiler identification is GNU 13.3.0
[1.534s] -- The CXX compiler identification is GNU 13.3.0
[1.592s] -- Detecting C compiler ABI info
[1.857s] -- Detecting C compiler ABI info - done
[1.887s] -- Check for working C compiler: /usr/bin/cc - skipped
[1.887s] -- Detecting C compile features
[1.888s] -- Detecting C compile features - done
[1.917s] -- Detecting CXX compiler ABI info
[2.178s] -- Detecting CXX compiler ABI info - done
[2.209s] -- Check for working CXX compiler: /usr/bin/c++ - skipped
[2.210s] -- Detecting CXX compile features
[2.212s] -- Detecting CXX compile features - done
[2.280s] [31mCMake Error at CMakeLists.txt:6 (find_package):
[2.282s]   By not providing "Findcatkin.cmake" in CMAKE_MODULE_PATH this project has
[2.284s]   asked CMake to find a package configuration file provided by "catkin", but
[2.284s]   CMake did not find one.
[2.285s] 
[2.285s]   Could not find a package configuration file provided by "catkin" with any
[2.286s]   of the following names:
[2.286s] 
[2.286s]     catkinConfig.cmake
[2.287s]     catkin-config.cmake
[2.287s] 
[2.289s]   Add the installation prefix of "catkin" to CMAKE_PREFIX_PATH or set
[2.289s]   "catkin_DIR" to a directory containing one of the above files.  If "catkin"
[2.290s]   provides a separate development package or SDK, be sure it has been
[2.290s]   installed.
[2.290s] 
[2.290s] [0m
[2.290s] -- Configuring incomplete, errors occurred!
[2.298s] Invoked command in '/home/anatoly/ros2_ws/build/hoverboard_driver' returned '1': DEBUGINFOD_URLS=https://debuginfod.ubuntu.com /usr/bin/cmake /home/anatoly/ros2_ws/src/hoverboard-driver -DCATKIN_INSTALL_INTO_PREFIX_ROOT=0 -DCMAKE_INSTALL_PREFIX=/home/anatoly/ros2_ws/install/hoverboard_driver
