[3.390s] Invoking command in '/home/anatoly/ros2_ws/src/twist_converter': DEBUGINFOD_URLS=https://debuginfod.ubuntu.com PYTHONPATH=/home/anatoly/ros2_ws/build/twist_converter/prefix_override:/usr/lib/python3/dist-packages/colcon_core/task/python/colcon_distutils_commands:/home/anatoly/ros2_ws/install/twist_converter/lib/python3.12/site-packages:${PYTHONPATH} /usr/bin/python3 -W ignore:setup.py install is deprecated -W ignore:easy_install command is deprecated setup.py egg_info --egg-base ../../build/twist_converter build --build-base /home/anatoly/ros2_ws/build/twist_converter/build install --record /home/anatoly/ros2_ws/build/twist_converter/install.log --single-version-externally-managed install_data
[6.506s] running egg_info
[6.735s] writing ../../build/twist_converter/twist_converter.egg-info/PKG-INFO
[6.739s] writing dependency_links to ../../build/twist_converter/twist_converter.egg-info/dependency_links.txt
[6.740s] writing entry points to ../../build/twist_converter/twist_converter.egg-info/entry_points.txt
[6.745s] writing requirements to ../../build/twist_converter/twist_converter.egg-info/requires.txt
[6.745s] writing top-level names to ../../build/twist_converter/twist_converter.egg-info/top_level.txt
[6.991s] reading manifest file '../../build/twist_converter/twist_converter.egg-info/SOURCES.txt'
[6.993s] writing manifest file '../../build/twist_converter/twist_converter.egg-info/SOURCES.txt'
[6.994s] running build
[6.994s] running build_py
[6.996s] running install
[7.014s] running install_lib
[7.088s] running install_data
[7.088s] running install_egg_info
[7.190s] removing '/home/anatoly/ros2_ws/install/twist_converter/lib/python3.12/site-packages/twist_converter-0.0.0-py3.12.egg-info' (and everything under it)
[7.191s] Copying ../../build/twist_converter/twist_converter.egg-info to /home/anatoly/ros2_ws/install/twist_converter/lib/python3.12/site-packages/twist_converter-0.0.0-py3.12.egg-info
[7.191s] running install_scripts
[7.724s] Installing twist_to_twist_stamped script to /home/anatoly/ros2_ws/install/twist_converter/lib/twist_converter
[7.725s] writing list of installed files to '/home/anatoly/ros2_ws/build/twist_converter/install.log'
[7.809s] Invoked command in '/home/anatoly/ros2_ws/src/twist_converter' returned '0': DEBUGINFOD_URLS=https://debuginfod.ubuntu.com PYTHONPATH=/home/anatoly/ros2_ws/build/twist_converter/prefix_override:/usr/lib/python3/dist-packages/colcon_core/task/python/colcon_distutils_commands:/home/anatoly/ros2_ws/install/twist_converter/lib/python3.12/site-packages:${PYTHONPATH} /usr/bin/python3 -W ignore:setup.py install is deprecated -W ignore:easy_install command is deprecated setup.py egg_info --egg-base ../../build/twist_converter build --build-base /home/anatoly/ros2_ws/build/twist_converter/build install --record /home/anatoly/ros2_ws/build/twist_converter/install.log --single-version-externally-managed install_data
