[0.676s] Invoking command in '/home/anatoly/ros2_ws/build/kinect_ros2': CMAKE_PREFIX_PATH=${CMAKE_PREFIX_PATH}:/home/anatoly/ros2_ws/install/twist_converter:/home/anatoly/ros2_ws/install/my_path_publisher:/home/anatoly/ros2_ws/install/my_fake_lidar:/home/anatoly/ros2_ws/install/esp32_bridge:/opt/ros/jazzy DEBUGINFOD_URLS=https://debuginfod.ubuntu.com /usr/bin/cmake --build /home/anatoly/ros2_ws/build/kinect_ros2 -- -j2 -l2
[0.837s] [100%] Built target kinect_ros2_component
[0.864s] Invoked command in '/home/anatoly/ros2_ws/build/kinect_ros2' returned '0': CMAKE_PREFIX_PATH=${CMAKE_PREFIX_PATH}:/home/anatoly/ros2_ws/install/twist_converter:/home/anatoly/ros2_ws/install/my_path_publisher:/home/anatoly/ros2_ws/install/my_fake_lidar:/home/anatoly/ros2_ws/install/esp32_bridge:/opt/ros/jazzy DEBUGINFOD_URLS=https://debuginfod.ubuntu.com /usr/bin/cmake --build /home/anatoly/ros2_ws/build/kinect_ros2 -- -j2 -l2
[0.889s] Invoking command in '/home/anatoly/ros2_ws/build/kinect_ros2': CMAKE_PREFIX_PATH=${CMAKE_PREFIX_PATH}:/home/anatoly/ros2_ws/install/twist_converter:/home/anatoly/ros2_ws/install/my_path_publisher:/home/anatoly/ros2_ws/install/my_fake_lidar:/home/anatoly/ros2_ws/install/esp32_bridge:/opt/ros/jazzy DEBUGINFOD_URLS=https://debuginfod.ubuntu.com /usr/bin/cmake --install /home/anatoly/ros2_ws/build/kinect_ros2
[0.912s] -- Install configuration: ""
[0.913s] -- Up-to-date: /home/anatoly/ros2_ws/install/kinect_ros2/lib/kinect_ros2/libkinect_ros2_component.so
[0.915s] -- Up-to-date: /home/anatoly/ros2_ws/install/kinect_ros2/share/kinect_ros2/launch
[0.916s] -- Up-to-date: /home/anatoly/ros2_ws/install/kinect_ros2/share/kinect_ros2/launch/pointcloud.launch.py
[0.916s] -- Up-to-date: /home/anatoly/ros2_ws/install/kinect_ros2/share/kinect_ros2/launch/showimage.launch.py
[0.916s] -- Up-to-date: /home/anatoly/ros2_ws/install/kinect_ros2/share/kinect_ros2/launch/kinect.launch.py
[0.916s] -- Up-to-date: /home/anatoly/ros2_ws/install/kinect_ros2/share/ament_index/resource_index/package_run_dependencies/kinect_ros2
[0.916s] -- Up-to-date: /home/anatoly/ros2_ws/install/kinect_ros2/share/ament_index/resource_index/parent_prefix_path/kinect_ros2
[0.917s] -- Up-to-date: /home/anatoly/ros2_ws/install/kinect_ros2/share/kinect_ros2/environment/ament_prefix_path.sh
[0.917s] -- Up-to-date: /home/anatoly/ros2_ws/install/kinect_ros2/share/kinect_ros2/environment/ament_prefix_path.dsv
[0.918s] -- Up-to-date: /home/anatoly/ros2_ws/install/kinect_ros2/share/kinect_ros2/environment/path.sh
[0.919s] -- Up-to-date: /home/anatoly/ros2_ws/install/kinect_ros2/share/kinect_ros2/environment/path.dsv
[0.919s] -- Up-to-date: /home/anatoly/ros2_ws/install/kinect_ros2/share/kinect_ros2/local_setup.bash
[0.919s] -- Up-to-date: /home/anatoly/ros2_ws/install/kinect_ros2/share/kinect_ros2/local_setup.sh
[0.919s] -- Up-to-date: /home/anatoly/ros2_ws/install/kinect_ros2/share/kinect_ros2/local_setup.zsh
[0.919s] -- Up-to-date: /home/anatoly/ros2_ws/install/kinect_ros2/share/kinect_ros2/local_setup.dsv
[0.920s] -- Installing: /home/anatoly/ros2_ws/install/kinect_ros2/share/kinect_ros2/package.dsv
[0.920s] -- Up-to-date: /home/anatoly/ros2_ws/install/kinect_ros2/share/ament_index/resource_index/packages/kinect_ros2
[0.923s] -- Up-to-date: /home/anatoly/ros2_ws/install/kinect_ros2/share/ament_index/resource_index/rclcpp_components/kinect_ros2
[0.925s] -- Up-to-date: /home/anatoly/ros2_ws/install/kinect_ros2/share/kinect_ros2/cmake/kinect_ros2Config.cmake
[0.926s] -- Up-to-date: /home/anatoly/ros2_ws/install/kinect_ros2/share/kinect_ros2/cmake/kinect_ros2Config-version.cmake
[0.926s] -- Up-to-date: /home/anatoly/ros2_ws/install/kinect_ros2/share/kinect_ros2/package.xml
[0.927s] Invoked command in '/home/anatoly/ros2_ws/build/kinect_ros2' returned '0': CMAKE_PREFIX_PATH=${CMAKE_PREFIX_PATH}:/home/anatoly/ros2_ws/install/twist_converter:/home/anatoly/ros2_ws/install/my_path_publisher:/home/anatoly/ros2_ws/install/my_fake_lidar:/home/anatoly/ros2_ws/install/esp32_bridge:/opt/ros/jazzy DEBUGINFOD_URLS=https://debuginfod.ubuntu.com /usr/bin/cmake --install /home/anatoly/ros2_ws/build/kinect_ros2
