[3.638s] Invoking command in '/home/anatoly/ros2_ws/src/my_path_publisher': DEBUGINFOD_URLS=https://debuginfod.ubuntu.com PYTHONPATH=/home/anatoly/ros2_ws/build/my_path_publisher/prefix_override:/usr/lib/python3/dist-packages/colcon_core/task/python/colcon_distutils_commands:/home/anatoly/ros2_ws/install/my_path_publisher/lib/python3.12/site-packages:${PYTHONPATH} /usr/bin/python3 -W ignore:setup.py install is deprecated -W ignore:easy_install command is deprecated setup.py egg_info --egg-base ../../build/my_path_publisher build --build-base /home/anatoly/ros2_ws/build/my_path_publisher/build install --record /home/anatoly/ros2_ws/build/my_path_publisher/install.log --single-version-externally-managed install_data
[4.777s] running egg_info
[4.850s] writing ../../build/my_path_publisher/my_path_publisher.egg-info/PKG-INFO
[4.850s] writing dependency_links to ../../build/my_path_publisher/my_path_publisher.egg-info/dependency_links.txt
[4.851s] writing entry points to ../../build/my_path_publisher/my_path_publisher.egg-info/entry_points.txt
[4.852s] writing requirements to ../../build/my_path_publisher/my_path_publisher.egg-info/requires.txt
[4.852s] writing top-level names to ../../build/my_path_publisher/my_path_publisher.egg-info/top_level.txt
[5.007s] reading manifest file '../../build/my_path_publisher/my_path_publisher.egg-info/SOURCES.txt'
[5.010s] writing manifest file '../../build/my_path_publisher/my_path_publisher.egg-info/SOURCES.txt'
[5.011s] running build
[5.013s] running build_py
[5.013s] running install
[5.032s] running install_lib
[5.110s] running install_data
[5.112s] running install_egg_info
[5.201s] removing '/home/anatoly/ros2_ws/install/my_path_publisher/lib/python3.12/site-packages/my_path_publisher-0.0.0-py3.12.egg-info' (and everything under it)
[5.205s] Copying ../../build/my_path_publisher/my_path_publisher.egg-info to /home/anatoly/ros2_ws/install/my_path_publisher/lib/python3.12/site-packages/my_path_publisher-0.0.0-py3.12.egg-info
[5.212s] running install_scripts
[5.934s] Installing path_publisher script to /home/anatoly/ros2_ws/install/my_path_publisher/lib/my_path_publisher
[5.938s] writing list of installed files to '/home/anatoly/ros2_ws/build/my_path_publisher/install.log'
[6.037s] Invoked command in '/home/anatoly/ros2_ws/src/my_path_publisher' returned '0': DEBUGINFOD_URLS=https://debuginfod.ubuntu.com PYTHONPATH=/home/anatoly/ros2_ws/build/my_path_publisher/prefix_override:/usr/lib/python3/dist-packages/colcon_core/task/python/colcon_distutils_commands:/home/anatoly/ros2_ws/install/my_path_publisher/lib/python3.12/site-packages:${PYTHONPATH} /usr/bin/python3 -W ignore:setup.py install is deprecated -W ignore:easy_install command is deprecated setup.py egg_info --egg-base ../../build/my_path_publisher build --build-base /home/anatoly/ros2_ws/build/my_path_publisher/build install --record /home/anatoly/ros2_ws/build/my_path_publisher/install.log --single-version-externally-managed install_data
