[0.066s] Invoking command in '/home/anatoly/ros2_ws/build/my_two_wheel_robot': CMAKE_PREFIX_PATH=${CMAKE_PREFIX_PATH}:/home/anatoly/ros2_ws/install/twist_converter:/home/anatoly/ros2_ws/install/my_path_publisher:/home/anatoly/ros2_ws/install/my_fake_lidar:/home/anatoly/ros2_ws/install/esp32_bridge:/opt/ros/jazzy DEBUGINFOD_URLS=https://debuginfod.ubuntu.com /usr/bin/cmake --build /home/anatoly/ros2_ws/build/my_two_wheel_robot -- -j2 -l2
[0.489s] Invoked command in '/home/anatoly/ros2_ws/build/my_two_wheel_robot' returned '0': CMAKE_PREFIX_PATH=${CMAKE_PREFIX_PATH}:/home/anatoly/ros2_ws/install/twist_converter:/home/anatoly/ros2_ws/install/my_path_publisher:/home/anatoly/ros2_ws/install/my_fake_lidar:/home/anatoly/ros2_ws/install/esp32_bridge:/opt/ros/jazzy DEBUGINFOD_URLS=https://debuginfod.ubuntu.com /usr/bin/cmake --build /home/anatoly/ros2_ws/build/my_two_wheel_robot -- -j2 -l2
[0.493s] Invoking command in '/home/anatoly/ros2_ws/build/my_two_wheel_robot': CMAKE_PREFIX_PATH=${CMAKE_PREFIX_PATH}:/home/anatoly/ros2_ws/install/twist_converter:/home/anatoly/ros2_ws/install/my_path_publisher:/home/anatoly/ros2_ws/install/my_fake_lidar:/home/anatoly/ros2_ws/install/esp32_bridge:/opt/ros/jazzy DEBUGINFOD_URLS=https://debuginfod.ubuntu.com /usr/bin/cmake --install /home/anatoly/ros2_ws/build/my_two_wheel_robot
[0.531s] -- Install configuration: ""
[0.531s] -- Up-to-date: /home/anatoly/ros2_ws/install/my_two_wheel_robot/share/my_two_wheel_robot/launch
[0.542s] -- Up-to-date: /home/anatoly/ros2_ws/install/my_two_wheel_robot/share/my_two_wheel_robot/launch/two_wheel_robot.launch.py
[0.543s] -- Up-to-date: /home/anatoly/ros2_ws/install/my_two_wheel_robot/share/my_two_wheel_robot/urdf
[0.543s] -- Up-to-date: /home/anatoly/ros2_ws/install/my_two_wheel_robot/share/my_two_wheel_robot/urdf/my_two_wheel_robot.urdf.xacro
[0.543s] -- Up-to-date: /home/anatoly/ros2_ws/install/my_two_wheel_robot/share/my_two_wheel_robot/config
[0.543s] -- Up-to-date: /home/anatoly/ros2_ws/install/my_two_wheel_robot/share/my_two_wheel_robot/config/diff_drive_controllers.yaml
[0.543s] -- Up-to-date: /home/anatoly/ros2_ws/install/my_two_wheel_robot/share/my_two_wheel_robot/rviz
[0.544s] -- Up-to-date: /home/anatoly/ros2_ws/install/my_two_wheel_robot/share/my_two_wheel_robot/rviz/urdf.rviz
[0.544s] -- Up-to-date: /home/anatoly/ros2_ws/install/my_two_wheel_robot/share/ament_index/resource_index/package_run_dependencies/my_two_wheel_robot
[0.545s] -- Up-to-date: /home/anatoly/ros2_ws/install/my_two_wheel_robot/share/ament_index/resource_index/parent_prefix_path/my_two_wheel_robot
[0.545s] -- Up-to-date: /home/anatoly/ros2_ws/install/my_two_wheel_robot/share/my_two_wheel_robot/environment/ament_prefix_path.sh
[0.546s] -- Up-to-date: /home/anatoly/ros2_ws/install/my_two_wheel_robot/share/my_two_wheel_robot/environment/ament_prefix_path.dsv
[0.546s] -- Up-to-date: /home/anatoly/ros2_ws/install/my_two_wheel_robot/share/my_two_wheel_robot/environment/path.sh
[0.546s] -- Up-to-date: /home/anatoly/ros2_ws/install/my_two_wheel_robot/share/my_two_wheel_robot/environment/path.dsv
[0.546s] -- Up-to-date: /home/anatoly/ros2_ws/install/my_two_wheel_robot/share/my_two_wheel_robot/local_setup.bash
[0.546s] -- Up-to-date: /home/anatoly/ros2_ws/install/my_two_wheel_robot/share/my_two_wheel_robot/local_setup.sh
[0.546s] -- Up-to-date: /home/anatoly/ros2_ws/install/my_two_wheel_robot/share/my_two_wheel_robot/local_setup.zsh
[0.549s] -- Up-to-date: /home/anatoly/ros2_ws/install/my_two_wheel_robot/share/my_two_wheel_robot/local_setup.dsv
[0.549s] -- Installing: /home/anatoly/ros2_ws/install/my_two_wheel_robot/share/my_two_wheel_robot/package.dsv
[0.550s] -- Up-to-date: /home/anatoly/ros2_ws/install/my_two_wheel_robot/share/ament_index/resource_index/packages/my_two_wheel_robot
[0.555s] -- Up-to-date: /home/anatoly/ros2_ws/install/my_two_wheel_robot/share/my_two_wheel_robot/cmake/my_two_wheel_robotConfig.cmake
[0.555s] -- Up-to-date: /home/anatoly/ros2_ws/install/my_two_wheel_robot/share/my_two_wheel_robot/cmake/my_two_wheel_robotConfig-version.cmake
[0.556s] -- Up-to-date: /home/anatoly/ros2_ws/install/my_two_wheel_robot/share/my_two_wheel_robot/package.xml
[0.556s] Invoked command in '/home/anatoly/ros2_ws/build/my_two_wheel_robot' returned '0': CMAKE_PREFIX_PATH=${CMAKE_PREFIX_PATH}:/home/anatoly/ros2_ws/install/twist_converter:/home/anatoly/ros2_ws/install/my_path_publisher:/home/anatoly/ros2_ws/install/my_fake_lidar:/home/anatoly/ros2_ws/install/esp32_bridge:/opt/ros/jazzy DEBUGINFOD_URLS=https://debuginfod.ubuntu.com /usr/bin/cmake --install /home/anatoly/ros2_ws/build/my_two_wheel_robot
