running egg_info
creating ../../build/esp32_bridge/esp32_bridge.egg-info
writing ../../build/esp32_bridge/esp32_bridge.egg-info/PKG-INFO
writing dependency_links to ../../build/esp32_bridge/esp32_bridge.egg-info/dependency_links.txt
writing entry points to ../../build/esp32_bridge/esp32_bridge.egg-info/entry_points.txt
writing requirements to ../../build/esp32_bridge/esp32_bridge.egg-info/requires.txt
writing top-level names to ../../build/esp32_bridge/esp32_bridge.egg-info/top_level.txt
writing manifest file '../../build/esp32_bridge/esp32_bridge.egg-info/SOURCES.txt'
reading manifest file '../../build/esp32_bridge/esp32_bridge.egg-info/SOURCES.txt'
writing manifest file '../../build/esp32_bridge/esp32_bridge.egg-info/SOURCES.txt'
running build
running build_py
creating /home/anatoly/ros2_ws/build/esp32_bridge/build
creating /home/anatoly/ros2_ws/build/esp32_bridge/build/lib
creating /home/anatoly/ros2_ws/build/esp32_bridge/build/lib/esp32_bridge
copying esp32_bridge/bridge_node.py -> /home/anatoly/ros2_ws/build/esp32_bridge/build/lib/esp32_bridge
copying esp32_bridge/__init__.py -> /home/anatoly/ros2_ws/build/esp32_bridge/build/lib/esp32_bridge
running install
running install_lib
creating /home/anatoly/ros2_ws/install/esp32_bridge/lib/python3.12/site-packages/esp32_bridge
copying /home/anatoly/ros2_ws/build/esp32_bridge/build/lib/esp32_bridge/bridge_node.py -> /home/anatoly/ros2_ws/install/esp32_bridge/lib/python3.12/site-packages/esp32_bridge
copying /home/anatoly/ros2_ws/build/esp32_bridge/build/lib/esp32_bridge/__init__.py -> /home/anatoly/ros2_ws/install/esp32_bridge/lib/python3.12/site-packages/esp32_bridge
byte-compiling /home/anatoly/ros2_ws/install/esp32_bridge/lib/python3.12/site-packages/esp32_bridge/bridge_node.py to bridge_node.cpython-312.pyc
byte-compiling /home/anatoly/ros2_ws/install/esp32_bridge/lib/python3.12/site-packages/esp32_bridge/__init__.py to __init__.cpython-312.pyc
running install_data
creating /home/anatoly/ros2_ws/install/esp32_bridge/share/ament_index
creating /home/anatoly/ros2_ws/install/esp32_bridge/share/ament_index/resource_index
creating /home/anatoly/ros2_ws/install/esp32_bridge/share/ament_index/resource_index/packages
copying resource/esp32_bridge -> /home/anatoly/ros2_ws/install/esp32_bridge/share/ament_index/resource_index/packages
copying package.xml -> /home/anatoly/ros2_ws/install/esp32_bridge/share/esp32_bridge
running install_egg_info
Copying ../../build/esp32_bridge/esp32_bridge.egg-info to /home/anatoly/ros2_ws/install/esp32_bridge/lib/python3.12/site-packages/esp32_bridge-0.0.0-py3.12.egg-info
running install_scripts
Installing esp32_bridge script to /home/anatoly/ros2_ws/install/esp32_bridge/lib/esp32_bridge
writing list of installed files to '/home/anatoly/ros2_ws/build/esp32_bridge/install.log'
