[7.878s] Invoking command in '/home/anatoly/ros2_ws/src/esp32_bridge': DEBUGINFOD_URLS=https://debuginfod.ubuntu.com PYTHONPATH=/home/anatoly/ros2_ws/build/esp32_bridge/prefix_override:/usr/lib/python3/dist-packages/colcon_core/task/python/colcon_distutils_commands:/home/anatoly/ros2_ws/install/esp32_bridge/lib/python3.12/site-packages:${PYTHONPATH} /usr/bin/python3 -W ignore:setup.py install is deprecated -W ignore:easy_install command is deprecated setup.py egg_info --egg-base ../../build/esp32_bridge build --build-base /home/anatoly/ros2_ws/build/esp32_bridge/build install --record /home/anatoly/ros2_ws/build/esp32_bridge/install.log --single-version-externally-managed install_data
[9.673s] running egg_info
[9.766s] writing ../../build/esp32_bridge/esp32_bridge.egg-info/PKG-INFO
[9.766s] writing dependency_links to ../../build/esp32_bridge/esp32_bridge.egg-info/dependency_links.txt
[9.766s] writing entry points to ../../build/esp32_bridge/esp32_bridge.egg-info/entry_points.txt
[9.766s] writing requirements to ../../build/esp32_bridge/esp32_bridge.egg-info/requires.txt
[9.767s] writing top-level names to ../../build/esp32_bridge/esp32_bridge.egg-info/top_level.txt
[9.941s] reading manifest file '../../build/esp32_bridge/esp32_bridge.egg-info/SOURCES.txt'
[9.948s] writing manifest file '../../build/esp32_bridge/esp32_bridge.egg-info/SOURCES.txt'
[9.948s] running build
[9.948s] running build_py
[9.948s] running install
[9.974s] running install_lib
[10.043s] running install_data
[10.045s] running install_egg_info
[10.124s] removing '/home/anatoly/ros2_ws/install/esp32_bridge/lib/python3.12/site-packages/esp32_bridge-0.0.0-py3.12.egg-info' (and everything under it)
[10.125s] Copying ../../build/esp32_bridge/esp32_bridge.egg-info to /home/anatoly/ros2_ws/install/esp32_bridge/lib/python3.12/site-packages/esp32_bridge-0.0.0-py3.12.egg-info
[10.126s] running install_scripts
[10.679s] Installing esp32_bridge script to /home/anatoly/ros2_ws/install/esp32_bridge/lib/esp32_bridge
[10.679s] writing list of installed files to '/home/anatoly/ros2_ws/build/esp32_bridge/install.log'
[10.790s] Invoked command in '/home/anatoly/ros2_ws/src/esp32_bridge' returned '0': DEBUGINFOD_URLS=https://debuginfod.ubuntu.com PYTHONPATH=/home/anatoly/ros2_ws/build/esp32_bridge/prefix_override:/usr/lib/python3/dist-packages/colcon_core/task/python/colcon_distutils_commands:/home/anatoly/ros2_ws/install/esp32_bridge/lib/python3.12/site-packages:${PYTHONPATH} /usr/bin/python3 -W ignore:setup.py install is deprecated -W ignore:easy_install command is deprecated setup.py egg_info --egg-base ../../build/esp32_bridge build --build-base /home/anatoly/ros2_ws/build/esp32_bridge/build install --record /home/anatoly/ros2_ws/build/esp32_bridge/install.log --single-version-externally-managed install_data
