running egg_info
creating ../../build/my_fake_lidar/my_fake_lidar.egg-info
writing ../../build/my_fake_lidar/my_fake_lidar.egg-info/PKG-INFO
writing dependency_links to ../../build/my_fake_lidar/my_fake_lidar.egg-info/dependency_links.txt
writing entry points to ../../build/my_fake_lidar/my_fake_lidar.egg-info/entry_points.txt
writing requirements to ../../build/my_fake_lidar/my_fake_lidar.egg-info/requires.txt
writing top-level names to ../../build/my_fake_lidar/my_fake_lidar.egg-info/top_level.txt
writing manifest file '../../build/my_fake_lidar/my_fake_lidar.egg-info/SOURCES.txt'
reading manifest file '../../build/my_fake_lidar/my_fake_lidar.egg-info/SOURCES.txt'
writing manifest file '../../build/my_fake_lidar/my_fake_lidar.egg-info/SOURCES.txt'
running build
running build_py
creating /home/anatoly/ros2_ws/build/my_fake_lidar/build
creating /home/anatoly/ros2_ws/build/my_fake_lidar/build/lib
creating /home/anatoly/ros2_ws/build/my_fake_lidar/build/lib/my_fake_lidar
copying my_fake_lidar/__init__.py -> /home/anatoly/ros2_ws/build/my_fake_lidar/build/lib/my_fake_lidar
copying my_fake_lidar/fake_lidar.py -> /home/anatoly/ros2_ws/build/my_fake_lidar/build/lib/my_fake_lidar
running install
running install_lib
creating /home/anatoly/ros2_ws/install/my_fake_lidar/lib/python3.12/site-packages/my_fake_lidar
copying /home/anatoly/ros2_ws/build/my_fake_lidar/build/lib/my_fake_lidar/__init__.py -> /home/anatoly/ros2_ws/install/my_fake_lidar/lib/python3.12/site-packages/my_fake_lidar
copying /home/anatoly/ros2_ws/build/my_fake_lidar/build/lib/my_fake_lidar/fake_lidar.py -> /home/anatoly/ros2_ws/install/my_fake_lidar/lib/python3.12/site-packages/my_fake_lidar
byte-compiling /home/anatoly/ros2_ws/install/my_fake_lidar/lib/python3.12/site-packages/my_fake_lidar/__init__.py to __init__.cpython-312.pyc
byte-compiling /home/anatoly/ros2_ws/install/my_fake_lidar/lib/python3.12/site-packages/my_fake_lidar/fake_lidar.py to fake_lidar.cpython-312.pyc
running install_data
creating /home/anatoly/ros2_ws/install/my_fake_lidar/share/ament_index
creating /home/anatoly/ros2_ws/install/my_fake_lidar/share/ament_index/resource_index
creating /home/anatoly/ros2_ws/install/my_fake_lidar/share/ament_index/resource_index/packages
copying resource/my_fake_lidar -> /home/anatoly/ros2_ws/install/my_fake_lidar/share/ament_index/resource_index/packages
copying package.xml -> /home/anatoly/ros2_ws/install/my_fake_lidar/share/my_fake_lidar
running install_egg_info
Copying ../../build/my_fake_lidar/my_fake_lidar.egg-info to /home/anatoly/ros2_ws/install/my_fake_lidar/lib/python3.12/site-packages/my_fake_lidar-0.0.0-py3.12.egg-info
running install_scripts
Installing fake_lidar script to /home/anatoly/ros2_ws/install/my_fake_lidar/lib/my_fake_lidar
writing list of installed files to '/home/anatoly/ros2_ws/build/my_fake_lidar/install.log'
