[3.738s] Invoking command in '/home/anatoly/ros2_ws/src/my_fake_lidar': DEBUGINFOD_URLS=https://debuginfod.ubuntu.com PYTHONPATH=/home/anatoly/ros2_ws/build/my_fake_lidar/prefix_override:/usr/lib/python3/dist-packages/colcon_core/task/python/colcon_distutils_commands:/home/anatoly/ros2_ws/install/my_fake_lidar/lib/python3.12/site-packages:${PYTHONPATH} /usr/bin/python3 -W ignore:setup.py install is deprecated -W ignore:easy_install command is deprecated setup.py egg_info --egg-base ../../build/my_fake_lidar build --build-base /home/anatoly/ros2_ws/build/my_fake_lidar/build install --record /home/anatoly/ros2_ws/build/my_fake_lidar/install.log --single-version-externally-managed install_data
[4.679s] running egg_info
[4.680s] creating ../../build/my_fake_lidar/my_fake_lidar.egg-info
[4.758s] writing ../../build/my_fake_lidar/my_fake_lidar.egg-info/PKG-INFO
[4.758s] writing dependency_links to ../../build/my_fake_lidar/my_fake_lidar.egg-info/dependency_links.txt
[4.759s] writing entry points to ../../build/my_fake_lidar/my_fake_lidar.egg-info/entry_points.txt
[4.760s] writing requirements to ../../build/my_fake_lidar/my_fake_lidar.egg-info/requires.txt
[4.761s] writing top-level names to ../../build/my_fake_lidar/my_fake_lidar.egg-info/top_level.txt
[4.762s] writing manifest file '../../build/my_fake_lidar/my_fake_lidar.egg-info/SOURCES.txt'
[4.907s] reading manifest file '../../build/my_fake_lidar/my_fake_lidar.egg-info/SOURCES.txt'
[4.910s] writing manifest file '../../build/my_fake_lidar/my_fake_lidar.egg-info/SOURCES.txt'
[4.911s] running build
[4.911s] running build_py
[4.911s] creating /home/anatoly/ros2_ws/build/my_fake_lidar/build
[4.911s] creating /home/anatoly/ros2_ws/build/my_fake_lidar/build/lib
[4.912s] creating /home/anatoly/ros2_ws/build/my_fake_lidar/build/lib/my_fake_lidar
[4.914s] copying my_fake_lidar/__init__.py -> /home/anatoly/ros2_ws/build/my_fake_lidar/build/lib/my_fake_lidar
[4.915s] copying my_fake_lidar/fake_lidar.py -> /home/anatoly/ros2_ws/build/my_fake_lidar/build/lib/my_fake_lidar
[4.915s] running install
[4.932s] running install_lib
[5.001s] creating /home/anatoly/ros2_ws/install/my_fake_lidar/lib/python3.12/site-packages/my_fake_lidar
[5.002s] copying /home/anatoly/ros2_ws/build/my_fake_lidar/build/lib/my_fake_lidar/__init__.py -> /home/anatoly/ros2_ws/install/my_fake_lidar/lib/python3.12/site-packages/my_fake_lidar
[5.003s] copying /home/anatoly/ros2_ws/build/my_fake_lidar/build/lib/my_fake_lidar/fake_lidar.py -> /home/anatoly/ros2_ws/install/my_fake_lidar/lib/python3.12/site-packages/my_fake_lidar
[5.003s] byte-compiling /home/anatoly/ros2_ws/install/my_fake_lidar/lib/python3.12/site-packages/my_fake_lidar/__init__.py to __init__.cpython-312.pyc
[5.003s] byte-compiling /home/anatoly/ros2_ws/install/my_fake_lidar/lib/python3.12/site-packages/my_fake_lidar/fake_lidar.py to fake_lidar.cpython-312.pyc
[5.005s] running install_data
[5.008s] creating /home/anatoly/ros2_ws/install/my_fake_lidar/share/ament_index
[5.008s] creating /home/anatoly/ros2_ws/install/my_fake_lidar/share/ament_index/resource_index
[5.008s] creating /home/anatoly/ros2_ws/install/my_fake_lidar/share/ament_index/resource_index/packages
[5.009s] copying resource/my_fake_lidar -> /home/anatoly/ros2_ws/install/my_fake_lidar/share/ament_index/resource_index/packages
[5.011s] copying package.xml -> /home/anatoly/ros2_ws/install/my_fake_lidar/share/my_fake_lidar
[5.011s] running install_egg_info
[5.083s] Copying ../../build/my_fake_lidar/my_fake_lidar.egg-info to /home/anatoly/ros2_ws/install/my_fake_lidar/lib/python3.12/site-packages/my_fake_lidar-0.0.0-py3.12.egg-info
[5.085s] running install_scripts
[5.539s] Installing fake_lidar script to /home/anatoly/ros2_ws/install/my_fake_lidar/lib/my_fake_lidar
[5.539s] writing list of installed files to '/home/anatoly/ros2_ws/build/my_fake_lidar/install.log'
[5.628s] Invoked command in '/home/anatoly/ros2_ws/src/my_fake_lidar' returned '0': DEBUGINFOD_URLS=https://debuginfod.ubuntu.com PYTHONPATH=/home/anatoly/ros2_ws/build/my_fake_lidar/prefix_override:/usr/lib/python3/dist-packages/colcon_core/task/python/colcon_distutils_commands:/home/anatoly/ros2_ws/install/my_fake_lidar/lib/python3.12/site-packages:${PYTHONPATH} /usr/bin/python3 -W ignore:setup.py install is deprecated -W ignore:easy_install command is deprecated setup.py egg_info --egg-base ../../build/my_fake_lidar build --build-base /home/anatoly/ros2_ws/build/my_fake_lidar/build install --record /home/anatoly/ros2_ws/build/my_fake_lidar/install.log --single-version-externally-managed install_data
