-- Install configuration: ""
-- Up-to-date: /home/anatoly/ros2_ws/install/view_robot/share/view_robot/launch
-- Up-to-date: /home/anatoly/ros2_ws/install/view_robot/share/view_robot/launch/view_robot.launch.py
-- Up-to-date: /home/anatoly/ros2_ws/install/view_robot/share/view_robot/urdf
-- Up-to-date: /home/anatoly/ros2_ws/install/view_robot/share/view_robot/urdf/view_robot.urdf.xacro
-- Up-to-date: /home/anatoly/ros2_ws/install/view_robot/share/view_robot/config
-- Up-to-date: /home/anatoly/ros2_ws/install/view_robot/share/view_robot/rviz
-- Up-to-date: /home/anatoly/ros2_ws/install/view_robot/share/view_robot/rviz/urdf.rviz
-- Up-to-date: /home/anatoly/ros2_ws/install/view_robot/share/ament_index/resource_index/package_run_dependencies/view_robot
-- Up-to-date: /home/anatoly/ros2_ws/install/view_robot/share/ament_index/resource_index/parent_prefix_path/view_robot
-- Up-to-date: /home/anatoly/ros2_ws/install/view_robot/share/view_robot/environment/ament_prefix_path.sh
-- Up-to-date: /home/anatoly/ros2_ws/install/view_robot/share/view_robot/environment/ament_prefix_path.dsv
-- Up-to-date: /home/anatoly/ros2_ws/install/view_robot/share/view_robot/environment/path.sh
-- Up-to-date: /home/anatoly/ros2_ws/install/view_robot/share/view_robot/environment/path.dsv
-- Up-to-date: /home/anatoly/ros2_ws/install/view_robot/share/view_robot/local_setup.bash
-- Up-to-date: /home/anatoly/ros2_ws/install/view_robot/share/view_robot/local_setup.sh
-- Up-to-date: /home/anatoly/ros2_ws/install/view_robot/share/view_robot/local_setup.zsh
-- Up-to-date: /home/anatoly/ros2_ws/install/view_robot/share/view_robot/local_setup.dsv
-- Installing: /home/anatoly/ros2_ws/install/view_robot/share/view_robot/package.dsv
-- Up-to-date: /home/anatoly/ros2_ws/install/view_robot/share/ament_index/resource_index/packages/view_robot
-- Up-to-date: /home/anatoly/ros2_ws/install/view_robot/share/view_robot/cmake/view_robotConfig.cmake
-- Up-to-date: /home/anatoly/ros2_ws/install/view_robot/share/view_robot/cmake/view_robotConfig-version.cmake
-- Up-to-date: /home/anatoly/ros2_ws/install/view_robot/share/view_robot/package.xml
