[0.073s] Invoking command in '/home/anatoly/ros2_ws/build/view_robot': CMAKE_PREFIX_PATH=${CMAKE_PREFIX_PATH}:/home/anatoly/ros2_ws/install/twist_converter:/home/anatoly/ros2_ws/install/my_path_publisher:/home/anatoly/ros2_ws/install/my_fake_lidar:/home/anatoly/ros2_ws/install/esp32_bridge:/opt/ros/jazzy DEBUGINFOD_URLS=https://debuginfod.ubuntu.com /usr/bin/cmake --build /home/anatoly/ros2_ws/build/view_robot -- -j2 -l2
[0.527s] Invoked command in '/home/anatoly/ros2_ws/build/view_robot' returned '0': CMAKE_PREFIX_PATH=${CMAKE_PREFIX_PATH}:/home/anatoly/ros2_ws/install/twist_converter:/home/anatoly/ros2_ws/install/my_path_publisher:/home/anatoly/ros2_ws/install/my_fake_lidar:/home/anatoly/ros2_ws/install/esp32_bridge:/opt/ros/jazzy DEBUGINFOD_URLS=https://debuginfod.ubuntu.com /usr/bin/cmake --build /home/anatoly/ros2_ws/build/view_robot -- -j2 -l2
[0.535s] Invoking command in '/home/anatoly/ros2_ws/build/view_robot': CMAKE_PREFIX_PATH=${CMAKE_PREFIX_PATH}:/home/anatoly/ros2_ws/install/twist_converter:/home/anatoly/ros2_ws/install/my_path_publisher:/home/anatoly/ros2_ws/install/my_fake_lidar:/home/anatoly/ros2_ws/install/esp32_bridge:/opt/ros/jazzy DEBUGINFOD_URLS=https://debuginfod.ubuntu.com /usr/bin/cmake --install /home/anatoly/ros2_ws/build/view_robot
[0.568s] -- Install configuration: ""
[0.568s] -- Up-to-date: /home/anatoly/ros2_ws/install/view_robot/share/view_robot/launch
[0.569s] -- Up-to-date: /home/anatoly/ros2_ws/install/view_robot/share/view_robot/launch/view_robot.launch.py
[0.569s] -- Up-to-date: /home/anatoly/ros2_ws/install/view_robot/share/view_robot/urdf
[0.569s] -- Up-to-date: /home/anatoly/ros2_ws/install/view_robot/share/view_robot/urdf/view_robot.urdf.xacro
[0.580s] -- Up-to-date: /home/anatoly/ros2_ws/install/view_robot/share/view_robot/config
[0.581s] -- Up-to-date: /home/anatoly/ros2_ws/install/view_robot/share/view_robot/rviz
[0.581s] -- Up-to-date: /home/anatoly/ros2_ws/install/view_robot/share/view_robot/rviz/urdf.rviz
[0.583s] -- Up-to-date: /home/anatoly/ros2_ws/install/view_robot/share/ament_index/resource_index/package_run_dependencies/view_robot
[0.592s] -- Up-to-date: /home/anatoly/ros2_ws/install/view_robot/share/ament_index/resource_index/parent_prefix_path/view_robot
[0.593s] -- Up-to-date: /home/anatoly/ros2_ws/install/view_robot/share/view_robot/environment/ament_prefix_path.sh
[0.593s] -- Up-to-date: /home/anatoly/ros2_ws/install/view_robot/share/view_robot/environment/ament_prefix_path.dsv
[0.593s] -- Up-to-date: /home/anatoly/ros2_ws/install/view_robot/share/view_robot/environment/path.sh
[0.593s] -- Up-to-date: /home/anatoly/ros2_ws/install/view_robot/share/view_robot/environment/path.dsv
[0.593s] -- Up-to-date: /home/anatoly/ros2_ws/install/view_robot/share/view_robot/local_setup.bash
[0.594s] -- Up-to-date: /home/anatoly/ros2_ws/install/view_robot/share/view_robot/local_setup.sh
[0.594s] -- Up-to-date: /home/anatoly/ros2_ws/install/view_robot/share/view_robot/local_setup.zsh
[0.601s] -- Up-to-date: /home/anatoly/ros2_ws/install/view_robot/share/view_robot/local_setup.dsv
[0.601s] -- Installing: /home/anatoly/ros2_ws/install/view_robot/share/view_robot/package.dsv
[0.602s] -- Up-to-date: /home/anatoly/ros2_ws/install/view_robot/share/ament_index/resource_index/packages/view_robot
[0.602s] -- Up-to-date: /home/anatoly/ros2_ws/install/view_robot/share/view_robot/cmake/view_robotConfig.cmake
[0.602s] -- Up-to-date: /home/anatoly/ros2_ws/install/view_robot/share/view_robot/cmake/view_robotConfig-version.cmake
[0.602s] -- Up-to-date: /home/anatoly/ros2_ws/install/view_robot/share/view_robot/package.xml
[0.616s] Invoked command in '/home/anatoly/ros2_ws/build/view_robot' returned '0': CMAKE_PREFIX_PATH=${CMAKE_PREFIX_PATH}:/home/anatoly/ros2_ws/install/twist_converter:/home/anatoly/ros2_ws/install/my_path_publisher:/home/anatoly/ros2_ws/install/my_fake_lidar:/home/anatoly/ros2_ws/install/esp32_bridge:/opt/ros/jazzy DEBUGINFOD_URLS=https://debuginfod.ubuntu.com /usr/bin/cmake --install /home/anatoly/ros2_ws/build/view_robot
