[3.172s] Invoking command in '/home/anatoly/ros2_ws/src/twist_converter': DEBUGINFOD_URLS=https://debuginfod.ubuntu.com PYTHONPATH=/home/anatoly/ros2_ws/build/twist_converter/prefix_override:/usr/lib/python3/dist-packages/colcon_core/task/python/colcon_distutils_commands:/home/anatoly/ros2_ws/install/twist_converter/lib/python3.12/site-packages:${PYTHONPATH} /usr/bin/python3 -W ignore:setup.py install is deprecated -W ignore:easy_install command is deprecated setup.py egg_info --egg-base ../../build/twist_converter build --build-base /home/anatoly/ros2_ws/build/twist_converter/build install --record /home/anatoly/ros2_ws/build/twist_converter/install.log --single-version-externally-managed install_data
[4.124s] running egg_info
[4.189s] writing ../../build/twist_converter/twist_converter.egg-info/PKG-INFO
[4.191s] writing dependency_links to ../../build/twist_converter/twist_converter.egg-info/dependency_links.txt
[4.192s] writing entry points to ../../build/twist_converter/twist_converter.egg-info/entry_points.txt
[4.193s] writing requirements to ../../build/twist_converter/twist_converter.egg-info/requires.txt
[4.194s] writing top-level names to ../../build/twist_converter/twist_converter.egg-info/top_level.txt
[4.325s] reading manifest file '../../build/twist_converter/twist_converter.egg-info/SOURCES.txt'
[4.327s] writing manifest file '../../build/twist_converter/twist_converter.egg-info/SOURCES.txt'
[4.328s] running build
[4.328s] running build_py
[4.328s] running install
[4.346s] running install_lib
[4.411s] running install_data
[4.411s] running install_egg_info
[4.478s] removing '/home/anatoly/ros2_ws/install/twist_converter/lib/python3.12/site-packages/twist_converter-0.0.0-py3.12.egg-info' (and everything under it)
[4.479s] Copying ../../build/twist_converter/twist_converter.egg-info to /home/anatoly/ros2_ws/install/twist_converter/lib/python3.12/site-packages/twist_converter-0.0.0-py3.12.egg-info
[4.481s] running install_scripts
[5.046s] Installing twist_to_twist_stamped script to /home/anatoly/ros2_ws/install/twist_converter/lib/twist_converter
[5.049s] writing list of installed files to '/home/anatoly/ros2_ws/build/twist_converter/install.log'
[5.194s] Invoked command in '/home/anatoly/ros2_ws/src/twist_converter' returned '0': DEBUGINFOD_URLS=https://debuginfod.ubuntu.com PYTHONPATH=/home/anatoly/ros2_ws/build/twist_converter/prefix_override:/usr/lib/python3/dist-packages/colcon_core/task/python/colcon_distutils_commands:/home/anatoly/ros2_ws/install/twist_converter/lib/python3.12/site-packages:${PYTHONPATH} /usr/bin/python3 -W ignore:setup.py install is deprecated -W ignore:easy_install command is deprecated setup.py egg_info --egg-base ../../build/twist_converter build --build-base /home/anatoly/ros2_ws/build/twist_converter/build install --record /home/anatoly/ros2_ws/build/twist_converter/install.log --single-version-externally-managed install_data
