-- The C compiler identification is GNU 13.3.0
-- The CXX compiler identification is GNU 13.3.0
-- Detecting C compiler ABI info
-- Detecting C compiler ABI info - done
-- Check for working C compiler: /usr/bin/cc - skipped
-- Detecting C compile features
-- Detecting C compile features - done
-- Detecting CXX compiler ABI info
-- Detecting CXX compiler ABI info - done
-- Check for working CXX compiler: /usr/bin/c++ - skipped
-- Detecting CXX compile features
-- Detecting CXX compile features - done
-- Found ament_cmake: 2.5.4 (/opt/ros/jazzy/share/ament_cmake/cmake)
-- Found Python3: /usr/bin/python3 (found version "3.12.3") found components: Interpreter 
-- Found rclcpp: 28.1.12 (/opt/ros/jazzy/share/rclcpp/cmake)
-- Found rosidl_generator_c: 4.6.6 (/opt/ros/jazzy/share/rosidl_generator_c/cmake)
-- Found rosidl_generator_cpp: 4.6.6 (/opt/ros/jazzy/share/rosidl_generator_cpp/cmake)
-- Using all available rosidl_typesupport_c: rosidl_typesupport_fastrtps_c;rosidl_typesupport_introspection_c
-- Using all available rosidl_typesupport_cpp: rosidl_typesupport_fastrtps_cpp;rosidl_typesupport_introspection_cpp
-- Found rmw_implementation_cmake: 7.3.2 (/opt/ros/jazzy/share/rmw_implementation_cmake/cmake)
-- Found rmw_fastrtps_cpp: 8.4.3 (/opt/ros/jazzy/share/rmw_fastrtps_cpp/cmake)
-- Found OpenSSL: /usr/lib/x86_64-linux-gnu/libcrypto.so (found version "3.0.13")  
-- Found FastRTPS: /opt/ros/jazzy/include (Required is at least version "2.13") 
-- Using RMW implementation 'rmw_fastrtps_cpp' as default
-- Found rclcpp_components: 28.1.12 (/opt/ros/jazzy/share/rclcpp_components/cmake)
-- Found sensor_msgs: 5.3.6 (/opt/ros/jazzy/share/sensor_msgs/cmake)
-- Found cv_bridge: 4.1.0 (/opt/ros/jazzy/share/cv_bridge/cmake)
-- Found image_transport: 5.1.7 (/opt/ros/jazzy/share/image_transport/cmake)
-- Found camera_info_manager: 5.1.7 (/opt/ros/jazzy/share/camera_info_manager/cmake)
-- Setting yaml-cpp_DIR to: '/opt/ros/jazzy/share/yaml_cpp_vendor/cmake/../../../opt/yaml_cpp_vendor/share/cmake/yaml-cpp'
-- Found PkgConfig: /usr/bin/pkg-config (found version "1.8.1") 
-- Found tf2_ros: 0.36.14 (/opt/ros/jazzy/share/tf2_ros/cmake)
-- Checking for module 'libfreenect'
--   Found libfreenect, version 0.5
-- Configuring done (4.8s)
-- Generating done (0.0s)
-- Build files have been written to: /home/anatoly/ros2_ws/build/kinect_ros2
[ 50%] [32mBuilding CXX object CMakeFiles/kinect_ros2_component.dir/src/kinect_ros2_component.cpp.o[0m
[100%] [32m[1mLinking CXX shared library libkinect_ros2_component.so[0m
[100%] Built target kinect_ros2_component
-- Install configuration: ""
-- Installing: /home/anatoly/ros2_ws/install/kinect_ros2/lib/kinect_ros2/libkinect_ros2_component.so
-- Set non-toolchain portion of runtime path of "/home/anatoly/ros2_ws/install/kinect_ros2/lib/kinect_ros2/libkinect_ros2_component.so" to ""
-- Installing: /home/anatoly/ros2_ws/install/kinect_ros2/share/kinect_ros2/launch
-- Installing: /home/anatoly/ros2_ws/install/kinect_ros2/share/kinect_ros2/launch/pointcloud.launch.py
-- Installing: /home/anatoly/ros2_ws/install/kinect_ros2/share/kinect_ros2/launch/showimage.launch.py
-- Installing: /home/anatoly/ros2_ws/install/kinect_ros2/share/kinect_ros2/launch/kinect.launch.py
-- Installing: /home/anatoly/ros2_ws/install/kinect_ros2/share/kinect_ros2/cfg
-- Installing: /home/anatoly/ros2_ws/install/kinect_ros2/share/kinect_ros2/cfg/calibration_depth.yaml
-- Installing: /home/anatoly/ros2_ws/install/kinect_ros2/share/kinect_ros2/cfg/calibration_rgb.yaml
-- Up-to-date: /home/anatoly/ros2_ws/install/kinect_ros2/share/kinect_ros2/launch
-- Up-to-date: /home/anatoly/ros2_ws/install/kinect_ros2/share/kinect_ros2/launch/pointcloud.launch.py
-- Up-to-date: /home/anatoly/ros2_ws/install/kinect_ros2/share/kinect_ros2/launch/showimage.launch.py
-- Up-to-date: /home/anatoly/ros2_ws/install/kinect_ros2/share/kinect_ros2/launch/kinect.launch.py
-- Installing: /home/anatoly/ros2_ws/install/kinect_ros2/share/ament_index/resource_index/package_run_dependencies/kinect_ros2
-- Installing: /home/anatoly/ros2_ws/install/kinect_ros2/share/ament_index/resource_index/parent_prefix_path/kinect_ros2
-- Installing: /home/anatoly/ros2_ws/install/kinect_ros2/share/kinect_ros2/environment/ament_prefix_path.sh
-- Installing: /home/anatoly/ros2_ws/install/kinect_ros2/share/kinect_ros2/environment/ament_prefix_path.dsv
-- Installing: /home/anatoly/ros2_ws/install/kinect_ros2/share/kinect_ros2/environment/path.sh
-- Installing: /home/anatoly/ros2_ws/install/kinect_ros2/share/kinect_ros2/environment/path.dsv
-- Installing: /home/anatoly/ros2_ws/install/kinect_ros2/share/kinect_ros2/local_setup.bash
-- Installing: /home/anatoly/ros2_ws/install/kinect_ros2/share/kinect_ros2/local_setup.sh
-- Installing: /home/anatoly/ros2_ws/install/kinect_ros2/share/kinect_ros2/local_setup.zsh
-- Installing: /home/anatoly/ros2_ws/install/kinect_ros2/share/kinect_ros2/local_setup.dsv
-- Installing: /home/anatoly/ros2_ws/install/kinect_ros2/share/kinect_ros2/package.dsv
-- Installing: /home/anatoly/ros2_ws/install/kinect_ros2/share/ament_index/resource_index/packages/kinect_ros2
-- Installing: /home/anatoly/ros2_ws/install/kinect_ros2/share/ament_index/resource_index/rclcpp_components/kinect_ros2
-- Installing: /home/anatoly/ros2_ws/install/kinect_ros2/share/kinect_ros2/cmake/kinect_ros2Config.cmake
-- Installing: /home/anatoly/ros2_ws/install/kinect_ros2/share/kinect_ros2/cmake/kinect_ros2Config-version.cmake
-- Installing: /home/anatoly/ros2_ws/install/kinect_ros2/share/kinect_ros2/package.xml
