[0.785s] Invoking command in '/home/anatoly/ros2_ws/build/kinect_ros2': CMAKE_PREFIX_PATH=${CMAKE_PREFIX_PATH}:/opt/ros/jazzy DEBUGINFOD_URLS=https://debuginfod.ubuntu.com /usr/bin/cmake --build /home/anatoly/ros2_ws/build/kinect_ros2 -- -j2 -l2
[1.086s] [100%] Built target kinect_ros2_component
[1.118s] Invoked command in '/home/anatoly/ros2_ws/build/kinect_ros2' returned '0': CMAKE_PREFIX_PATH=${CMAKE_PREFIX_PATH}:/opt/ros/jazzy DEBUGINFOD_URLS=https://debuginfod.ubuntu.com /usr/bin/cmake --build /home/anatoly/ros2_ws/build/kinect_ros2 -- -j2 -l2
[1.197s] Invoking command in '/home/anatoly/ros2_ws/build/kinect_ros2': CMAKE_PREFIX_PATH=${CMAKE_PREFIX_PATH}:/opt/ros/jazzy DEBUGINFOD_URLS=https://debuginfod.ubuntu.com /usr/bin/cmake --install /home/anatoly/ros2_ws/build/kinect_ros2
[1.275s] -- Install configuration: ""
[1.280s] -- Up-to-date: /home/anatoly/ros2_ws/install/kinect_ros2/lib/kinect_ros2/libkinect_ros2_component.so
[1.280s] -- Up-to-date: /home/anatoly/ros2_ws/install/kinect_ros2/share/kinect_ros2/launch
[1.280s] -- Up-to-date: /home/anatoly/ros2_ws/install/kinect_ros2/share/kinect_ros2/launch/pointcloud.launch.py
[1.280s] -- Up-to-date: /home/anatoly/ros2_ws/install/kinect_ros2/share/kinect_ros2/launch/showimage.launch.py
[1.281s] -- Up-to-date: /home/anatoly/ros2_ws/install/kinect_ros2/share/kinect_ros2/launch/kinect.launch.py
[1.286s] -- Up-to-date: /home/anatoly/ros2_ws/install/kinect_ros2/share/ament_index/resource_index/package_run_dependencies/kinect_ros2
[1.287s] -- Up-to-date: /home/anatoly/ros2_ws/install/kinect_ros2/share/ament_index/resource_index/parent_prefix_path/kinect_ros2
[1.287s] -- Up-to-date: /home/anatoly/ros2_ws/install/kinect_ros2/share/kinect_ros2/environment/ament_prefix_path.sh
[1.287s] -- Up-to-date: /home/anatoly/ros2_ws/install/kinect_ros2/share/kinect_ros2/environment/ament_prefix_path.dsv
[1.287s] -- Up-to-date: /home/anatoly/ros2_ws/install/kinect_ros2/share/kinect_ros2/environment/path.sh
[1.290s] -- Up-to-date: /home/anatoly/ros2_ws/install/kinect_ros2/share/kinect_ros2/environment/path.dsv
[1.290s] -- Up-to-date: /home/anatoly/ros2_ws/install/kinect_ros2/share/kinect_ros2/local_setup.bash
[1.290s] -- Up-to-date: /home/anatoly/ros2_ws/install/kinect_ros2/share/kinect_ros2/local_setup.sh
[1.290s] -- Up-to-date: /home/anatoly/ros2_ws/install/kinect_ros2/share/kinect_ros2/local_setup.zsh
[1.290s] -- Up-to-date: /home/anatoly/ros2_ws/install/kinect_ros2/share/kinect_ros2/local_setup.dsv
[1.291s] -- Installing: /home/anatoly/ros2_ws/install/kinect_ros2/share/kinect_ros2/package.dsv
[1.291s] -- Up-to-date: /home/anatoly/ros2_ws/install/kinect_ros2/share/ament_index/resource_index/packages/kinect_ros2
[1.291s] -- Up-to-date: /home/anatoly/ros2_ws/install/kinect_ros2/share/ament_index/resource_index/rclcpp_components/kinect_ros2
[1.291s] -- Up-to-date: /home/anatoly/ros2_ws/install/kinect_ros2/share/kinect_ros2/cmake/kinect_ros2Config.cmake
[1.291s] -- Up-to-date: /home/anatoly/ros2_ws/install/kinect_ros2/share/kinect_ros2/cmake/kinect_ros2Config-version.cmake
[1.295s] -- Up-to-date: /home/anatoly/ros2_ws/install/kinect_ros2/share/kinect_ros2/package.xml
[1.305s] Invoked command in '/home/anatoly/ros2_ws/build/kinect_ros2' returned '0': CMAKE_PREFIX_PATH=${CMAKE_PREFIX_PATH}:/opt/ros/jazzy DEBUGINFOD_URLS=https://debuginfod.ubuntu.com /usr/bin/cmake --install /home/anatoly/ros2_ws/build/kinect_ros2
