[6.001s] Invoking command in '/home/anatoly/ros2_ws/src/twist_converter': DEBUGINFOD_URLS=https://debuginfod.ubuntu.com PYTHONPATH=/home/anatoly/ros2_ws/build/twist_converter/prefix_override:/usr/lib/python3/dist-packages/colcon_core/task/python/colcon_distutils_commands:/home/anatoly/ros2_ws/install/twist_converter/lib/python3.12/site-packages:${PYTHONPATH} /usr/bin/python3 -W ignore:setup.py install is deprecated -W ignore:easy_install command is deprecated setup.py egg_info --egg-base ../../build/twist_converter build --build-base /home/anatoly/ros2_ws/build/twist_converter/build install --record /home/anatoly/ros2_ws/build/twist_converter/install.log --single-version-externally-managed install_data
[8.121s] running egg_info
[8.197s] writing ../../build/twist_converter/twist_converter.egg-info/PKG-INFO
[8.197s] writing dependency_links to ../../build/twist_converter/twist_converter.egg-info/dependency_links.txt
[8.198s] writing entry points to ../../build/twist_converter/twist_converter.egg-info/entry_points.txt
[8.204s] writing requirements to ../../build/twist_converter/twist_converter.egg-info/requires.txt
[8.204s] writing top-level names to ../../build/twist_converter/twist_converter.egg-info/top_level.txt
[8.344s] reading manifest file '../../build/twist_converter/twist_converter.egg-info/SOURCES.txt'
[8.348s] writing manifest file '../../build/twist_converter/twist_converter.egg-info/SOURCES.txt'
[8.348s] running build
[8.348s] running build_py
[8.349s] running install
[8.364s] running install_lib
[8.461s] running install_data
[8.461s] running install_egg_info
[8.550s] removing '/home/anatoly/ros2_ws/install/twist_converter/lib/python3.12/site-packages/twist_converter-0.0.0-py3.12.egg-info' (and everything under it)
[8.557s] Copying ../../build/twist_converter/twist_converter.egg-info to /home/anatoly/ros2_ws/install/twist_converter/lib/python3.12/site-packages/twist_converter-0.0.0-py3.12.egg-info
[8.560s] running install_scripts
[9.069s] Installing twist_to_twist_stamped script to /home/anatoly/ros2_ws/install/twist_converter/lib/twist_converter
[9.071s] writing list of installed files to '/home/anatoly/ros2_ws/build/twist_converter/install.log'
[9.157s] Invoked command in '/home/anatoly/ros2_ws/src/twist_converter' returned '0': DEBUGINFOD_URLS=https://debuginfod.ubuntu.com PYTHONPATH=/home/anatoly/ros2_ws/build/twist_converter/prefix_override:/usr/lib/python3/dist-packages/colcon_core/task/python/colcon_distutils_commands:/home/anatoly/ros2_ws/install/twist_converter/lib/python3.12/site-packages:${PYTHONPATH} /usr/bin/python3 -W ignore:setup.py install is deprecated -W ignore:easy_install command is deprecated setup.py egg_info --egg-base ../../build/twist_converter build --build-base /home/anatoly/ros2_ws/build/twist_converter/build install --record /home/anatoly/ros2_ws/build/twist_converter/install.log --single-version-externally-managed install_data
