[0.550s] DEBUG:colcon:Command line arguments: ['/usr/bin/colcon', 'build']
[0.550s] DEBUG:colcon:Parsed command line arguments: Namespace(log_base=None, log_level=None, verb_name='build', build_base='build', install_base='install', merge_install=False, symlink_install=False, test_result_base=None, continue_on_error=False, executor='parallel', parallel_workers=2, event_handlers=None, ignore_user_meta=False, metas=['./colcon.meta'], base_paths=['.'], packages_ignore=None, packages_ignore_regex=None, paths=None, packages_up_to=None, packages_up_to_regex=None, packages_above=None, packages_above_and_dependencies=None, packages_above_depth=None, packages_select_by_dep=None, packages_skip_by_dep=None, packages_skip_up_to=None, packages_select_build_failed=False, packages_skip_build_finished=False, packages_select_test_failures=False, packages_skip_test_passed=False, packages_select=None, packages_skip=None, packages_select_regex=None, packages_skip_regex=None, packages_start=None, packages_end=None, allow_overriding=[], cmake_args=None, cmake_target=None, cmake_target_skip_unavailable=False, cmake_clean_cache=False, cmake_clean_first=False, cmake_force_configure=False, ament_cmake_args=None, catkin_cmake_args=None, catkin_skip_building_tests=False, mixin_files=None, mixin=None, verb_parser=<colcon_mixin.mixin.mixin_argument.MixinArgumentDecorator object at 0x7c56cc49c4a0>, verb_extension=<colcon_core.verb.build.BuildVerb object at 0x7c56cc5c4d40>, main=<bound method BuildVerb.main of <colcon_core.verb.build.BuildVerb object at 0x7c56cc5c4d40>>, mixin_verb=('build',))
[0.694s] Level 1:colcon.colcon_core.package_discovery:discover_packages(colcon_meta) check parameters
[0.695s] Level 1:colcon.colcon_core.package_discovery:discover_packages(recursive) check parameters
[0.695s] Level 1:colcon.colcon_core.package_discovery:discover_packages(ignore) check parameters
[0.695s] Level 1:colcon.colcon_core.package_discovery:discover_packages(path) check parameters
[0.695s] Level 1:colcon.colcon_core.package_discovery:discover_packages(colcon_meta) discover
[0.695s] Level 1:colcon.colcon_core.package_discovery:discover_packages(recursive) discover
[0.695s] INFO:colcon.colcon_core.package_discovery:Crawling recursively for packages in '/home/anatoly/ros2_ws'
[0.696s] Level 1:colcon.colcon_core.package_identification:_identify(.) by extensions ['ignore', 'ignore_ament_install']
[0.696s] Level 1:colcon.colcon_core.package_identification:_identify(.) by extension 'ignore'
[0.696s] Level 1:colcon.colcon_core.package_identification:_identify(.) by extension 'ignore_ament_install'
[0.696s] Level 1:colcon.colcon_core.package_identification:_identify(.) by extensions ['colcon_pkg']
[0.696s] Level 1:colcon.colcon_core.package_identification:_identify(.) by extension 'colcon_pkg'
[0.696s] Level 1:colcon.colcon_core.package_identification:_identify(.) by extensions ['colcon_meta']
[0.697s] Level 1:colcon.colcon_core.package_identification:_identify(.) by extension 'colcon_meta'
[0.697s] Level 1:colcon.colcon_core.package_identification:_identify(.) by extensions ['ros']
[0.697s] Level 1:colcon.colcon_core.package_identification:_identify(.) by extension 'ros'
[0.785s] Level 1:colcon.colcon_core.package_identification:_identify(.) by extensions ['cmake', 'python']
[0.785s] Level 1:colcon.colcon_core.package_identification:_identify(.) by extension 'cmake'
[0.786s] Level 1:colcon.colcon_core.package_identification:_identify(.) by extension 'python'
[0.786s] Level 1:colcon.colcon_core.package_identification:_identify(.) by extensions ['python_setup_py']
[0.786s] Level 1:colcon.colcon_core.package_identification:_identify(.) by extension 'python_setup_py'
[0.786s] Level 1:colcon.colcon_core.package_identification:_identify(build) by extensions ['ignore', 'ignore_ament_install']
[0.786s] Level 1:colcon.colcon_core.package_identification:_identify(build) by extension 'ignore'
[0.786s] Level 1:colcon.colcon_core.package_identification:_identify(build) ignored
[0.787s] Level 1:colcon.colcon_core.package_identification:_identify(install) by extensions ['ignore', 'ignore_ament_install']
[0.787s] Level 1:colcon.colcon_core.package_identification:_identify(install) by extension 'ignore'
[0.787s] Level 1:colcon.colcon_core.package_identification:_identify(install) ignored
[0.787s] Level 1:colcon.colcon_core.package_identification:_identify(log) by extensions ['ignore', 'ignore_ament_install']
[0.788s] Level 1:colcon.colcon_core.package_identification:_identify(log) by extension 'ignore'
[0.788s] Level 1:colcon.colcon_core.package_identification:_identify(log) ignored
[0.788s] Level 1:colcon.colcon_core.package_identification:_identify(src) by extensions ['ignore', 'ignore_ament_install']
[0.788s] Level 1:colcon.colcon_core.package_identification:_identify(src) by extension 'ignore'
[0.788s] Level 1:colcon.colcon_core.package_identification:_identify(src) by extension 'ignore_ament_install'
[0.788s] Level 1:colcon.colcon_core.package_identification:_identify(src) by extensions ['colcon_pkg']
[0.788s] Level 1:colcon.colcon_core.package_identification:_identify(src) by extension 'colcon_pkg'
[0.789s] Level 1:colcon.colcon_core.package_identification:_identify(src) by extensions ['colcon_meta']
[0.789s] Level 1:colcon.colcon_core.package_identification:_identify(src) by extension 'colcon_meta'
[0.789s] Level 1:colcon.colcon_core.package_identification:_identify(src) by extensions ['ros']
[0.789s] Level 1:colcon.colcon_core.package_identification:_identify(src) by extension 'ros'
[0.789s] Level 1:colcon.colcon_core.package_identification:_identify(src) by extensions ['cmake', 'python']
[0.789s] Level 1:colcon.colcon_core.package_identification:_identify(src) by extension 'cmake'
[0.789s] Level 1:colcon.colcon_core.package_identification:_identify(src) by extension 'python'
[0.789s] Level 1:colcon.colcon_core.package_identification:_identify(src) by extensions ['python_setup_py']
[0.789s] Level 1:colcon.colcon_core.package_identification:_identify(src) by extension 'python_setup_py'
[0.790s] Level 1:colcon.colcon_core.package_identification:_identify(src/esp32_bridge) by extensions ['ignore', 'ignore_ament_install']
[0.790s] Level 1:colcon.colcon_core.package_identification:_identify(src/esp32_bridge) by extension 'ignore'
[0.790s] Level 1:colcon.colcon_core.package_identification:_identify(src/esp32_bridge) by extension 'ignore_ament_install'
[0.790s] Level 1:colcon.colcon_core.package_identification:_identify(src/esp32_bridge) by extensions ['colcon_pkg']
[0.790s] Level 1:colcon.colcon_core.package_identification:_identify(src/esp32_bridge) by extension 'colcon_pkg'
[0.790s] Level 1:colcon.colcon_core.package_identification:_identify(src/esp32_bridge) by extensions ['colcon_meta']
[0.791s] Level 1:colcon.colcon_core.package_identification:_identify(src/esp32_bridge) by extension 'colcon_meta'
[0.791s] Level 1:colcon.colcon_core.package_identification:_identify(src/esp32_bridge) by extensions ['ros']
[0.791s] Level 1:colcon.colcon_core.package_identification:_identify(src/esp32_bridge) by extension 'ros'
[0.798s] DEBUG:colcon.colcon_core.package_identification:Package 'src/esp32_bridge' with type 'ros.ament_python' and name 'esp32_bridge'
[0.798s] Level 1:colcon.colcon_core.package_identification:_identify(src/kinect_ros2) by extensions ['ignore', 'ignore_ament_install']
[0.798s] Level 1:colcon.colcon_core.package_identification:_identify(src/kinect_ros2) by extension 'ignore'
[0.798s] Level 1:colcon.colcon_core.package_identification:_identify(src/kinect_ros2) by extension 'ignore_ament_install'
[0.799s] Level 1:colcon.colcon_core.package_identification:_identify(src/kinect_ros2) by extensions ['colcon_pkg']
[0.799s] Level 1:colcon.colcon_core.package_identification:_identify(src/kinect_ros2) by extension 'colcon_pkg'
[0.799s] Level 1:colcon.colcon_core.package_identification:_identify(src/kinect_ros2) by extensions ['colcon_meta']
[0.799s] Level 1:colcon.colcon_core.package_identification:_identify(src/kinect_ros2) by extension 'colcon_meta'
[0.799s] Level 1:colcon.colcon_core.package_identification:_identify(src/kinect_ros2) by extensions ['ros']
[0.799s] Level 1:colcon.colcon_core.package_identification:_identify(src/kinect_ros2) by extension 'ros'
[0.802s] DEBUG:colcon.colcon_core.package_identification:Package 'src/kinect_ros2' with type 'ros.ament_cmake' and name 'kinect_ros2'
[0.802s] Level 1:colcon.colcon_core.package_identification:_identify(src/micro_ros_setup) by extensions ['ignore', 'ignore_ament_install']
[0.803s] Level 1:colcon.colcon_core.package_identification:_identify(src/micro_ros_setup) by extension 'ignore'
[0.803s] Level 1:colcon.colcon_core.package_identification:_identify(src/micro_ros_setup) by extension 'ignore_ament_install'
[0.803s] Level 1:colcon.colcon_core.package_identification:_identify(src/micro_ros_setup) by extensions ['colcon_pkg']
[0.803s] Level 1:colcon.colcon_core.package_identification:_identify(src/micro_ros_setup) by extension 'colcon_pkg'
[0.803s] Level 1:colcon.colcon_core.package_identification:_identify(src/micro_ros_setup) by extensions ['colcon_meta']
[0.803s] Level 1:colcon.colcon_core.package_identification:_identify(src/micro_ros_setup) by extension 'colcon_meta'
[0.803s] Level 1:colcon.colcon_core.package_identification:_identify(src/micro_ros_setup) by extensions ['ros']
[0.804s] Level 1:colcon.colcon_core.package_identification:_identify(src/micro_ros_setup) by extension 'ros'
[0.806s] DEBUG:colcon.colcon_core.package_identification:Package 'src/micro_ros_setup' with type 'ros.ament_cmake' and name 'micro_ros_setup'
[0.806s] Level 1:colcon.colcon_core.package_identification:_identify(src/my_fake_lidar) by extensions ['ignore', 'ignore_ament_install']
[0.806s] Level 1:colcon.colcon_core.package_identification:_identify(src/my_fake_lidar) by extension 'ignore'
[0.807s] Level 1:colcon.colcon_core.package_identification:_identify(src/my_fake_lidar) by extension 'ignore_ament_install'
[0.807s] Level 1:colcon.colcon_core.package_identification:_identify(src/my_fake_lidar) by extensions ['colcon_pkg']
[0.807s] Level 1:colcon.colcon_core.package_identification:_identify(src/my_fake_lidar) by extension 'colcon_pkg'
[0.807s] Level 1:colcon.colcon_core.package_identification:_identify(src/my_fake_lidar) by extensions ['colcon_meta']
[0.807s] Level 1:colcon.colcon_core.package_identification:_identify(src/my_fake_lidar) by extension 'colcon_meta'
[0.807s] Level 1:colcon.colcon_core.package_identification:_identify(src/my_fake_lidar) by extensions ['ros']
[0.807s] Level 1:colcon.colcon_core.package_identification:_identify(src/my_fake_lidar) by extension 'ros'
[0.809s] DEBUG:colcon.colcon_core.package_identification:Package 'src/my_fake_lidar' with type 'ros.ament_python' and name 'my_fake_lidar'
[0.809s] Level 1:colcon.colcon_core.package_identification:_identify(src/my_path_publisher) by extensions ['ignore', 'ignore_ament_install']
[0.810s] Level 1:colcon.colcon_core.package_identification:_identify(src/my_path_publisher) by extension 'ignore'
[0.810s] Level 1:colcon.colcon_core.package_identification:_identify(src/my_path_publisher) by extension 'ignore_ament_install'
[0.810s] Level 1:colcon.colcon_core.package_identification:_identify(src/my_path_publisher) by extensions ['colcon_pkg']
[0.810s] Level 1:colcon.colcon_core.package_identification:_identify(src/my_path_publisher) by extension 'colcon_pkg'
[0.810s] Level 1:colcon.colcon_core.package_identification:_identify(src/my_path_publisher) by extensions ['colcon_meta']
[0.810s] Level 1:colcon.colcon_core.package_identification:_identify(src/my_path_publisher) by extension 'colcon_meta'
[0.810s] Level 1:colcon.colcon_core.package_identification:_identify(src/my_path_publisher) by extensions ['ros']
[0.810s] Level 1:colcon.colcon_core.package_identification:_identify(src/my_path_publisher) by extension 'ros'
[0.812s] DEBUG:colcon.colcon_core.package_identification:Package 'src/my_path_publisher' with type 'ros.ament_python' and name 'my_path_publisher'
[0.812s] Level 1:colcon.colcon_core.package_identification:_identify(src/my_two_wheel_robot) by extensions ['ignore', 'ignore_ament_install']
[0.812s] Level 1:colcon.colcon_core.package_identification:_identify(src/my_two_wheel_robot) by extension 'ignore'
[0.813s] Level 1:colcon.colcon_core.package_identification:_identify(src/my_two_wheel_robot) by extension 'ignore_ament_install'
[0.813s] Level 1:colcon.colcon_core.package_identification:_identify(src/my_two_wheel_robot) by extensions ['colcon_pkg']
[0.813s] Level 1:colcon.colcon_core.package_identification:_identify(src/my_two_wheel_robot) by extension 'colcon_pkg'
[0.813s] Level 1:colcon.colcon_core.package_identification:_identify(src/my_two_wheel_robot) by extensions ['colcon_meta']
[0.813s] Level 1:colcon.colcon_core.package_identification:_identify(src/my_two_wheel_robot) by extension 'colcon_meta'
[0.813s] Level 1:colcon.colcon_core.package_identification:_identify(src/my_two_wheel_robot) by extensions ['ros']
[0.813s] Level 1:colcon.colcon_core.package_identification:_identify(src/my_two_wheel_robot) by extension 'ros'
[0.815s] DEBUG:colcon.colcon_core.package_identification:Package 'src/my_two_wheel_robot' with type 'ros.ament_cmake' and name 'my_two_wheel_robot'
[0.816s] Level 1:colcon.colcon_core.package_identification:_identify(src/twist_converter) by extensions ['ignore', 'ignore_ament_install']
[0.816s] Level 1:colcon.colcon_core.package_identification:_identify(src/twist_converter) by extension 'ignore'
[0.816s] Level 1:colcon.colcon_core.package_identification:_identify(src/twist_converter) by extension 'ignore_ament_install'
[0.816s] Level 1:colcon.colcon_core.package_identification:_identify(src/twist_converter) by extensions ['colcon_pkg']
[0.816s] Level 1:colcon.colcon_core.package_identification:_identify(src/twist_converter) by extension 'colcon_pkg'
[0.816s] Level 1:colcon.colcon_core.package_identification:_identify(src/twist_converter) by extensions ['colcon_meta']
[0.817s] Level 1:colcon.colcon_core.package_identification:_identify(src/twist_converter) by extension 'colcon_meta'
[0.817s] Level 1:colcon.colcon_core.package_identification:_identify(src/twist_converter) by extensions ['ros']
[0.817s] Level 1:colcon.colcon_core.package_identification:_identify(src/twist_converter) by extension 'ros'
[0.818s] DEBUG:colcon.colcon_core.package_identification:Package 'src/twist_converter' with type 'ros.ament_python' and name 'twist_converter'
[0.818s] Level 1:colcon.colcon_core.package_identification:_identify(src/view_robot) by extensions ['ignore', 'ignore_ament_install']
[0.819s] Level 1:colcon.colcon_core.package_identification:_identify(src/view_robot) by extension 'ignore'
[0.819s] Level 1:colcon.colcon_core.package_identification:_identify(src/view_robot) by extension 'ignore_ament_install'
[0.819s] Level 1:colcon.colcon_core.package_identification:_identify(src/view_robot) by extensions ['colcon_pkg']
[0.819s] Level 1:colcon.colcon_core.package_identification:_identify(src/view_robot) by extension 'colcon_pkg'
[0.819s] Level 1:colcon.colcon_core.package_identification:_identify(src/view_robot) by extensions ['colcon_meta']
[0.819s] Level 1:colcon.colcon_core.package_identification:_identify(src/view_robot) by extension 'colcon_meta'
[0.820s] Level 1:colcon.colcon_core.package_identification:_identify(src/view_robot) by extensions ['ros']
[0.820s] Level 1:colcon.colcon_core.package_identification:_identify(src/view_robot) by extension 'ros'
[0.821s] DEBUG:colcon.colcon_core.package_identification:Package 'src/view_robot' with type 'ros.ament_cmake' and name 'view_robot'
[0.821s] Level 1:colcon.colcon_core.package_discovery:discover_packages(recursive) using defaults
[0.821s] Level 1:colcon.colcon_core.package_discovery:discover_packages(ignore) discover
[0.822s] Level 1:colcon.colcon_core.package_discovery:discover_packages(ignore) using defaults
[0.822s] Level 1:colcon.colcon_core.package_discovery:discover_packages(path) discover
[0.822s] Level 1:colcon.colcon_core.package_discovery:discover_packages(path) using defaults
[0.885s] Level 1:colcon.colcon_core.package_discovery:discover_packages(prefix_path) check parameters
[0.885s] Level 1:colcon.colcon_core.package_discovery:discover_packages(prefix_path) discover
[0.895s] DEBUG:colcon.colcon_installed_package_information.package_discovery:Found 373 installed packages in /opt/ros/jazzy
[0.900s] Level 1:colcon.colcon_core.package_discovery:discover_packages(prefix_path) using defaults
[1.048s] Level 5:colcon.colcon_core.verb:set package 'esp32_bridge' build argument 'cmake_args' from command line to 'None'
[1.048s] Level 5:colcon.colcon_core.verb:set package 'esp32_bridge' build argument 'cmake_target' from command line to 'None'
[1.048s] Level 5:colcon.colcon_core.verb:set package 'esp32_bridge' build argument 'cmake_target_skip_unavailable' from command line to 'False'
[1.048s] Level 5:colcon.colcon_core.verb:set package 'esp32_bridge' build argument 'cmake_clean_cache' from command line to 'False'
[1.048s] Level 5:colcon.colcon_core.verb:set package 'esp32_bridge' build argument 'cmake_clean_first' from command line to 'False'
[1.048s] Level 5:colcon.colcon_core.verb:set package 'esp32_bridge' build argument 'cmake_force_configure' from command line to 'False'
[1.048s] Level 5:colcon.colcon_core.verb:set package 'esp32_bridge' build argument 'ament_cmake_args' from command line to 'None'
[1.049s] Level 5:colcon.colcon_core.verb:set package 'esp32_bridge' build argument 'catkin_cmake_args' from command line to 'None'
[1.049s] Level 5:colcon.colcon_core.verb:set package 'esp32_bridge' build argument 'catkin_skip_building_tests' from command line to 'False'
[1.049s] DEBUG:colcon.colcon_core.verb:Building package 'esp32_bridge' with the following arguments: {'ament_cmake_args': None, 'build_base': '/home/anatoly/ros2_ws/build/esp32_bridge', 'catkin_cmake_args': None, 'catkin_skip_building_tests': False, 'cmake_args': None, 'cmake_clean_cache': False, 'cmake_clean_first': False, 'cmake_force_configure': False, 'cmake_target': None, 'cmake_target_skip_unavailable': False, 'install_base': '/home/anatoly/ros2_ws/install/esp32_bridge', 'merge_install': False, 'path': '/home/anatoly/ros2_ws/src/esp32_bridge', 'symlink_install': False, 'test_result_base': None}
[1.049s] Level 5:colcon.colcon_core.verb:set package 'kinect_ros2' build argument 'cmake_args' from command line to 'None'
[1.049s] Level 5:colcon.colcon_core.verb:set package 'kinect_ros2' build argument 'cmake_target' from command line to 'None'
[1.050s] Level 5:colcon.colcon_core.verb:set package 'kinect_ros2' build argument 'cmake_target_skip_unavailable' from command line to 'False'
[1.050s] Level 5:colcon.colcon_core.verb:set package 'kinect_ros2' build argument 'cmake_clean_cache' from command line to 'False'
[1.050s] Level 5:colcon.colcon_core.verb:set package 'kinect_ros2' build argument 'cmake_clean_first' from command line to 'False'
[1.050s] Level 5:colcon.colcon_core.verb:set package 'kinect_ros2' build argument 'cmake_force_configure' from command line to 'False'
[1.050s] Level 5:colcon.colcon_core.verb:set package 'kinect_ros2' build argument 'ament_cmake_args' from command line to 'None'
[1.050s] Level 5:colcon.colcon_core.verb:set package 'kinect_ros2' build argument 'catkin_cmake_args' from command line to 'None'
[1.050s] Level 5:colcon.colcon_core.verb:set package 'kinect_ros2' build argument 'catkin_skip_building_tests' from command line to 'False'
[1.050s] DEBUG:colcon.colcon_core.verb:Building package 'kinect_ros2' with the following arguments: {'ament_cmake_args': None, 'build_base': '/home/anatoly/ros2_ws/build/kinect_ros2', 'catkin_cmake_args': None, 'catkin_skip_building_tests': False, 'cmake_args': None, 'cmake_clean_cache': False, 'cmake_clean_first': False, 'cmake_force_configure': False, 'cmake_target': None, 'cmake_target_skip_unavailable': False, 'install_base': '/home/anatoly/ros2_ws/install/kinect_ros2', 'merge_install': False, 'path': '/home/anatoly/ros2_ws/src/kinect_ros2', 'symlink_install': False, 'test_result_base': None}
[1.051s] Level 5:colcon.colcon_core.verb:set package 'micro_ros_setup' build argument 'cmake_args' from command line to 'None'
[1.051s] Level 5:colcon.colcon_core.verb:set package 'micro_ros_setup' build argument 'cmake_target' from command line to 'None'
[1.051s] Level 5:colcon.colcon_core.verb:set package 'micro_ros_setup' build argument 'cmake_target_skip_unavailable' from command line to 'False'
[1.051s] Level 5:colcon.colcon_core.verb:set package 'micro_ros_setup' build argument 'cmake_clean_cache' from command line to 'False'
[1.051s] Level 5:colcon.colcon_core.verb:set package 'micro_ros_setup' build argument 'cmake_clean_first' from command line to 'False'
[1.051s] Level 5:colcon.colcon_core.verb:set package 'micro_ros_setup' build argument 'cmake_force_configure' from command line to 'False'
[1.051s] Level 5:colcon.colcon_core.verb:set package 'micro_ros_setup' build argument 'ament_cmake_args' from command line to 'None'
[1.051s] Level 5:colcon.colcon_core.verb:set package 'micro_ros_setup' build argument 'catkin_cmake_args' from command line to 'None'
[1.051s] Level 5:colcon.colcon_core.verb:set package 'micro_ros_setup' build argument 'catkin_skip_building_tests' from command line to 'False'
[1.051s] DEBUG:colcon.colcon_core.verb:Building package 'micro_ros_setup' with the following arguments: {'ament_cmake_args': None, 'build_base': '/home/anatoly/ros2_ws/build/micro_ros_setup', 'catkin_cmake_args': None, 'catkin_skip_building_tests': False, 'cmake_args': None, 'cmake_clean_cache': False, 'cmake_clean_first': False, 'cmake_force_configure': False, 'cmake_target': None, 'cmake_target_skip_unavailable': False, 'install_base': '/home/anatoly/ros2_ws/install/micro_ros_setup', 'merge_install': False, 'path': '/home/anatoly/ros2_ws/src/micro_ros_setup', 'symlink_install': False, 'test_result_base': None}
[1.052s] Level 5:colcon.colcon_core.verb:set package 'my_fake_lidar' build argument 'cmake_args' from command line to 'None'
[1.052s] Level 5:colcon.colcon_core.verb:set package 'my_fake_lidar' build argument 'cmake_target' from command line to 'None'
[1.052s] Level 5:colcon.colcon_core.verb:set package 'my_fake_lidar' build argument 'cmake_target_skip_unavailable' from command line to 'False'
[1.052s] Level 5:colcon.colcon_core.verb:set package 'my_fake_lidar' build argument 'cmake_clean_cache' from command line to 'False'
[1.052s] Level 5:colcon.colcon_core.verb:set package 'my_fake_lidar' build argument 'cmake_clean_first' from command line to 'False'
[1.052s] Level 5:colcon.colcon_core.verb:set package 'my_fake_lidar' build argument 'cmake_force_configure' from command line to 'False'
[1.052s] Level 5:colcon.colcon_core.verb:set package 'my_fake_lidar' build argument 'ament_cmake_args' from command line to 'None'
[1.052s] Level 5:colcon.colcon_core.verb:set package 'my_fake_lidar' build argument 'catkin_cmake_args' from command line to 'None'
[1.052s] Level 5:colcon.colcon_core.verb:set package 'my_fake_lidar' build argument 'catkin_skip_building_tests' from command line to 'False'
[1.052s] DEBUG:colcon.colcon_core.verb:Building package 'my_fake_lidar' with the following arguments: {'ament_cmake_args': None, 'build_base': '/home/anatoly/ros2_ws/build/my_fake_lidar', 'catkin_cmake_args': None, 'catkin_skip_building_tests': False, 'cmake_args': None, 'cmake_clean_cache': False, 'cmake_clean_first': False, 'cmake_force_configure': False, 'cmake_target': None, 'cmake_target_skip_unavailable': False, 'install_base': '/home/anatoly/ros2_ws/install/my_fake_lidar', 'merge_install': False, 'path': '/home/anatoly/ros2_ws/src/my_fake_lidar', 'symlink_install': False, 'test_result_base': None}
[1.053s] Level 5:colcon.colcon_core.verb:set package 'my_path_publisher' build argument 'cmake_args' from command line to 'None'
[1.053s] Level 5:colcon.colcon_core.verb:set package 'my_path_publisher' build argument 'cmake_target' from command line to 'None'
[1.053s] Level 5:colcon.colcon_core.verb:set package 'my_path_publisher' build argument 'cmake_target_skip_unavailable' from command line to 'False'
[1.053s] Level 5:colcon.colcon_core.verb:set package 'my_path_publisher' build argument 'cmake_clean_cache' from command line to 'False'
[1.053s] Level 5:colcon.colcon_core.verb:set package 'my_path_publisher' build argument 'cmake_clean_first' from command line to 'False'
[1.053s] Level 5:colcon.colcon_core.verb:set package 'my_path_publisher' build argument 'cmake_force_configure' from command line to 'False'
[1.053s] Level 5:colcon.colcon_core.verb:set package 'my_path_publisher' build argument 'ament_cmake_args' from command line to 'None'
[1.053s] Level 5:colcon.colcon_core.verb:set package 'my_path_publisher' build argument 'catkin_cmake_args' from command line to 'None'
[1.053s] Level 5:colcon.colcon_core.verb:set package 'my_path_publisher' build argument 'catkin_skip_building_tests' from command line to 'False'
[1.054s] DEBUG:colcon.colcon_core.verb:Building package 'my_path_publisher' with the following arguments: {'ament_cmake_args': None, 'build_base': '/home/anatoly/ros2_ws/build/my_path_publisher', 'catkin_cmake_args': None, 'catkin_skip_building_tests': False, 'cmake_args': None, 'cmake_clean_cache': False, 'cmake_clean_first': False, 'cmake_force_configure': False, 'cmake_target': None, 'cmake_target_skip_unavailable': False, 'install_base': '/home/anatoly/ros2_ws/install/my_path_publisher', 'merge_install': False, 'path': '/home/anatoly/ros2_ws/src/my_path_publisher', 'symlink_install': False, 'test_result_base': None}
[1.054s] Level 5:colcon.colcon_core.verb:set package 'my_two_wheel_robot' build argument 'cmake_args' from command line to 'None'
[1.054s] Level 5:colcon.colcon_core.verb:set package 'my_two_wheel_robot' build argument 'cmake_target' from command line to 'None'
[1.054s] Level 5:colcon.colcon_core.verb:set package 'my_two_wheel_robot' build argument 'cmake_target_skip_unavailable' from command line to 'False'
[1.054s] Level 5:colcon.colcon_core.verb:set package 'my_two_wheel_robot' build argument 'cmake_clean_cache' from command line to 'False'
[1.054s] Level 5:colcon.colcon_core.verb:set package 'my_two_wheel_robot' build argument 'cmake_clean_first' from command line to 'False'
[1.054s] Level 5:colcon.colcon_core.verb:set package 'my_two_wheel_robot' build argument 'cmake_force_configure' from command line to 'False'
[1.054s] Level 5:colcon.colcon_core.verb:set package 'my_two_wheel_robot' build argument 'ament_cmake_args' from command line to 'None'
[1.055s] Level 5:colcon.colcon_core.verb:set package 'my_two_wheel_robot' build argument 'catkin_cmake_args' from command line to 'None'
[1.055s] Level 5:colcon.colcon_core.verb:set package 'my_two_wheel_robot' build argument 'catkin_skip_building_tests' from command line to 'False'
[1.055s] DEBUG:colcon.colcon_core.verb:Building package 'my_two_wheel_robot' with the following arguments: {'ament_cmake_args': None, 'build_base': '/home/anatoly/ros2_ws/build/my_two_wheel_robot', 'catkin_cmake_args': None, 'catkin_skip_building_tests': False, 'cmake_args': None, 'cmake_clean_cache': False, 'cmake_clean_first': False, 'cmake_force_configure': False, 'cmake_target': None, 'cmake_target_skip_unavailable': False, 'install_base': '/home/anatoly/ros2_ws/install/my_two_wheel_robot', 'merge_install': False, 'path': '/home/anatoly/ros2_ws/src/my_two_wheel_robot', 'symlink_install': False, 'test_result_base': None}
[1.055s] Level 5:colcon.colcon_core.verb:set package 'twist_converter' build argument 'cmake_args' from command line to 'None'
[1.055s] Level 5:colcon.colcon_core.verb:set package 'twist_converter' build argument 'cmake_target' from command line to 'None'
[1.055s] Level 5:colcon.colcon_core.verb:set package 'twist_converter' build argument 'cmake_target_skip_unavailable' from command line to 'False'
[1.056s] Level 5:colcon.colcon_core.verb:set package 'twist_converter' build argument 'cmake_clean_cache' from command line to 'False'
[1.056s] Level 5:colcon.colcon_core.verb:set package 'twist_converter' build argument 'cmake_clean_first' from command line to 'False'
[1.056s] Level 5:colcon.colcon_core.verb:set package 'twist_converter' build argument 'cmake_force_configure' from command line to 'False'
[1.056s] Level 5:colcon.colcon_core.verb:set package 'twist_converter' build argument 'ament_cmake_args' from command line to 'None'
[1.056s] Level 5:colcon.colcon_core.verb:set package 'twist_converter' build argument 'catkin_cmake_args' from command line to 'None'
[1.056s] Level 5:colcon.colcon_core.verb:set package 'twist_converter' build argument 'catkin_skip_building_tests' from command line to 'False'
[1.056s] DEBUG:colcon.colcon_core.verb:Building package 'twist_converter' with the following arguments: {'ament_cmake_args': None, 'build_base': '/home/anatoly/ros2_ws/build/twist_converter', 'catkin_cmake_args': None, 'catkin_skip_building_tests': False, 'cmake_args': None, 'cmake_clean_cache': False, 'cmake_clean_first': False, 'cmake_force_configure': False, 'cmake_target': None, 'cmake_target_skip_unavailable': False, 'install_base': '/home/anatoly/ros2_ws/install/twist_converter', 'merge_install': False, 'path': '/home/anatoly/ros2_ws/src/twist_converter', 'symlink_install': False, 'test_result_base': None}
[1.056s] Level 5:colcon.colcon_core.verb:set package 'view_robot' build argument 'cmake_args' from command line to 'None'
[1.057s] Level 5:colcon.colcon_core.verb:set package 'view_robot' build argument 'cmake_target' from command line to 'None'
[1.057s] Level 5:colcon.colcon_core.verb:set package 'view_robot' build argument 'cmake_target_skip_unavailable' from command line to 'False'
[1.057s] Level 5:colcon.colcon_core.verb:set package 'view_robot' build argument 'cmake_clean_cache' from command line to 'False'
[1.057s] Level 5:colcon.colcon_core.verb:set package 'view_robot' build argument 'cmake_clean_first' from command line to 'False'
[1.057s] Level 5:colcon.colcon_core.verb:set package 'view_robot' build argument 'cmake_force_configure' from command line to 'False'
[1.057s] Level 5:colcon.colcon_core.verb:set package 'view_robot' build argument 'ament_cmake_args' from command line to 'None'
[1.057s] Level 5:colcon.colcon_core.verb:set package 'view_robot' build argument 'catkin_cmake_args' from command line to 'None'
[1.057s] Level 5:colcon.colcon_core.verb:set package 'view_robot' build argument 'catkin_skip_building_tests' from command line to 'False'
[1.057s] DEBUG:colcon.colcon_core.verb:Building package 'view_robot' with the following arguments: {'ament_cmake_args': None, 'build_base': '/home/anatoly/ros2_ws/build/view_robot', 'catkin_cmake_args': None, 'catkin_skip_building_tests': False, 'cmake_args': None, 'cmake_clean_cache': False, 'cmake_clean_first': False, 'cmake_force_configure': False, 'cmake_target': None, 'cmake_target_skip_unavailable': False, 'install_base': '/home/anatoly/ros2_ws/install/view_robot', 'merge_install': False, 'path': '/home/anatoly/ros2_ws/src/view_robot', 'symlink_install': False, 'test_result_base': None}
[1.057s] INFO:colcon.colcon_core.executor:Executing jobs using 'parallel' executor
[1.059s] DEBUG:colcon.colcon_parallel_executor.executor.parallel:run_until_complete
[1.059s] INFO:colcon.colcon_ros.task.ament_python.build:Building ROS package in '/home/anatoly/ros2_ws/src/esp32_bridge' with build type 'ament_python'
[1.060s] Level 1:colcon.colcon_core.shell:create_environment_hook('esp32_bridge', 'ament_prefix_path')
[1.070s] INFO:colcon.colcon_core.plugin_system:Skipping extension 'colcon_core.shell.bat': Not used on non-Windows systems
[1.070s] INFO:colcon.colcon_core.shell:Creating environment hook '/home/anatoly/ros2_ws/install/esp32_bridge/share/esp32_bridge/hook/ament_prefix_path.ps1'
[1.073s] INFO:colcon.colcon_core.shell:Creating environment descriptor '/home/anatoly/ros2_ws/install/esp32_bridge/share/esp32_bridge/hook/ament_prefix_path.dsv'
[1.074s] INFO:colcon.colcon_core.shell:Creating environment hook '/home/anatoly/ros2_ws/install/esp32_bridge/share/esp32_bridge/hook/ament_prefix_path.sh'
[1.076s] INFO:colcon.colcon_core.shell:Skip shell extension 'powershell' for command environment: Not usable outside of PowerShell
[1.077s] DEBUG:colcon.colcon_core.shell:Skip shell extension 'dsv' for command environment
[1.085s] INFO:colcon.colcon_ros.task.ament_cmake.build:Building ROS package in '/home/anatoly/ros2_ws/src/kinect_ros2' with build type 'ament_cmake'
[1.086s] INFO:colcon.colcon_cmake.task.cmake.build:Building CMake package in '/home/anatoly/ros2_ws/src/kinect_ros2'
[1.086s] INFO:colcon.colcon_core.shell:Skip shell extension 'powershell' for command environment: Not usable outside of PowerShell
[1.086s] DEBUG:colcon.colcon_core.shell:Skip shell extension 'dsv' for command environment
[1.722s] INFO:colcon.colcon_core.task.python.build:Building Python package in '/home/anatoly/ros2_ws/src/esp32_bridge'
[1.723s] INFO:colcon.colcon_core.shell:Skip shell extension 'powershell' for command environment: Not usable outside of PowerShell
[1.723s] DEBUG:colcon.colcon_core.shell:Skip shell extension 'dsv' for command environment
[1.738s] DEBUG:colcon.colcon_core.event_handler.log_command:Invoking command in '/home/anatoly/ros2_ws/build/kinect_ros2': CMAKE_PREFIX_PATH=${CMAKE_PREFIX_PATH}:/opt/ros/jazzy DEBUGINFOD_URLS=https://debuginfod.ubuntu.com /usr/bin/cmake --build /home/anatoly/ros2_ws/build/kinect_ros2 -- -j2 -l2
[2.128s] DEBUG:colcon.colcon_core.event_handler.log_command:Invoked command in '/home/anatoly/ros2_ws/build/kinect_ros2' returned '0': CMAKE_PREFIX_PATH=${CMAKE_PREFIX_PATH}:/opt/ros/jazzy DEBUGINFOD_URLS=https://debuginfod.ubuntu.com /usr/bin/cmake --build /home/anatoly/ros2_ws/build/kinect_ros2 -- -j2 -l2
[2.161s] DEBUG:colcon.colcon_core.event_handler.log_command:Invoking command in '/home/anatoly/ros2_ws/build/kinect_ros2': CMAKE_PREFIX_PATH=${CMAKE_PREFIX_PATH}:/opt/ros/jazzy DEBUGINFOD_URLS=https://debuginfod.ubuntu.com /usr/bin/cmake --install /home/anatoly/ros2_ws/build/kinect_ros2
[2.216s] Level 1:colcon.colcon_core.environment:create_environment_scripts_only(kinect_ros2)
[2.216s] DEBUG:colcon.colcon_core.event_handler.log_command:Invoked command in '/home/anatoly/ros2_ws/build/kinect_ros2' returned '0': CMAKE_PREFIX_PATH=${CMAKE_PREFIX_PATH}:/opt/ros/jazzy DEBUGINFOD_URLS=https://debuginfod.ubuntu.com /usr/bin/cmake --install /home/anatoly/ros2_ws/build/kinect_ros2
[2.229s] Level 1:colcon.colcon_core.environment:checking '/home/anatoly/ros2_ws/install/kinect_ros2' for CMake module files
[2.230s] Level 1:colcon.colcon_core.environment:checking '/home/anatoly/ros2_ws/install/kinect_ros2' for CMake config files
[2.231s] Level 1:colcon.colcon_core.shell:create_environment_hook('kinect_ros2', 'cmake_prefix_path')
[2.232s] INFO:colcon.colcon_core.shell:Creating environment hook '/home/anatoly/ros2_ws/install/kinect_ros2/share/kinect_ros2/hook/cmake_prefix_path.ps1'
[2.233s] INFO:colcon.colcon_core.shell:Creating environment descriptor '/home/anatoly/ros2_ws/install/kinect_ros2/share/kinect_ros2/hook/cmake_prefix_path.dsv'
[2.234s] INFO:colcon.colcon_core.shell:Creating environment hook '/home/anatoly/ros2_ws/install/kinect_ros2/share/kinect_ros2/hook/cmake_prefix_path.sh'
[2.236s] Level 1:colcon.colcon_core.environment:checking '/home/anatoly/ros2_ws/install/kinect_ros2/lib'
[2.236s] Level 1:colcon.colcon_core.environment:checking '/home/anatoly/ros2_ws/install/kinect_ros2/bin'
[2.237s] Level 1:colcon.colcon_core.environment:checking '/home/anatoly/ros2_ws/install/kinect_ros2/lib/pkgconfig/kinect_ros2.pc'
[2.237s] Level 1:colcon.colcon_core.environment:checking '/home/anatoly/ros2_ws/install/kinect_ros2/lib/python3.12/site-packages'
[2.238s] Level 1:colcon.colcon_core.environment:checking '/home/anatoly/ros2_ws/install/kinect_ros2/bin'
[2.238s] INFO:colcon.colcon_core.shell:Creating package script '/home/anatoly/ros2_ws/install/kinect_ros2/share/kinect_ros2/package.ps1'
[2.240s] INFO:colcon.colcon_core.shell:Creating package descriptor '/home/anatoly/ros2_ws/install/kinect_ros2/share/kinect_ros2/package.dsv'
[2.242s] INFO:colcon.colcon_core.shell:Creating package script '/home/anatoly/ros2_ws/install/kinect_ros2/share/kinect_ros2/package.sh'
[2.245s] INFO:colcon.colcon_core.shell:Creating package script '/home/anatoly/ros2_ws/install/kinect_ros2/share/kinect_ros2/package.bash'
[2.247s] INFO:colcon.colcon_core.shell:Creating package script '/home/anatoly/ros2_ws/install/kinect_ros2/share/kinect_ros2/package.zsh'
[2.249s] Level 1:colcon.colcon_core.environment:create_file_with_runtime_dependencies(/home/anatoly/ros2_ws/install/kinect_ros2/share/colcon-core/packages/kinect_ros2)
[2.251s] Level 1:colcon.colcon_core.environment:create_environment_scripts_only(kinect_ros2)
[2.251s] Level 1:colcon.colcon_core.environment:checking '/home/anatoly/ros2_ws/install/kinect_ros2' for CMake module files
[2.253s] Level 1:colcon.colcon_core.environment:checking '/home/anatoly/ros2_ws/install/kinect_ros2' for CMake config files
[2.253s] Level 1:colcon.colcon_core.shell:create_environment_hook('kinect_ros2', 'cmake_prefix_path')
[2.254s] INFO:colcon.colcon_core.shell:Creating environment hook '/home/anatoly/ros2_ws/install/kinect_ros2/share/kinect_ros2/hook/cmake_prefix_path.ps1'
[2.255s] INFO:colcon.colcon_core.shell:Creating environment descriptor '/home/anatoly/ros2_ws/install/kinect_ros2/share/kinect_ros2/hook/cmake_prefix_path.dsv'
[2.256s] INFO:colcon.colcon_core.shell:Creating environment hook '/home/anatoly/ros2_ws/install/kinect_ros2/share/kinect_ros2/hook/cmake_prefix_path.sh'
[2.257s] Level 1:colcon.colcon_core.environment:checking '/home/anatoly/ros2_ws/install/kinect_ros2/lib'
[2.257s] Level 1:colcon.colcon_core.environment:checking '/home/anatoly/ros2_ws/install/kinect_ros2/bin'
[2.258s] Level 1:colcon.colcon_core.environment:checking '/home/anatoly/ros2_ws/install/kinect_ros2/lib/pkgconfig/kinect_ros2.pc'
[2.258s] Level 1:colcon.colcon_core.environment:checking '/home/anatoly/ros2_ws/install/kinect_ros2/lib/python3.12/site-packages'
[2.259s] Level 1:colcon.colcon_core.environment:checking '/home/anatoly/ros2_ws/install/kinect_ros2/bin'
[2.259s] INFO:colcon.colcon_core.shell:Creating package script '/home/anatoly/ros2_ws/install/kinect_ros2/share/kinect_ros2/package.ps1'
[2.261s] INFO:colcon.colcon_core.shell:Creating package descriptor '/home/anatoly/ros2_ws/install/kinect_ros2/share/kinect_ros2/package.dsv'
[2.262s] INFO:colcon.colcon_core.shell:Creating package script '/home/anatoly/ros2_ws/install/kinect_ros2/share/kinect_ros2/package.sh'
[2.264s] INFO:colcon.colcon_core.shell:Creating package script '/home/anatoly/ros2_ws/install/kinect_ros2/share/kinect_ros2/package.bash'
[2.265s] INFO:colcon.colcon_core.shell:Creating package script '/home/anatoly/ros2_ws/install/kinect_ros2/share/kinect_ros2/package.zsh'
[2.269s] Level 1:colcon.colcon_core.environment:create_file_with_runtime_dependencies(/home/anatoly/ros2_ws/install/kinect_ros2/share/colcon-core/packages/kinect_ros2)
[2.269s] INFO:colcon.colcon_ros.task.ament_cmake.build:Building ROS package in '/home/anatoly/ros2_ws/src/micro_ros_setup' with build type 'ament_cmake'
[2.270s] INFO:colcon.colcon_cmake.task.cmake.build:Building CMake package in '/home/anatoly/ros2_ws/src/micro_ros_setup'
[2.270s] INFO:colcon.colcon_core.shell:Skip shell extension 'powershell' for command environment: Not usable outside of PowerShell
[2.274s] DEBUG:colcon.colcon_core.shell:Skip shell extension 'dsv' for command environment
[2.307s] DEBUG:colcon.colcon_core.event_handler.log_command:Invoking command in '/home/anatoly/ros2_ws/build/micro_ros_setup': CMAKE_PREFIX_PATH=${CMAKE_PREFIX_PATH}:/opt/ros/jazzy DEBUGINFOD_URLS=https://debuginfod.ubuntu.com /usr/bin/cmake --build /home/anatoly/ros2_ws/build/micro_ros_setup -- -j2 -l2
[2.419s] DEBUG:colcon.colcon_core.event_handler.log_command:Invoked command in '/home/anatoly/ros2_ws/build/micro_ros_setup' returned '0': CMAKE_PREFIX_PATH=${CMAKE_PREFIX_PATH}:/opt/ros/jazzy DEBUGINFOD_URLS=https://debuginfod.ubuntu.com /usr/bin/cmake --build /home/anatoly/ros2_ws/build/micro_ros_setup -- -j2 -l2
[2.424s] DEBUG:colcon.colcon_core.event_handler.log_command:Invoking command in '/home/anatoly/ros2_ws/build/micro_ros_setup': CMAKE_PREFIX_PATH=${CMAKE_PREFIX_PATH}:/opt/ros/jazzy DEBUGINFOD_URLS=https://debuginfod.ubuntu.com /usr/bin/cmake --install /home/anatoly/ros2_ws/build/micro_ros_setup
[2.487s] Level 1:colcon.colcon_core.environment:create_environment_scripts_only(micro_ros_setup)
[2.488s] Level 1:colcon.colcon_core.environment:checking '/home/anatoly/ros2_ws/install/micro_ros_setup' for CMake module files
[2.490s] Level 1:colcon.colcon_core.environment:checking '/home/anatoly/ros2_ws/install/micro_ros_setup' for CMake config files
[2.496s] Level 1:colcon.colcon_core.shell:create_environment_hook('micro_ros_setup', 'cmake_prefix_path')
[2.497s] INFO:colcon.colcon_core.shell:Creating environment hook '/home/anatoly/ros2_ws/install/micro_ros_setup/share/micro_ros_setup/hook/cmake_prefix_path.ps1'
[2.499s] INFO:colcon.colcon_core.shell:Creating environment descriptor '/home/anatoly/ros2_ws/install/micro_ros_setup/share/micro_ros_setup/hook/cmake_prefix_path.dsv'
[2.501s] INFO:colcon.colcon_core.shell:Creating environment hook '/home/anatoly/ros2_ws/install/micro_ros_setup/share/micro_ros_setup/hook/cmake_prefix_path.sh'
[2.510s] Level 1:colcon.colcon_core.environment:checking '/home/anatoly/ros2_ws/install/micro_ros_setup/lib'
[2.512s] Level 1:colcon.colcon_core.environment:checking '/home/anatoly/ros2_ws/install/micro_ros_setup/bin'
[2.512s] Level 1:colcon.colcon_core.environment:checking '/home/anatoly/ros2_ws/install/micro_ros_setup/lib/pkgconfig/micro_ros_setup.pc'
[2.513s] Level 1:colcon.colcon_core.environment:checking '/home/anatoly/ros2_ws/install/micro_ros_setup/lib/python3.12/site-packages'
[2.514s] Level 1:colcon.colcon_core.environment:checking '/home/anatoly/ros2_ws/install/micro_ros_setup/bin'
[2.517s] INFO:colcon.colcon_core.shell:Creating package script '/home/anatoly/ros2_ws/install/micro_ros_setup/share/micro_ros_setup/package.ps1'
[2.518s] INFO:colcon.colcon_core.shell:Creating package descriptor '/home/anatoly/ros2_ws/install/micro_ros_setup/share/micro_ros_setup/package.dsv'
[2.519s] INFO:colcon.colcon_core.shell:Creating package script '/home/anatoly/ros2_ws/install/micro_ros_setup/share/micro_ros_setup/package.sh'
[2.520s] INFO:colcon.colcon_core.shell:Creating package script '/home/anatoly/ros2_ws/install/micro_ros_setup/share/micro_ros_setup/package.bash'
[2.525s] INFO:colcon.colcon_core.shell:Creating package script '/home/anatoly/ros2_ws/install/micro_ros_setup/share/micro_ros_setup/package.zsh'
[2.526s] Level 1:colcon.colcon_core.environment:create_file_with_runtime_dependencies(/home/anatoly/ros2_ws/install/micro_ros_setup/share/colcon-core/packages/micro_ros_setup)
[2.531s] Level 1:colcon.colcon_core.environment:create_environment_scripts_only(micro_ros_setup)
[2.531s] Level 1:colcon.colcon_core.environment:checking '/home/anatoly/ros2_ws/install/micro_ros_setup' for CMake module files
[2.533s] Level 1:colcon.colcon_core.environment:checking '/home/anatoly/ros2_ws/install/micro_ros_setup' for CMake config files
[2.531s] DEBUG:colcon.colcon_core.event_handler.log_command:Invoked command in '/home/anatoly/ros2_ws/build/micro_ros_setup' returned '0': CMAKE_PREFIX_PATH=${CMAKE_PREFIX_PATH}:/opt/ros/jazzy DEBUGINFOD_URLS=https://debuginfod.ubuntu.com /usr/bin/cmake --install /home/anatoly/ros2_ws/build/micro_ros_setup
[2.535s] Level 1:colcon.colcon_core.shell:create_environment_hook('micro_ros_setup', 'cmake_prefix_path')
[2.535s] INFO:colcon.colcon_core.shell:Creating environment hook '/home/anatoly/ros2_ws/install/micro_ros_setup/share/micro_ros_setup/hook/cmake_prefix_path.ps1'
[2.536s] INFO:colcon.colcon_core.shell:Creating environment descriptor '/home/anatoly/ros2_ws/install/micro_ros_setup/share/micro_ros_setup/hook/cmake_prefix_path.dsv'
[2.537s] INFO:colcon.colcon_core.shell:Creating environment hook '/home/anatoly/ros2_ws/install/micro_ros_setup/share/micro_ros_setup/hook/cmake_prefix_path.sh'
[2.538s] Level 1:colcon.colcon_core.environment:checking '/home/anatoly/ros2_ws/install/micro_ros_setup/lib'
[2.539s] Level 1:colcon.colcon_core.environment:checking '/home/anatoly/ros2_ws/install/micro_ros_setup/bin'
[2.539s] Level 1:colcon.colcon_core.environment:checking '/home/anatoly/ros2_ws/install/micro_ros_setup/lib/pkgconfig/micro_ros_setup.pc'
[2.539s] Level 1:colcon.colcon_core.environment:checking '/home/anatoly/ros2_ws/install/micro_ros_setup/lib/python3.12/site-packages'
[2.540s] Level 1:colcon.colcon_core.environment:checking '/home/anatoly/ros2_ws/install/micro_ros_setup/bin'
[2.541s] INFO:colcon.colcon_core.shell:Creating package script '/home/anatoly/ros2_ws/install/micro_ros_setup/share/micro_ros_setup/package.ps1'
[2.542s] INFO:colcon.colcon_core.shell:Creating package descriptor '/home/anatoly/ros2_ws/install/micro_ros_setup/share/micro_ros_setup/package.dsv'
[2.543s] INFO:colcon.colcon_core.shell:Creating package script '/home/anatoly/ros2_ws/install/micro_ros_setup/share/micro_ros_setup/package.sh'
[2.544s] INFO:colcon.colcon_core.shell:Creating package script '/home/anatoly/ros2_ws/install/micro_ros_setup/share/micro_ros_setup/package.bash'
[2.545s] INFO:colcon.colcon_core.shell:Creating package script '/home/anatoly/ros2_ws/install/micro_ros_setup/share/micro_ros_setup/package.zsh'
[2.546s] Level 1:colcon.colcon_core.environment:create_file_with_runtime_dependencies(/home/anatoly/ros2_ws/install/micro_ros_setup/share/colcon-core/packages/micro_ros_setup)
[2.547s] INFO:colcon.colcon_ros.task.ament_python.build:Building ROS package in '/home/anatoly/ros2_ws/src/my_fake_lidar' with build type 'ament_python'
[2.548s] Level 1:colcon.colcon_core.shell:create_environment_hook('my_fake_lidar', 'ament_prefix_path')
[2.548s] INFO:colcon.colcon_core.shell:Creating environment hook '/home/anatoly/ros2_ws/install/my_fake_lidar/share/my_fake_lidar/hook/ament_prefix_path.ps1'
[2.551s] INFO:colcon.colcon_core.shell:Creating environment descriptor '/home/anatoly/ros2_ws/install/my_fake_lidar/share/my_fake_lidar/hook/ament_prefix_path.dsv'
[2.552s] INFO:colcon.colcon_core.shell:Creating environment hook '/home/anatoly/ros2_ws/install/my_fake_lidar/share/my_fake_lidar/hook/ament_prefix_path.sh'
[2.553s] INFO:colcon.colcon_core.shell:Skip shell extension 'powershell' for command environment: Not usable outside of PowerShell
[2.554s] DEBUG:colcon.colcon_core.shell:Skip shell extension 'dsv' for command environment
[3.285s] INFO:colcon.colcon_core.task.python.build:Building Python package in '/home/anatoly/ros2_ws/src/my_fake_lidar'
[3.286s] INFO:colcon.colcon_core.shell:Skip shell extension 'powershell' for command environment: Not usable outside of PowerShell
[3.286s] DEBUG:colcon.colcon_core.shell:Skip shell extension 'dsv' for command environment
[4.128s] DEBUG:colcon.colcon_core.event_handler.log_command:Invoking command in '/home/anatoly/ros2_ws/src/esp32_bridge': DEBUGINFOD_URLS=https://debuginfod.ubuntu.com PYTHONPATH=/home/anatoly/ros2_ws/build/esp32_bridge/prefix_override:/usr/lib/python3/dist-packages/colcon_core/task/python/colcon_distutils_commands:/home/anatoly/ros2_ws/install/esp32_bridge/lib/python3.12/site-packages:${PYTHONPATH} /usr/bin/python3 -W ignore:setup.py install is deprecated -W ignore:easy_install command is deprecated setup.py egg_info --egg-base ../../build/esp32_bridge build --build-base /home/anatoly/ros2_ws/build/esp32_bridge/build install --record /home/anatoly/ros2_ws/build/esp32_bridge/install.log --single-version-externally-managed install_data
[5.198s] DEBUG:colcon.colcon_core.event_handler.log_command:Invoking command in '/home/anatoly/ros2_ws/src/my_fake_lidar': DEBUGINFOD_URLS=https://debuginfod.ubuntu.com PYTHONPATH=/home/anatoly/ros2_ws/build/my_fake_lidar/prefix_override:/usr/lib/python3/dist-packages/colcon_core/task/python/colcon_distutils_commands:/home/anatoly/ros2_ws/install/my_fake_lidar/lib/python3.12/site-packages:${PYTHONPATH} /usr/bin/python3 -W ignore:setup.py install is deprecated -W ignore:easy_install command is deprecated setup.py egg_info --egg-base ../../build/my_fake_lidar build --build-base /home/anatoly/ros2_ws/build/my_fake_lidar/build install --record /home/anatoly/ros2_ws/build/my_fake_lidar/install.log --single-version-externally-managed install_data
[6.069s] Level 1:colcon.colcon_core.environment:checking '/home/anatoly/ros2_ws/install/esp32_bridge' for CMake module files
[6.070s] Level 1:colcon.colcon_core.environment:checking '/home/anatoly/ros2_ws/install/esp32_bridge' for CMake config files
[6.072s] DEBUG:colcon.colcon_core.event_handler.log_command:Invoked command in '/home/anatoly/ros2_ws/src/esp32_bridge' returned '0': DEBUGINFOD_URLS=https://debuginfod.ubuntu.com PYTHONPATH=/home/anatoly/ros2_ws/build/esp32_bridge/prefix_override:/usr/lib/python3/dist-packages/colcon_core/task/python/colcon_distutils_commands:/home/anatoly/ros2_ws/install/esp32_bridge/lib/python3.12/site-packages:${PYTHONPATH} /usr/bin/python3 -W ignore:setup.py install is deprecated -W ignore:easy_install command is deprecated setup.py egg_info --egg-base ../../build/esp32_bridge build --build-base /home/anatoly/ros2_ws/build/esp32_bridge/build install --record /home/anatoly/ros2_ws/build/esp32_bridge/install.log --single-version-externally-managed install_data
[6.073s] Level 1:colcon.colcon_core.environment:checking '/home/anatoly/ros2_ws/install/esp32_bridge/lib'
[6.073s] Level 1:colcon.colcon_core.environment:checking '/home/anatoly/ros2_ws/install/esp32_bridge/bin'
[6.073s] Level 1:colcon.colcon_core.environment:checking '/home/anatoly/ros2_ws/install/esp32_bridge/lib/pkgconfig/esp32_bridge.pc'
[6.074s] Level 1:colcon.colcon_core.environment:checking '/home/anatoly/ros2_ws/install/esp32_bridge/lib/python3.12/site-packages'
[6.074s] Level 1:colcon.colcon_core.shell:create_environment_hook('esp32_bridge', 'pythonpath')
[6.074s] INFO:colcon.colcon_core.shell:Creating environment hook '/home/anatoly/ros2_ws/install/esp32_bridge/share/esp32_bridge/hook/pythonpath.ps1'
[6.075s] INFO:colcon.colcon_core.shell:Creating environment descriptor '/home/anatoly/ros2_ws/install/esp32_bridge/share/esp32_bridge/hook/pythonpath.dsv'
[6.076s] INFO:colcon.colcon_core.shell:Creating environment hook '/home/anatoly/ros2_ws/install/esp32_bridge/share/esp32_bridge/hook/pythonpath.sh'
[6.078s] Level 1:colcon.colcon_core.environment:checking '/home/anatoly/ros2_ws/install/esp32_bridge/bin'
[6.078s] Level 1:colcon.colcon_core.environment:create_environment_scripts_only(esp32_bridge)
[6.078s] INFO:colcon.colcon_core.shell:Creating package script '/home/anatoly/ros2_ws/install/esp32_bridge/share/esp32_bridge/package.ps1'
[6.080s] INFO:colcon.colcon_core.shell:Creating package descriptor '/home/anatoly/ros2_ws/install/esp32_bridge/share/esp32_bridge/package.dsv'
[6.081s] INFO:colcon.colcon_core.shell:Creating package script '/home/anatoly/ros2_ws/install/esp32_bridge/share/esp32_bridge/package.sh'
[6.082s] INFO:colcon.colcon_core.shell:Creating package script '/home/anatoly/ros2_ws/install/esp32_bridge/share/esp32_bridge/package.bash'
[6.083s] INFO:colcon.colcon_core.shell:Creating package script '/home/anatoly/ros2_ws/install/esp32_bridge/share/esp32_bridge/package.zsh'
[6.084s] Level 1:colcon.colcon_core.environment:create_file_with_runtime_dependencies(/home/anatoly/ros2_ws/install/esp32_bridge/share/colcon-core/packages/esp32_bridge)
[6.085s] INFO:colcon.colcon_ros.task.ament_python.build:Building ROS package in '/home/anatoly/ros2_ws/src/my_path_publisher' with build type 'ament_python'
[6.087s] Level 1:colcon.colcon_core.shell:create_environment_hook('my_path_publisher', 'ament_prefix_path')
[6.088s] INFO:colcon.colcon_core.shell:Creating environment hook '/home/anatoly/ros2_ws/install/my_path_publisher/share/my_path_publisher/hook/ament_prefix_path.ps1'
[6.093s] INFO:colcon.colcon_core.shell:Creating environment descriptor '/home/anatoly/ros2_ws/install/my_path_publisher/share/my_path_publisher/hook/ament_prefix_path.dsv'
[6.094s] INFO:colcon.colcon_core.shell:Creating environment hook '/home/anatoly/ros2_ws/install/my_path_publisher/share/my_path_publisher/hook/ament_prefix_path.sh'
[6.096s] INFO:colcon.colcon_core.shell:Skip shell extension 'powershell' for command environment: Not usable outside of PowerShell
[6.096s] DEBUG:colcon.colcon_core.shell:Skip shell extension 'dsv' for command environment
[7.039s] INFO:colcon.colcon_core.task.python.build:Building Python package in '/home/anatoly/ros2_ws/src/my_path_publisher'
[7.040s] INFO:colcon.colcon_core.shell:Skip shell extension 'powershell' for command environment: Not usable outside of PowerShell
[7.040s] DEBUG:colcon.colcon_core.shell:Skip shell extension 'dsv' for command environment
[7.185s] Level 1:colcon.colcon_core.environment:checking '/home/anatoly/ros2_ws/install/my_fake_lidar' for CMake module files
[7.186s] DEBUG:colcon.colcon_core.event_handler.log_command:Invoked command in '/home/anatoly/ros2_ws/src/my_fake_lidar' returned '0': DEBUGINFOD_URLS=https://debuginfod.ubuntu.com PYTHONPATH=/home/anatoly/ros2_ws/build/my_fake_lidar/prefix_override:/usr/lib/python3/dist-packages/colcon_core/task/python/colcon_distutils_commands:/home/anatoly/ros2_ws/install/my_fake_lidar/lib/python3.12/site-packages:${PYTHONPATH} /usr/bin/python3 -W ignore:setup.py install is deprecated -W ignore:easy_install command is deprecated setup.py egg_info --egg-base ../../build/my_fake_lidar build --build-base /home/anatoly/ros2_ws/build/my_fake_lidar/build install --record /home/anatoly/ros2_ws/build/my_fake_lidar/install.log --single-version-externally-managed install_data
[7.187s] Level 1:colcon.colcon_core.environment:checking '/home/anatoly/ros2_ws/install/my_fake_lidar' for CMake config files
[7.189s] Level 1:colcon.colcon_core.environment:checking '/home/anatoly/ros2_ws/install/my_fake_lidar/lib'
[7.189s] Level 1:colcon.colcon_core.environment:checking '/home/anatoly/ros2_ws/install/my_fake_lidar/bin'
[7.189s] Level 1:colcon.colcon_core.environment:checking '/home/anatoly/ros2_ws/install/my_fake_lidar/lib/pkgconfig/my_fake_lidar.pc'
[7.190s] Level 1:colcon.colcon_core.environment:checking '/home/anatoly/ros2_ws/install/my_fake_lidar/lib/python3.12/site-packages'
[7.190s] Level 1:colcon.colcon_core.shell:create_environment_hook('my_fake_lidar', 'pythonpath')
[7.191s] INFO:colcon.colcon_core.shell:Creating environment hook '/home/anatoly/ros2_ws/install/my_fake_lidar/share/my_fake_lidar/hook/pythonpath.ps1'
[7.192s] INFO:colcon.colcon_core.shell:Creating environment descriptor '/home/anatoly/ros2_ws/install/my_fake_lidar/share/my_fake_lidar/hook/pythonpath.dsv'
[7.193s] INFO:colcon.colcon_core.shell:Creating environment hook '/home/anatoly/ros2_ws/install/my_fake_lidar/share/my_fake_lidar/hook/pythonpath.sh'
[7.195s] Level 1:colcon.colcon_core.environment:checking '/home/anatoly/ros2_ws/install/my_fake_lidar/bin'
[7.195s] Level 1:colcon.colcon_core.environment:create_environment_scripts_only(my_fake_lidar)
[7.196s] INFO:colcon.colcon_core.shell:Creating package script '/home/anatoly/ros2_ws/install/my_fake_lidar/share/my_fake_lidar/package.ps1'
[7.197s] INFO:colcon.colcon_core.shell:Creating package descriptor '/home/anatoly/ros2_ws/install/my_fake_lidar/share/my_fake_lidar/package.dsv'
[7.198s] INFO:colcon.colcon_core.shell:Creating package script '/home/anatoly/ros2_ws/install/my_fake_lidar/share/my_fake_lidar/package.sh'
[7.200s] INFO:colcon.colcon_core.shell:Creating package script '/home/anatoly/ros2_ws/install/my_fake_lidar/share/my_fake_lidar/package.bash'
[7.201s] INFO:colcon.colcon_core.shell:Creating package script '/home/anatoly/ros2_ws/install/my_fake_lidar/share/my_fake_lidar/package.zsh'
[7.202s] Level 1:colcon.colcon_core.environment:create_file_with_runtime_dependencies(/home/anatoly/ros2_ws/install/my_fake_lidar/share/colcon-core/packages/my_fake_lidar)
[7.204s] INFO:colcon.colcon_ros.task.ament_cmake.build:Building ROS package in '/home/anatoly/ros2_ws/src/my_two_wheel_robot' with build type 'ament_cmake'
[7.204s] INFO:colcon.colcon_cmake.task.cmake.build:Building CMake package in '/home/anatoly/ros2_ws/src/my_two_wheel_robot'
[7.204s] INFO:colcon.colcon_core.shell:Skip shell extension 'powershell' for command environment: Not usable outside of PowerShell
[7.205s] DEBUG:colcon.colcon_core.shell:Skip shell extension 'dsv' for command environment
[7.225s] DEBUG:colcon.colcon_core.event_handler.log_command:Invoking command in '/home/anatoly/ros2_ws/build/my_two_wheel_robot': CMAKE_PREFIX_PATH=${CMAKE_PREFIX_PATH}:/opt/ros/jazzy DEBUGINFOD_URLS=https://debuginfod.ubuntu.com /usr/bin/cmake --build /home/anatoly/ros2_ws/build/my_two_wheel_robot -- -j2 -l2
[7.337s] DEBUG:colcon.colcon_core.event_handler.log_command:Invoked command in '/home/anatoly/ros2_ws/build/my_two_wheel_robot' returned '0': CMAKE_PREFIX_PATH=${CMAKE_PREFIX_PATH}:/opt/ros/jazzy DEBUGINFOD_URLS=https://debuginfod.ubuntu.com /usr/bin/cmake --build /home/anatoly/ros2_ws/build/my_two_wheel_robot -- -j2 -l2
[7.340s] DEBUG:colcon.colcon_core.event_handler.log_command:Invoking command in '/home/anatoly/ros2_ws/build/my_two_wheel_robot': CMAKE_PREFIX_PATH=${CMAKE_PREFIX_PATH}:/opt/ros/jazzy DEBUGINFOD_URLS=https://debuginfod.ubuntu.com /usr/bin/cmake --install /home/anatoly/ros2_ws/build/my_two_wheel_robot
[7.382s] Level 1:colcon.colcon_core.environment:create_environment_scripts_only(my_two_wheel_robot)
[7.383s] DEBUG:colcon.colcon_core.event_handler.log_command:Invoked command in '/home/anatoly/ros2_ws/build/my_two_wheel_robot' returned '0': CMAKE_PREFIX_PATH=${CMAKE_PREFIX_PATH}:/opt/ros/jazzy DEBUGINFOD_URLS=https://debuginfod.ubuntu.com /usr/bin/cmake --install /home/anatoly/ros2_ws/build/my_two_wheel_robot
[7.384s] Level 1:colcon.colcon_core.environment:checking '/home/anatoly/ros2_ws/install/my_two_wheel_robot' for CMake module files
[7.386s] Level 1:colcon.colcon_core.environment:checking '/home/anatoly/ros2_ws/install/my_two_wheel_robot' for CMake config files
[7.387s] Level 1:colcon.colcon_core.shell:create_environment_hook('my_two_wheel_robot', 'cmake_prefix_path')
[7.387s] INFO:colcon.colcon_core.shell:Creating environment hook '/home/anatoly/ros2_ws/install/my_two_wheel_robot/share/my_two_wheel_robot/hook/cmake_prefix_path.ps1'
[7.388s] INFO:colcon.colcon_core.shell:Creating environment descriptor '/home/anatoly/ros2_ws/install/my_two_wheel_robot/share/my_two_wheel_robot/hook/cmake_prefix_path.dsv'
[7.389s] INFO:colcon.colcon_core.shell:Creating environment hook '/home/anatoly/ros2_ws/install/my_two_wheel_robot/share/my_two_wheel_robot/hook/cmake_prefix_path.sh'
[7.391s] Level 1:colcon.colcon_core.environment:checking '/home/anatoly/ros2_ws/install/my_two_wheel_robot/bin'
[7.391s] Level 1:colcon.colcon_core.environment:checking '/home/anatoly/ros2_ws/install/my_two_wheel_robot/lib/pkgconfig/my_two_wheel_robot.pc'
[7.392s] Level 1:colcon.colcon_core.environment:checking '/home/anatoly/ros2_ws/install/my_two_wheel_robot/lib/python3.12/site-packages'
[7.392s] Level 1:colcon.colcon_core.environment:checking '/home/anatoly/ros2_ws/install/my_two_wheel_robot/bin'
[7.393s] INFO:colcon.colcon_core.shell:Creating package script '/home/anatoly/ros2_ws/install/my_two_wheel_robot/share/my_two_wheel_robot/package.ps1'
[7.395s] INFO:colcon.colcon_core.shell:Creating package descriptor '/home/anatoly/ros2_ws/install/my_two_wheel_robot/share/my_two_wheel_robot/package.dsv'
[7.396s] INFO:colcon.colcon_core.shell:Creating package script '/home/anatoly/ros2_ws/install/my_two_wheel_robot/share/my_two_wheel_robot/package.sh'
[7.397s] INFO:colcon.colcon_core.shell:Creating package script '/home/anatoly/ros2_ws/install/my_two_wheel_robot/share/my_two_wheel_robot/package.bash'
[7.398s] INFO:colcon.colcon_core.shell:Creating package script '/home/anatoly/ros2_ws/install/my_two_wheel_robot/share/my_two_wheel_robot/package.zsh'
[7.399s] Level 1:colcon.colcon_core.environment:create_file_with_runtime_dependencies(/home/anatoly/ros2_ws/install/my_two_wheel_robot/share/colcon-core/packages/my_two_wheel_robot)
[7.401s] Level 1:colcon.colcon_core.environment:create_environment_scripts_only(my_two_wheel_robot)
[7.401s] Level 1:colcon.colcon_core.environment:checking '/home/anatoly/ros2_ws/install/my_two_wheel_robot' for CMake module files
[7.402s] Level 1:colcon.colcon_core.environment:checking '/home/anatoly/ros2_ws/install/my_two_wheel_robot' for CMake config files
[7.403s] Level 1:colcon.colcon_core.shell:create_environment_hook('my_two_wheel_robot', 'cmake_prefix_path')
[7.403s] INFO:colcon.colcon_core.shell:Creating environment hook '/home/anatoly/ros2_ws/install/my_two_wheel_robot/share/my_two_wheel_robot/hook/cmake_prefix_path.ps1'
[7.405s] INFO:colcon.colcon_core.shell:Creating environment descriptor '/home/anatoly/ros2_ws/install/my_two_wheel_robot/share/my_two_wheel_robot/hook/cmake_prefix_path.dsv'
[7.406s] INFO:colcon.colcon_core.shell:Creating environment hook '/home/anatoly/ros2_ws/install/my_two_wheel_robot/share/my_two_wheel_robot/hook/cmake_prefix_path.sh'
[7.407s] Level 1:colcon.colcon_core.environment:checking '/home/anatoly/ros2_ws/install/my_two_wheel_robot/bin'
[7.408s] Level 1:colcon.colcon_core.environment:checking '/home/anatoly/ros2_ws/install/my_two_wheel_robot/lib/pkgconfig/my_two_wheel_robot.pc'
[7.408s] Level 1:colcon.colcon_core.environment:checking '/home/anatoly/ros2_ws/install/my_two_wheel_robot/lib/python3.12/site-packages'
[7.409s] Level 1:colcon.colcon_core.environment:checking '/home/anatoly/ros2_ws/install/my_two_wheel_robot/bin'
[7.409s] INFO:colcon.colcon_core.shell:Creating package script '/home/anatoly/ros2_ws/install/my_two_wheel_robot/share/my_two_wheel_robot/package.ps1'
[7.411s] INFO:colcon.colcon_core.shell:Creating package descriptor '/home/anatoly/ros2_ws/install/my_two_wheel_robot/share/my_two_wheel_robot/package.dsv'
[7.412s] INFO:colcon.colcon_core.shell:Creating package script '/home/anatoly/ros2_ws/install/my_two_wheel_robot/share/my_two_wheel_robot/package.sh'
[7.413s] INFO:colcon.colcon_core.shell:Creating package script '/home/anatoly/ros2_ws/install/my_two_wheel_robot/share/my_two_wheel_robot/package.bash'
[7.417s] INFO:colcon.colcon_core.shell:Creating package script '/home/anatoly/ros2_ws/install/my_two_wheel_robot/share/my_two_wheel_robot/package.zsh'
[7.421s] Level 1:colcon.colcon_core.environment:create_file_with_runtime_dependencies(/home/anatoly/ros2_ws/install/my_two_wheel_robot/share/colcon-core/packages/my_two_wheel_robot)
[7.424s] INFO:colcon.colcon_ros.task.ament_python.build:Building ROS package in '/home/anatoly/ros2_ws/src/twist_converter' with build type 'ament_python'
[7.424s] Level 1:colcon.colcon_core.shell:create_environment_hook('twist_converter', 'ament_prefix_path')
[7.425s] INFO:colcon.colcon_core.shell:Creating environment hook '/home/anatoly/ros2_ws/install/twist_converter/share/twist_converter/hook/ament_prefix_path.ps1'
[7.428s] INFO:colcon.colcon_core.shell:Creating environment descriptor '/home/anatoly/ros2_ws/install/twist_converter/share/twist_converter/hook/ament_prefix_path.dsv'
[7.429s] INFO:colcon.colcon_core.shell:Creating environment hook '/home/anatoly/ros2_ws/install/twist_converter/share/twist_converter/hook/ament_prefix_path.sh'
[7.430s] INFO:colcon.colcon_core.shell:Skip shell extension 'powershell' for command environment: Not usable outside of PowerShell
[7.430s] DEBUG:colcon.colcon_core.shell:Skip shell extension 'dsv' for command environment
[8.146s] INFO:colcon.colcon_core.task.python.build:Building Python package in '/home/anatoly/ros2_ws/src/twist_converter'
[8.147s] INFO:colcon.colcon_core.shell:Skip shell extension 'powershell' for command environment: Not usable outside of PowerShell
[8.147s] DEBUG:colcon.colcon_core.shell:Skip shell extension 'dsv' for command environment
[9.123s] DEBUG:colcon.colcon_core.event_handler.log_command:Invoking command in '/home/anatoly/ros2_ws/src/my_path_publisher': DEBUGINFOD_URLS=https://debuginfod.ubuntu.com PYTHONPATH=/home/anatoly/ros2_ws/build/my_path_publisher/prefix_override:/usr/lib/python3/dist-packages/colcon_core/task/python/colcon_distutils_commands:/home/anatoly/ros2_ws/install/my_path_publisher/lib/python3.12/site-packages:${PYTHONPATH} /usr/bin/python3 -W ignore:setup.py install is deprecated -W ignore:easy_install command is deprecated setup.py egg_info --egg-base ../../build/my_path_publisher build --build-base /home/anatoly/ros2_ws/build/my_path_publisher/build install --record /home/anatoly/ros2_ws/build/my_path_publisher/install.log --single-version-externally-managed install_data
[10.207s] DEBUG:colcon.colcon_core.event_handler.log_command:Invoking command in '/home/anatoly/ros2_ws/src/twist_converter': DEBUGINFOD_URLS=https://debuginfod.ubuntu.com PYTHONPATH=/home/anatoly/ros2_ws/build/twist_converter/prefix_override:/usr/lib/python3/dist-packages/colcon_core/task/python/colcon_distutils_commands:/home/anatoly/ros2_ws/install/twist_converter/lib/python3.12/site-packages:${PYTHONPATH} /usr/bin/python3 -W ignore:setup.py install is deprecated -W ignore:easy_install command is deprecated setup.py egg_info --egg-base ../../build/twist_converter build --build-base /home/anatoly/ros2_ws/build/twist_converter/build install --record /home/anatoly/ros2_ws/build/twist_converter/install.log --single-version-externally-managed install_data
[11.050s] Level 1:colcon.colcon_core.environment:checking '/home/anatoly/ros2_ws/install/my_path_publisher' for CMake module files
[11.051s] DEBUG:colcon.colcon_core.event_handler.log_command:Invoked command in '/home/anatoly/ros2_ws/src/my_path_publisher' returned '0': DEBUGINFOD_URLS=https://debuginfod.ubuntu.com PYTHONPATH=/home/anatoly/ros2_ws/build/my_path_publisher/prefix_override:/usr/lib/python3/dist-packages/colcon_core/task/python/colcon_distutils_commands:/home/anatoly/ros2_ws/install/my_path_publisher/lib/python3.12/site-packages:${PYTHONPATH} /usr/bin/python3 -W ignore:setup.py install is deprecated -W ignore:easy_install command is deprecated setup.py egg_info --egg-base ../../build/my_path_publisher build --build-base /home/anatoly/ros2_ws/build/my_path_publisher/build install --record /home/anatoly/ros2_ws/build/my_path_publisher/install.log --single-version-externally-managed install_data
[11.053s] Level 1:colcon.colcon_core.environment:checking '/home/anatoly/ros2_ws/install/my_path_publisher' for CMake config files
[11.056s] Level 1:colcon.colcon_core.environment:checking '/home/anatoly/ros2_ws/install/my_path_publisher/lib'
[11.056s] Level 1:colcon.colcon_core.environment:checking '/home/anatoly/ros2_ws/install/my_path_publisher/bin'
[11.056s] Level 1:colcon.colcon_core.environment:checking '/home/anatoly/ros2_ws/install/my_path_publisher/lib/pkgconfig/my_path_publisher.pc'
[11.057s] Level 1:colcon.colcon_core.environment:checking '/home/anatoly/ros2_ws/install/my_path_publisher/lib/python3.12/site-packages'
[11.057s] Level 1:colcon.colcon_core.shell:create_environment_hook('my_path_publisher', 'pythonpath')
[11.058s] INFO:colcon.colcon_core.shell:Creating environment hook '/home/anatoly/ros2_ws/install/my_path_publisher/share/my_path_publisher/hook/pythonpath.ps1'
[11.059s] INFO:colcon.colcon_core.shell:Creating environment descriptor '/home/anatoly/ros2_ws/install/my_path_publisher/share/my_path_publisher/hook/pythonpath.dsv'
[11.060s] INFO:colcon.colcon_core.shell:Creating environment hook '/home/anatoly/ros2_ws/install/my_path_publisher/share/my_path_publisher/hook/pythonpath.sh'
[11.065s] Level 1:colcon.colcon_core.environment:checking '/home/anatoly/ros2_ws/install/my_path_publisher/bin'
[11.065s] Level 1:colcon.colcon_core.environment:create_environment_scripts_only(my_path_publisher)
[11.066s] INFO:colcon.colcon_core.shell:Creating package script '/home/anatoly/ros2_ws/install/my_path_publisher/share/my_path_publisher/package.ps1'
[11.068s] INFO:colcon.colcon_core.shell:Creating package descriptor '/home/anatoly/ros2_ws/install/my_path_publisher/share/my_path_publisher/package.dsv'
[11.069s] INFO:colcon.colcon_core.shell:Creating package script '/home/anatoly/ros2_ws/install/my_path_publisher/share/my_path_publisher/package.sh'
[11.071s] INFO:colcon.colcon_core.shell:Creating package script '/home/anatoly/ros2_ws/install/my_path_publisher/share/my_path_publisher/package.bash'
[11.072s] INFO:colcon.colcon_core.shell:Creating package script '/home/anatoly/ros2_ws/install/my_path_publisher/share/my_path_publisher/package.zsh'
[11.072s] Level 1:colcon.colcon_core.environment:create_file_with_runtime_dependencies(/home/anatoly/ros2_ws/install/my_path_publisher/share/colcon-core/packages/my_path_publisher)
[11.074s] INFO:colcon.colcon_ros.task.ament_cmake.build:Building ROS package in '/home/anatoly/ros2_ws/src/view_robot' with build type 'ament_cmake'
[11.075s] INFO:colcon.colcon_cmake.task.cmake.build:Building CMake package in '/home/anatoly/ros2_ws/src/view_robot'
[11.075s] INFO:colcon.colcon_core.shell:Skip shell extension 'powershell' for command environment: Not usable outside of PowerShell
[11.075s] DEBUG:colcon.colcon_core.shell:Skip shell extension 'dsv' for command environment
[11.102s] DEBUG:colcon.colcon_core.event_handler.log_command:Invoking command in '/home/anatoly/ros2_ws/build/view_robot': CMAKE_PREFIX_PATH=${CMAKE_PREFIX_PATH}:/opt/ros/jazzy DEBUGINFOD_URLS=https://debuginfod.ubuntu.com /usr/bin/cmake --build /home/anatoly/ros2_ws/build/view_robot -- -j2 -l2
[11.242s] DEBUG:colcon.colcon_core.event_handler.log_command:Invoked command in '/home/anatoly/ros2_ws/build/view_robot' returned '0': CMAKE_PREFIX_PATH=${CMAKE_PREFIX_PATH}:/opt/ros/jazzy DEBUGINFOD_URLS=https://debuginfod.ubuntu.com /usr/bin/cmake --build /home/anatoly/ros2_ws/build/view_robot -- -j2 -l2
[11.246s] DEBUG:colcon.colcon_core.event_handler.log_command:Invoking command in '/home/anatoly/ros2_ws/build/view_robot': CMAKE_PREFIX_PATH=${CMAKE_PREFIX_PATH}:/opt/ros/jazzy DEBUGINFOD_URLS=https://debuginfod.ubuntu.com /usr/bin/cmake --install /home/anatoly/ros2_ws/build/view_robot
[11.295s] Level 1:colcon.colcon_core.environment:create_environment_scripts_only(view_robot)
[11.297s] Level 1:colcon.colcon_core.environment:checking '/home/anatoly/ros2_ws/install/view_robot' for CMake module files
[11.296s] DEBUG:colcon.colcon_core.event_handler.log_command:Invoked command in '/home/anatoly/ros2_ws/build/view_robot' returned '0': CMAKE_PREFIX_PATH=${CMAKE_PREFIX_PATH}:/opt/ros/jazzy DEBUGINFOD_URLS=https://debuginfod.ubuntu.com /usr/bin/cmake --install /home/anatoly/ros2_ws/build/view_robot
[11.299s] Level 1:colcon.colcon_core.environment:checking '/home/anatoly/ros2_ws/install/view_robot' for CMake config files
[11.300s] Level 1:colcon.colcon_core.shell:create_environment_hook('view_robot', 'cmake_prefix_path')
[11.301s] INFO:colcon.colcon_core.shell:Creating environment hook '/home/anatoly/ros2_ws/install/view_robot/share/view_robot/hook/cmake_prefix_path.ps1'
[11.302s] INFO:colcon.colcon_core.shell:Creating environment descriptor '/home/anatoly/ros2_ws/install/view_robot/share/view_robot/hook/cmake_prefix_path.dsv'
[11.303s] INFO:colcon.colcon_core.shell:Creating environment hook '/home/anatoly/ros2_ws/install/view_robot/share/view_robot/hook/cmake_prefix_path.sh'
[11.304s] Level 1:colcon.colcon_core.environment:checking '/home/anatoly/ros2_ws/install/view_robot/bin'
[11.304s] Level 1:colcon.colcon_core.environment:checking '/home/anatoly/ros2_ws/install/view_robot/lib/pkgconfig/view_robot.pc'
[11.305s] Level 1:colcon.colcon_core.environment:checking '/home/anatoly/ros2_ws/install/view_robot/lib/python3.12/site-packages'
[11.305s] Level 1:colcon.colcon_core.environment:checking '/home/anatoly/ros2_ws/install/view_robot/bin'
[11.306s] INFO:colcon.colcon_core.shell:Creating package script '/home/anatoly/ros2_ws/install/view_robot/share/view_robot/package.ps1'
[11.307s] INFO:colcon.colcon_core.shell:Creating package descriptor '/home/anatoly/ros2_ws/install/view_robot/share/view_robot/package.dsv'
[11.309s] INFO:colcon.colcon_core.shell:Creating package script '/home/anatoly/ros2_ws/install/view_robot/share/view_robot/package.sh'
[11.310s] INFO:colcon.colcon_core.shell:Creating package script '/home/anatoly/ros2_ws/install/view_robot/share/view_robot/package.bash'
[11.311s] INFO:colcon.colcon_core.shell:Creating package script '/home/anatoly/ros2_ws/install/view_robot/share/view_robot/package.zsh'
[11.312s] Level 1:colcon.colcon_core.environment:create_file_with_runtime_dependencies(/home/anatoly/ros2_ws/install/view_robot/share/colcon-core/packages/view_robot)
[11.313s] Level 1:colcon.colcon_core.environment:create_environment_scripts_only(view_robot)
[11.314s] Level 1:colcon.colcon_core.environment:checking '/home/anatoly/ros2_ws/install/view_robot' for CMake module files
[11.315s] Level 1:colcon.colcon_core.environment:checking '/home/anatoly/ros2_ws/install/view_robot' for CMake config files
[11.316s] Level 1:colcon.colcon_core.shell:create_environment_hook('view_robot', 'cmake_prefix_path')
[11.316s] INFO:colcon.colcon_core.shell:Creating environment hook '/home/anatoly/ros2_ws/install/view_robot/share/view_robot/hook/cmake_prefix_path.ps1'
[11.319s] INFO:colcon.colcon_core.shell:Creating environment descriptor '/home/anatoly/ros2_ws/install/view_robot/share/view_robot/hook/cmake_prefix_path.dsv'
[11.321s] INFO:colcon.colcon_core.shell:Creating environment hook '/home/anatoly/ros2_ws/install/view_robot/share/view_robot/hook/cmake_prefix_path.sh'
[11.323s] Level 1:colcon.colcon_core.environment:checking '/home/anatoly/ros2_ws/install/view_robot/bin'
[11.323s] Level 1:colcon.colcon_core.environment:checking '/home/anatoly/ros2_ws/install/view_robot/lib/pkgconfig/view_robot.pc'
[11.324s] Level 1:colcon.colcon_core.environment:checking '/home/anatoly/ros2_ws/install/view_robot/lib/python3.12/site-packages'
[11.324s] Level 1:colcon.colcon_core.environment:checking '/home/anatoly/ros2_ws/install/view_robot/bin'
[11.325s] INFO:colcon.colcon_core.shell:Creating package script '/home/anatoly/ros2_ws/install/view_robot/share/view_robot/package.ps1'
[11.326s] INFO:colcon.colcon_core.shell:Creating package descriptor '/home/anatoly/ros2_ws/install/view_robot/share/view_robot/package.dsv'
[11.327s] INFO:colcon.colcon_core.shell:Creating package script '/home/anatoly/ros2_ws/install/view_robot/share/view_robot/package.sh'
[11.328s] INFO:colcon.colcon_core.shell:Creating package script '/home/anatoly/ros2_ws/install/view_robot/share/view_robot/package.bash'
[11.330s] INFO:colcon.colcon_core.shell:Creating package script '/home/anatoly/ros2_ws/install/view_robot/share/view_robot/package.zsh'
[11.331s] Level 1:colcon.colcon_core.environment:create_file_with_runtime_dependencies(/home/anatoly/ros2_ws/install/view_robot/share/colcon-core/packages/view_robot)
[12.159s] Level 1:colcon.colcon_core.environment:checking '/home/anatoly/ros2_ws/install/twist_converter' for CMake module files
[12.161s] DEBUG:colcon.colcon_core.event_handler.log_command:Invoked command in '/home/anatoly/ros2_ws/src/twist_converter' returned '0': DEBUGINFOD_URLS=https://debuginfod.ubuntu.com PYTHONPATH=/home/anatoly/ros2_ws/build/twist_converter/prefix_override:/usr/lib/python3/dist-packages/colcon_core/task/python/colcon_distutils_commands:/home/anatoly/ros2_ws/install/twist_converter/lib/python3.12/site-packages:${PYTHONPATH} /usr/bin/python3 -W ignore:setup.py install is deprecated -W ignore:easy_install command is deprecated setup.py egg_info --egg-base ../../build/twist_converter build --build-base /home/anatoly/ros2_ws/build/twist_converter/build install --record /home/anatoly/ros2_ws/build/twist_converter/install.log --single-version-externally-managed install_data
[12.162s] Level 1:colcon.colcon_core.environment:checking '/home/anatoly/ros2_ws/install/twist_converter' for CMake config files
[12.164s] Level 1:colcon.colcon_core.environment:checking '/home/anatoly/ros2_ws/install/twist_converter/lib'
[12.164s] Level 1:colcon.colcon_core.environment:checking '/home/anatoly/ros2_ws/install/twist_converter/bin'
[12.164s] Level 1:colcon.colcon_core.environment:checking '/home/anatoly/ros2_ws/install/twist_converter/lib/pkgconfig/twist_converter.pc'
[12.165s] Level 1:colcon.colcon_core.environment:checking '/home/anatoly/ros2_ws/install/twist_converter/lib/python3.12/site-packages'
[12.165s] Level 1:colcon.colcon_core.shell:create_environment_hook('twist_converter', 'pythonpath')
[12.165s] INFO:colcon.colcon_core.shell:Creating environment hook '/home/anatoly/ros2_ws/install/twist_converter/share/twist_converter/hook/pythonpath.ps1'
[12.166s] INFO:colcon.colcon_core.shell:Creating environment descriptor '/home/anatoly/ros2_ws/install/twist_converter/share/twist_converter/hook/pythonpath.dsv'
[12.167s] INFO:colcon.colcon_core.shell:Creating environment hook '/home/anatoly/ros2_ws/install/twist_converter/share/twist_converter/hook/pythonpath.sh'
[12.169s] Level 1:colcon.colcon_core.environment:checking '/home/anatoly/ros2_ws/install/twist_converter/bin'
[12.169s] Level 1:colcon.colcon_core.environment:create_environment_scripts_only(twist_converter)
[12.169s] INFO:colcon.colcon_core.shell:Creating package script '/home/anatoly/ros2_ws/install/twist_converter/share/twist_converter/package.ps1'
[12.170s] INFO:colcon.colcon_core.shell:Creating package descriptor '/home/anatoly/ros2_ws/install/twist_converter/share/twist_converter/package.dsv'
[12.172s] INFO:colcon.colcon_core.shell:Creating package script '/home/anatoly/ros2_ws/install/twist_converter/share/twist_converter/package.sh'
[12.173s] INFO:colcon.colcon_core.shell:Creating package script '/home/anatoly/ros2_ws/install/twist_converter/share/twist_converter/package.bash'
[12.174s] INFO:colcon.colcon_core.shell:Creating package script '/home/anatoly/ros2_ws/install/twist_converter/share/twist_converter/package.zsh'
[12.175s] Level 1:colcon.colcon_core.environment:create_file_with_runtime_dependencies(/home/anatoly/ros2_ws/install/twist_converter/share/colcon-core/packages/twist_converter)
[12.175s] DEBUG:colcon.colcon_parallel_executor.executor.parallel:closing loop
[12.176s] DEBUG:colcon.colcon_parallel_executor.executor.parallel:loop closed
[12.176s] DEBUG:colcon.colcon_parallel_executor.executor.parallel:run_until_complete finished with '0'
[12.176s] DEBUG:colcon.colcon_core.event_reactor:joining thread
[12.195s] INFO:colcon.colcon_core.plugin_system:Skipping extension 'colcon_notification.desktop_notification.terminal_notifier': Not used on non-Darwin systems
[12.196s] INFO:colcon.colcon_core.plugin_system:Skipping extension 'colcon_notification.desktop_notification.win32': Not used on non-Windows systems
[12.196s] INFO:colcon.colcon_notification.desktop_notification:Sending desktop notification using 'notify2'
[12.253s] DEBUG:colcon.colcon_core.event_reactor:joined thread
[12.254s] INFO:colcon.colcon_core.shell:Creating prefix script '/home/anatoly/ros2_ws/install/local_setup.ps1'
[12.256s] INFO:colcon.colcon_core.shell:Creating prefix util module '/home/anatoly/ros2_ws/install/_local_setup_util_ps1.py'
[12.260s] INFO:colcon.colcon_core.shell:Creating prefix chain script '/home/anatoly/ros2_ws/install/setup.ps1'
[12.263s] INFO:colcon.colcon_core.shell:Creating prefix script '/home/anatoly/ros2_ws/install/local_setup.sh'
[12.265s] INFO:colcon.colcon_core.shell:Creating prefix util module '/home/anatoly/ros2_ws/install/_local_setup_util_sh.py'
[12.267s] INFO:colcon.colcon_core.shell:Creating prefix chain script '/home/anatoly/ros2_ws/install/setup.sh'
[12.270s] INFO:colcon.colcon_core.shell:Creating prefix script '/home/anatoly/ros2_ws/install/local_setup.bash'
[12.272s] INFO:colcon.colcon_core.shell:Creating prefix chain script '/home/anatoly/ros2_ws/install/setup.bash'
[12.275s] INFO:colcon.colcon_core.shell:Creating prefix script '/home/anatoly/ros2_ws/install/local_setup.zsh'
[12.277s] INFO:colcon.colcon_core.shell:Creating prefix chain script '/home/anatoly/ros2_ws/install/setup.zsh'
