[0.716s] Invoking command in '/home/anatoly/ros2_ws/build/kinect_ros2': CMAKE_PREFIX_PATH=${CMAKE_PREFIX_PATH}:/home/anatoly/ros2_ws/install/twist_converter:/home/anatoly/ros2_ws/install/my_path_publisher:/home/anatoly/ros2_ws/install/my_fake_lidar:/home/anatoly/ros2_ws/install/esp32_bridge:/opt/ros/jazzy DEBUGINFOD_URLS=https://debuginfod.ubuntu.com /usr/bin/cmake --build /home/anatoly/ros2_ws/build/kinect_ros2 -- -j2 -l2
[0.919s] [100%] Built target kinect_ros2_component
[0.956s] Invoked command in '/home/anatoly/ros2_ws/build/kinect_ros2' returned '0': CMAKE_PREFIX_PATH=${CMAKE_PREFIX_PATH}:/home/anatoly/ros2_ws/install/twist_converter:/home/anatoly/ros2_ws/install/my_path_publisher:/home/anatoly/ros2_ws/install/my_fake_lidar:/home/anatoly/ros2_ws/install/esp32_bridge:/opt/ros/jazzy DEBUGINFOD_URLS=https://debuginfod.ubuntu.com /usr/bin/cmake --build /home/anatoly/ros2_ws/build/kinect_ros2 -- -j2 -l2
[0.987s] Invoking command in '/home/anatoly/ros2_ws/build/kinect_ros2': CMAKE_PREFIX_PATH=${CMAKE_PREFIX_PATH}:/home/anatoly/ros2_ws/install/twist_converter:/home/anatoly/ros2_ws/install/my_path_publisher:/home/anatoly/ros2_ws/install/my_fake_lidar:/home/anatoly/ros2_ws/install/esp32_bridge:/opt/ros/jazzy DEBUGINFOD_URLS=https://debuginfod.ubuntu.com /usr/bin/cmake --install /home/anatoly/ros2_ws/build/kinect_ros2
[1.014s] -- Install configuration: ""
[1.015s] -- Up-to-date: /home/anatoly/ros2_ws/install/kinect_ros2/lib/kinect_ros2/libkinect_ros2_component.so
[1.017s] -- Up-to-date: /home/anatoly/ros2_ws/install/kinect_ros2/share/kinect_ros2/launch
[1.018s] -- Up-to-date: /home/anatoly/ros2_ws/install/kinect_ros2/share/kinect_ros2/launch/pointcloud.launch.py
[1.019s] -- Up-to-date: /home/anatoly/ros2_ws/install/kinect_ros2/share/kinect_ros2/launch/showimage.launch.py
[1.019s] -- Up-to-date: /home/anatoly/ros2_ws/install/kinect_ros2/share/kinect_ros2/launch/kinect.launch.py
[1.021s] -- Up-to-date: /home/anatoly/ros2_ws/install/kinect_ros2/share/ament_index/resource_index/package_run_dependencies/kinect_ros2
[1.022s] -- Up-to-date: /home/anatoly/ros2_ws/install/kinect_ros2/share/ament_index/resource_index/parent_prefix_path/kinect_ros2
[1.022s] -- Up-to-date: /home/anatoly/ros2_ws/install/kinect_ros2/share/kinect_ros2/environment/ament_prefix_path.sh
[1.022s] -- Up-to-date: /home/anatoly/ros2_ws/install/kinect_ros2/share/kinect_ros2/environment/ament_prefix_path.dsv
[1.022s] -- Up-to-date: /home/anatoly/ros2_ws/install/kinect_ros2/share/kinect_ros2/environment/path.sh
[1.023s] -- Up-to-date: /home/anatoly/ros2_ws/install/kinect_ros2/share/kinect_ros2/environment/path.dsv
[1.023s] -- Up-to-date: /home/anatoly/ros2_ws/install/kinect_ros2/share/kinect_ros2/local_setup.bash
[1.023s] -- Up-to-date: /home/anatoly/ros2_ws/install/kinect_ros2/share/kinect_ros2/local_setup.sh
[1.023s] -- Up-to-date: /home/anatoly/ros2_ws/install/kinect_ros2/share/kinect_ros2/local_setup.zsh
[1.028s] -- Up-to-date: /home/anatoly/ros2_ws/install/kinect_ros2/share/kinect_ros2/local_setup.dsv
[1.029s] -- Installing: /home/anatoly/ros2_ws/install/kinect_ros2/share/kinect_ros2/package.dsv
[1.029s] -- Up-to-date: /home/anatoly/ros2_ws/install/kinect_ros2/share/ament_index/resource_index/packages/kinect_ros2
[1.029s] -- Up-to-date: /home/anatoly/ros2_ws/install/kinect_ros2/share/ament_index/resource_index/rclcpp_components/kinect_ros2
[1.029s] -- Up-to-date: /home/anatoly/ros2_ws/install/kinect_ros2/share/kinect_ros2/cmake/kinect_ros2Config.cmake
[1.029s] -- Up-to-date: /home/anatoly/ros2_ws/install/kinect_ros2/share/kinect_ros2/cmake/kinect_ros2Config-version.cmake
[1.030s] -- Up-to-date: /home/anatoly/ros2_ws/install/kinect_ros2/share/kinect_ros2/package.xml
[1.033s] Invoked command in '/home/anatoly/ros2_ws/build/kinect_ros2' returned '0': CMAKE_PREFIX_PATH=${CMAKE_PREFIX_PATH}:/home/anatoly/ros2_ws/install/twist_converter:/home/anatoly/ros2_ws/install/my_path_publisher:/home/anatoly/ros2_ws/install/my_fake_lidar:/home/anatoly/ros2_ws/install/esp32_bridge:/opt/ros/jazzy DEBUGINFOD_URLS=https://debuginfod.ubuntu.com /usr/bin/cmake --install /home/anatoly/ros2_ws/build/kinect_ros2
