[0.044s] Invoking command in '/home/anatoly/ros2_ws/build/micro_ros_setup': CMAKE_PREFIX_PATH=${CMAKE_PREFIX_PATH}:/home/anatoly/ros2_ws/install/twist_converter:/home/anatoly/ros2_ws/install/my_path_publisher:/home/anatoly/ros2_ws/install/my_fake_lidar:/opt/ros/jazzy DEBUGINFOD_URLS=https://debuginfod.ubuntu.com /usr/bin/cmake /home/anatoly/ros2_ws/src/micro_ros_setup -DCMAKE_INSTALL_PREFIX=/home/anatoly/ros2_ws/install/micro_ros_setup
[0.244s] -- The C compiler identification is GNU 13.3.0
[0.475s] -- The CXX compiler identification is GNU 13.3.0
[0.539s] -- Detecting C compiler ABI info
[0.789s] -- Detecting C compiler ABI info - done
[0.840s] -- Check for working C compiler: /usr/bin/cc - skipped
[0.840s] -- Detecting C compile features
[0.842s] -- Detecting C compile features - done
[0.868s] -- Detecting CXX compiler ABI info
[1.151s] -- Detecting CXX compiler ABI info - done
[1.180s] -- Check for working CXX compiler: /usr/bin/c++ - skipped
[1.180s] -- Detecting CXX compile features
[1.182s] -- Detecting CXX compile features - done
[1.193s] -- Found ament_cmake: 2.5.4 (/opt/ros/jazzy/share/ament_cmake/cmake)
[1.685s] -- Found Python3: /usr/bin/python3 (found version "3.12.3") found components: Interpreter 
[2.082s] -- Found ament_lint_auto: 0.17.3 (/opt/ros/jazzy/share/ament_lint_auto/cmake)
[2.503s] -- Added test 'copyright' to check source files copyright and LICENSE
[2.559s] -- Added test 'flake8' to check Python code syntax and style conventions
[2.559s] -- Configured 'flake8' exclude dirs and/or files: 
[2.569s] -- Added test 'lint_cmake' to check CMake code style
[2.578s] -- Added test 'pep257' to check Python code against some of the docstring style conventions in PEP 257
[2.609s] -- Added test 'xmllint' to check XML markup files
[2.615s] -- Configuring done (2.5s)
[2.624s] -- Generating done (0.0s)
[2.632s] -- Build files have been written to: /home/anatoly/ros2_ws/build/micro_ros_setup
[2.648s] Invoked command in '/home/anatoly/ros2_ws/build/micro_ros_setup' returned '0': CMAKE_PREFIX_PATH=${CMAKE_PREFIX_PATH}:/home/anatoly/ros2_ws/install/twist_converter:/home/anatoly/ros2_ws/install/my_path_publisher:/home/anatoly/ros2_ws/install/my_fake_lidar:/opt/ros/jazzy DEBUGINFOD_URLS=https://debuginfod.ubuntu.com /usr/bin/cmake /home/anatoly/ros2_ws/src/micro_ros_setup -DCMAKE_INSTALL_PREFIX=/home/anatoly/ros2_ws/install/micro_ros_setup
[2.650s] Invoking command in '/home/anatoly/ros2_ws/build/micro_ros_setup': CMAKE_PREFIX_PATH=${CMAKE_PREFIX_PATH}:/home/anatoly/ros2_ws/install/twist_converter:/home/anatoly/ros2_ws/install/my_path_publisher:/home/anatoly/ros2_ws/install/my_fake_lidar:/opt/ros/jazzy DEBUGINFOD_URLS=https://debuginfod.ubuntu.com /usr/bin/cmake --build /home/anatoly/ros2_ws/build/micro_ros_setup -- -j2 -l2
[2.768s] Invoked command in '/home/anatoly/ros2_ws/build/micro_ros_setup' returned '0': CMAKE_PREFIX_PATH=${CMAKE_PREFIX_PATH}:/home/anatoly/ros2_ws/install/twist_converter:/home/anatoly/ros2_ws/install/my_path_publisher:/home/anatoly/ros2_ws/install/my_fake_lidar:/opt/ros/jazzy DEBUGINFOD_URLS=https://debuginfod.ubuntu.com /usr/bin/cmake --build /home/anatoly/ros2_ws/build/micro_ros_setup -- -j2 -l2
[2.804s] Invoking command in '/home/anatoly/ros2_ws/build/micro_ros_setup': CMAKE_PREFIX_PATH=${CMAKE_PREFIX_PATH}:/home/anatoly/ros2_ws/install/twist_converter:/home/anatoly/ros2_ws/install/my_path_publisher:/home/anatoly/ros2_ws/install/my_fake_lidar:/opt/ros/jazzy DEBUGINFOD_URLS=https://debuginfod.ubuntu.com /usr/bin/cmake --install /home/anatoly/ros2_ws/build/micro_ros_setup
[2.830s] -- Install configuration: ""
[2.832s] -- Installing: /home/anatoly/ros2_ws/install/micro_ros_setup/share/ament_index/resource_index/package_run_dependencies/micro_ros_setup
[2.836s] -- Installing: /home/anatoly/ros2_ws/install/micro_ros_setup/share/ament_index/resource_index/parent_prefix_path/micro_ros_setup
[2.836s] -- Installing: /home/anatoly/ros2_ws/install/micro_ros_setup/share/micro_ros_setup/environment/ament_prefix_path.sh
[2.837s] -- Installing: /home/anatoly/ros2_ws/install/micro_ros_setup/share/micro_ros_setup/environment/ament_prefix_path.dsv
[2.838s] -- Installing: /home/anatoly/ros2_ws/install/micro_ros_setup/share/micro_ros_setup/environment/path.sh
[2.839s] -- Installing: /home/anatoly/ros2_ws/install/micro_ros_setup/share/micro_ros_setup/environment/path.dsv
[2.842s] -- Installing: /home/anatoly/ros2_ws/install/micro_ros_setup/share/micro_ros_setup/local_setup.bash
[2.842s] -- Installing: /home/anatoly/ros2_ws/install/micro_ros_setup/share/micro_ros_setup/local_setup.sh
[2.842s] -- Installing: /home/anatoly/ros2_ws/install/micro_ros_setup/share/micro_ros_setup/local_setup.zsh
[2.842s] -- Installing: /home/anatoly/ros2_ws/install/micro_ros_setup/share/micro_ros_setup/local_setup.dsv
[2.843s] -- Installing: /home/anatoly/ros2_ws/install/micro_ros_setup/share/micro_ros_setup/package.dsv
[2.843s] -- Installing: /home/anatoly/ros2_ws/install/micro_ros_setup/share/ament_index/resource_index/packages/micro_ros_setup
[2.844s] -- Installing: /home/anatoly/ros2_ws/install/micro_ros_setup/share/micro_ros_setup/cmake/micro_ros_setupConfig.cmake
[2.844s] -- Installing: /home/anatoly/ros2_ws/install/micro_ros_setup/share/micro_ros_setup/cmake/micro_ros_setupConfig-version.cmake
[2.846s] -- Installing: /home/anatoly/ros2_ws/install/micro_ros_setup/share/micro_ros_setup/package.xml
[2.849s] -- Installing: /home/anatoly/ros2_ws/install/micro_ros_setup/./config
[2.849s] -- Installing: /home/anatoly/ros2_ws/install/micro_ros_setup/./config/renesas_ra
[2.849s] -- Installing: /home/anatoly/ros2_ws/install/micro_ros_setup/./config/renesas_ra/ra6m5
[2.849s] -- Installing: /home/anatoly/ros2_ws/install/micro_ros_setup/./config/renesas_ra/ra6m5/create.sh
[2.850s] -- Installing: /home/anatoly/ros2_ws/install/micro_ros_setup/./config/renesas_ra/ra6m5/board.repos
[2.850s] -- Installing: /home/anatoly/ros2_ws/install/micro_ros_setup/./config/renesas_ra/ra6m5/client-colcon.meta
[2.850s] -- Installing: /home/anatoly/ros2_ws/install/micro_ros_setup/./config/renesas_ra/ra6m5/client_uros_packages.repos
[2.850s] -- Installing: /home/anatoly/ros2_ws/install/micro_ros_setup/./config/renesas_ra/ra6m5/build.sh
[2.850s] -- Installing: /home/anatoly/ros2_ws/install/micro_ros_setup/./config/renesas_ra/ra6m5/configure.sh
[2.851s] -- Installing: /home/anatoly/ros2_ws/install/micro_ros_setup/./config/renesas_ra/ra6m5/flash.sh
[2.852s] -- Installing: /home/anatoly/ros2_ws/install/micro_ros_setup/./config/renesas_ra/list_apps.sh
[2.854s] -- Installing: /home/anatoly/ros2_ws/install/micro_ros_setup/./config/renesas_ra/dev_ros2_packages.txt
[2.854s] -- Installing: /home/anatoly/ros2_ws/install/micro_ros_setup/./config/renesas_ra/dev_uros_packages.repos
[2.854s] -- Installing: /home/anatoly/ros2_ws/install/micro_ros_setup/./config/agent_uros_packages.repos
[2.855s] -- Installing: /home/anatoly/ros2_ws/install/micro_ros_setup/./config/utils.sh
[2.855s] -- Installing: /home/anatoly/ros2_ws/install/micro_ros_setup/./config/freertos
[2.855s] -- Installing: /home/anatoly/ros2_ws/install/micro_ros_setup/./config/freertos/esp32
[2.855s] -- Installing: /home/anatoly/ros2_ws/install/micro_ros_setup/./config/freertos/esp32/create.sh
[2.856s] -- Installing: /home/anatoly/ros2_ws/install/micro_ros_setup/./config/freertos/esp32/package.xml
[2.856s] -- Installing: /home/anatoly/ros2_ws/install/micro_ros_setup/./config/freertos/esp32/README.md
[2.857s] -- Installing: /home/anatoly/ros2_ws/install/micro_ros_setup/./config/freertos/esp32/board.repos
[2.858s] -- Installing: /home/anatoly/ros2_ws/install/micro_ros_setup/./config/freertos/esp32/client-colcon.meta
[2.858s] -- Installing: /home/anatoly/ros2_ws/install/micro_ros_setup/./config/freertos/esp32/client_uros_packages.repos
[2.859s] -- Installing: /home/anatoly/ros2_ws/install/micro_ros_setup/./config/freertos/esp32/build.sh
[2.859s] -- Installing: /home/anatoly/ros2_ws/install/micro_ros_setup/./config/freertos/esp32/configure.sh
[2.860s] -- Installing: /home/anatoly/ros2_ws/install/micro_ros_setup/./config/freertos/esp32/flash.sh
[2.861s] -- Installing: /home/anatoly/ros2_ws/install/micro_ros_setup/./config/freertos/nucleo_f767zi
[2.862s] -- Installing: /home/anatoly/ros2_ws/install/micro_ros_setup/./config/freertos/nucleo_f767zi/create.sh
[2.863s] -- Installing: /home/anatoly/ros2_ws/install/micro_ros_setup/./config/freertos/nucleo_f767zi/package.xml
[2.863s] -- Installing: /home/anatoly/ros2_ws/install/micro_ros_setup/./config/freertos/nucleo_f767zi/board.repos
[2.864s] -- Installing: /home/anatoly/ros2_ws/install/micro_ros_setup/./config/freertos/nucleo_f767zi/client-colcon.meta
[2.864s] -- Installing: /home/anatoly/ros2_ws/install/micro_ros_setup/./config/freertos/nucleo_f767zi/client_uros_packages.repos
[2.866s] -- Installing: /home/anatoly/ros2_ws/install/micro_ros_setup/./config/freertos/nucleo_f767zi/build.sh
[2.866s] -- Installing: /home/anatoly/ros2_ws/install/micro_ros_setup/./config/freertos/nucleo_f767zi/configure.sh
[2.866s] -- Installing: /home/anatoly/ros2_ws/install/micro_ros_setup/./config/freertos/nucleo_f767zi/flash.sh
[2.866s] -- Installing: /home/anatoly/ros2_ws/install/micro_ros_setup/./config/freertos/list_apps.sh
[2.867s] -- Installing: /home/anatoly/ros2_ws/install/micro_ros_setup/./config/freertos/nucleo_f446re
[2.867s] -- Installing: /home/anatoly/ros2_ws/install/micro_ros_setup/./config/freertos/nucleo_f446re/create.sh
[2.868s] -- Installing: /home/anatoly/ros2_ws/install/micro_ros_setup/./config/freertos/nucleo_f446re/package.xml
[2.868s] -- Installing: /home/anatoly/ros2_ws/install/micro_ros_setup/./config/freertos/nucleo_f446re/board.repos
[2.869s] -- Installing: /home/anatoly/ros2_ws/install/micro_ros_setup/./config/freertos/nucleo_f446re/client-colcon.meta
[2.870s] -- Installing: /home/anatoly/ros2_ws/install/micro_ros_setup/./config/freertos/nucleo_f446re/client_uros_packages.repos
[2.871s] -- Installing: /home/anatoly/ros2_ws/install/micro_ros_setup/./config/freertos/nucleo_f446re/build.sh
[2.875s] -- Installing: /home/anatoly/ros2_ws/install/micro_ros_setup/./config/freertos/nucleo_f446re/configure.sh
[2.875s] -- Installing: /home/anatoly/ros2_ws/install/micro_ros_setup/./config/freertos/nucleo_f446re/flash.sh
[2.875s] -- Installing: /home/anatoly/ros2_ws/install/micro_ros_setup/./config/freertos/olimex-stm32-e407
[2.875s] -- Installing: /home/anatoly/ros2_ws/install/micro_ros_setup/./config/freertos/olimex-stm32-e407/create.sh
[2.875s] -- Installing: /home/anatoly/ros2_ws/install/micro_ros_setup/./config/freertos/olimex-stm32-e407/package.xml
[2.876s] -- Installing: /home/anatoly/ros2_ws/install/micro_ros_setup/./config/freertos/olimex-stm32-e407/board.repos
[2.876s] -- Installing: /home/anatoly/ros2_ws/install/micro_ros_setup/./config/freertos/olimex-stm32-e407/client-colcon.meta
[2.876s] -- Installing: /home/anatoly/ros2_ws/install/micro_ros_setup/./config/freertos/olimex-stm32-e407/client_uros_packages.repos
[2.876s] -- Installing: /home/anatoly/ros2_ws/install/micro_ros_setup/./config/freertos/olimex-stm32-e407/build.sh
[2.876s] -- Installing: /home/anatoly/ros2_ws/install/micro_ros_setup/./config/freertos/olimex-stm32-e407/configure.sh
[2.878s] -- Installing: /home/anatoly/ros2_ws/install/micro_ros_setup/./config/freertos/olimex-stm32-e407/flash.sh
[2.878s] -- Installing: /home/anatoly/ros2_ws/install/micro_ros_setup/./config/freertos/dev_ros2_packages.txt
[2.878s] -- Installing: /home/anatoly/ros2_ws/install/micro_ros_setup/./config/freertos/nucleo_f746zg
[2.878s] -- Installing: /home/anatoly/ros2_ws/install/micro_ros_setup/./config/freertos/nucleo_f746zg/create.sh
[2.880s] -- Installing: /home/anatoly/ros2_ws/install/micro_ros_setup/./config/freertos/nucleo_f746zg/package.xml
[2.880s] -- Installing: /home/anatoly/ros2_ws/install/micro_ros_setup/./config/freertos/nucleo_f746zg/board.repos
[2.880s] -- Installing: /home/anatoly/ros2_ws/install/micro_ros_setup/./config/freertos/nucleo_f746zg/client-colcon.meta
[2.882s] -- Installing: /home/anatoly/ros2_ws/install/micro_ros_setup/./config/freertos/nucleo_f746zg/client_uros_packages.repos
[2.882s] -- Installing: /home/anatoly/ros2_ws/install/micro_ros_setup/./config/freertos/nucleo_f746zg/build.sh
[2.882s] -- Installing: /home/anatoly/ros2_ws/install/micro_ros_setup/./config/freertos/nucleo_f746zg/configure.sh
[2.883s] -- Installing: /home/anatoly/ros2_ws/install/micro_ros_setup/./config/freertos/nucleo_f746zg/flash.sh
[2.883s] -- Installing: /home/anatoly/ros2_ws/install/micro_ros_setup/./config/freertos/crazyflie21
[2.884s] -- Installing: /home/anatoly/ros2_ws/install/micro_ros_setup/./config/freertos/crazyflie21/create.sh
[2.886s] -- Installing: /home/anatoly/ros2_ws/install/micro_ros_setup/./config/freertos/crazyflie21/package.xml
[2.886s] -- Installing: /home/anatoly/ros2_ws/install/micro_ros_setup/./config/freertos/crazyflie21/board.repos
[2.886s] -- Installing: /home/anatoly/ros2_ws/install/micro_ros_setup/./config/freertos/crazyflie21/client-colcon.meta
[2.886s] -- Installing: /home/anatoly/ros2_ws/install/micro_ros_setup/./config/freertos/crazyflie21/client_uros_packages.repos
[2.887s] -- Installing: /home/anatoly/ros2_ws/install/micro_ros_setup/./config/freertos/crazyflie21/build.sh
[2.889s] -- Installing: /home/anatoly/ros2_ws/install/micro_ros_setup/./config/freertos/crazyflie21/configure.sh
[2.889s] -- Installing: /home/anatoly/ros2_ws/install/micro_ros_setup/./config/freertos/crazyflie21/flash.sh
[2.889s] -- Installing: /home/anatoly/ros2_ws/install/micro_ros_setup/./config/freertos/dev_uros_packages.repos
[2.890s] -- Installing: /home/anatoly/ros2_ws/install/micro_ros_setup/./config/freertos/nucleo_f446ze
[2.890s] -- Installing: /home/anatoly/ros2_ws/install/micro_ros_setup/./config/freertos/nucleo_f446ze/create.sh
[2.891s] -- Installing: /home/anatoly/ros2_ws/install/micro_ros_setup/./config/freertos/nucleo_f446ze/package.xml
[2.893s] -- Installing: /home/anatoly/ros2_ws/install/micro_ros_setup/./config/freertos/nucleo_f446ze/board.repos
[2.893s] -- Installing: /home/anatoly/ros2_ws/install/micro_ros_setup/./config/freertos/nucleo_f446ze/client-colcon.meta
[2.893s] -- Installing: /home/anatoly/ros2_ws/install/micro_ros_setup/./config/freertos/nucleo_f446ze/client_uros_packages.repos
[2.896s] -- Installing: /home/anatoly/ros2_ws/install/micro_ros_setup/./config/freertos/nucleo_f446ze/build.sh
[2.896s] -- Installing: /home/anatoly/ros2_ws/install/micro_ros_setup/./config/freertos/nucleo_f446ze/configure.sh
[2.897s] -- Installing: /home/anatoly/ros2_ws/install/micro_ros_setup/./config/freertos/nucleo_f446ze/flash.sh
[2.898s] -- Installing: /home/anatoly/ros2_ws/install/micro_ros_setup/./config/client_ros2_packages.txt
[2.898s] -- Installing: /home/anatoly/ros2_ws/install/micro_ros_setup/./config/agent_ros2_packages.txt
[2.898s] -- Installing: /home/anatoly/ros2_ws/install/micro_ros_setup/./config/raspbian
[2.899s] -- Installing: /home/anatoly/ros2_ws/install/micro_ros_setup/./config/raspbian/dev_ros2_packages.txt
[2.899s] -- Installing: /home/anatoly/ros2_ws/install/micro_ros_setup/./config/raspbian/generic
[2.899s] -- Installing: /home/anatoly/ros2_ws/install/micro_ros_setup/./config/raspbian/generic/create.sh
[2.899s] -- Installing: /home/anatoly/ros2_ws/install/micro_ros_setup/./config/raspbian/generic/client-colcon.meta
[2.899s] -- Installing: /home/anatoly/ros2_ws/install/micro_ros_setup/./config/raspbian/generic/client_uros_packages.repos
[2.902s] -- Installing: /home/anatoly/ros2_ws/install/micro_ros_setup/./config/raspbian/generic/build.sh
[2.903s] -- Installing: /home/anatoly/ros2_ws/install/micro_ros_setup/./config/raspbian/generic/configure.sh
[2.903s] -- Installing: /home/anatoly/ros2_ws/install/micro_ros_setup/./config/raspbian/generic/flash.sh
[2.903s] -- Installing: /home/anatoly/ros2_ws/install/micro_ros_setup/./config/raspbian/generic/supported_platforms
[2.905s] -- Installing: /home/anatoly/ros2_ws/install/micro_ros_setup/./config/raspbian/dev_uros_packages.repos
[2.905s] -- Installing: /home/anatoly/ros2_ws/install/micro_ros_setup/./config/zephyr
[2.905s] -- Installing: /home/anatoly/ros2_ws/install/micro_ros_setup/./config/zephyr/list_apps.sh
[2.905s] -- Installing: /home/anatoly/ros2_ws/install/micro_ros_setup/./config/zephyr/dev_ros2_packages.txt
[2.905s] -- Installing: /home/anatoly/ros2_ws/install/micro_ros_setup/./config/zephyr/generic
[2.908s] -- Installing: /home/anatoly/ros2_ws/install/micro_ros_setup/./config/zephyr/generic/create.sh
[2.908s] -- Installing: /home/anatoly/ros2_ws/install/micro_ros_setup/./config/zephyr/generic/package.xml
[2.908s] -- Installing: /home/anatoly/ros2_ws/install/micro_ros_setup/./config/zephyr/generic/board.repos
[2.908s] -- Installing: /home/anatoly/ros2_ws/install/micro_ros_setup/./config/zephyr/generic/client-colcon.meta
[2.909s] -- Installing: /home/anatoly/ros2_ws/install/micro_ros_setup/./config/zephyr/generic/client_uros_packages.repos
[2.909s] -- Installing: /home/anatoly/ros2_ws/install/micro_ros_setup/./config/zephyr/generic/build.sh
[2.909s] -- Installing: /home/anatoly/ros2_ws/install/micro_ros_setup/./config/zephyr/generic/configure.sh
[2.909s] -- Installing: /home/anatoly/ros2_ws/install/micro_ros_setup/./config/zephyr/generic/flash.sh
[2.909s] -- Installing: /home/anatoly/ros2_ws/install/micro_ros_setup/./config/zephyr/generic/supported_platforms
[2.911s] -- Installing: /home/anatoly/ros2_ws/install/micro_ros_setup/./config/zephyr/dev_uros_packages.repos
[2.911s] -- Installing: /home/anatoly/ros2_ws/install/micro_ros_setup/./config/client_uros_packages.repos
[2.911s] -- Installing: /home/anatoly/ros2_ws/install/micro_ros_setup/./config/generate_lib
[2.911s] -- Installing: /home/anatoly/ros2_ws/install/micro_ros_setup/./config/generate_lib/dev_ros2_packages.txt
[2.911s] -- Installing: /home/anatoly/ros2_ws/install/micro_ros_setup/./config/generate_lib/generic
[2.912s] -- Installing: /home/anatoly/ros2_ws/install/micro_ros_setup/./config/generate_lib/generic/create.sh
[2.912s] -- Installing: /home/anatoly/ros2_ws/install/micro_ros_setup/./config/generate_lib/generic/package.xml
[2.912s] -- Installing: /home/anatoly/ros2_ws/install/micro_ros_setup/./config/generate_lib/generic/client-colcon.meta
[2.912s] -- Installing: /home/anatoly/ros2_ws/install/micro_ros_setup/./config/generate_lib/generic/client_uros_packages.repos
[2.912s] -- Installing: /home/anatoly/ros2_ws/install/micro_ros_setup/./config/generate_lib/generic/build.sh
[2.912s] -- Installing: /home/anatoly/ros2_ws/install/micro_ros_setup/./config/generate_lib/generic/demo_toolchain.cmake
[2.916s] -- Installing: /home/anatoly/ros2_ws/install/micro_ros_setup/./config/generate_lib/generic/flash.sh
[2.916s] -- Installing: /home/anatoly/ros2_ws/install/micro_ros_setup/./config/generate_lib/dev_uros_packages.repos
[2.916s] -- Installing: /home/anatoly/ros2_ws/install/micro_ros_setup/./config/mbed
[2.916s] -- Installing: /home/anatoly/ros2_ws/install/micro_ros_setup/./config/mbed/list_apps.sh
[2.917s] -- Installing: /home/anatoly/ros2_ws/install/micro_ros_setup/./config/mbed/dev_ros2_packages.txt
[2.917s] -- Installing: /home/anatoly/ros2_ws/install/micro_ros_setup/./config/mbed/generic
[2.917s] -- Installing: /home/anatoly/ros2_ws/install/micro_ros_setup/./config/mbed/generic/create.sh
[2.917s] -- Installing: /home/anatoly/ros2_ws/install/micro_ros_setup/./config/mbed/generic/package.xml
[2.917s] -- Installing: /home/anatoly/ros2_ws/install/micro_ros_setup/./config/mbed/generic/board.repos
[2.920s] -- Installing: /home/anatoly/ros2_ws/install/micro_ros_setup/./config/mbed/generic/client_uros_packages.repos
[2.921s] -- Installing: /home/anatoly/ros2_ws/install/micro_ros_setup/./config/mbed/generic/build.sh
[2.922s] -- Installing: /home/anatoly/ros2_ws/install/micro_ros_setup/./config/mbed/generic/flash.sh
[2.922s] -- Installing: /home/anatoly/ros2_ws/install/micro_ros_setup/./config/mbed/generic/supported_platforms
[2.922s] -- Installing: /home/anatoly/ros2_ws/install/micro_ros_setup/./config/mbed/dev_uros_packages.repos
[2.922s] -- Installing: /home/anatoly/ros2_ws/install/micro_ros_setup/./config/host
[2.922s] -- Installing: /home/anatoly/ros2_ws/install/micro_ros_setup/./config/host/client_ros2_packages.txt
[2.927s] -- Installing: /home/anatoly/ros2_ws/install/micro_ros_setup/./config/host/dev_ros2_packages.txt
[2.927s] -- Installing: /home/anatoly/ros2_ws/install/micro_ros_setup/./config/host/generic
[2.927s] -- Installing: /home/anatoly/ros2_ws/install/micro_ros_setup/./config/host/generic/create.sh
[2.928s] -- Installing: /home/anatoly/ros2_ws/install/micro_ros_setup/./config/host/generic/package.xml
[2.928s] -- Installing: /home/anatoly/ros2_ws/install/micro_ros_setup/./config/host/generic/client_host_packages.repos
[2.928s] -- Installing: /home/anatoly/ros2_ws/install/micro_ros_setup/./config/host/generic/build.sh
[2.931s] -- Installing: /home/anatoly/ros2_ws/install/micro_ros_setup/./config/host/generic/flash.sh
[2.931s] -- Installing: /home/anatoly/ros2_ws/install/micro_ros_setup/./config/host/generic/client-host-colcon.meta
[2.931s] -- Installing: /home/anatoly/ros2_ws/install/micro_ros_setup/./config/host/dev_uros_packages.repos
[2.931s] -- Installing: /home/anatoly/ros2_ws/install/micro_ros_setup/./config/android
[2.932s] -- Installing: /home/anatoly/ros2_ws/install/micro_ros_setup/./config/android/dev_ros2_packages.txt
[2.932s] -- Installing: /home/anatoly/ros2_ws/install/micro_ros_setup/./config/android/generic
[2.932s] -- Installing: /home/anatoly/ros2_ws/install/micro_ros_setup/./config/android/generic/create.sh
[2.932s] -- Installing: /home/anatoly/ros2_ws/install/micro_ros_setup/./config/android/generic/package.xml
[2.938s] -- Installing: /home/anatoly/ros2_ws/install/micro_ros_setup/./config/android/generic/client-colcon.meta
[2.938s] -- Installing: /home/anatoly/ros2_ws/install/micro_ros_setup/./config/android/generic/client_uros_packages.repos
[2.938s] -- Installing: /home/anatoly/ros2_ws/install/micro_ros_setup/./config/android/generic/build.sh
[2.938s] -- Installing: /home/anatoly/ros2_ws/install/micro_ros_setup/./config/android/generic/flash.sh
[2.941s] -- Installing: /home/anatoly/ros2_ws/install/micro_ros_setup/./config/android/dev_uros_packages.repos
[2.941s] -- Installing: /home/anatoly/ros2_ws/install/micro_ros_setup/lib/micro_ros_setup/create_ws.sh
[2.941s] -- Installing: /home/anatoly/ros2_ws/install/micro_ros_setup/lib/micro_ros_setup/create_agent_ws.sh
[2.941s] -- Installing: /home/anatoly/ros2_ws/install/micro_ros_setup/lib/micro_ros_setup/create_firmware_ws.sh
[2.942s] -- Installing: /home/anatoly/ros2_ws/install/micro_ros_setup/lib/micro_ros_setup/configure_firmware.sh
[2.942s] -- Installing: /home/anatoly/ros2_ws/install/micro_ros_setup/lib/micro_ros_setup/flash_firmware.sh
[2.942s] -- Installing: /home/anatoly/ros2_ws/install/micro_ros_setup/lib/micro_ros_setup/build_firmware.sh
[2.942s] -- Installing: /home/anatoly/ros2_ws/install/micro_ros_setup/lib/micro_ros_setup/build_agent.sh
[2.942s] -- Installing: /home/anatoly/ros2_ws/install/micro_ros_setup/lib/micro_ros_setup/yaml_filter.py
[2.945s] -- Installing: /home/anatoly/ros2_ws/install/micro_ros_setup/lib/micro_ros_setup/clean_env.sh
[2.945s] -- Installing: /home/anatoly/ros2_ws/install/micro_ros_setup/lib/micro_ros_setup/component
[2.949s] Invoked command in '/home/anatoly/ros2_ws/build/micro_ros_setup' returned '0': CMAKE_PREFIX_PATH=${CMAKE_PREFIX_PATH}:/home/anatoly/ros2_ws/install/twist_converter:/home/anatoly/ros2_ws/install/my_path_publisher:/home/anatoly/ros2_ws/install/my_fake_lidar:/opt/ros/jazzy DEBUGINFOD_URLS=https://debuginfod.ubuntu.com /usr/bin/cmake --install /home/anatoly/ros2_ws/build/micro_ros_setup
