[0.052s] Invoking command in '/home/anatoly/ros2_ws/build/view_robot': CMAKE_PREFIX_PATH=${CMAKE_PREFIX_PATH}:/home/anatoly/ros2_ws/install/twist_converter:/home/anatoly/ros2_ws/install/my_path_publisher:/home/anatoly/ros2_ws/install/my_fake_lidar:/home/anatoly/ros2_ws/install/esp32_bridge:/opt/ros/jazzy DEBUGINFOD_URLS=https://debuginfod.ubuntu.com /usr/bin/cmake --build /home/anatoly/ros2_ws/build/view_robot -- -j2 -l2
[0.277s] Invoked command in '/home/anatoly/ros2_ws/build/view_robot' returned '0': CMAKE_PREFIX_PATH=${CMAKE_PREFIX_PATH}:/home/anatoly/ros2_ws/install/twist_converter:/home/anatoly/ros2_ws/install/my_path_publisher:/home/anatoly/ros2_ws/install/my_fake_lidar:/home/anatoly/ros2_ws/install/esp32_bridge:/opt/ros/jazzy DEBUGINFOD_URLS=https://debuginfod.ubuntu.com /usr/bin/cmake --build /home/anatoly/ros2_ws/build/view_robot -- -j2 -l2
[0.284s] Invoking command in '/home/anatoly/ros2_ws/build/view_robot': CMAKE_PREFIX_PATH=${CMAKE_PREFIX_PATH}:/home/anatoly/ros2_ws/install/twist_converter:/home/anatoly/ros2_ws/install/my_path_publisher:/home/anatoly/ros2_ws/install/my_fake_lidar:/home/anatoly/ros2_ws/install/esp32_bridge:/opt/ros/jazzy DEBUGINFOD_URLS=https://debuginfod.ubuntu.com /usr/bin/cmake --install /home/anatoly/ros2_ws/build/view_robot
[0.346s] -- Install configuration: ""
[0.346s] -- Up-to-date: /home/anatoly/ros2_ws/install/view_robot/share/view_robot/launch
[0.349s] -- Up-to-date: /home/anatoly/ros2_ws/install/view_robot/share/view_robot/launch/view_robot.launch.py
[0.350s] -- Up-to-date: /home/anatoly/ros2_ws/install/view_robot/share/view_robot/urdf
[0.350s] -- Up-to-date: /home/anatoly/ros2_ws/install/view_robot/share/view_robot/urdf/view_robot.urdf.xacro
[0.355s] -- Up-to-date: /home/anatoly/ros2_ws/install/view_robot/share/view_robot/config
[0.356s] -- Up-to-date: /home/anatoly/ros2_ws/install/view_robot/share/view_robot/rviz
[0.356s] -- Up-to-date: /home/anatoly/ros2_ws/install/view_robot/share/view_robot/rviz/urdf.rviz
[0.357s] -- Up-to-date: /home/anatoly/ros2_ws/install/view_robot/share/ament_index/resource_index/package_run_dependencies/view_robot
[0.358s] -- Up-to-date: /home/anatoly/ros2_ws/install/view_robot/share/ament_index/resource_index/parent_prefix_path/view_robot
[0.365s] -- Up-to-date: /home/anatoly/ros2_ws/install/view_robot/share/view_robot/environment/ament_prefix_path.sh
[0.365s] -- Up-to-date: /home/anatoly/ros2_ws/install/view_robot/share/view_robot/environment/ament_prefix_path.dsv
[0.366s] -- Up-to-date: /home/anatoly/ros2_ws/install/view_robot/share/view_robot/environment/path.sh
[0.366s] -- Up-to-date: /home/anatoly/ros2_ws/install/view_robot/share/view_robot/environment/path.dsv
[0.368s] -- Up-to-date: /home/anatoly/ros2_ws/install/view_robot/share/view_robot/local_setup.bash
[0.369s] -- Up-to-date: /home/anatoly/ros2_ws/install/view_robot/share/view_robot/local_setup.sh
[0.369s] -- Up-to-date: /home/anatoly/ros2_ws/install/view_robot/share/view_robot/local_setup.zsh
[0.373s] -- Up-to-date: /home/anatoly/ros2_ws/install/view_robot/share/view_robot/local_setup.dsv
[0.374s] -- Installing: /home/anatoly/ros2_ws/install/view_robot/share/view_robot/package.dsv
[0.374s] -- Up-to-date: /home/anatoly/ros2_ws/install/view_robot/share/ament_index/resource_index/packages/view_robot
[0.374s] -- Up-to-date: /home/anatoly/ros2_ws/install/view_robot/share/view_robot/cmake/view_robotConfig.cmake
[0.375s] -- Up-to-date: /home/anatoly/ros2_ws/install/view_robot/share/view_robot/cmake/view_robotConfig-version.cmake
[0.389s] -- Up-to-date: /home/anatoly/ros2_ws/install/view_robot/share/view_robot/package.xml
[0.390s] Invoked command in '/home/anatoly/ros2_ws/build/view_robot' returned '0': CMAKE_PREFIX_PATH=${CMAKE_PREFIX_PATH}:/home/anatoly/ros2_ws/install/twist_converter:/home/anatoly/ros2_ws/install/my_path_publisher:/home/anatoly/ros2_ws/install/my_fake_lidar:/home/anatoly/ros2_ws/install/esp32_bridge:/opt/ros/jazzy DEBUGINFOD_URLS=https://debuginfod.ubuntu.com /usr/bin/cmake --install /home/anatoly/ros2_ws/build/view_robot
