[8.141s] Invoking command in '/home/anatoly/ros2_ws/src/my_fake_lidar': DEBUGINFOD_URLS=https://debuginfod.ubuntu.com PYTHONPATH=/home/anatoly/ros2_ws/build/my_fake_lidar/prefix_override:/usr/lib/python3/dist-packages/colcon_core/task/python/colcon_distutils_commands:/home/anatoly/ros2_ws/install/my_fake_lidar/lib/python3.12/site-packages:${PYTHONPATH} /usr/bin/python3 -W ignore:setup.py install is deprecated -W ignore:easy_install command is deprecated setup.py egg_info --egg-base ../../build/my_fake_lidar build --build-base /home/anatoly/ros2_ws/build/my_fake_lidar/build install --record /home/anatoly/ros2_ws/build/my_fake_lidar/install.log --single-version-externally-managed install_data
[9.084s] running egg_info
[9.179s] writing ../../build/my_fake_lidar/my_fake_lidar.egg-info/PKG-INFO
[9.181s] writing dependency_links to ../../build/my_fake_lidar/my_fake_lidar.egg-info/dependency_links.txt
[9.184s] writing entry points to ../../build/my_fake_lidar/my_fake_lidar.egg-info/entry_points.txt
[9.186s] writing requirements to ../../build/my_fake_lidar/my_fake_lidar.egg-info/requires.txt
[9.187s] writing top-level names to ../../build/my_fake_lidar/my_fake_lidar.egg-info/top_level.txt
[9.327s] reading manifest file '../../build/my_fake_lidar/my_fake_lidar.egg-info/SOURCES.txt'
[9.331s] writing manifest file '../../build/my_fake_lidar/my_fake_lidar.egg-info/SOURCES.txt'
[9.333s] running build
[9.335s] running build_py
[9.338s] running install
[9.376s] running install_lib
[9.447s] running install_data
[9.449s] running install_egg_info
[9.528s] removing '/home/anatoly/ros2_ws/install/my_fake_lidar/lib/python3.12/site-packages/my_fake_lidar-0.0.0-py3.12.egg-info' (and everything under it)
[9.534s] Copying ../../build/my_fake_lidar/my_fake_lidar.egg-info to /home/anatoly/ros2_ws/install/my_fake_lidar/lib/python3.12/site-packages/my_fake_lidar-0.0.0-py3.12.egg-info
[9.541s] running install_scripts
[10.047s] Installing fake_lidar script to /home/anatoly/ros2_ws/install/my_fake_lidar/lib/my_fake_lidar
[10.050s] writing list of installed files to '/home/anatoly/ros2_ws/build/my_fake_lidar/install.log'
[10.159s] Invoked command in '/home/anatoly/ros2_ws/src/my_fake_lidar' returned '0': DEBUGINFOD_URLS=https://debuginfod.ubuntu.com PYTHONPATH=/home/anatoly/ros2_ws/build/my_fake_lidar/prefix_override:/usr/lib/python3/dist-packages/colcon_core/task/python/colcon_distutils_commands:/home/anatoly/ros2_ws/install/my_fake_lidar/lib/python3.12/site-packages:${PYTHONPATH} /usr/bin/python3 -W ignore:setup.py install is deprecated -W ignore:easy_install command is deprecated setup.py egg_info --egg-base ../../build/my_fake_lidar build --build-base /home/anatoly/ros2_ws/build/my_fake_lidar/build install --record /home/anatoly/ros2_ws/build/my_fake_lidar/install.log --single-version-externally-managed install_data
