[4.107s] Invoking command in '/home/anatoly/ros2_ws/src/my_path_publisher': DEBUGINFOD_URLS=https://debuginfod.ubuntu.com PYTHONPATH=/home/anatoly/ros2_ws/build/my_path_publisher/prefix_override:/usr/lib/python3/dist-packages/colcon_core/task/python/colcon_distutils_commands:/home/anatoly/ros2_ws/install/my_path_publisher/lib/python3.12/site-packages:${PYTHONPATH} /usr/bin/python3 -W ignore:setup.py install is deprecated -W ignore:easy_install command is deprecated setup.py egg_info --egg-base ../../build/my_path_publisher build --build-base /home/anatoly/ros2_ws/build/my_path_publisher/build install --record /home/anatoly/ros2_ws/build/my_path_publisher/install.log --single-version-externally-managed install_data
[5.359s] running egg_info
[5.440s] writing ../../build/my_path_publisher/my_path_publisher.egg-info/PKG-INFO
[5.442s] writing dependency_links to ../../build/my_path_publisher/my_path_publisher.egg-info/dependency_links.txt
[5.444s] writing entry points to ../../build/my_path_publisher/my_path_publisher.egg-info/entry_points.txt
[5.445s] writing requirements to ../../build/my_path_publisher/my_path_publisher.egg-info/requires.txt
[5.445s] writing top-level names to ../../build/my_path_publisher/my_path_publisher.egg-info/top_level.txt
[5.619s] reading manifest file '../../build/my_path_publisher/my_path_publisher.egg-info/SOURCES.txt'
[5.622s] writing manifest file '../../build/my_path_publisher/my_path_publisher.egg-info/SOURCES.txt'
[5.626s] running build
[5.631s] running build_py
[5.631s] running install
[5.648s] running install_lib
[5.730s] running install_data
[5.731s] running install_egg_info
[5.811s] removing '/home/anatoly/ros2_ws/install/my_path_publisher/lib/python3.12/site-packages/my_path_publisher-0.0.0-py3.12.egg-info' (and everything under it)
[5.816s] Copying ../../build/my_path_publisher/my_path_publisher.egg-info to /home/anatoly/ros2_ws/install/my_path_publisher/lib/python3.12/site-packages/my_path_publisher-0.0.0-py3.12.egg-info
[5.822s] running install_scripts
[6.248s] Installing path_publisher script to /home/anatoly/ros2_ws/install/my_path_publisher/lib/my_path_publisher
[6.249s] writing list of installed files to '/home/anatoly/ros2_ws/build/my_path_publisher/install.log'
[6.339s] Invoked command in '/home/anatoly/ros2_ws/src/my_path_publisher' returned '0': DEBUGINFOD_URLS=https://debuginfod.ubuntu.com PYTHONPATH=/home/anatoly/ros2_ws/build/my_path_publisher/prefix_override:/usr/lib/python3/dist-packages/colcon_core/task/python/colcon_distutils_commands:/home/anatoly/ros2_ws/install/my_path_publisher/lib/python3.12/site-packages:${PYTHONPATH} /usr/bin/python3 -W ignore:setup.py install is deprecated -W ignore:easy_install command is deprecated setup.py egg_info --egg-base ../../build/my_path_publisher build --build-base /home/anatoly/ros2_ws/build/my_path_publisher/build install --record /home/anatoly/ros2_ws/build/my_path_publisher/install.log --single-version-externally-managed install_data
