[0.332s] DEBUG:colcon:Command line arguments: ['/usr/bin/colcon', 'build']
[0.332s] DEBUG:colcon:Parsed command line arguments: Namespace(log_base=None, log_level=None, verb_name='build', build_base='build', install_base='install', merge_install=False, symlink_install=False, test_result_base=None, continue_on_error=False, executor='parallel', parallel_workers=2, event_handlers=None, ignore_user_meta=False, metas=['./colcon.meta'], base_paths=['.'], packages_ignore=None, packages_ignore_regex=None, paths=None, packages_up_to=None, packages_up_to_regex=None, packages_above=None, packages_above_and_dependencies=None, packages_above_depth=None, packages_select_by_dep=None, packages_skip_by_dep=None, packages_skip_up_to=None, packages_select_build_failed=False, packages_skip_build_finished=False, packages_select_test_failures=False, packages_skip_test_passed=False, packages_select=None, packages_skip=None, packages_select_regex=None, packages_skip_regex=None, packages_start=None, packages_end=None, allow_overriding=[], cmake_args=None, cmake_target=None, cmake_target_skip_unavailable=False, cmake_clean_cache=False, cmake_clean_first=False, cmake_force_configure=False, ament_cmake_args=None, catkin_cmake_args=None, catkin_skip_building_tests=False, mixin_files=None, mixin=None, verb_parser=<colcon_mixin.mixin.mixin_argument.MixinArgumentDecorator object at 0x76051e3a9040>, verb_extension=<colcon_core.verb.build.BuildVerb object at 0x76051e4d17c0>, main=<bound method BuildVerb.main of <colcon_core.verb.build.BuildVerb object at 0x76051e4d17c0>>, mixin_verb=('build',))
[0.463s] Level 1:colcon.colcon_core.package_discovery:discover_packages(colcon_meta) check parameters
[0.464s] Level 1:colcon.colcon_core.package_discovery:discover_packages(recursive) check parameters
[0.464s] Level 1:colcon.colcon_core.package_discovery:discover_packages(ignore) check parameters
[0.464s] Level 1:colcon.colcon_core.package_discovery:discover_packages(path) check parameters
[0.464s] Level 1:colcon.colcon_core.package_discovery:discover_packages(colcon_meta) discover
[0.464s] Level 1:colcon.colcon_core.package_discovery:discover_packages(recursive) discover
[0.464s] INFO:colcon.colcon_core.package_discovery:Crawling recursively for packages in '/home/anatoly/ros2_ws'
[0.465s] Level 1:colcon.colcon_core.package_identification:_identify(.) by extensions ['ignore', 'ignore_ament_install']
[0.465s] Level 1:colcon.colcon_core.package_identification:_identify(.) by extension 'ignore'
[0.465s] Level 1:colcon.colcon_core.package_identification:_identify(.) by extension 'ignore_ament_install'
[0.465s] Level 1:colcon.colcon_core.package_identification:_identify(.) by extensions ['colcon_pkg']
[0.465s] Level 1:colcon.colcon_core.package_identification:_identify(.) by extension 'colcon_pkg'
[0.466s] Level 1:colcon.colcon_core.package_identification:_identify(.) by extensions ['colcon_meta']
[0.466s] Level 1:colcon.colcon_core.package_identification:_identify(.) by extension 'colcon_meta'
[0.466s] Level 1:colcon.colcon_core.package_identification:_identify(.) by extensions ['ros']
[0.466s] Level 1:colcon.colcon_core.package_identification:_identify(.) by extension 'ros'
[0.547s] Level 1:colcon.colcon_core.package_identification:_identify(.) by extensions ['cmake', 'python']
[0.547s] Level 1:colcon.colcon_core.package_identification:_identify(.) by extension 'cmake'
[0.547s] Level 1:colcon.colcon_core.package_identification:_identify(.) by extension 'python'
[0.547s] Level 1:colcon.colcon_core.package_identification:_identify(.) by extensions ['python_setup_py']
[0.547s] Level 1:colcon.colcon_core.package_identification:_identify(.) by extension 'python_setup_py'
[0.548s] Level 1:colcon.colcon_core.package_identification:_identify(build) by extensions ['ignore', 'ignore_ament_install']
[0.548s] Level 1:colcon.colcon_core.package_identification:_identify(build) by extension 'ignore'
[0.548s] Level 1:colcon.colcon_core.package_identification:_identify(build) ignored
[0.548s] Level 1:colcon.colcon_core.package_identification:_identify(install) by extensions ['ignore', 'ignore_ament_install']
[0.549s] Level 1:colcon.colcon_core.package_identification:_identify(install) by extension 'ignore'
[0.549s] Level 1:colcon.colcon_core.package_identification:_identify(install) ignored
[0.549s] Level 1:colcon.colcon_core.package_identification:_identify(log) by extensions ['ignore', 'ignore_ament_install']
[0.549s] Level 1:colcon.colcon_core.package_identification:_identify(log) by extension 'ignore'
[0.549s] Level 1:colcon.colcon_core.package_identification:_identify(log) ignored
[0.550s] Level 1:colcon.colcon_core.package_identification:_identify(src) by extensions ['ignore', 'ignore_ament_install']
[0.550s] Level 1:colcon.colcon_core.package_identification:_identify(src) by extension 'ignore'
[0.550s] Level 1:colcon.colcon_core.package_identification:_identify(src) by extension 'ignore_ament_install'
[0.550s] Level 1:colcon.colcon_core.package_identification:_identify(src) by extensions ['colcon_pkg']
[0.550s] Level 1:colcon.colcon_core.package_identification:_identify(src) by extension 'colcon_pkg'
[0.551s] Level 1:colcon.colcon_core.package_identification:_identify(src) by extensions ['colcon_meta']
[0.551s] Level 1:colcon.colcon_core.package_identification:_identify(src) by extension 'colcon_meta'
[0.551s] Level 1:colcon.colcon_core.package_identification:_identify(src) by extensions ['ros']
[0.551s] Level 1:colcon.colcon_core.package_identification:_identify(src) by extension 'ros'
[0.551s] Level 1:colcon.colcon_core.package_identification:_identify(src) by extensions ['cmake', 'python']
[0.551s] Level 1:colcon.colcon_core.package_identification:_identify(src) by extension 'cmake'
[0.551s] Level 1:colcon.colcon_core.package_identification:_identify(src) by extension 'python'
[0.551s] Level 1:colcon.colcon_core.package_identification:_identify(src) by extensions ['python_setup_py']
[0.551s] Level 1:colcon.colcon_core.package_identification:_identify(src) by extension 'python_setup_py'
[0.552s] Level 1:colcon.colcon_core.package_identification:_identify(src/esp32_bridge) by extensions ['ignore', 'ignore_ament_install']
[0.552s] Level 1:colcon.colcon_core.package_identification:_identify(src/esp32_bridge) by extension 'ignore'
[0.552s] Level 1:colcon.colcon_core.package_identification:_identify(src/esp32_bridge) by extension 'ignore_ament_install'
[0.552s] Level 1:colcon.colcon_core.package_identification:_identify(src/esp32_bridge) by extensions ['colcon_pkg']
[0.552s] Level 1:colcon.colcon_core.package_identification:_identify(src/esp32_bridge) by extension 'colcon_pkg'
[0.553s] Level 1:colcon.colcon_core.package_identification:_identify(src/esp32_bridge) by extensions ['colcon_meta']
[0.553s] Level 1:colcon.colcon_core.package_identification:_identify(src/esp32_bridge) by extension 'colcon_meta'
[0.553s] Level 1:colcon.colcon_core.package_identification:_identify(src/esp32_bridge) by extensions ['ros']
[0.553s] Level 1:colcon.colcon_core.package_identification:_identify(src/esp32_bridge) by extension 'ros'
[0.560s] DEBUG:colcon.colcon_core.package_identification:Package 'src/esp32_bridge' with type 'ros.ament_python' and name 'esp32_bridge'
[0.560s] Level 1:colcon.colcon_core.package_identification:_identify(src/kinect_ros2) by extensions ['ignore', 'ignore_ament_install']
[0.560s] Level 1:colcon.colcon_core.package_identification:_identify(src/kinect_ros2) by extension 'ignore'
[0.561s] Level 1:colcon.colcon_core.package_identification:_identify(src/kinect_ros2) by extension 'ignore_ament_install'
[0.561s] Level 1:colcon.colcon_core.package_identification:_identify(src/kinect_ros2) by extensions ['colcon_pkg']
[0.561s] Level 1:colcon.colcon_core.package_identification:_identify(src/kinect_ros2) by extension 'colcon_pkg'
[0.561s] Level 1:colcon.colcon_core.package_identification:_identify(src/kinect_ros2) by extensions ['colcon_meta']
[0.561s] Level 1:colcon.colcon_core.package_identification:_identify(src/kinect_ros2) by extension 'colcon_meta'
[0.561s] Level 1:colcon.colcon_core.package_identification:_identify(src/kinect_ros2) by extensions ['ros']
[0.561s] Level 1:colcon.colcon_core.package_identification:_identify(src/kinect_ros2) by extension 'ros'
[0.564s] DEBUG:colcon.colcon_core.package_identification:Package 'src/kinect_ros2' with type 'ros.ament_cmake' and name 'kinect_ros2'
[0.565s] Level 1:colcon.colcon_core.package_identification:_identify(src/micro_ros_setup) by extensions ['ignore', 'ignore_ament_install']
[0.565s] Level 1:colcon.colcon_core.package_identification:_identify(src/micro_ros_setup) by extension 'ignore'
[0.565s] Level 1:colcon.colcon_core.package_identification:_identify(src/micro_ros_setup) by extension 'ignore_ament_install'
[0.565s] Level 1:colcon.colcon_core.package_identification:_identify(src/micro_ros_setup) by extensions ['colcon_pkg']
[0.565s] Level 1:colcon.colcon_core.package_identification:_identify(src/micro_ros_setup) by extension 'colcon_pkg'
[0.566s] Level 1:colcon.colcon_core.package_identification:_identify(src/micro_ros_setup) by extensions ['colcon_meta']
[0.566s] Level 1:colcon.colcon_core.package_identification:_identify(src/micro_ros_setup) by extension 'colcon_meta'
[0.566s] Level 1:colcon.colcon_core.package_identification:_identify(src/micro_ros_setup) by extensions ['ros']
[0.566s] Level 1:colcon.colcon_core.package_identification:_identify(src/micro_ros_setup) by extension 'ros'
[0.568s] DEBUG:colcon.colcon_core.package_identification:Package 'src/micro_ros_setup' with type 'ros.ament_cmake' and name 'micro_ros_setup'
[0.568s] Level 1:colcon.colcon_core.package_identification:_identify(src/my_fake_lidar) by extensions ['ignore', 'ignore_ament_install']
[0.569s] Level 1:colcon.colcon_core.package_identification:_identify(src/my_fake_lidar) by extension 'ignore'
[0.569s] Level 1:colcon.colcon_core.package_identification:_identify(src/my_fake_lidar) by extension 'ignore_ament_install'
[0.569s] Level 1:colcon.colcon_core.package_identification:_identify(src/my_fake_lidar) by extensions ['colcon_pkg']
[0.569s] Level 1:colcon.colcon_core.package_identification:_identify(src/my_fake_lidar) by extension 'colcon_pkg'
[0.569s] Level 1:colcon.colcon_core.package_identification:_identify(src/my_fake_lidar) by extensions ['colcon_meta']
[0.569s] Level 1:colcon.colcon_core.package_identification:_identify(src/my_fake_lidar) by extension 'colcon_meta'
[0.570s] Level 1:colcon.colcon_core.package_identification:_identify(src/my_fake_lidar) by extensions ['ros']
[0.570s] Level 1:colcon.colcon_core.package_identification:_identify(src/my_fake_lidar) by extension 'ros'
[0.571s] DEBUG:colcon.colcon_core.package_identification:Package 'src/my_fake_lidar' with type 'ros.ament_python' and name 'my_fake_lidar'
[0.571s] Level 1:colcon.colcon_core.package_identification:_identify(src/my_path_publisher) by extensions ['ignore', 'ignore_ament_install']
[0.572s] Level 1:colcon.colcon_core.package_identification:_identify(src/my_path_publisher) by extension 'ignore'
[0.572s] Level 1:colcon.colcon_core.package_identification:_identify(src/my_path_publisher) by extension 'ignore_ament_install'
[0.572s] Level 1:colcon.colcon_core.package_identification:_identify(src/my_path_publisher) by extensions ['colcon_pkg']
[0.572s] Level 1:colcon.colcon_core.package_identification:_identify(src/my_path_publisher) by extension 'colcon_pkg'
[0.572s] Level 1:colcon.colcon_core.package_identification:_identify(src/my_path_publisher) by extensions ['colcon_meta']
[0.572s] Level 1:colcon.colcon_core.package_identification:_identify(src/my_path_publisher) by extension 'colcon_meta'
[0.572s] Level 1:colcon.colcon_core.package_identification:_identify(src/my_path_publisher) by extensions ['ros']
[0.573s] Level 1:colcon.colcon_core.package_identification:_identify(src/my_path_publisher) by extension 'ros'
[0.574s] DEBUG:colcon.colcon_core.package_identification:Package 'src/my_path_publisher' with type 'ros.ament_python' and name 'my_path_publisher'
[0.574s] Level 1:colcon.colcon_core.package_identification:_identify(src/my_two_wheel_robot) by extensions ['ignore', 'ignore_ament_install']
[0.574s] Level 1:colcon.colcon_core.package_identification:_identify(src/my_two_wheel_robot) by extension 'ignore'
[0.575s] Level 1:colcon.colcon_core.package_identification:_identify(src/my_two_wheel_robot) by extension 'ignore_ament_install'
[0.575s] Level 1:colcon.colcon_core.package_identification:_identify(src/my_two_wheel_robot) by extensions ['colcon_pkg']
[0.575s] Level 1:colcon.colcon_core.package_identification:_identify(src/my_two_wheel_robot) by extension 'colcon_pkg'
[0.575s] Level 1:colcon.colcon_core.package_identification:_identify(src/my_two_wheel_robot) by extensions ['colcon_meta']
[0.575s] Level 1:colcon.colcon_core.package_identification:_identify(src/my_two_wheel_robot) by extension 'colcon_meta'
[0.575s] Level 1:colcon.colcon_core.package_identification:_identify(src/my_two_wheel_robot) by extensions ['ros']
[0.575s] Level 1:colcon.colcon_core.package_identification:_identify(src/my_two_wheel_robot) by extension 'ros'
[0.577s] DEBUG:colcon.colcon_core.package_identification:Package 'src/my_two_wheel_robot' with type 'ros.ament_cmake' and name 'my_two_wheel_robot'
[0.578s] Level 1:colcon.colcon_core.package_identification:_identify(src/twist_converter) by extensions ['ignore', 'ignore_ament_install']
[0.578s] Level 1:colcon.colcon_core.package_identification:_identify(src/twist_converter) by extension 'ignore'
[0.578s] Level 1:colcon.colcon_core.package_identification:_identify(src/twist_converter) by extension 'ignore_ament_install'
[0.578s] Level 1:colcon.colcon_core.package_identification:_identify(src/twist_converter) by extensions ['colcon_pkg']
[0.578s] Level 1:colcon.colcon_core.package_identification:_identify(src/twist_converter) by extension 'colcon_pkg'
[0.578s] Level 1:colcon.colcon_core.package_identification:_identify(src/twist_converter) by extensions ['colcon_meta']
[0.579s] Level 1:colcon.colcon_core.package_identification:_identify(src/twist_converter) by extension 'colcon_meta'
[0.579s] Level 1:colcon.colcon_core.package_identification:_identify(src/twist_converter) by extensions ['ros']
[0.579s] Level 1:colcon.colcon_core.package_identification:_identify(src/twist_converter) by extension 'ros'
[0.580s] DEBUG:colcon.colcon_core.package_identification:Package 'src/twist_converter' with type 'ros.ament_python' and name 'twist_converter'
[0.580s] Level 1:colcon.colcon_core.package_identification:_identify(src/view_robot) by extensions ['ignore', 'ignore_ament_install']
[0.581s] Level 1:colcon.colcon_core.package_identification:_identify(src/view_robot) by extension 'ignore'
[0.581s] Level 1:colcon.colcon_core.package_identification:_identify(src/view_robot) by extension 'ignore_ament_install'
[0.581s] Level 1:colcon.colcon_core.package_identification:_identify(src/view_robot) by extensions ['colcon_pkg']
[0.581s] Level 1:colcon.colcon_core.package_identification:_identify(src/view_robot) by extension 'colcon_pkg'
[0.581s] Level 1:colcon.colcon_core.package_identification:_identify(src/view_robot) by extensions ['colcon_meta']
[0.581s] Level 1:colcon.colcon_core.package_identification:_identify(src/view_robot) by extension 'colcon_meta'
[0.582s] Level 1:colcon.colcon_core.package_identification:_identify(src/view_robot) by extensions ['ros']
[0.582s] Level 1:colcon.colcon_core.package_identification:_identify(src/view_robot) by extension 'ros'
[0.583s] DEBUG:colcon.colcon_core.package_identification:Package 'src/view_robot' with type 'ros.ament_cmake' and name 'view_robot'
[0.583s] Level 1:colcon.colcon_core.package_discovery:discover_packages(recursive) using defaults
[0.584s] Level 1:colcon.colcon_core.package_discovery:discover_packages(ignore) discover
[0.584s] Level 1:colcon.colcon_core.package_discovery:discover_packages(ignore) using defaults
[0.584s] Level 1:colcon.colcon_core.package_discovery:discover_packages(path) discover
[0.584s] Level 1:colcon.colcon_core.package_discovery:discover_packages(path) using defaults
[0.640s] Level 1:colcon.colcon_core.package_discovery:discover_packages(prefix_path) check parameters
[0.640s] Level 1:colcon.colcon_core.package_discovery:discover_packages(prefix_path) discover
[0.647s] DEBUG:colcon.colcon_installed_package_information.package_discovery:Found 9 installed packages in /home/anatoly/ros2_ws/install
[0.652s] DEBUG:colcon.colcon_installed_package_information.package_discovery:Found 374 installed packages in /opt/ros/jazzy
[0.656s] Level 1:colcon.colcon_core.package_discovery:discover_packages(prefix_path) using defaults
[0.801s] Level 5:colcon.colcon_core.verb:set package 'esp32_bridge' build argument 'cmake_args' from command line to 'None'
[0.801s] Level 5:colcon.colcon_core.verb:set package 'esp32_bridge' build argument 'cmake_target' from command line to 'None'
[0.801s] Level 5:colcon.colcon_core.verb:set package 'esp32_bridge' build argument 'cmake_target_skip_unavailable' from command line to 'False'
[0.801s] Level 5:colcon.colcon_core.verb:set package 'esp32_bridge' build argument 'cmake_clean_cache' from command line to 'False'
[0.801s] Level 5:colcon.colcon_core.verb:set package 'esp32_bridge' build argument 'cmake_clean_first' from command line to 'False'
[0.801s] Level 5:colcon.colcon_core.verb:set package 'esp32_bridge' build argument 'cmake_force_configure' from command line to 'False'
[0.801s] Level 5:colcon.colcon_core.verb:set package 'esp32_bridge' build argument 'ament_cmake_args' from command line to 'None'
[0.801s] Level 5:colcon.colcon_core.verb:set package 'esp32_bridge' build argument 'catkin_cmake_args' from command line to 'None'
[0.801s] Level 5:colcon.colcon_core.verb:set package 'esp32_bridge' build argument 'catkin_skip_building_tests' from command line to 'False'
[0.801s] DEBUG:colcon.colcon_core.verb:Building package 'esp32_bridge' with the following arguments: {'ament_cmake_args': None, 'build_base': '/home/anatoly/ros2_ws/build/esp32_bridge', 'catkin_cmake_args': None, 'catkin_skip_building_tests': False, 'cmake_args': None, 'cmake_clean_cache': False, 'cmake_clean_first': False, 'cmake_force_configure': False, 'cmake_target': None, 'cmake_target_skip_unavailable': False, 'install_base': '/home/anatoly/ros2_ws/install/esp32_bridge', 'merge_install': False, 'path': '/home/anatoly/ros2_ws/src/esp32_bridge', 'symlink_install': False, 'test_result_base': None}
[0.802s] Level 5:colcon.colcon_core.verb:set package 'kinect_ros2' build argument 'cmake_args' from command line to 'None'
[0.802s] Level 5:colcon.colcon_core.verb:set package 'kinect_ros2' build argument 'cmake_target' from command line to 'None'
[0.802s] Level 5:colcon.colcon_core.verb:set package 'kinect_ros2' build argument 'cmake_target_skip_unavailable' from command line to 'False'
[0.802s] Level 5:colcon.colcon_core.verb:set package 'kinect_ros2' build argument 'cmake_clean_cache' from command line to 'False'
[0.802s] Level 5:colcon.colcon_core.verb:set package 'kinect_ros2' build argument 'cmake_clean_first' from command line to 'False'
[0.802s] Level 5:colcon.colcon_core.verb:set package 'kinect_ros2' build argument 'cmake_force_configure' from command line to 'False'
[0.803s] Level 5:colcon.colcon_core.verb:set package 'kinect_ros2' build argument 'ament_cmake_args' from command line to 'None'
[0.803s] Level 5:colcon.colcon_core.verb:set package 'kinect_ros2' build argument 'catkin_cmake_args' from command line to 'None'
[0.803s] Level 5:colcon.colcon_core.verb:set package 'kinect_ros2' build argument 'catkin_skip_building_tests' from command line to 'False'
[0.803s] DEBUG:colcon.colcon_core.verb:Building package 'kinect_ros2' with the following arguments: {'ament_cmake_args': None, 'build_base': '/home/anatoly/ros2_ws/build/kinect_ros2', 'catkin_cmake_args': None, 'catkin_skip_building_tests': False, 'cmake_args': None, 'cmake_clean_cache': False, 'cmake_clean_first': False, 'cmake_force_configure': False, 'cmake_target': None, 'cmake_target_skip_unavailable': False, 'install_base': '/home/anatoly/ros2_ws/install/kinect_ros2', 'merge_install': False, 'path': '/home/anatoly/ros2_ws/src/kinect_ros2', 'symlink_install': False, 'test_result_base': None}
[0.803s] Level 5:colcon.colcon_core.verb:set package 'micro_ros_setup' build argument 'cmake_args' from command line to 'None'
[0.803s] Level 5:colcon.colcon_core.verb:set package 'micro_ros_setup' build argument 'cmake_target' from command line to 'None'
[0.804s] Level 5:colcon.colcon_core.verb:set package 'micro_ros_setup' build argument 'cmake_target_skip_unavailable' from command line to 'False'
[0.804s] Level 5:colcon.colcon_core.verb:set package 'micro_ros_setup' build argument 'cmake_clean_cache' from command line to 'False'
[0.804s] Level 5:colcon.colcon_core.verb:set package 'micro_ros_setup' build argument 'cmake_clean_first' from command line to 'False'
[0.804s] Level 5:colcon.colcon_core.verb:set package 'micro_ros_setup' build argument 'cmake_force_configure' from command line to 'False'
[0.804s] Level 5:colcon.colcon_core.verb:set package 'micro_ros_setup' build argument 'ament_cmake_args' from command line to 'None'
[0.804s] Level 5:colcon.colcon_core.verb:set package 'micro_ros_setup' build argument 'catkin_cmake_args' from command line to 'None'
[0.804s] Level 5:colcon.colcon_core.verb:set package 'micro_ros_setup' build argument 'catkin_skip_building_tests' from command line to 'False'
[0.804s] DEBUG:colcon.colcon_core.verb:Building package 'micro_ros_setup' with the following arguments: {'ament_cmake_args': None, 'build_base': '/home/anatoly/ros2_ws/build/micro_ros_setup', 'catkin_cmake_args': None, 'catkin_skip_building_tests': False, 'cmake_args': None, 'cmake_clean_cache': False, 'cmake_clean_first': False, 'cmake_force_configure': False, 'cmake_target': None, 'cmake_target_skip_unavailable': False, 'install_base': '/home/anatoly/ros2_ws/install/micro_ros_setup', 'merge_install': False, 'path': '/home/anatoly/ros2_ws/src/micro_ros_setup', 'symlink_install': False, 'test_result_base': None}
[0.805s] Level 5:colcon.colcon_core.verb:set package 'my_fake_lidar' build argument 'cmake_args' from command line to 'None'
[0.805s] Level 5:colcon.colcon_core.verb:set package 'my_fake_lidar' build argument 'cmake_target' from command line to 'None'
[0.805s] Level 5:colcon.colcon_core.verb:set package 'my_fake_lidar' build argument 'cmake_target_skip_unavailable' from command line to 'False'
[0.805s] Level 5:colcon.colcon_core.verb:set package 'my_fake_lidar' build argument 'cmake_clean_cache' from command line to 'False'
[0.805s] Level 5:colcon.colcon_core.verb:set package 'my_fake_lidar' build argument 'cmake_clean_first' from command line to 'False'
[0.805s] Level 5:colcon.colcon_core.verb:set package 'my_fake_lidar' build argument 'cmake_force_configure' from command line to 'False'
[0.805s] Level 5:colcon.colcon_core.verb:set package 'my_fake_lidar' build argument 'ament_cmake_args' from command line to 'None'
[0.805s] Level 5:colcon.colcon_core.verb:set package 'my_fake_lidar' build argument 'catkin_cmake_args' from command line to 'None'
[0.805s] Level 5:colcon.colcon_core.verb:set package 'my_fake_lidar' build argument 'catkin_skip_building_tests' from command line to 'False'
[0.805s] DEBUG:colcon.colcon_core.verb:Building package 'my_fake_lidar' with the following arguments: {'ament_cmake_args': None, 'build_base': '/home/anatoly/ros2_ws/build/my_fake_lidar', 'catkin_cmake_args': None, 'catkin_skip_building_tests': False, 'cmake_args': None, 'cmake_clean_cache': False, 'cmake_clean_first': False, 'cmake_force_configure': False, 'cmake_target': None, 'cmake_target_skip_unavailable': False, 'install_base': '/home/anatoly/ros2_ws/install/my_fake_lidar', 'merge_install': False, 'path': '/home/anatoly/ros2_ws/src/my_fake_lidar', 'symlink_install': False, 'test_result_base': None}
[0.806s] Level 5:colcon.colcon_core.verb:set package 'my_path_publisher' build argument 'cmake_args' from command line to 'None'
[0.806s] Level 5:colcon.colcon_core.verb:set package 'my_path_publisher' build argument 'cmake_target' from command line to 'None'
[0.806s] Level 5:colcon.colcon_core.verb:set package 'my_path_publisher' build argument 'cmake_target_skip_unavailable' from command line to 'False'
[0.806s] Level 5:colcon.colcon_core.verb:set package 'my_path_publisher' build argument 'cmake_clean_cache' from command line to 'False'
[0.806s] Level 5:colcon.colcon_core.verb:set package 'my_path_publisher' build argument 'cmake_clean_first' from command line to 'False'
[0.806s] Level 5:colcon.colcon_core.verb:set package 'my_path_publisher' build argument 'cmake_force_configure' from command line to 'False'
[0.806s] Level 5:colcon.colcon_core.verb:set package 'my_path_publisher' build argument 'ament_cmake_args' from command line to 'None'
[0.806s] Level 5:colcon.colcon_core.verb:set package 'my_path_publisher' build argument 'catkin_cmake_args' from command line to 'None'
[0.807s] Level 5:colcon.colcon_core.verb:set package 'my_path_publisher' build argument 'catkin_skip_building_tests' from command line to 'False'
[0.807s] DEBUG:colcon.colcon_core.verb:Building package 'my_path_publisher' with the following arguments: {'ament_cmake_args': None, 'build_base': '/home/anatoly/ros2_ws/build/my_path_publisher', 'catkin_cmake_args': None, 'catkin_skip_building_tests': False, 'cmake_args': None, 'cmake_clean_cache': False, 'cmake_clean_first': False, 'cmake_force_configure': False, 'cmake_target': None, 'cmake_target_skip_unavailable': False, 'install_base': '/home/anatoly/ros2_ws/install/my_path_publisher', 'merge_install': False, 'path': '/home/anatoly/ros2_ws/src/my_path_publisher', 'symlink_install': False, 'test_result_base': None}
[0.807s] Level 5:colcon.colcon_core.verb:set package 'my_two_wheel_robot' build argument 'cmake_args' from command line to 'None'
[0.807s] Level 5:colcon.colcon_core.verb:set package 'my_two_wheel_robot' build argument 'cmake_target' from command line to 'None'
[0.807s] Level 5:colcon.colcon_core.verb:set package 'my_two_wheel_robot' build argument 'cmake_target_skip_unavailable' from command line to 'False'
[0.807s] Level 5:colcon.colcon_core.verb:set package 'my_two_wheel_robot' build argument 'cmake_clean_cache' from command line to 'False'
[0.808s] Level 5:colcon.colcon_core.verb:set package 'my_two_wheel_robot' build argument 'cmake_clean_first' from command line to 'False'
[0.808s] Level 5:colcon.colcon_core.verb:set package 'my_two_wheel_robot' build argument 'cmake_force_configure' from command line to 'False'
[0.808s] Level 5:colcon.colcon_core.verb:set package 'my_two_wheel_robot' build argument 'ament_cmake_args' from command line to 'None'
[0.808s] Level 5:colcon.colcon_core.verb:set package 'my_two_wheel_robot' build argument 'catkin_cmake_args' from command line to 'None'
[0.808s] Level 5:colcon.colcon_core.verb:set package 'my_two_wheel_robot' build argument 'catkin_skip_building_tests' from command line to 'False'
[0.808s] DEBUG:colcon.colcon_core.verb:Building package 'my_two_wheel_robot' with the following arguments: {'ament_cmake_args': None, 'build_base': '/home/anatoly/ros2_ws/build/my_two_wheel_robot', 'catkin_cmake_args': None, 'catkin_skip_building_tests': False, 'cmake_args': None, 'cmake_clean_cache': False, 'cmake_clean_first': False, 'cmake_force_configure': False, 'cmake_target': None, 'cmake_target_skip_unavailable': False, 'install_base': '/home/anatoly/ros2_ws/install/my_two_wheel_robot', 'merge_install': False, 'path': '/home/anatoly/ros2_ws/src/my_two_wheel_robot', 'symlink_install': False, 'test_result_base': None}
[0.808s] Level 5:colcon.colcon_core.verb:set package 'twist_converter' build argument 'cmake_args' from command line to 'None'
[0.809s] Level 5:colcon.colcon_core.verb:set package 'twist_converter' build argument 'cmake_target' from command line to 'None'
[0.809s] Level 5:colcon.colcon_core.verb:set package 'twist_converter' build argument 'cmake_target_skip_unavailable' from command line to 'False'
[0.809s] Level 5:colcon.colcon_core.verb:set package 'twist_converter' build argument 'cmake_clean_cache' from command line to 'False'
[0.809s] Level 5:colcon.colcon_core.verb:set package 'twist_converter' build argument 'cmake_clean_first' from command line to 'False'
[0.809s] Level 5:colcon.colcon_core.verb:set package 'twist_converter' build argument 'cmake_force_configure' from command line to 'False'
[0.809s] Level 5:colcon.colcon_core.verb:set package 'twist_converter' build argument 'ament_cmake_args' from command line to 'None'
[0.809s] Level 5:colcon.colcon_core.verb:set package 'twist_converter' build argument 'catkin_cmake_args' from command line to 'None'
[0.809s] Level 5:colcon.colcon_core.verb:set package 'twist_converter' build argument 'catkin_skip_building_tests' from command line to 'False'
[0.809s] DEBUG:colcon.colcon_core.verb:Building package 'twist_converter' with the following arguments: {'ament_cmake_args': None, 'build_base': '/home/anatoly/ros2_ws/build/twist_converter', 'catkin_cmake_args': None, 'catkin_skip_building_tests': False, 'cmake_args': None, 'cmake_clean_cache': False, 'cmake_clean_first': False, 'cmake_force_configure': False, 'cmake_target': None, 'cmake_target_skip_unavailable': False, 'install_base': '/home/anatoly/ros2_ws/install/twist_converter', 'merge_install': False, 'path': '/home/anatoly/ros2_ws/src/twist_converter', 'symlink_install': False, 'test_result_base': None}
[0.810s] Level 5:colcon.colcon_core.verb:set package 'view_robot' build argument 'cmake_args' from command line to 'None'
[0.810s] Level 5:colcon.colcon_core.verb:set package 'view_robot' build argument 'cmake_target' from command line to 'None'
[0.810s] Level 5:colcon.colcon_core.verb:set package 'view_robot' build argument 'cmake_target_skip_unavailable' from command line to 'False'
[0.810s] Level 5:colcon.colcon_core.verb:set package 'view_robot' build argument 'cmake_clean_cache' from command line to 'False'
[0.810s] Level 5:colcon.colcon_core.verb:set package 'view_robot' build argument 'cmake_clean_first' from command line to 'False'
[0.810s] Level 5:colcon.colcon_core.verb:set package 'view_robot' build argument 'cmake_force_configure' from command line to 'False'
[0.810s] Level 5:colcon.colcon_core.verb:set package 'view_robot' build argument 'ament_cmake_args' from command line to 'None'
[0.810s] Level 5:colcon.colcon_core.verb:set package 'view_robot' build argument 'catkin_cmake_args' from command line to 'None'
[0.810s] Level 5:colcon.colcon_core.verb:set package 'view_robot' build argument 'catkin_skip_building_tests' from command line to 'False'
[0.810s] DEBUG:colcon.colcon_core.verb:Building package 'view_robot' with the following arguments: {'ament_cmake_args': None, 'build_base': '/home/anatoly/ros2_ws/build/view_robot', 'catkin_cmake_args': None, 'catkin_skip_building_tests': False, 'cmake_args': None, 'cmake_clean_cache': False, 'cmake_clean_first': False, 'cmake_force_configure': False, 'cmake_target': None, 'cmake_target_skip_unavailable': False, 'install_base': '/home/anatoly/ros2_ws/install/view_robot', 'merge_install': False, 'path': '/home/anatoly/ros2_ws/src/view_robot', 'symlink_install': False, 'test_result_base': None}
[0.811s] INFO:colcon.colcon_core.executor:Executing jobs using 'parallel' executor
[0.812s] DEBUG:colcon.colcon_parallel_executor.executor.parallel:run_until_complete
[0.813s] INFO:colcon.colcon_ros.task.ament_python.build:Building ROS package in '/home/anatoly/ros2_ws/src/esp32_bridge' with build type 'ament_python'
[0.813s] Level 1:colcon.colcon_core.shell:create_environment_hook('esp32_bridge', 'ament_prefix_path')
[0.822s] INFO:colcon.colcon_core.plugin_system:Skipping extension 'colcon_core.shell.bat': Not used on non-Windows systems
[0.822s] INFO:colcon.colcon_core.shell:Creating environment hook '/home/anatoly/ros2_ws/install/esp32_bridge/share/esp32_bridge/hook/ament_prefix_path.ps1'
[0.825s] INFO:colcon.colcon_core.shell:Creating environment descriptor '/home/anatoly/ros2_ws/install/esp32_bridge/share/esp32_bridge/hook/ament_prefix_path.dsv'
[0.826s] INFO:colcon.colcon_core.shell:Creating environment hook '/home/anatoly/ros2_ws/install/esp32_bridge/share/esp32_bridge/hook/ament_prefix_path.sh'
[0.828s] INFO:colcon.colcon_core.shell:Skip shell extension 'powershell' for command environment: Not usable outside of PowerShell
[0.828s] DEBUG:colcon.colcon_core.shell:Skip shell extension 'dsv' for command environment
[0.838s] INFO:colcon.colcon_ros.task.ament_cmake.build:Building ROS package in '/home/anatoly/ros2_ws/src/kinect_ros2' with build type 'ament_cmake'
[0.839s] INFO:colcon.colcon_cmake.task.cmake.build:Building CMake package in '/home/anatoly/ros2_ws/src/kinect_ros2'
[0.839s] INFO:colcon.colcon_core.shell:Skip shell extension 'powershell' for command environment: Not usable outside of PowerShell
[0.839s] DEBUG:colcon.colcon_core.shell:Skip shell extension 'dsv' for command environment
[1.506s] INFO:colcon.colcon_core.task.python.build:Building Python package in '/home/anatoly/ros2_ws/src/esp32_bridge'
[1.506s] INFO:colcon.colcon_core.shell:Skip shell extension 'powershell' for command environment: Not usable outside of PowerShell
[1.506s] DEBUG:colcon.colcon_core.shell:Skip shell extension 'dsv' for command environment
[1.527s] DEBUG:colcon.colcon_core.event_handler.log_command:Invoking command in '/home/anatoly/ros2_ws/build/kinect_ros2': CMAKE_PREFIX_PATH=${CMAKE_PREFIX_PATH}:/home/anatoly/ros2_ws/install/twist_converter:/home/anatoly/ros2_ws/install/my_path_publisher:/home/anatoly/ros2_ws/install/my_fake_lidar:/home/anatoly/ros2_ws/install/esp32_bridge:/opt/ros/jazzy DEBUGINFOD_URLS=https://debuginfod.ubuntu.com /usr/bin/cmake --build /home/anatoly/ros2_ws/build/kinect_ros2 -- -j2 -l2
[1.798s] DEBUG:colcon.colcon_core.event_handler.log_command:Invoked command in '/home/anatoly/ros2_ws/build/kinect_ros2' returned '0': CMAKE_PREFIX_PATH=${CMAKE_PREFIX_PATH}:/home/anatoly/ros2_ws/install/twist_converter:/home/anatoly/ros2_ws/install/my_path_publisher:/home/anatoly/ros2_ws/install/my_fake_lidar:/home/anatoly/ros2_ws/install/esp32_bridge:/opt/ros/jazzy DEBUGINFOD_URLS=https://debuginfod.ubuntu.com /usr/bin/cmake --build /home/anatoly/ros2_ws/build/kinect_ros2 -- -j2 -l2
[1.828s] DEBUG:colcon.colcon_core.event_handler.log_command:Invoking command in '/home/anatoly/ros2_ws/build/kinect_ros2': CMAKE_PREFIX_PATH=${CMAKE_PREFIX_PATH}:/home/anatoly/ros2_ws/install/twist_converter:/home/anatoly/ros2_ws/install/my_path_publisher:/home/anatoly/ros2_ws/install/my_fake_lidar:/home/anatoly/ros2_ws/install/esp32_bridge:/opt/ros/jazzy DEBUGINFOD_URLS=https://debuginfod.ubuntu.com /usr/bin/cmake --install /home/anatoly/ros2_ws/build/kinect_ros2
[1.873s] Level 1:colcon.colcon_core.environment:create_environment_scripts_only(kinect_ros2)
[1.874s] DEBUG:colcon.colcon_core.event_handler.log_command:Invoked command in '/home/anatoly/ros2_ws/build/kinect_ros2' returned '0': CMAKE_PREFIX_PATH=${CMAKE_PREFIX_PATH}:/home/anatoly/ros2_ws/install/twist_converter:/home/anatoly/ros2_ws/install/my_path_publisher:/home/anatoly/ros2_ws/install/my_fake_lidar:/home/anatoly/ros2_ws/install/esp32_bridge:/opt/ros/jazzy DEBUGINFOD_URLS=https://debuginfod.ubuntu.com /usr/bin/cmake --install /home/anatoly/ros2_ws/build/kinect_ros2
[1.886s] Level 1:colcon.colcon_core.environment:checking '/home/anatoly/ros2_ws/install/kinect_ros2' for CMake module files
[1.890s] Level 1:colcon.colcon_core.environment:checking '/home/anatoly/ros2_ws/install/kinect_ros2' for CMake config files
[1.890s] Level 1:colcon.colcon_core.shell:create_environment_hook('kinect_ros2', 'cmake_prefix_path')
[1.890s] INFO:colcon.colcon_core.shell:Creating environment hook '/home/anatoly/ros2_ws/install/kinect_ros2/share/kinect_ros2/hook/cmake_prefix_path.ps1'
[1.894s] INFO:colcon.colcon_core.shell:Creating environment descriptor '/home/anatoly/ros2_ws/install/kinect_ros2/share/kinect_ros2/hook/cmake_prefix_path.dsv'
[1.896s] INFO:colcon.colcon_core.shell:Creating environment hook '/home/anatoly/ros2_ws/install/kinect_ros2/share/kinect_ros2/hook/cmake_prefix_path.sh'
[1.898s] Level 1:colcon.colcon_core.environment:checking '/home/anatoly/ros2_ws/install/kinect_ros2/lib'
[1.900s] Level 1:colcon.colcon_core.environment:checking '/home/anatoly/ros2_ws/install/kinect_ros2/bin'
[1.900s] Level 1:colcon.colcon_core.environment:checking '/home/anatoly/ros2_ws/install/kinect_ros2/lib/pkgconfig/kinect_ros2.pc'
[1.901s] Level 1:colcon.colcon_core.environment:checking '/home/anatoly/ros2_ws/install/kinect_ros2/lib/python3.12/site-packages'
[1.901s] Level 1:colcon.colcon_core.environment:checking '/home/anatoly/ros2_ws/install/kinect_ros2/bin'
[1.902s] INFO:colcon.colcon_core.shell:Creating package script '/home/anatoly/ros2_ws/install/kinect_ros2/share/kinect_ros2/package.ps1'
[1.905s] INFO:colcon.colcon_core.shell:Creating package descriptor '/home/anatoly/ros2_ws/install/kinect_ros2/share/kinect_ros2/package.dsv'
[1.907s] INFO:colcon.colcon_core.shell:Creating package script '/home/anatoly/ros2_ws/install/kinect_ros2/share/kinect_ros2/package.sh'
[1.910s] INFO:colcon.colcon_core.shell:Creating package script '/home/anatoly/ros2_ws/install/kinect_ros2/share/kinect_ros2/package.bash'
[1.912s] INFO:colcon.colcon_core.shell:Creating package script '/home/anatoly/ros2_ws/install/kinect_ros2/share/kinect_ros2/package.zsh'
[1.915s] Level 1:colcon.colcon_core.environment:create_file_with_runtime_dependencies(/home/anatoly/ros2_ws/install/kinect_ros2/share/colcon-core/packages/kinect_ros2)
[1.917s] Level 1:colcon.colcon_core.environment:create_environment_scripts_only(kinect_ros2)
[1.917s] Level 1:colcon.colcon_core.environment:checking '/home/anatoly/ros2_ws/install/kinect_ros2' for CMake module files
[1.918s] Level 1:colcon.colcon_core.environment:checking '/home/anatoly/ros2_ws/install/kinect_ros2' for CMake config files
[1.921s] Level 1:colcon.colcon_core.shell:create_environment_hook('kinect_ros2', 'cmake_prefix_path')
[1.922s] INFO:colcon.colcon_core.shell:Creating environment hook '/home/anatoly/ros2_ws/install/kinect_ros2/share/kinect_ros2/hook/cmake_prefix_path.ps1'
[1.926s] INFO:colcon.colcon_core.shell:Creating environment descriptor '/home/anatoly/ros2_ws/install/kinect_ros2/share/kinect_ros2/hook/cmake_prefix_path.dsv'
[1.929s] INFO:colcon.colcon_core.shell:Creating environment hook '/home/anatoly/ros2_ws/install/kinect_ros2/share/kinect_ros2/hook/cmake_prefix_path.sh'
[1.931s] Level 1:colcon.colcon_core.environment:checking '/home/anatoly/ros2_ws/install/kinect_ros2/lib'
[1.932s] Level 1:colcon.colcon_core.environment:checking '/home/anatoly/ros2_ws/install/kinect_ros2/bin'
[1.932s] Level 1:colcon.colcon_core.environment:checking '/home/anatoly/ros2_ws/install/kinect_ros2/lib/pkgconfig/kinect_ros2.pc'
[1.933s] Level 1:colcon.colcon_core.environment:checking '/home/anatoly/ros2_ws/install/kinect_ros2/lib/python3.12/site-packages'
[1.933s] Level 1:colcon.colcon_core.environment:checking '/home/anatoly/ros2_ws/install/kinect_ros2/bin'
[1.934s] INFO:colcon.colcon_core.shell:Creating package script '/home/anatoly/ros2_ws/install/kinect_ros2/share/kinect_ros2/package.ps1'
[1.936s] INFO:colcon.colcon_core.shell:Creating package descriptor '/home/anatoly/ros2_ws/install/kinect_ros2/share/kinect_ros2/package.dsv'
[1.938s] INFO:colcon.colcon_core.shell:Creating package script '/home/anatoly/ros2_ws/install/kinect_ros2/share/kinect_ros2/package.sh'
[1.940s] INFO:colcon.colcon_core.shell:Creating package script '/home/anatoly/ros2_ws/install/kinect_ros2/share/kinect_ros2/package.bash'
[1.943s] INFO:colcon.colcon_core.shell:Creating package script '/home/anatoly/ros2_ws/install/kinect_ros2/share/kinect_ros2/package.zsh'
[1.944s] Level 1:colcon.colcon_core.environment:create_file_with_runtime_dependencies(/home/anatoly/ros2_ws/install/kinect_ros2/share/colcon-core/packages/kinect_ros2)
[1.948s] INFO:colcon.colcon_ros.task.ament_cmake.build:Building ROS package in '/home/anatoly/ros2_ws/src/micro_ros_setup' with build type 'ament_cmake'
[1.949s] INFO:colcon.colcon_cmake.task.cmake.build:Building CMake package in '/home/anatoly/ros2_ws/src/micro_ros_setup'
[1.949s] INFO:colcon.colcon_core.shell:Skip shell extension 'powershell' for command environment: Not usable outside of PowerShell
[1.950s] DEBUG:colcon.colcon_core.shell:Skip shell extension 'dsv' for command environment
[1.980s] DEBUG:colcon.colcon_core.event_handler.log_command:Invoking command in '/home/anatoly/ros2_ws/build/micro_ros_setup': CMAKE_PREFIX_PATH=${CMAKE_PREFIX_PATH}:/home/anatoly/ros2_ws/install/twist_converter:/home/anatoly/ros2_ws/install/my_path_publisher:/home/anatoly/ros2_ws/install/my_fake_lidar:/home/anatoly/ros2_ws/install/esp32_bridge:/opt/ros/jazzy DEBUGINFOD_URLS=https://debuginfod.ubuntu.com /usr/bin/cmake --build /home/anatoly/ros2_ws/build/micro_ros_setup -- -j2 -l2
[2.117s] DEBUG:colcon.colcon_core.event_handler.log_command:Invoked command in '/home/anatoly/ros2_ws/build/micro_ros_setup' returned '0': CMAKE_PREFIX_PATH=${CMAKE_PREFIX_PATH}:/home/anatoly/ros2_ws/install/twist_converter:/home/anatoly/ros2_ws/install/my_path_publisher:/home/anatoly/ros2_ws/install/my_fake_lidar:/home/anatoly/ros2_ws/install/esp32_bridge:/opt/ros/jazzy DEBUGINFOD_URLS=https://debuginfod.ubuntu.com /usr/bin/cmake --build /home/anatoly/ros2_ws/build/micro_ros_setup -- -j2 -l2
[2.121s] DEBUG:colcon.colcon_core.event_handler.log_command:Invoking command in '/home/anatoly/ros2_ws/build/micro_ros_setup': CMAKE_PREFIX_PATH=${CMAKE_PREFIX_PATH}:/home/anatoly/ros2_ws/install/twist_converter:/home/anatoly/ros2_ws/install/my_path_publisher:/home/anatoly/ros2_ws/install/my_fake_lidar:/home/anatoly/ros2_ws/install/esp32_bridge:/opt/ros/jazzy DEBUGINFOD_URLS=https://debuginfod.ubuntu.com /usr/bin/cmake --install /home/anatoly/ros2_ws/build/micro_ros_setup
[2.197s] Level 1:colcon.colcon_core.environment:create_environment_scripts_only(micro_ros_setup)
[2.197s] Level 1:colcon.colcon_core.environment:checking '/home/anatoly/ros2_ws/install/micro_ros_setup' for CMake module files
[2.203s] Level 1:colcon.colcon_core.environment:checking '/home/anatoly/ros2_ws/install/micro_ros_setup' for CMake config files
[2.206s] Level 1:colcon.colcon_core.shell:create_environment_hook('micro_ros_setup', 'cmake_prefix_path')
[2.207s] INFO:colcon.colcon_core.shell:Creating environment hook '/home/anatoly/ros2_ws/install/micro_ros_setup/share/micro_ros_setup/hook/cmake_prefix_path.ps1'
[2.212s] INFO:colcon.colcon_core.shell:Creating environment descriptor '/home/anatoly/ros2_ws/install/micro_ros_setup/share/micro_ros_setup/hook/cmake_prefix_path.dsv'
[2.213s] INFO:colcon.colcon_core.shell:Creating environment hook '/home/anatoly/ros2_ws/install/micro_ros_setup/share/micro_ros_setup/hook/cmake_prefix_path.sh'
[2.220s] Level 1:colcon.colcon_core.environment:checking '/home/anatoly/ros2_ws/install/micro_ros_setup/lib'
[2.220s] Level 1:colcon.colcon_core.environment:checking '/home/anatoly/ros2_ws/install/micro_ros_setup/bin'
[2.221s] Level 1:colcon.colcon_core.environment:checking '/home/anatoly/ros2_ws/install/micro_ros_setup/lib/pkgconfig/micro_ros_setup.pc'
[2.223s] Level 1:colcon.colcon_core.environment:checking '/home/anatoly/ros2_ws/install/micro_ros_setup/lib/python3.12/site-packages'
[2.224s] Level 1:colcon.colcon_core.environment:checking '/home/anatoly/ros2_ws/install/micro_ros_setup/bin'
[2.224s] INFO:colcon.colcon_core.shell:Creating package script '/home/anatoly/ros2_ws/install/micro_ros_setup/share/micro_ros_setup/package.ps1'
[2.228s] INFO:colcon.colcon_core.shell:Creating package descriptor '/home/anatoly/ros2_ws/install/micro_ros_setup/share/micro_ros_setup/package.dsv'
[2.230s] INFO:colcon.colcon_core.shell:Creating package script '/home/anatoly/ros2_ws/install/micro_ros_setup/share/micro_ros_setup/package.sh'
[2.232s] INFO:colcon.colcon_core.shell:Creating package script '/home/anatoly/ros2_ws/install/micro_ros_setup/share/micro_ros_setup/package.bash'
[2.241s] INFO:colcon.colcon_core.shell:Creating package script '/home/anatoly/ros2_ws/install/micro_ros_setup/share/micro_ros_setup/package.zsh'
[2.243s] Level 1:colcon.colcon_core.environment:create_file_with_runtime_dependencies(/home/anatoly/ros2_ws/install/micro_ros_setup/share/colcon-core/packages/micro_ros_setup)
[2.252s] Level 1:colcon.colcon_core.environment:create_environment_scripts_only(micro_ros_setup)
[2.253s] Level 1:colcon.colcon_core.environment:checking '/home/anatoly/ros2_ws/install/micro_ros_setup' for CMake module files
[2.259s] Level 1:colcon.colcon_core.environment:checking '/home/anatoly/ros2_ws/install/micro_ros_setup' for CMake config files
[2.274s] Level 1:colcon.colcon_core.shell:create_environment_hook('micro_ros_setup', 'cmake_prefix_path')
[2.275s] INFO:colcon.colcon_core.shell:Creating environment hook '/home/anatoly/ros2_ws/install/micro_ros_setup/share/micro_ros_setup/hook/cmake_prefix_path.ps1'
[2.276s] INFO:colcon.colcon_core.shell:Creating environment descriptor '/home/anatoly/ros2_ws/install/micro_ros_setup/share/micro_ros_setup/hook/cmake_prefix_path.dsv'
[2.277s] DEBUG:colcon.colcon_core.event_handler.log_command:Invoked command in '/home/anatoly/ros2_ws/build/micro_ros_setup' returned '0': CMAKE_PREFIX_PATH=${CMAKE_PREFIX_PATH}:/home/anatoly/ros2_ws/install/twist_converter:/home/anatoly/ros2_ws/install/my_path_publisher:/home/anatoly/ros2_ws/install/my_fake_lidar:/home/anatoly/ros2_ws/install/esp32_bridge:/opt/ros/jazzy DEBUGINFOD_URLS=https://debuginfod.ubuntu.com /usr/bin/cmake --install /home/anatoly/ros2_ws/build/micro_ros_setup
[2.280s] INFO:colcon.colcon_core.shell:Creating environment hook '/home/anatoly/ros2_ws/install/micro_ros_setup/share/micro_ros_setup/hook/cmake_prefix_path.sh'
[2.282s] Level 1:colcon.colcon_core.environment:checking '/home/anatoly/ros2_ws/install/micro_ros_setup/lib'
[2.282s] Level 1:colcon.colcon_core.environment:checking '/home/anatoly/ros2_ws/install/micro_ros_setup/bin'
[2.282s] Level 1:colcon.colcon_core.environment:checking '/home/anatoly/ros2_ws/install/micro_ros_setup/lib/pkgconfig/micro_ros_setup.pc'
[2.283s] Level 1:colcon.colcon_core.environment:checking '/home/anatoly/ros2_ws/install/micro_ros_setup/lib/python3.12/site-packages'
[2.285s] Level 1:colcon.colcon_core.environment:checking '/home/anatoly/ros2_ws/install/micro_ros_setup/bin'
[2.286s] INFO:colcon.colcon_core.shell:Creating package script '/home/anatoly/ros2_ws/install/micro_ros_setup/share/micro_ros_setup/package.ps1'
[2.289s] INFO:colcon.colcon_core.shell:Creating package descriptor '/home/anatoly/ros2_ws/install/micro_ros_setup/share/micro_ros_setup/package.dsv'
[2.292s] INFO:colcon.colcon_core.shell:Creating package script '/home/anatoly/ros2_ws/install/micro_ros_setup/share/micro_ros_setup/package.sh'
[2.293s] INFO:colcon.colcon_core.shell:Creating package script '/home/anatoly/ros2_ws/install/micro_ros_setup/share/micro_ros_setup/package.bash'
[2.296s] INFO:colcon.colcon_core.shell:Creating package script '/home/anatoly/ros2_ws/install/micro_ros_setup/share/micro_ros_setup/package.zsh'
[2.299s] Level 1:colcon.colcon_core.environment:create_file_with_runtime_dependencies(/home/anatoly/ros2_ws/install/micro_ros_setup/share/colcon-core/packages/micro_ros_setup)
[2.300s] INFO:colcon.colcon_ros.task.ament_python.build:Building ROS package in '/home/anatoly/ros2_ws/src/my_fake_lidar' with build type 'ament_python'
[2.300s] Level 1:colcon.colcon_core.shell:create_environment_hook('my_fake_lidar', 'ament_prefix_path')
[2.301s] INFO:colcon.colcon_core.shell:Creating environment hook '/home/anatoly/ros2_ws/install/my_fake_lidar/share/my_fake_lidar/hook/ament_prefix_path.ps1'
[2.305s] INFO:colcon.colcon_core.shell:Creating environment descriptor '/home/anatoly/ros2_ws/install/my_fake_lidar/share/my_fake_lidar/hook/ament_prefix_path.dsv'
[2.309s] INFO:colcon.colcon_core.shell:Creating environment hook '/home/anatoly/ros2_ws/install/my_fake_lidar/share/my_fake_lidar/hook/ament_prefix_path.sh'
[2.311s] INFO:colcon.colcon_core.shell:Skip shell extension 'powershell' for command environment: Not usable outside of PowerShell
[2.312s] DEBUG:colcon.colcon_core.shell:Skip shell extension 'dsv' for command environment
[3.195s] INFO:colcon.colcon_core.task.python.build:Building Python package in '/home/anatoly/ros2_ws/src/my_fake_lidar'
[3.196s] INFO:colcon.colcon_core.shell:Skip shell extension 'powershell' for command environment: Not usable outside of PowerShell
[3.196s] DEBUG:colcon.colcon_core.shell:Skip shell extension 'dsv' for command environment
[5.801s] DEBUG:colcon.colcon_core.event_handler.log_command:Invoking command in '/home/anatoly/ros2_ws/src/esp32_bridge': DEBUGINFOD_URLS=https://debuginfod.ubuntu.com PYTHONPATH=/home/anatoly/ros2_ws/build/esp32_bridge/prefix_override:/usr/lib/python3/dist-packages/colcon_core/task/python/colcon_distutils_commands:/home/anatoly/ros2_ws/install/esp32_bridge/lib/python3.12/site-packages:${PYTHONPATH} /usr/bin/python3 -W ignore:setup.py install is deprecated -W ignore:easy_install command is deprecated setup.py egg_info --egg-base ../../build/esp32_bridge build --build-base /home/anatoly/ros2_ws/build/esp32_bridge/build install --record /home/anatoly/ros2_ws/build/esp32_bridge/install.log --single-version-externally-managed install_data
[6.525s] DEBUG:colcon.colcon_core.event_handler.log_command:Invoking command in '/home/anatoly/ros2_ws/src/my_fake_lidar': DEBUGINFOD_URLS=https://debuginfod.ubuntu.com PYTHONPATH=/home/anatoly/ros2_ws/build/my_fake_lidar/prefix_override:/usr/lib/python3/dist-packages/colcon_core/task/python/colcon_distutils_commands:/home/anatoly/ros2_ws/install/my_fake_lidar/lib/python3.12/site-packages:${PYTHONPATH} /usr/bin/python3 -W ignore:setup.py install is deprecated -W ignore:easy_install command is deprecated setup.py egg_info --egg-base ../../build/my_fake_lidar build --build-base /home/anatoly/ros2_ws/build/my_fake_lidar/build install --record /home/anatoly/ros2_ws/build/my_fake_lidar/install.log --single-version-externally-managed install_data
[9.145s] Level 1:colcon.colcon_core.environment:checking '/home/anatoly/ros2_ws/install/esp32_bridge' for CMake module files
[9.149s] DEBUG:colcon.colcon_core.event_handler.log_command:Invoked command in '/home/anatoly/ros2_ws/src/esp32_bridge' returned '0': DEBUGINFOD_URLS=https://debuginfod.ubuntu.com PYTHONPATH=/home/anatoly/ros2_ws/build/esp32_bridge/prefix_override:/usr/lib/python3/dist-packages/colcon_core/task/python/colcon_distutils_commands:/home/anatoly/ros2_ws/install/esp32_bridge/lib/python3.12/site-packages:${PYTHONPATH} /usr/bin/python3 -W ignore:setup.py install is deprecated -W ignore:easy_install command is deprecated setup.py egg_info --egg-base ../../build/esp32_bridge build --build-base /home/anatoly/ros2_ws/build/esp32_bridge/build install --record /home/anatoly/ros2_ws/build/esp32_bridge/install.log --single-version-externally-managed install_data
[9.151s] Level 1:colcon.colcon_core.environment:checking '/home/anatoly/ros2_ws/install/esp32_bridge' for CMake config files
[9.154s] Level 1:colcon.colcon_core.environment:checking '/home/anatoly/ros2_ws/install/esp32_bridge/lib'
[9.156s] Level 1:colcon.colcon_core.environment:checking '/home/anatoly/ros2_ws/install/esp32_bridge/bin'
[9.157s] Level 1:colcon.colcon_core.environment:checking '/home/anatoly/ros2_ws/install/esp32_bridge/lib/pkgconfig/esp32_bridge.pc'
[9.158s] Level 1:colcon.colcon_core.environment:checking '/home/anatoly/ros2_ws/install/esp32_bridge/lib/python3.12/site-packages'
[9.158s] Level 1:colcon.colcon_core.shell:create_environment_hook('esp32_bridge', 'pythonpath')
[9.159s] INFO:colcon.colcon_core.shell:Creating environment hook '/home/anatoly/ros2_ws/install/esp32_bridge/share/esp32_bridge/hook/pythonpath.ps1'
[9.163s] INFO:colcon.colcon_core.shell:Creating environment descriptor '/home/anatoly/ros2_ws/install/esp32_bridge/share/esp32_bridge/hook/pythonpath.dsv'
[9.168s] INFO:colcon.colcon_core.shell:Creating environment hook '/home/anatoly/ros2_ws/install/esp32_bridge/share/esp32_bridge/hook/pythonpath.sh'
[9.170s] Level 1:colcon.colcon_core.environment:checking '/home/anatoly/ros2_ws/install/esp32_bridge/bin'
[9.170s] Level 1:colcon.colcon_core.environment:create_environment_scripts_only(esp32_bridge)
[9.173s] INFO:colcon.colcon_core.shell:Creating package script '/home/anatoly/ros2_ws/install/esp32_bridge/share/esp32_bridge/package.ps1'
[9.177s] INFO:colcon.colcon_core.shell:Creating package descriptor '/home/anatoly/ros2_ws/install/esp32_bridge/share/esp32_bridge/package.dsv'
[9.182s] INFO:colcon.colcon_core.shell:Creating package script '/home/anatoly/ros2_ws/install/esp32_bridge/share/esp32_bridge/package.sh'
[9.183s] INFO:colcon.colcon_core.shell:Creating package script '/home/anatoly/ros2_ws/install/esp32_bridge/share/esp32_bridge/package.bash'
[9.187s] INFO:colcon.colcon_core.shell:Creating package script '/home/anatoly/ros2_ws/install/esp32_bridge/share/esp32_bridge/package.zsh'
[9.190s] Level 1:colcon.colcon_core.environment:create_file_with_runtime_dependencies(/home/anatoly/ros2_ws/install/esp32_bridge/share/colcon-core/packages/esp32_bridge)
[9.193s] INFO:colcon.colcon_ros.task.ament_python.build:Building ROS package in '/home/anatoly/ros2_ws/src/my_path_publisher' with build type 'ament_python'
[9.194s] Level 1:colcon.colcon_core.shell:create_environment_hook('my_path_publisher', 'ament_prefix_path')
[9.194s] INFO:colcon.colcon_core.shell:Creating environment hook '/home/anatoly/ros2_ws/install/my_path_publisher/share/my_path_publisher/hook/ament_prefix_path.ps1'
[9.201s] INFO:colcon.colcon_core.shell:Creating environment descriptor '/home/anatoly/ros2_ws/install/my_path_publisher/share/my_path_publisher/hook/ament_prefix_path.dsv'
[9.202s] INFO:colcon.colcon_core.shell:Creating environment hook '/home/anatoly/ros2_ws/install/my_path_publisher/share/my_path_publisher/hook/ament_prefix_path.sh'
[9.207s] INFO:colcon.colcon_core.shell:Skip shell extension 'powershell' for command environment: Not usable outside of PowerShell
[9.208s] DEBUG:colcon.colcon_core.shell:Skip shell extension 'dsv' for command environment
[10.542s] INFO:colcon.colcon_core.task.python.build:Building Python package in '/home/anatoly/ros2_ws/src/my_path_publisher'
[10.543s] INFO:colcon.colcon_core.shell:Skip shell extension 'powershell' for command environment: Not usable outside of PowerShell
[10.543s] DEBUG:colcon.colcon_core.shell:Skip shell extension 'dsv' for command environment
[10.554s] Level 1:colcon.colcon_core.environment:checking '/home/anatoly/ros2_ws/install/my_fake_lidar' for CMake module files
[10.555s] DEBUG:colcon.colcon_core.event_handler.log_command:Invoked command in '/home/anatoly/ros2_ws/src/my_fake_lidar' returned '0': DEBUGINFOD_URLS=https://debuginfod.ubuntu.com PYTHONPATH=/home/anatoly/ros2_ws/build/my_fake_lidar/prefix_override:/usr/lib/python3/dist-packages/colcon_core/task/python/colcon_distutils_commands:/home/anatoly/ros2_ws/install/my_fake_lidar/lib/python3.12/site-packages:${PYTHONPATH} /usr/bin/python3 -W ignore:setup.py install is deprecated -W ignore:easy_install command is deprecated setup.py egg_info --egg-base ../../build/my_fake_lidar build --build-base /home/anatoly/ros2_ws/build/my_fake_lidar/build install --record /home/anatoly/ros2_ws/build/my_fake_lidar/install.log --single-version-externally-managed install_data
[10.556s] Level 1:colcon.colcon_core.environment:checking '/home/anatoly/ros2_ws/install/my_fake_lidar' for CMake config files
[10.558s] Level 1:colcon.colcon_core.environment:checking '/home/anatoly/ros2_ws/install/my_fake_lidar/lib'
[10.558s] Level 1:colcon.colcon_core.environment:checking '/home/anatoly/ros2_ws/install/my_fake_lidar/bin'
[10.558s] Level 1:colcon.colcon_core.environment:checking '/home/anatoly/ros2_ws/install/my_fake_lidar/lib/pkgconfig/my_fake_lidar.pc'
[10.559s] Level 1:colcon.colcon_core.environment:checking '/home/anatoly/ros2_ws/install/my_fake_lidar/lib/python3.12/site-packages'
[10.559s] Level 1:colcon.colcon_core.shell:create_environment_hook('my_fake_lidar', 'pythonpath')
[10.559s] INFO:colcon.colcon_core.shell:Creating environment hook '/home/anatoly/ros2_ws/install/my_fake_lidar/share/my_fake_lidar/hook/pythonpath.ps1'
[10.560s] INFO:colcon.colcon_core.shell:Creating environment descriptor '/home/anatoly/ros2_ws/install/my_fake_lidar/share/my_fake_lidar/hook/pythonpath.dsv'
[10.561s] INFO:colcon.colcon_core.shell:Creating environment hook '/home/anatoly/ros2_ws/install/my_fake_lidar/share/my_fake_lidar/hook/pythonpath.sh'
[10.563s] Level 1:colcon.colcon_core.environment:checking '/home/anatoly/ros2_ws/install/my_fake_lidar/bin'
[10.563s] Level 1:colcon.colcon_core.environment:create_environment_scripts_only(my_fake_lidar)
[10.564s] INFO:colcon.colcon_core.shell:Creating package script '/home/anatoly/ros2_ws/install/my_fake_lidar/share/my_fake_lidar/package.ps1'
[10.565s] INFO:colcon.colcon_core.shell:Creating package descriptor '/home/anatoly/ros2_ws/install/my_fake_lidar/share/my_fake_lidar/package.dsv'
[10.569s] INFO:colcon.colcon_core.shell:Creating package script '/home/anatoly/ros2_ws/install/my_fake_lidar/share/my_fake_lidar/package.sh'
[10.571s] INFO:colcon.colcon_core.shell:Creating package script '/home/anatoly/ros2_ws/install/my_fake_lidar/share/my_fake_lidar/package.bash'
[10.573s] INFO:colcon.colcon_core.shell:Creating package script '/home/anatoly/ros2_ws/install/my_fake_lidar/share/my_fake_lidar/package.zsh'
[10.574s] Level 1:colcon.colcon_core.environment:create_file_with_runtime_dependencies(/home/anatoly/ros2_ws/install/my_fake_lidar/share/colcon-core/packages/my_fake_lidar)
[10.576s] INFO:colcon.colcon_ros.task.ament_cmake.build:Building ROS package in '/home/anatoly/ros2_ws/src/my_two_wheel_robot' with build type 'ament_cmake'
[10.576s] INFO:colcon.colcon_cmake.task.cmake.build:Building CMake package in '/home/anatoly/ros2_ws/src/my_two_wheel_robot'
[10.577s] INFO:colcon.colcon_core.shell:Skip shell extension 'powershell' for command environment: Not usable outside of PowerShell
[10.577s] DEBUG:colcon.colcon_core.shell:Skip shell extension 'dsv' for command environment
[10.605s] DEBUG:colcon.colcon_core.event_handler.log_command:Invoking command in '/home/anatoly/ros2_ws/build/my_two_wheel_robot': CMAKE_PREFIX_PATH=${CMAKE_PREFIX_PATH}:/home/anatoly/ros2_ws/install/twist_converter:/home/anatoly/ros2_ws/install/my_path_publisher:/home/anatoly/ros2_ws/install/my_fake_lidar:/home/anatoly/ros2_ws/install/esp32_bridge:/opt/ros/jazzy DEBUGINFOD_URLS=https://debuginfod.ubuntu.com /usr/bin/cmake --build /home/anatoly/ros2_ws/build/my_two_wheel_robot -- -j2 -l2
[10.711s] DEBUG:colcon.colcon_core.event_handler.log_command:Invoked command in '/home/anatoly/ros2_ws/build/my_two_wheel_robot' returned '0': CMAKE_PREFIX_PATH=${CMAKE_PREFIX_PATH}:/home/anatoly/ros2_ws/install/twist_converter:/home/anatoly/ros2_ws/install/my_path_publisher:/home/anatoly/ros2_ws/install/my_fake_lidar:/home/anatoly/ros2_ws/install/esp32_bridge:/opt/ros/jazzy DEBUGINFOD_URLS=https://debuginfod.ubuntu.com /usr/bin/cmake --build /home/anatoly/ros2_ws/build/my_two_wheel_robot -- -j2 -l2
[10.716s] DEBUG:colcon.colcon_core.event_handler.log_command:Invoking command in '/home/anatoly/ros2_ws/build/my_two_wheel_robot': CMAKE_PREFIX_PATH=${CMAKE_PREFIX_PATH}:/home/anatoly/ros2_ws/install/twist_converter:/home/anatoly/ros2_ws/install/my_path_publisher:/home/anatoly/ros2_ws/install/my_fake_lidar:/home/anatoly/ros2_ws/install/esp32_bridge:/opt/ros/jazzy DEBUGINFOD_URLS=https://debuginfod.ubuntu.com /usr/bin/cmake --install /home/anatoly/ros2_ws/build/my_two_wheel_robot
[10.756s] Level 1:colcon.colcon_core.environment:create_environment_scripts_only(my_two_wheel_robot)
[10.757s] Level 1:colcon.colcon_core.environment:checking '/home/anatoly/ros2_ws/install/my_two_wheel_robot' for CMake module files
[10.760s] DEBUG:colcon.colcon_core.event_handler.log_command:Invoked command in '/home/anatoly/ros2_ws/build/my_two_wheel_robot' returned '0': CMAKE_PREFIX_PATH=${CMAKE_PREFIX_PATH}:/home/anatoly/ros2_ws/install/twist_converter:/home/anatoly/ros2_ws/install/my_path_publisher:/home/anatoly/ros2_ws/install/my_fake_lidar:/home/anatoly/ros2_ws/install/esp32_bridge:/opt/ros/jazzy DEBUGINFOD_URLS=https://debuginfod.ubuntu.com /usr/bin/cmake --install /home/anatoly/ros2_ws/build/my_two_wheel_robot
[10.760s] Level 1:colcon.colcon_core.environment:checking '/home/anatoly/ros2_ws/install/my_two_wheel_robot' for CMake config files
[10.761s] Level 1:colcon.colcon_core.shell:create_environment_hook('my_two_wheel_robot', 'cmake_prefix_path')
[10.762s] INFO:colcon.colcon_core.shell:Creating environment hook '/home/anatoly/ros2_ws/install/my_two_wheel_robot/share/my_two_wheel_robot/hook/cmake_prefix_path.ps1'
[10.765s] INFO:colcon.colcon_core.shell:Creating environment descriptor '/home/anatoly/ros2_ws/install/my_two_wheel_robot/share/my_two_wheel_robot/hook/cmake_prefix_path.dsv'
[10.767s] INFO:colcon.colcon_core.shell:Creating environment hook '/home/anatoly/ros2_ws/install/my_two_wheel_robot/share/my_two_wheel_robot/hook/cmake_prefix_path.sh'
[10.770s] Level 1:colcon.colcon_core.environment:checking '/home/anatoly/ros2_ws/install/my_two_wheel_robot/bin'
[10.771s] Level 1:colcon.colcon_core.environment:checking '/home/anatoly/ros2_ws/install/my_two_wheel_robot/lib/pkgconfig/my_two_wheel_robot.pc'
[10.773s] Level 1:colcon.colcon_core.environment:checking '/home/anatoly/ros2_ws/install/my_two_wheel_robot/lib/python3.12/site-packages'
[10.774s] Level 1:colcon.colcon_core.environment:checking '/home/anatoly/ros2_ws/install/my_two_wheel_robot/bin'
[10.774s] INFO:colcon.colcon_core.shell:Creating package script '/home/anatoly/ros2_ws/install/my_two_wheel_robot/share/my_two_wheel_robot/package.ps1'
[10.784s] INFO:colcon.colcon_core.shell:Creating package descriptor '/home/anatoly/ros2_ws/install/my_two_wheel_robot/share/my_two_wheel_robot/package.dsv'
[10.787s] INFO:colcon.colcon_core.shell:Creating package script '/home/anatoly/ros2_ws/install/my_two_wheel_robot/share/my_two_wheel_robot/package.sh'
[10.789s] INFO:colcon.colcon_core.shell:Creating package script '/home/anatoly/ros2_ws/install/my_two_wheel_robot/share/my_two_wheel_robot/package.bash'
[10.792s] INFO:colcon.colcon_core.shell:Creating package script '/home/anatoly/ros2_ws/install/my_two_wheel_robot/share/my_two_wheel_robot/package.zsh'
[10.795s] Level 1:colcon.colcon_core.environment:create_file_with_runtime_dependencies(/home/anatoly/ros2_ws/install/my_two_wheel_robot/share/colcon-core/packages/my_two_wheel_robot)
[10.797s] Level 1:colcon.colcon_core.environment:create_environment_scripts_only(my_two_wheel_robot)
[10.798s] Level 1:colcon.colcon_core.environment:checking '/home/anatoly/ros2_ws/install/my_two_wheel_robot' for CMake module files
[10.806s] Level 1:colcon.colcon_core.environment:checking '/home/anatoly/ros2_ws/install/my_two_wheel_robot' for CMake config files
[10.807s] Level 1:colcon.colcon_core.shell:create_environment_hook('my_two_wheel_robot', 'cmake_prefix_path')
[10.811s] INFO:colcon.colcon_core.shell:Creating environment hook '/home/anatoly/ros2_ws/install/my_two_wheel_robot/share/my_two_wheel_robot/hook/cmake_prefix_path.ps1'
[10.812s] INFO:colcon.colcon_core.shell:Creating environment descriptor '/home/anatoly/ros2_ws/install/my_two_wheel_robot/share/my_two_wheel_robot/hook/cmake_prefix_path.dsv'
[10.815s] INFO:colcon.colcon_core.shell:Creating environment hook '/home/anatoly/ros2_ws/install/my_two_wheel_robot/share/my_two_wheel_robot/hook/cmake_prefix_path.sh'
[10.819s] Level 1:colcon.colcon_core.environment:checking '/home/anatoly/ros2_ws/install/my_two_wheel_robot/bin'
[10.820s] Level 1:colcon.colcon_core.environment:checking '/home/anatoly/ros2_ws/install/my_two_wheel_robot/lib/pkgconfig/my_two_wheel_robot.pc'
[10.820s] Level 1:colcon.colcon_core.environment:checking '/home/anatoly/ros2_ws/install/my_two_wheel_robot/lib/python3.12/site-packages'
[10.821s] Level 1:colcon.colcon_core.environment:checking '/home/anatoly/ros2_ws/install/my_two_wheel_robot/bin'
[10.822s] INFO:colcon.colcon_core.shell:Creating package script '/home/anatoly/ros2_ws/install/my_two_wheel_robot/share/my_two_wheel_robot/package.ps1'
[10.824s] INFO:colcon.colcon_core.shell:Creating package descriptor '/home/anatoly/ros2_ws/install/my_two_wheel_robot/share/my_two_wheel_robot/package.dsv'
[10.826s] INFO:colcon.colcon_core.shell:Creating package script '/home/anatoly/ros2_ws/install/my_two_wheel_robot/share/my_two_wheel_robot/package.sh'
[10.828s] INFO:colcon.colcon_core.shell:Creating package script '/home/anatoly/ros2_ws/install/my_two_wheel_robot/share/my_two_wheel_robot/package.bash'
[10.830s] INFO:colcon.colcon_core.shell:Creating package script '/home/anatoly/ros2_ws/install/my_two_wheel_robot/share/my_two_wheel_robot/package.zsh'
[10.832s] Level 1:colcon.colcon_core.environment:create_file_with_runtime_dependencies(/home/anatoly/ros2_ws/install/my_two_wheel_robot/share/colcon-core/packages/my_two_wheel_robot)
[10.835s] INFO:colcon.colcon_ros.task.ament_python.build:Building ROS package in '/home/anatoly/ros2_ws/src/twist_converter' with build type 'ament_python'
[10.835s] Level 1:colcon.colcon_core.shell:create_environment_hook('twist_converter', 'ament_prefix_path')
[10.836s] INFO:colcon.colcon_core.shell:Creating environment hook '/home/anatoly/ros2_ws/install/twist_converter/share/twist_converter/hook/ament_prefix_path.ps1'
[10.838s] INFO:colcon.colcon_core.shell:Creating environment descriptor '/home/anatoly/ros2_ws/install/twist_converter/share/twist_converter/hook/ament_prefix_path.dsv'
[10.840s] INFO:colcon.colcon_core.shell:Creating environment hook '/home/anatoly/ros2_ws/install/twist_converter/share/twist_converter/hook/ament_prefix_path.sh'
[10.842s] INFO:colcon.colcon_core.shell:Skip shell extension 'powershell' for command environment: Not usable outside of PowerShell
[10.842s] DEBUG:colcon.colcon_core.shell:Skip shell extension 'dsv' for command environment
[11.604s] INFO:colcon.colcon_core.task.python.build:Building Python package in '/home/anatoly/ros2_ws/src/twist_converter'
[11.604s] INFO:colcon.colcon_core.shell:Skip shell extension 'powershell' for command environment: Not usable outside of PowerShell
[11.604s] DEBUG:colcon.colcon_core.shell:Skip shell extension 'dsv' for command environment
[12.910s] DEBUG:colcon.colcon_core.event_handler.log_command:Invoking command in '/home/anatoly/ros2_ws/src/my_path_publisher': DEBUGINFOD_URLS=https://debuginfod.ubuntu.com PYTHONPATH=/home/anatoly/ros2_ws/build/my_path_publisher/prefix_override:/usr/lib/python3/dist-packages/colcon_core/task/python/colcon_distutils_commands:/home/anatoly/ros2_ws/install/my_path_publisher/lib/python3.12/site-packages:${PYTHONPATH} /usr/bin/python3 -W ignore:setup.py install is deprecated -W ignore:easy_install command is deprecated setup.py egg_info --egg-base ../../build/my_path_publisher build --build-base /home/anatoly/ros2_ws/build/my_path_publisher/build install --record /home/anatoly/ros2_ws/build/my_path_publisher/install.log --single-version-externally-managed install_data
[13.436s] DEBUG:colcon.colcon_core.event_handler.log_command:Invoking command in '/home/anatoly/ros2_ws/src/twist_converter': DEBUGINFOD_URLS=https://debuginfod.ubuntu.com PYTHONPATH=/home/anatoly/ros2_ws/build/twist_converter/prefix_override:/usr/lib/python3/dist-packages/colcon_core/task/python/colcon_distutils_commands:/home/anatoly/ros2_ws/install/twist_converter/lib/python3.12/site-packages:${PYTHONPATH} /usr/bin/python3 -W ignore:setup.py install is deprecated -W ignore:easy_install command is deprecated setup.py egg_info --egg-base ../../build/twist_converter build --build-base /home/anatoly/ros2_ws/build/twist_converter/build install --record /home/anatoly/ros2_ws/build/twist_converter/install.log --single-version-externally-managed install_data
[15.172s] Level 1:colcon.colcon_core.environment:checking '/home/anatoly/ros2_ws/install/my_path_publisher' for CMake module files
[15.172s] DEBUG:colcon.colcon_core.event_handler.log_command:Invoked command in '/home/anatoly/ros2_ws/src/my_path_publisher' returned '0': DEBUGINFOD_URLS=https://debuginfod.ubuntu.com PYTHONPATH=/home/anatoly/ros2_ws/build/my_path_publisher/prefix_override:/usr/lib/python3/dist-packages/colcon_core/task/python/colcon_distutils_commands:/home/anatoly/ros2_ws/install/my_path_publisher/lib/python3.12/site-packages:${PYTHONPATH} /usr/bin/python3 -W ignore:setup.py install is deprecated -W ignore:easy_install command is deprecated setup.py egg_info --egg-base ../../build/my_path_publisher build --build-base /home/anatoly/ros2_ws/build/my_path_publisher/build install --record /home/anatoly/ros2_ws/build/my_path_publisher/install.log --single-version-externally-managed install_data
[15.174s] Level 1:colcon.colcon_core.environment:checking '/home/anatoly/ros2_ws/install/my_path_publisher' for CMake config files
[15.175s] Level 1:colcon.colcon_core.environment:checking '/home/anatoly/ros2_ws/install/my_path_publisher/lib'
[15.176s] Level 1:colcon.colcon_core.environment:checking '/home/anatoly/ros2_ws/install/my_path_publisher/bin'
[15.176s] Level 1:colcon.colcon_core.environment:checking '/home/anatoly/ros2_ws/install/my_path_publisher/lib/pkgconfig/my_path_publisher.pc'
[15.177s] Level 1:colcon.colcon_core.environment:checking '/home/anatoly/ros2_ws/install/my_path_publisher/lib/python3.12/site-packages'
[15.177s] Level 1:colcon.colcon_core.shell:create_environment_hook('my_path_publisher', 'pythonpath')
[15.178s] INFO:colcon.colcon_core.shell:Creating environment hook '/home/anatoly/ros2_ws/install/my_path_publisher/share/my_path_publisher/hook/pythonpath.ps1'
[15.179s] INFO:colcon.colcon_core.shell:Creating environment descriptor '/home/anatoly/ros2_ws/install/my_path_publisher/share/my_path_publisher/hook/pythonpath.dsv'
[15.180s] INFO:colcon.colcon_core.shell:Creating environment hook '/home/anatoly/ros2_ws/install/my_path_publisher/share/my_path_publisher/hook/pythonpath.sh'
[15.181s] Level 1:colcon.colcon_core.environment:checking '/home/anatoly/ros2_ws/install/my_path_publisher/bin'
[15.182s] Level 1:colcon.colcon_core.environment:create_environment_scripts_only(my_path_publisher)
[15.182s] INFO:colcon.colcon_core.shell:Creating package script '/home/anatoly/ros2_ws/install/my_path_publisher/share/my_path_publisher/package.ps1'
[15.184s] INFO:colcon.colcon_core.shell:Creating package descriptor '/home/anatoly/ros2_ws/install/my_path_publisher/share/my_path_publisher/package.dsv'
[15.185s] INFO:colcon.colcon_core.shell:Creating package script '/home/anatoly/ros2_ws/install/my_path_publisher/share/my_path_publisher/package.sh'
[15.186s] INFO:colcon.colcon_core.shell:Creating package script '/home/anatoly/ros2_ws/install/my_path_publisher/share/my_path_publisher/package.bash'
[15.187s] INFO:colcon.colcon_core.shell:Creating package script '/home/anatoly/ros2_ws/install/my_path_publisher/share/my_path_publisher/package.zsh'
[15.188s] Level 1:colcon.colcon_core.environment:create_file_with_runtime_dependencies(/home/anatoly/ros2_ws/install/my_path_publisher/share/colcon-core/packages/my_path_publisher)
[15.191s] INFO:colcon.colcon_ros.task.ament_cmake.build:Building ROS package in '/home/anatoly/ros2_ws/src/view_robot' with build type 'ament_cmake'
[15.192s] INFO:colcon.colcon_cmake.task.cmake.build:Building CMake package in '/home/anatoly/ros2_ws/src/view_robot'
[15.192s] INFO:colcon.colcon_core.shell:Skip shell extension 'powershell' for command environment: Not usable outside of PowerShell
[15.192s] DEBUG:colcon.colcon_core.shell:Skip shell extension 'dsv' for command environment
[15.218s] DEBUG:colcon.colcon_core.event_handler.log_command:Invoking command in '/home/anatoly/ros2_ws/build/view_robot': CMAKE_PREFIX_PATH=${CMAKE_PREFIX_PATH}:/home/anatoly/ros2_ws/install/twist_converter:/home/anatoly/ros2_ws/install/my_path_publisher:/home/anatoly/ros2_ws/install/my_fake_lidar:/home/anatoly/ros2_ws/install/esp32_bridge:/opt/ros/jazzy DEBUGINFOD_URLS=https://debuginfod.ubuntu.com /usr/bin/cmake --build /home/anatoly/ros2_ws/build/view_robot -- -j2 -l2
[15.342s] DEBUG:colcon.colcon_core.event_handler.log_command:Invoked command in '/home/anatoly/ros2_ws/build/view_robot' returned '0': CMAKE_PREFIX_PATH=${CMAKE_PREFIX_PATH}:/home/anatoly/ros2_ws/install/twist_converter:/home/anatoly/ros2_ws/install/my_path_publisher:/home/anatoly/ros2_ws/install/my_fake_lidar:/home/anatoly/ros2_ws/install/esp32_bridge:/opt/ros/jazzy DEBUGINFOD_URLS=https://debuginfod.ubuntu.com /usr/bin/cmake --build /home/anatoly/ros2_ws/build/view_robot -- -j2 -l2
[15.346s] DEBUG:colcon.colcon_core.event_handler.log_command:Invoking command in '/home/anatoly/ros2_ws/build/view_robot': CMAKE_PREFIX_PATH=${CMAKE_PREFIX_PATH}:/home/anatoly/ros2_ws/install/twist_converter:/home/anatoly/ros2_ws/install/my_path_publisher:/home/anatoly/ros2_ws/install/my_fake_lidar:/home/anatoly/ros2_ws/install/esp32_bridge:/opt/ros/jazzy DEBUGINFOD_URLS=https://debuginfod.ubuntu.com /usr/bin/cmake --install /home/anatoly/ros2_ws/build/view_robot
[15.357s] Level 1:colcon.colcon_core.environment:checking '/home/anatoly/ros2_ws/install/twist_converter' for CMake module files
[15.360s] Level 1:colcon.colcon_core.environment:checking '/home/anatoly/ros2_ws/install/twist_converter' for CMake config files
[15.362s] DEBUG:colcon.colcon_core.event_handler.log_command:Invoked command in '/home/anatoly/ros2_ws/src/twist_converter' returned '0': DEBUGINFOD_URLS=https://debuginfod.ubuntu.com PYTHONPATH=/home/anatoly/ros2_ws/build/twist_converter/prefix_override:/usr/lib/python3/dist-packages/colcon_core/task/python/colcon_distutils_commands:/home/anatoly/ros2_ws/install/twist_converter/lib/python3.12/site-packages:${PYTHONPATH} /usr/bin/python3 -W ignore:setup.py install is deprecated -W ignore:easy_install command is deprecated setup.py egg_info --egg-base ../../build/twist_converter build --build-base /home/anatoly/ros2_ws/build/twist_converter/build install --record /home/anatoly/ros2_ws/build/twist_converter/install.log --single-version-externally-managed install_data
[15.363s] Level 1:colcon.colcon_core.environment:checking '/home/anatoly/ros2_ws/install/twist_converter/lib'
[15.364s] Level 1:colcon.colcon_core.environment:checking '/home/anatoly/ros2_ws/install/twist_converter/bin'
[15.364s] Level 1:colcon.colcon_core.environment:checking '/home/anatoly/ros2_ws/install/twist_converter/lib/pkgconfig/twist_converter.pc'
[15.365s] Level 1:colcon.colcon_core.environment:checking '/home/anatoly/ros2_ws/install/twist_converter/lib/python3.12/site-packages'
[15.365s] Level 1:colcon.colcon_core.shell:create_environment_hook('twist_converter', 'pythonpath')
[15.366s] INFO:colcon.colcon_core.shell:Creating environment hook '/home/anatoly/ros2_ws/install/twist_converter/share/twist_converter/hook/pythonpath.ps1'
[15.368s] INFO:colcon.colcon_core.shell:Creating environment descriptor '/home/anatoly/ros2_ws/install/twist_converter/share/twist_converter/hook/pythonpath.dsv'
[15.369s] INFO:colcon.colcon_core.shell:Creating environment hook '/home/anatoly/ros2_ws/install/twist_converter/share/twist_converter/hook/pythonpath.sh'
[15.372s] Level 1:colcon.colcon_core.environment:checking '/home/anatoly/ros2_ws/install/twist_converter/bin'
[15.372s] Level 1:colcon.colcon_core.environment:create_environment_scripts_only(twist_converter)
[15.374s] INFO:colcon.colcon_core.shell:Creating package script '/home/anatoly/ros2_ws/install/twist_converter/share/twist_converter/package.ps1'
[15.376s] INFO:colcon.colcon_core.shell:Creating package descriptor '/home/anatoly/ros2_ws/install/twist_converter/share/twist_converter/package.dsv'
[15.378s] INFO:colcon.colcon_core.shell:Creating package script '/home/anatoly/ros2_ws/install/twist_converter/share/twist_converter/package.sh'
[15.383s] INFO:colcon.colcon_core.shell:Creating package script '/home/anatoly/ros2_ws/install/twist_converter/share/twist_converter/package.bash'
[15.386s] INFO:colcon.colcon_core.shell:Creating package script '/home/anatoly/ros2_ws/install/twist_converter/share/twist_converter/package.zsh'
[15.387s] Level 1:colcon.colcon_core.environment:create_file_with_runtime_dependencies(/home/anatoly/ros2_ws/install/twist_converter/share/colcon-core/packages/twist_converter)
[15.391s] Level 1:colcon.colcon_core.environment:create_environment_scripts_only(view_robot)
[15.391s] Level 1:colcon.colcon_core.environment:checking '/home/anatoly/ros2_ws/install/view_robot' for CMake module files
[15.394s] Level 1:colcon.colcon_core.environment:checking '/home/anatoly/ros2_ws/install/view_robot' for CMake config files
[15.395s] Level 1:colcon.colcon_core.shell:create_environment_hook('view_robot', 'cmake_prefix_path')
[15.396s] INFO:colcon.colcon_core.shell:Creating environment hook '/home/anatoly/ros2_ws/install/view_robot/share/view_robot/hook/cmake_prefix_path.ps1'
[15.397s] DEBUG:colcon.colcon_core.event_handler.log_command:Invoked command in '/home/anatoly/ros2_ws/build/view_robot' returned '0': CMAKE_PREFIX_PATH=${CMAKE_PREFIX_PATH}:/home/anatoly/ros2_ws/install/twist_converter:/home/anatoly/ros2_ws/install/my_path_publisher:/home/anatoly/ros2_ws/install/my_fake_lidar:/home/anatoly/ros2_ws/install/esp32_bridge:/opt/ros/jazzy DEBUGINFOD_URLS=https://debuginfod.ubuntu.com /usr/bin/cmake --install /home/anatoly/ros2_ws/build/view_robot
[15.398s] INFO:colcon.colcon_core.shell:Creating environment descriptor '/home/anatoly/ros2_ws/install/view_robot/share/view_robot/hook/cmake_prefix_path.dsv'
[15.399s] INFO:colcon.colcon_core.shell:Creating environment hook '/home/anatoly/ros2_ws/install/view_robot/share/view_robot/hook/cmake_prefix_path.sh'
[15.402s] Level 1:colcon.colcon_core.environment:checking '/home/anatoly/ros2_ws/install/view_robot/bin'
[15.402s] Level 1:colcon.colcon_core.environment:checking '/home/anatoly/ros2_ws/install/view_robot/lib/pkgconfig/view_robot.pc'
[15.403s] Level 1:colcon.colcon_core.environment:checking '/home/anatoly/ros2_ws/install/view_robot/lib/python3.12/site-packages'
[15.403s] Level 1:colcon.colcon_core.environment:checking '/home/anatoly/ros2_ws/install/view_robot/bin'
[15.404s] INFO:colcon.colcon_core.shell:Creating package script '/home/anatoly/ros2_ws/install/view_robot/share/view_robot/package.ps1'
[15.405s] INFO:colcon.colcon_core.shell:Creating package descriptor '/home/anatoly/ros2_ws/install/view_robot/share/view_robot/package.dsv'
[15.406s] INFO:colcon.colcon_core.shell:Creating package script '/home/anatoly/ros2_ws/install/view_robot/share/view_robot/package.sh'
[15.408s] INFO:colcon.colcon_core.shell:Creating package script '/home/anatoly/ros2_ws/install/view_robot/share/view_robot/package.bash'
[15.409s] INFO:colcon.colcon_core.shell:Creating package script '/home/anatoly/ros2_ws/install/view_robot/share/view_robot/package.zsh'
[15.410s] Level 1:colcon.colcon_core.environment:create_file_with_runtime_dependencies(/home/anatoly/ros2_ws/install/view_robot/share/colcon-core/packages/view_robot)
[15.411s] Level 1:colcon.colcon_core.environment:create_environment_scripts_only(view_robot)
[15.411s] Level 1:colcon.colcon_core.environment:checking '/home/anatoly/ros2_ws/install/view_robot' for CMake module files
[15.413s] Level 1:colcon.colcon_core.environment:checking '/home/anatoly/ros2_ws/install/view_robot' for CMake config files
[15.413s] Level 1:colcon.colcon_core.shell:create_environment_hook('view_robot', 'cmake_prefix_path')
[15.414s] INFO:colcon.colcon_core.shell:Creating environment hook '/home/anatoly/ros2_ws/install/view_robot/share/view_robot/hook/cmake_prefix_path.ps1'
[15.415s] INFO:colcon.colcon_core.shell:Creating environment descriptor '/home/anatoly/ros2_ws/install/view_robot/share/view_robot/hook/cmake_prefix_path.dsv'
[15.416s] INFO:colcon.colcon_core.shell:Creating environment hook '/home/anatoly/ros2_ws/install/view_robot/share/view_robot/hook/cmake_prefix_path.sh'
[15.418s] Level 1:colcon.colcon_core.environment:checking '/home/anatoly/ros2_ws/install/view_robot/bin'
[15.418s] Level 1:colcon.colcon_core.environment:checking '/home/anatoly/ros2_ws/install/view_robot/lib/pkgconfig/view_robot.pc'
[15.418s] Level 1:colcon.colcon_core.environment:checking '/home/anatoly/ros2_ws/install/view_robot/lib/python3.12/site-packages'
[15.419s] Level 1:colcon.colcon_core.environment:checking '/home/anatoly/ros2_ws/install/view_robot/bin'
[15.420s] INFO:colcon.colcon_core.shell:Creating package script '/home/anatoly/ros2_ws/install/view_robot/share/view_robot/package.ps1'
[15.421s] INFO:colcon.colcon_core.shell:Creating package descriptor '/home/anatoly/ros2_ws/install/view_robot/share/view_robot/package.dsv'
[15.423s] INFO:colcon.colcon_core.shell:Creating package script '/home/anatoly/ros2_ws/install/view_robot/share/view_robot/package.sh'
[15.424s] INFO:colcon.colcon_core.shell:Creating package script '/home/anatoly/ros2_ws/install/view_robot/share/view_robot/package.bash'
[15.425s] INFO:colcon.colcon_core.shell:Creating package script '/home/anatoly/ros2_ws/install/view_robot/share/view_robot/package.zsh'
[15.426s] Level 1:colcon.colcon_core.environment:create_file_with_runtime_dependencies(/home/anatoly/ros2_ws/install/view_robot/share/colcon-core/packages/view_robot)
[15.428s] DEBUG:colcon.colcon_parallel_executor.executor.parallel:closing loop
[15.428s] DEBUG:colcon.colcon_parallel_executor.executor.parallel:loop closed
[15.428s] DEBUG:colcon.colcon_parallel_executor.executor.parallel:run_until_complete finished with '0'
[15.428s] DEBUG:colcon.colcon_core.event_reactor:joining thread
[15.445s] INFO:colcon.colcon_core.plugin_system:Skipping extension 'colcon_notification.desktop_notification.terminal_notifier': Not used on non-Darwin systems
[15.446s] INFO:colcon.colcon_core.plugin_system:Skipping extension 'colcon_notification.desktop_notification.win32': Not used on non-Windows systems
[15.446s] INFO:colcon.colcon_notification.desktop_notification:Sending desktop notification using 'notify2'
[15.514s] DEBUG:colcon.colcon_core.event_reactor:joined thread
[15.515s] INFO:colcon.colcon_core.shell:Creating prefix script '/home/anatoly/ros2_ws/install/local_setup.ps1'
[15.521s] INFO:colcon.colcon_core.shell:Creating prefix util module '/home/anatoly/ros2_ws/install/_local_setup_util_ps1.py'
[15.525s] INFO:colcon.colcon_core.shell:Creating prefix chain script '/home/anatoly/ros2_ws/install/setup.ps1'
[15.529s] INFO:colcon.colcon_core.shell:Creating prefix script '/home/anatoly/ros2_ws/install/local_setup.sh'
[15.531s] INFO:colcon.colcon_core.shell:Creating prefix util module '/home/anatoly/ros2_ws/install/_local_setup_util_sh.py'
[15.534s] INFO:colcon.colcon_core.shell:Creating prefix chain script '/home/anatoly/ros2_ws/install/setup.sh'
[15.538s] INFO:colcon.colcon_core.shell:Creating prefix script '/home/anatoly/ros2_ws/install/local_setup.bash'
[15.541s] INFO:colcon.colcon_core.shell:Creating prefix chain script '/home/anatoly/ros2_ws/install/setup.bash'
[15.545s] INFO:colcon.colcon_core.shell:Creating prefix script '/home/anatoly/ros2_ws/install/local_setup.zsh'
[15.547s] INFO:colcon.colcon_core.shell:Creating prefix chain script '/home/anatoly/ros2_ws/install/setup.zsh'
