[6.361s] Invoking command in '/home/anatoly/ros2_ws/src/my_fake_lidar': DEBUGINFOD_URLS=https://debuginfod.ubuntu.com PYTHONPATH=/home/anatoly/ros2_ws/build/my_fake_lidar/prefix_override:/usr/lib/python3/dist-packages/colcon_core/task/python/colcon_distutils_commands:/home/anatoly/ros2_ws/install/my_fake_lidar/lib/python3.12/site-packages:${PYTHONPATH} /usr/bin/python3 -W ignore:setup.py install is deprecated -W ignore:easy_install command is deprecated setup.py egg_info --egg-base ../../build/my_fake_lidar build --build-base /home/anatoly/ros2_ws/build/my_fake_lidar/build install --record /home/anatoly/ros2_ws/build/my_fake_lidar/install.log --single-version-externally-managed install_data
[8.592s] running egg_info
[8.690s] writing ../../build/my_fake_lidar/my_fake_lidar.egg-info/PKG-INFO
[8.695s] writing dependency_links to ../../build/my_fake_lidar/my_fake_lidar.egg-info/dependency_links.txt
[8.696s] writing entry points to ../../build/my_fake_lidar/my_fake_lidar.egg-info/entry_points.txt
[8.696s] writing requirements to ../../build/my_fake_lidar/my_fake_lidar.egg-info/requires.txt
[8.696s] writing top-level names to ../../build/my_fake_lidar/my_fake_lidar.egg-info/top_level.txt
[8.904s] reading manifest file '../../build/my_fake_lidar/my_fake_lidar.egg-info/SOURCES.txt'
[8.910s] writing manifest file '../../build/my_fake_lidar/my_fake_lidar.egg-info/SOURCES.txt'
[8.910s] running build
[8.910s] running build_py
[8.911s] running install
[8.933s] running install_lib
[9.052s] running install_data
[9.052s] running install_egg_info
[9.163s] removing '/home/anatoly/ros2_ws/install/my_fake_lidar/lib/python3.12/site-packages/my_fake_lidar-0.0.0-py3.12.egg-info' (and everything under it)
[9.166s] Copying ../../build/my_fake_lidar/my_fake_lidar.egg-info to /home/anatoly/ros2_ws/install/my_fake_lidar/lib/python3.12/site-packages/my_fake_lidar-0.0.0-py3.12.egg-info
[9.171s] running install_scripts
[9.633s] Installing fake_lidar script to /home/anatoly/ros2_ws/install/my_fake_lidar/lib/my_fake_lidar
[9.634s] writing list of installed files to '/home/anatoly/ros2_ws/build/my_fake_lidar/install.log'
[9.813s] Invoked command in '/home/anatoly/ros2_ws/src/my_fake_lidar' returned '0': DEBUGINFOD_URLS=https://debuginfod.ubuntu.com PYTHONPATH=/home/anatoly/ros2_ws/build/my_fake_lidar/prefix_override:/usr/lib/python3/dist-packages/colcon_core/task/python/colcon_distutils_commands:/home/anatoly/ros2_ws/install/my_fake_lidar/lib/python3.12/site-packages:${PYTHONPATH} /usr/bin/python3 -W ignore:setup.py install is deprecated -W ignore:easy_install command is deprecated setup.py egg_info --egg-base ../../build/my_fake_lidar build --build-base /home/anatoly/ros2_ws/build/my_fake_lidar/build install --record /home/anatoly/ros2_ws/build/my_fake_lidar/install.log --single-version-externally-managed install_data
