[3.098s] Invoking command in '/home/anatoly/ros2_ws/src/twist_converter': DEBUGINFOD_URLS=https://debuginfod.ubuntu.com PYTHONPATH=/home/anatoly/ros2_ws/build/twist_converter/prefix_override:/usr/lib/python3/dist-packages/colcon_core/task/python/colcon_distutils_commands:/home/anatoly/ros2_ws/install/twist_converter/lib/python3.12/site-packages:${PYTHONPATH} /usr/bin/python3 -W ignore:setup.py install is deprecated -W ignore:easy_install command is deprecated setup.py egg_info --egg-base ../../build/twist_converter build --build-base /home/anatoly/ros2_ws/build/twist_converter/build install --record /home/anatoly/ros2_ws/build/twist_converter/install.log --single-version-externally-managed install_data
[5.126s] running egg_info
[5.228s] writing ../../build/twist_converter/twist_converter.egg-info/PKG-INFO
[5.228s] writing dependency_links to ../../build/twist_converter/twist_converter.egg-info/dependency_links.txt
[5.228s] writing entry points to ../../build/twist_converter/twist_converter.egg-info/entry_points.txt
[5.228s] writing requirements to ../../build/twist_converter/twist_converter.egg-info/requires.txt
[5.229s] writing top-level names to ../../build/twist_converter/twist_converter.egg-info/top_level.txt
[5.385s] reading manifest file '../../build/twist_converter/twist_converter.egg-info/SOURCES.txt'
[5.385s] writing manifest file '../../build/twist_converter/twist_converter.egg-info/SOURCES.txt'
[5.388s] running build
[5.388s] running build_py
[5.392s] running install
[5.406s] running install_lib
[5.481s] running install_data
[5.484s] running install_egg_info
[5.560s] removing '/home/anatoly/ros2_ws/install/twist_converter/lib/python3.12/site-packages/twist_converter-0.0.0-py3.12.egg-info' (and everything under it)
[5.560s] Copying ../../build/twist_converter/twist_converter.egg-info to /home/anatoly/ros2_ws/install/twist_converter/lib/python3.12/site-packages/twist_converter-0.0.0-py3.12.egg-info
[5.564s] running install_scripts
[6.025s] Installing twist_to_twist_stamped script to /home/anatoly/ros2_ws/install/twist_converter/lib/twist_converter
[6.027s] writing list of installed files to '/home/anatoly/ros2_ws/build/twist_converter/install.log'
[6.209s] Invoked command in '/home/anatoly/ros2_ws/src/twist_converter' returned '0': DEBUGINFOD_URLS=https://debuginfod.ubuntu.com PYTHONPATH=/home/anatoly/ros2_ws/build/twist_converter/prefix_override:/usr/lib/python3/dist-packages/colcon_core/task/python/colcon_distutils_commands:/home/anatoly/ros2_ws/install/twist_converter/lib/python3.12/site-packages:${PYTHONPATH} /usr/bin/python3 -W ignore:setup.py install is deprecated -W ignore:easy_install command is deprecated setup.py egg_info --egg-base ../../build/twist_converter build --build-base /home/anatoly/ros2_ws/build/twist_converter/build install --record /home/anatoly/ros2_ws/build/twist_converter/install.log --single-version-externally-managed install_data
